<?xml version="1.0" encoding="UTF-8"?>
<testsuite xmlns:xsi="http://www.w3.org/2001/XMLSchema-instance" xsi:schemaLocation="https://maven.apache.org/surefire/maven-surefire-plugin/xsd/surefire-test-report.xsd" name="test.automation.CucumberTestSuite" time="920.631" tests="152" errors="42" skipped="83" failures="2">
  <properties>
    <property name="java.runtime.name" value="OpenJDK Runtime Environment"/>
    <property name="java.vm.version" value="11.0.2+9"/>
    <property name="sun.boot.library.path" value="C:\Program Files\Java\jdk-11.0.2\bin"/>
    <property name="maven.multiModuleProjectDirectory" value="C:\Users\RICO\IdeaProjects\CapstoneMobile"/>
    <property name="java.vm.vendor" value="Oracle Corporation"/>
    <property name="java.vendor.url" value="http://java.oracle.com/"/>
    <property name="guice.disable.misplaced.annotation.check" value="true"/>
    <property name="path.separator" value=";"/>
    <property name="java.vm.name" value="OpenJDK 64-Bit Server VM"/>
    <property name="sun.os.patch.level" value=""/>
    <property name="user.script" value=""/>
    <property name="user.country" value="US"/>
    <property name="sun.java.launcher" value="SUN_STANDARD"/>
    <property name="java.vm.specification.name" value="Java Virtual Machine Specification"/>
    <property name="user.dir" value="C:\Users\RICO\IdeaProjects\CapstoneMobile"/>
    <property name="java.vm.compressedOopsMode" value="Zero based"/>
    <property name="java.runtime.version" value="11.0.2+9"/>
    <property name="java.awt.graphicsenv" value="sun.awt.Win32GraphicsEnvironment"/>
    <property name="os.arch" value="amd64"/>
    <property name="java.io.tmpdir" value="C:\Users\RICO\AppData\Local\Temp\"/>
    <property name="line.separator" value="&#10;"/>
    <property name="java.vm.specification.vendor" value="Oracle Corporation"/>
    <property name="user.variant" value=""/>
    <property name="os.name" value="Windows 10"/>
    <property name="classworlds.conf" value="C:\Program Files\apache-maven-3.8.5\bin\m2.conf"/>
    <property name="sun.jnu.encoding" value="Cp1252"/>
    <property name="java.library.path" value="C:\Program Files\Java\jdk-11.0.2\bin;C:\WINDOWS\Sun\Java\bin;C:\WINDOWS\system32;C:\WINDOWS;C:\Program Files\Common Files\Oracle\Java\javapath;E:\oracle\product\10.2.0\db_1\bin;C:\Program Files\AdoptOpenJDK\jdk-11.0.11.9-hotspot\bin;C:\oracle\product\10.2.0\db_1\bin;C:\Program Files (x86)\Intel\iCLS Client\;C:\Program Files\Intel\iCLS Client\;C:\Windows\system32;C:\Windows;C:\Windows\System32\Wbem;C:\Windows\System32\WindowsPowerShell\v1.0\;C:\Program Files (x86)\Intel\Intel(R) Management Engine Components\DAL;C:\Program Files\Intel\Intel(R) Management Engine Components\DAL;C:\Program Files (x86)\Intel\Intel(R) Management Engine Components\IPT;C:\Program Files\Intel\Intel(R) Management Engine Components\IPT;C:\Program Files (x86)\NVIDIA Corporation\PhysX\Common;C:\WINDOWS\system32;C:\WINDOWS;C:\WINDOWS\System32\Wbem;C:\WINDOWS\System32\WindowsPowerShell\v1.0\;C:\WINDOWS\System32\OpenSSH\;C:\Go\bin;C:\ProgramData\chocolatey\bin;C:\Program Files\Java\jdk-15.0.1\bin;C:\xampp\php;C:\ProgramData\ComposerSetup\bin;C:\Program Files\nodejs\;C:\Program Files\Git\cmd;%M2_HOME%\bin;C:\Program Files\apache-maven-3.8.5\bin;C:\Users\RICO\AppData\Local\Programs\Python\Python37\Scripts\;C:\Users\RICO\AppData\Local\Programs\Python\Python37\;C:\Users\RICO\anaconda3;C:\Users\RICO\anaconda3\Library\mingw-w64\bin;C:\Users\RICO\anaconda3\Library\usr\bin;C:\Users\RICO\anaconda3\Library\bin;C:\Users\RICO\anaconda3\Scripts;C:\Users\RICO\AppData\Local\Microsoft\WindowsApps;C:\Users\RICO\AppData\Local\Programs\Microsoft VS Code\bin;C:\Users\RICO\go\bin;C:\Users\RICO\AppData\Roaming\Composer\vendor\bin;C:\Users\RICO\AppData\Roaming\npm;C:\Program Files\apache-maven-3.8.5\bin;%M2_HOME%\bin;C:\Program Files\Java\jdk-11.0.2\bin;C:\Users\RICO\AppData\Local\Android\Sdk\platform-tools;C:\Users\RICO\AppData\Local\Android\Sdk\emulator;."/>
    <property name="maven.conf" value="C:\Program Files\apache-maven-3.8.5/conf"/>
    <property name="jdk.debug" value="release"/>
    <property name="java.class.version" value="55.0"/>
    <property name="java.specification.name" value="Java Platform API Specification"/>
    <property name="sun.management.compiler" value="HotSpot 64-Bit Tiered Compilers"/>
    <property name="os.version" value="10.0"/>
    <property name="library.jansi.path" value="C:\Program Files\apache-maven-3.8.5\lib\jansi-native"/>
    <property name="user.home" value="C:\Users\RICO"/>
    <property name="user.timezone" value="Asia/Bangkok"/>
    <property name="java.awt.printerjob" value="sun.awt.windows.WPrinterJob"/>
    <property name="file.encoding" value="Cp1252"/>
    <property name="java.specification.version" value="11"/>
    <property name="user.name" value="Riko Sahetapi"/>
    <property name="java.class.path" value="C:\Program Files\apache-maven-3.8.5\boot\plexus-classworlds-2.6.0.jar"/>
    <property name="java.vm.specification.version" value="11"/>
    <property name="sun.arch.data.model" value="64"/>
    <property name="sun.java.command" value="org.codehaus.plexus.classworlds.launcher.Launcher clean verify"/>
    <property name="java.home" value="C:\Program Files\Java\jdk-11.0.2"/>
    <property name="user.language" value="en"/>
    <property name="java.specification.vendor" value="Oracle Corporation"/>
    <property name="awt.toolkit" value="sun.awt.windows.WToolkit"/>
    <property name="java.vm.info" value="mixed mode"/>
    <property name="java.version" value="11.0.2"/>
    <property name="java.vendor" value="Oracle Corporation"/>
    <property name="sun.stderr.encoding" value="cp437"/>
    <property name="maven.home" value="C:\Program Files\apache-maven-3.8.5"/>
    <property name="file.separator" value="\"/>
    <property name="java.version.date" value="2019-01-15"/>
    <property name="java.vendor.url.bug" value="http://bugreport.java.com/bugreport/"/>
    <property name="sun.io.unicode.encoding" value="UnicodeLittle"/>
    <property name="sun.cpu.endian" value="little"/>
    <property name="java.vendor.version" value="18.9"/>
    <property name="sun.stdout.encoding" value="cp437"/>
    <property name="sun.desktop" value="windows"/>
    <property name="sun.cpu.isalist" value="amd64"/>
  </properties>
  <testcase name="User login into the app with nik &quot;&lt;nik&gt;&quot; and password &quot;&lt;pwd&gt;&quot;(Verify that the components on the home screen are displayed " classname="User login into the app with nik &quot;&lt;nik&gt;&quot; and password &quot;&lt;pwd&gt;&quot;(Verify that the components on the home screen are displayed (TC_H1))" time="0.13">
    <error message="The step &apos;User login into the app with nik &quot;&lt;nik&gt;&quot; and password &quot;&lt;pwd&gt;&quot;&apos; and 2 other step(s) are undefined.&#10;You can implement these steps using the snippet(s) below:&#10;&#10;@Given(&quot;User login into the app with nik {string} and password {string}&quot;)&#10;public void user_login_into_the_app_with_nik_and_password(String string, String string2) {&#10;    // Write code here that turns the phrase above into concrete actions&#10;    throw new io.cucumber.java.PendingException();&#10;}&#10;@When(&quot;Users on the home screen&quot;)&#10;public void users_on_the_home_screen() {&#10;    // Write code here that turns the phrase above into concrete actions&#10;    throw new io.cucumber.java.PendingException();&#10;}&#10;@Then(&quot;Display the existing components \\(Header, Content, Ekslusif content, news)&quot;)&#10;public void display_the_existing_components_header_content_ekslusif_content_news() {&#10;    // Write code here that turns the phrase above into concrete actions&#10;    throw new io.cucumber.java.PendingException();&#10;}&#10;" type="io.cucumber.junit.UndefinedStepException"><![CDATA[io.cucumber.junit.UndefinedStepException: 
The step 'User login into the app with nik "<nik>" and password "<pwd>"' and 2 other step(s) are undefined.
You can implement these steps using the snippet(s) below:

@Given("User login into the app with nik {string} and password {string}")
public void user_login_into_the_app_with_nik_and_password(String string, String string2) {
    // Write code here that turns the phrase above into concrete actions
    throw new io.cucumber.java.PendingException();
}
@When("Users on the home screen")
public void users_on_the_home_screen() {
    // Write code here that turns the phrase above into concrete actions
    throw new io.cucumber.java.PendingException();
}
@Then("Display the existing components \\(Header, Content, Ekslusif content, news)")
public void display_the_existing_components_header_content_ekslusif_content_news() {
    // Write code here that turns the phrase above into concrete actions
    throw new io.cucumber.java.PendingException();
}

]]></error>
    <system-out><![CDATA[
Scenario: Verify that the components on the home screen are displayed (TC_H1)    &amp#27;[90m# src/test/resources/features/Home.feature:7&amp#27;[0m
]]></system-out>
    <system-err><![CDATA[[main] INFO io.cucumber.core.plugin.SerenityReporter - Running feature from file:///C:/Users/RICO/IdeaProjects/CapstoneMobile/src/test/resources/features/Home.feature
[main] INFO  - 

-------------------------------------------------------------------------------------
     _______. _______ .______       _______ .__   __.  __  .___________.____    ____ 
    /       ||   ____||   _  \     |   ____||  \ |  | |  | |           |\   \  /   / 
   |   (----`|  |__   |  |_)  |    |  |__   |   \|  | |  | `---|  |----` \   \/   /  
    \   \    |   __|  |      /     |   __|  |  . `  | |  |     |  |       \_    _/   
.----)   |   |  |____ |  |\  \----.|  |____ |  |\   | |  |     |  |         |  |     
|_______/    |_______|| _| `._____||_______||__| \__| |__|     |__|         |__|    
                                                                                     
 News and tutorials at http://www.serenity-bdd.info                                  
 Documentation at https://wakaleo.gitbooks.io/the-serenity-book/content/             
 Join the Serenity Community on Gitter: https://gitter.im/serenity-bdd/serenity-core 
 Serenity BDD Support and Training at http://serenity-bdd.info/#/trainingandsupport  
-------------------------------------------------------------------------------------

[main] INFO  - Test Suite Started: Home
[main] INFO io.cucumber.core.plugin.SerenityReporter - Running feature from file:///C:/Users/RICO/IdeaProjects/CapstoneMobile/src/test/resources/features/Keluarga.feature
[main] INFO  - Test Suite Started: Register
[main] INFO io.cucumber.core.plugin.SerenityReporter - Running feature from file:///C:/Users/RICO/IdeaProjects/CapstoneMobile/src/test/resources/features/Login.feature
[main] INFO  - Test Suite Started: Login
[main] INFO io.cucumber.core.plugin.SerenityReporter - Running feature from file:///C:/Users/RICO/IdeaProjects/CapstoneMobile/src/test/resources/features/ProfileEdit.feature
[main] INFO  - Test Suite Started: Edit Profil
[main] INFO io.cucumber.core.plugin.SerenityReporter - Running feature from file:///C:/Users/RICO/IdeaProjects/CapstoneMobile/src/test/resources/features/ProfileInformation.feature
[main] INFO  - Test Suite Started: Edit Informasi
[main] INFO io.cucumber.core.plugin.SerenityReporter - Running feature from file:///C:/Users/RICO/IdeaProjects/CapstoneMobile/src/test/resources/features/Register.feature
[main] INFO  - Test Suite Started: Register
[main] INFO io.cucumber.core.plugin.SerenityReporter - Running feature from file:///C:/Users/RICO/IdeaProjects/CapstoneMobile/src/test/resources/features/Home.feature
[main] INFO  - 
  _____   ___   ___   _____     ___   _____     _     ___   _____   ___   ___  
 |_   _| | __| / __| |_   _|   / __| |_   _|   /_\   | _ \ |_   _| | __| |   \ 
   | |   | _|  \__ \   | |     \__ \   | |    / _ \  |   /   | |   | _|  | |) |
   |_|   |___| |___/   |_|     |___/   |_|   /_/ \_\ |_|_\   |_|   |___| |___/ 

Verify that the components on the home screen are displayed (TC_H1)(home;verify-that-the-components-on-the-home-screen-are-displayed-(tc-h1))
--------------------------------------------------------------------------------
]]></system-err>
  </testcase>
  <testcase name="Users on the home screen(Verify that the components on the home screen are displayed " classname="Users on the home screen(Verify that the components on the home screen are displayed (TC_H1))" time="0">
    <skipped/>
    <system-out><![CDATA[  &amp#27;[33mGiven &amp#27;[0m&amp#27;[33mUser login into the app with nik "<nik>" and password "<pwd>"&amp#27;[0m            &amp#27;[90m# null&amp#27;[0m
]]></system-out>
  </testcase>
  <testcase name="Display the existing components (Header, Content, Ekslusif content, news)(Verify that the components on the home screen are displayed " classname="Display the existing components (Header, Content, Ekslusif content, news)(Verify that the components on the home screen are displayed (TC_H1))" time="0">
    <skipped/>
    <system-out><![CDATA[  &amp#27;[36mWhen &amp#27;[0m&amp#27;[36mUsers on the home screen&amp#27;[0m                                                  &amp#27;[90m# null&amp#27;[0m
]]></system-out>
  </testcase>
  <testcase name="Verify that the components on the home screen are displayed " classname="TC_H1" time="0.008">
    <error message="The step &apos;User login into the app with nik &quot;&lt;nik&gt;&quot; and password &quot;&lt;pwd&gt;&quot;&apos; and 2 other step(s) are undefined.&#10;You can implement these steps using the snippet(s) below:&#10;&#10;@Given(&quot;User login into the app with nik {string} and password {string}&quot;)&#10;public void user_login_into_the_app_with_nik_and_password(String string, String string2) {&#10;    // Write code here that turns the phrase above into concrete actions&#10;    throw new io.cucumber.java.PendingException();&#10;}&#10;@When(&quot;Users on the home screen&quot;)&#10;public void users_on_the_home_screen() {&#10;    // Write code here that turns the phrase above into concrete actions&#10;    throw new io.cucumber.java.PendingException();&#10;}&#10;@Then(&quot;Display the existing components \\(Header, Content, Ekslusif content, news)&quot;)&#10;public void display_the_existing_components_header_content_ekslusif_content_news() {&#10;    // Write code here that turns the phrase above into concrete actions&#10;    throw new io.cucumber.java.PendingException();&#10;}&#10;" type="io.cucumber.junit.UndefinedStepException"><![CDATA[io.cucumber.junit.UndefinedStepException: 
The step 'User login into the app with nik "<nik>" and password "<pwd>"' and 2 other step(s) are undefined.
You can implement these steps using the snippet(s) below:

@Given("User login into the app with nik {string} and password {string}")
public void user_login_into_the_app_with_nik_and_password(String string, String string2) {
    // Write code here that turns the phrase above into concrete actions
    throw new io.cucumber.java.PendingException();
}
@When("Users on the home screen")
public void users_on_the_home_screen() {
    // Write code here that turns the phrase above into concrete actions
    throw new io.cucumber.java.PendingException();
}
@Then("Display the existing components \\(Header, Content, Ekslusif content, news)")
public void display_the_existing_components_header_content_ekslusif_content_news() {
    // Write code here that turns the phrase above into concrete actions
    throw new io.cucumber.java.PendingException();
}

]]></error>
    <system-out><![CDATA[  &amp#27;[36mThen &amp#27;[0m&amp#27;[36mDisplay the existing components (Header, Content, Ekslusif content, news)&amp#27;[0m &amp#27;[90m# null&amp#27;[0m
]]></system-out>
  </testcase>
  <testcase name="User login into the app with nik &quot;&lt;nik&gt;&quot; and password &quot;&lt;pwd&gt;&quot;(User want see menu in side bar " classname="User login into the app with nik &quot;&lt;nik&gt;&quot; and password &quot;&lt;pwd&gt;&quot;(User want see menu in side bar (TC_H2))" time="0">
    <error message="The step &apos;User login into the app with nik &quot;&lt;nik&gt;&quot; and password &quot;&lt;pwd&gt;&quot;&apos; and 3 other step(s) are undefined.&#10;You can implement these steps using the snippet(s) below:&#10;&#10;@Given(&quot;User login into the app with nik {string} and password {string}&quot;)&#10;public void user_login_into_the_app_with_nik_and_password(String string, String string2) {&#10;    // Write code here that turns the phrase above into concrete actions&#10;    throw new io.cucumber.java.PendingException();&#10;}&#10;@When(&quot;Users on the home screen&quot;)&#10;public void users_on_the_home_screen() {&#10;    // Write code here that turns the phrase above into concrete actions&#10;    throw new io.cucumber.java.PendingException();&#10;}&#10;@When(&quot;The user tap on the hamburger menu on the top left side of the screen&quot;)&#10;public void the_user_tap_on_the_hamburger_menu_on_the_top_left_side_of_the_screen() {&#10;    // Write code here that turns the phrase above into concrete actions&#10;    throw new io.cucumber.java.PendingException();&#10;}&#10;@Then(&quot;Show list menu&quot;)&#10;public void show_list_menu() {&#10;    // Write code here that turns the phrase above into concrete actions&#10;    throw new io.cucumber.java.PendingException();&#10;}&#10;" type="io.cucumber.junit.UndefinedStepException"><![CDATA[io.cucumber.junit.UndefinedStepException: 
The step 'User login into the app with nik "<nik>" and password "<pwd>"' and 3 other step(s) are undefined.
You can implement these steps using the snippet(s) below:

@Given("User login into the app with nik {string} and password {string}")
public void user_login_into_the_app_with_nik_and_password(String string, String string2) {
    // Write code here that turns the phrase above into concrete actions
    throw new io.cucumber.java.PendingException();
}
@When("Users on the home screen")
public void users_on_the_home_screen() {
    // Write code here that turns the phrase above into concrete actions
    throw new io.cucumber.java.PendingException();
}
@When("The user tap on the hamburger menu on the top left side of the screen")
public void the_user_tap_on_the_hamburger_menu_on_the_top_left_side_of_the_screen() {
    // Write code here that turns the phrase above into concrete actions
    throw new io.cucumber.java.PendingException();
}
@Then("Show list menu")
public void show_list_menu() {
    // Write code here that turns the phrase above into concrete actions
    throw new io.cucumber.java.PendingException();
}

]]></error>
    <system-out><![CDATA[
Scenario: User want see menu in side bar (TC_H2)                            &amp#27;[90m# src/test/resources/features/Home.feature:10&amp#27;[0m
]]></system-out>
    <system-err><![CDATA[[main] INFO  - 
  _____   ___   ___   _____     ___   ___   _  _   ___    ___   _  _    ___ 
 |_   _| | __| / __| |_   _|   | _ \ | __| | \| | |   \  |_ _| | \| |  / __|
   | |   | _|  \__ \   | |     |  _/ | _|  | .` | | |) |  | |  | .` | | (_ |
   |_|   |___| |___/   |_|     |_|   |___| |_|\_| |___/  |___| |_|\_|  \___|

Verify that the components on the home screen are displayed (TC_H1)
-----------------------------------------------------------------------------
[main] INFO io.cucumber.core.plugin.SerenityReporter - Running feature from file:///C:/Users/RICO/IdeaProjects/CapstoneMobile/src/test/resources/features/Home.feature
[main] INFO  - 
  _____   ___   ___   _____     ___   _____     _     ___   _____   ___   ___  
 |_   _| | __| / __| |_   _|   / __| |_   _|   /_\   | _ \ |_   _| | __| |   \ 
   | |   | _|  \__ \   | |     \__ \   | |    / _ \  |   /   | |   | _|  | |) |
   |_|   |___| |___/   |_|     |___/   |_|   /_/ \_\ |_|_\   |_|   |___| |___/ 

User want see menu in side bar (TC_H2)(home;user-want-see-menu-in-side-bar-(tc-h2))
--------------------------------------------------------------------------------
]]></system-err>
  </testcase>
  <testcase name="Users on the home screen(User want see menu in side bar " classname="Users on the home screen(User want see menu in side bar (TC_H2))" time="0">
    <skipped/>
    <system-out><![CDATA[  &amp#27;[33mGiven &amp#27;[0m&amp#27;[33mUser login into the app with nik "<nik>" and password "<pwd>"&amp#27;[0m       &amp#27;[90m# null&amp#27;[0m
]]></system-out>
  </testcase>
  <testcase name="The user tap on the hamburger menu on the top left side of the screen(User want see menu in side bar " classname="The user tap on the hamburger menu on the top left side of the screen(User want see menu in side bar (TC_H2))" time="0">
    <skipped/>
    <system-out><![CDATA[  &amp#27;[36mWhen &amp#27;[0m&amp#27;[36mUsers on the home screen&amp#27;[0m                                             &amp#27;[90m# null&amp#27;[0m
]]></system-out>
  </testcase>
  <testcase name="Show list menu(User want see menu in side bar " classname="Show list menu(User want see menu in side bar (TC_H2))" time="0">
    <skipped/>
    <system-out><![CDATA[  &amp#27;[36mAnd &amp#27;[0m&amp#27;[36mThe user tap on the hamburger menu on the top left side of the screen&amp#27;[0m &amp#27;[90m# null&amp#27;[0m
]]></system-out>
  </testcase>
  <testcase name="User want see menu in side bar " classname="TC_H2" time="0.007">
    <error message="The step &apos;User login into the app with nik &quot;&lt;nik&gt;&quot; and password &quot;&lt;pwd&gt;&quot;&apos; and 3 other step(s) are undefined.&#10;You can implement these steps using the snippet(s) below:&#10;&#10;@Given(&quot;User login into the app with nik {string} and password {string}&quot;)&#10;public void user_login_into_the_app_with_nik_and_password(String string, String string2) {&#10;    // Write code here that turns the phrase above into concrete actions&#10;    throw new io.cucumber.java.PendingException();&#10;}&#10;@When(&quot;Users on the home screen&quot;)&#10;public void users_on_the_home_screen() {&#10;    // Write code here that turns the phrase above into concrete actions&#10;    throw new io.cucumber.java.PendingException();&#10;}&#10;@When(&quot;The user tap on the hamburger menu on the top left side of the screen&quot;)&#10;public void the_user_tap_on_the_hamburger_menu_on_the_top_left_side_of_the_screen() {&#10;    // Write code here that turns the phrase above into concrete actions&#10;    throw new io.cucumber.java.PendingException();&#10;}&#10;@Then(&quot;Show list menu&quot;)&#10;public void show_list_menu() {&#10;    // Write code here that turns the phrase above into concrete actions&#10;    throw new io.cucumber.java.PendingException();&#10;}&#10;" type="io.cucumber.junit.UndefinedStepException"><![CDATA[io.cucumber.junit.UndefinedStepException: 
The step 'User login into the app with nik "<nik>" and password "<pwd>"' and 3 other step(s) are undefined.
You can implement these steps using the snippet(s) below:

@Given("User login into the app with nik {string} and password {string}")
public void user_login_into_the_app_with_nik_and_password(String string, String string2) {
    // Write code here that turns the phrase above into concrete actions
    throw new io.cucumber.java.PendingException();
}
@When("Users on the home screen")
public void users_on_the_home_screen() {
    // Write code here that turns the phrase above into concrete actions
    throw new io.cucumber.java.PendingException();
}
@When("The user tap on the hamburger menu on the top left side of the screen")
public void the_user_tap_on_the_hamburger_menu_on_the_top_left_side_of_the_screen() {
    // Write code here that turns the phrase above into concrete actions
    throw new io.cucumber.java.PendingException();
}
@Then("Show list menu")
public void show_list_menu() {
    // Write code here that turns the phrase above into concrete actions
    throw new io.cucumber.java.PendingException();
}

]]></error>
    <system-out><![CDATA[  &amp#27;[36mThen &amp#27;[0m&amp#27;[36mShow list menu&amp#27;[0m                                                       &amp#27;[90m# null&amp#27;[0m
]]></system-out>
  </testcase>
  <testcase name="User login into the app with nik &quot;&lt;nik&gt;&quot; and password &quot;&lt;pwd&gt;&quot;(User wants to booking vaccine " classname="User login into the app with nik &quot;&lt;nik&gt;&quot; and password &quot;&lt;pwd&gt;&quot;(User wants to booking vaccine (TC_H3))" time="0.006">
    <error message="The step &apos;User login into the app with nik &quot;&lt;nik&gt;&quot; and password &quot;&lt;pwd&gt;&quot;&apos; and 6 other step(s) are undefined.&#10;You can implement these steps using the snippet(s) below:&#10;&#10;@Given(&quot;User login into the app with nik {string} and password {string}&quot;)&#10;public void user_login_into_the_app_with_nik_and_password(String string, String string2) {&#10;    // Write code here that turns the phrase above into concrete actions&#10;    throw new io.cucumber.java.PendingException();&#10;}&#10;@When(&quot;Users on the home screen&quot;)&#10;public void users_on_the_home_screen() {&#10;    // Write code here that turns the phrase above into concrete actions&#10;    throw new io.cucumber.java.PendingException();&#10;}&#10;@When(&quot;User tap button {string}&quot;)&#10;public void user_tap_button(String string) {&#10;    // Write code here that turns the phrase above into concrete actions&#10;    throw new io.cucumber.java.PendingException();&#10;}&#10;@When(&quot;User select location vaccine&quot;)&#10;public void user_select_location_vaccine() {&#10;    // Write code here that turns the phrase above into concrete actions&#10;    throw new io.cucumber.java.PendingException();&#10;}&#10;@Then(&quot;User direct to invoce page and tap button to go to home page&quot;)&#10;public void user_direct_to_invoce_page_and_tap_button_to_go_to_home_page() {&#10;    // Write code here that turns the phrase above into concrete actions&#10;    throw new io.cucumber.java.PendingException();&#10;}&#10;" type="io.cucumber.junit.UndefinedStepException"><![CDATA[io.cucumber.junit.UndefinedStepException: 
The step 'User login into the app with nik "<nik>" and password "<pwd>"' and 6 other step(s) are undefined.
You can implement these steps using the snippet(s) below:

@Given("User login into the app with nik {string} and password {string}")
public void user_login_into_the_app_with_nik_and_password(String string, String string2) {
    // Write code here that turns the phrase above into concrete actions
    throw new io.cucumber.java.PendingException();
}
@When("Users on the home screen")
public void users_on_the_home_screen() {
    // Write code here that turns the phrase above into concrete actions
    throw new io.cucumber.java.PendingException();
}
@When("User tap button {string}")
public void user_tap_button(String string) {
    // Write code here that turns the phrase above into concrete actions
    throw new io.cucumber.java.PendingException();
}
@When("User select location vaccine")
public void user_select_location_vaccine() {
    // Write code here that turns the phrase above into concrete actions
    throw new io.cucumber.java.PendingException();
}
@Then("User direct to invoce page and tap button to go to home page")
public void user_direct_to_invoce_page_and_tap_button_to_go_to_home_page() {
    // Write code here that turns the phrase above into concrete actions
    throw new io.cucumber.java.PendingException();
}

]]></error>
    <system-out><![CDATA[
Scenario: User wants to booking vaccine (TC_H3)                       &amp#27;[90m# src/test/resources/features/Home.feature:14&amp#27;[0m
]]></system-out>
    <system-err><![CDATA[[main] INFO  - 
  _____   ___   ___   _____     ___   ___   _  _   ___    ___   _  _    ___ 
 |_   _| | __| / __| |_   _|   | _ \ | __| | \| | |   \  |_ _| | \| |  / __|
   | |   | _|  \__ \   | |     |  _/ | _|  | .` | | |) |  | |  | .` | | (_ |
   |_|   |___| |___/   |_|     |_|   |___| |_|\_| |___/  |___| |_|\_|  \___|

User want see menu in side bar (TC_H2)
-----------------------------------------------------------------------------
[main] INFO io.cucumber.core.plugin.SerenityReporter - Running feature from file:///C:/Users/RICO/IdeaProjects/CapstoneMobile/src/test/resources/features/Home.feature
[main] INFO  - 
  _____   ___   ___   _____     ___   _____     _     ___   _____   ___   ___  
 |_   _| | __| / __| |_   _|   / __| |_   _|   /_\   | _ \ |_   _| | __| |   \ 
   | |   | _|  \__ \   | |     \__ \   | |    / _ \  |   /   | |   | _|  | |) |
   |_|   |___| |___/   |_|     |___/   |_|   /_/ \_\ |_|_\   |_|   |___| |___/ 

User wants to booking vaccine (TC_H3)(home;user-wants-to-booking-vaccine-(tc-h3))
--------------------------------------------------------------------------------
]]></system-err>
  </testcase>
  <testcase name="Users on the home screen(User wants to booking vaccine " classname="Users on the home screen(User wants to booking vaccine (TC_H3))" time="0">
    <skipped/>
    <system-out><![CDATA[  &amp#27;[33mGiven &amp#27;[0m&amp#27;[33mUser login into the app with nik "<nik>" and password "<pwd>"&amp#27;[0m &amp#27;[90m# null&amp#27;[0m
]]></system-out>
  </testcase>
  <testcase name="User tap button &quot;Daftar Sekarang!&quot;(User wants to booking vaccine " classname="User tap button &quot;Daftar Sekarang!&quot;(User wants to booking vaccine (TC_H3))" time="0">
    <skipped/>
    <system-out><![CDATA[  &amp#27;[36mWhen &amp#27;[0m&amp#27;[36mUsers on the home screen&amp#27;[0m                                       &amp#27;[90m# null&amp#27;[0m
]]></system-out>
  </testcase>
  <testcase name="User select location vaccine(User wants to booking vaccine " classname="User select location vaccine(User wants to booking vaccine (TC_H3))" time="0">
    <skipped/>
    <system-out><![CDATA[  &amp#27;[36mAnd &amp#27;[0m&amp#27;[36mUser tap button "Daftar Sekarang!"&amp#27;[0m                              &amp#27;[90m# null&amp#27;[0m
]]></system-out>
  </testcase>
  <testcase name="User tap button &quot;Pilih&quot;(User wants to booking vaccine " classname="User tap button &quot;Pilih&quot;(User wants to booking vaccine (TC_H3))" time="0">
    <skipped/>
    <system-out><![CDATA[  &amp#27;[36mAnd &amp#27;[0m&amp#27;[36mUser select location vaccine&amp#27;[0m                                    &amp#27;[90m# null&amp#27;[0m
]]></system-out>
  </testcase>
  <testcase name="User tap button &quot;Booking Sekarang&quot;(User wants to booking vaccine " classname="User tap button &quot;Booking Sekarang&quot;(User wants to booking vaccine (TC_H3))" time="0">
    <skipped/>
    <system-out><![CDATA[  &amp#27;[36mAnd &amp#27;[0m&amp#27;[36mUser tap button "Pilih"&amp#27;[0m                                         &amp#27;[90m# null&amp#27;[0m
]]></system-out>
  </testcase>
  <testcase name="User direct to invoce page and tap button to go to home page(User wants to booking vaccine " classname="User direct to invoce page and tap button to go to home page(User wants to booking vaccine (TC_H3))" time="0">
    <skipped/>
    <system-out><![CDATA[  &amp#27;[36mAnd &amp#27;[0m&amp#27;[36mUser tap button "Booking Sekarang"&amp#27;[0m                              &amp#27;[90m# null&amp#27;[0m
]]></system-out>
  </testcase>
  <testcase name="User wants to booking vaccine " classname="TC_H3" time="0.006">
    <error message="The step &apos;User login into the app with nik &quot;&lt;nik&gt;&quot; and password &quot;&lt;pwd&gt;&quot;&apos; and 6 other step(s) are undefined.&#10;You can implement these steps using the snippet(s) below:&#10;&#10;@Given(&quot;User login into the app with nik {string} and password {string}&quot;)&#10;public void user_login_into_the_app_with_nik_and_password(String string, String string2) {&#10;    // Write code here that turns the phrase above into concrete actions&#10;    throw new io.cucumber.java.PendingException();&#10;}&#10;@When(&quot;Users on the home screen&quot;)&#10;public void users_on_the_home_screen() {&#10;    // Write code here that turns the phrase above into concrete actions&#10;    throw new io.cucumber.java.PendingException();&#10;}&#10;@When(&quot;User tap button {string}&quot;)&#10;public void user_tap_button(String string) {&#10;    // Write code here that turns the phrase above into concrete actions&#10;    throw new io.cucumber.java.PendingException();&#10;}&#10;@When(&quot;User select location vaccine&quot;)&#10;public void user_select_location_vaccine() {&#10;    // Write code here that turns the phrase above into concrete actions&#10;    throw new io.cucumber.java.PendingException();&#10;}&#10;@Then(&quot;User direct to invoce page and tap button to go to home page&quot;)&#10;public void user_direct_to_invoce_page_and_tap_button_to_go_to_home_page() {&#10;    // Write code here that turns the phrase above into concrete actions&#10;    throw new io.cucumber.java.PendingException();&#10;}&#10;" type="io.cucumber.junit.UndefinedStepException"><![CDATA[io.cucumber.junit.UndefinedStepException: 
The step 'User login into the app with nik "<nik>" and password "<pwd>"' and 6 other step(s) are undefined.
You can implement these steps using the snippet(s) below:

@Given("User login into the app with nik {string} and password {string}")
public void user_login_into_the_app_with_nik_and_password(String string, String string2) {
    // Write code here that turns the phrase above into concrete actions
    throw new io.cucumber.java.PendingException();
}
@When("Users on the home screen")
public void users_on_the_home_screen() {
    // Write code here that turns the phrase above into concrete actions
    throw new io.cucumber.java.PendingException();
}
@When("User tap button {string}")
public void user_tap_button(String string) {
    // Write code here that turns the phrase above into concrete actions
    throw new io.cucumber.java.PendingException();
}
@When("User select location vaccine")
public void user_select_location_vaccine() {
    // Write code here that turns the phrase above into concrete actions
    throw new io.cucumber.java.PendingException();
}
@Then("User direct to invoce page and tap button to go to home page")
public void user_direct_to_invoce_page_and_tap_button_to_go_to_home_page() {
    // Write code here that turns the phrase above into concrete actions
    throw new io.cucumber.java.PendingException();
}

]]></error>
    <system-out><![CDATA[  &amp#27;[36mThen &amp#27;[0m&amp#27;[36mUser direct to invoce page and tap button to go to home page&amp#27;[0m   &amp#27;[90m# null&amp#27;[0m
]]></system-out>
  </testcase>
  <testcase name="User login into the app with nik &quot;&lt;nik&gt;&quot; and password &quot;&lt;pwd&gt;&quot;(User want to &quot;Baca Selengkapnya&quot; section &quot;Cara pencegahan virus covid-19&quot; on ekslusif hanya untuk Anda " classname="User login into the app with nik &quot;&lt;nik&gt;&quot; and password &quot;&lt;pwd&gt;&quot;(User want to &quot;Baca Selengkapnya&quot; section &quot;Cara pencegahan virus covid-19&quot; on ekslusif hanya untuk Anda (TC_H4))" time="0.006">
    <error message="The step &apos;User login into the app with nik &quot;&lt;nik&gt;&quot; and password &quot;&lt;pwd&gt;&quot;&apos; and 3 other step(s) are undefined.&#10;You can implement these steps using the snippet(s) below:&#10;&#10;@Given(&quot;User login into the app with nik {string} and password {string}&quot;)&#10;public void user_login_into_the_app_with_nik_and_password(String string, String string2) {&#10;    // Write code here that turns the phrase above into concrete actions&#10;    throw new io.cucumber.java.PendingException();&#10;}&#10;@When(&quot;Users on the home screen&quot;)&#10;public void users_on_the_home_screen() {&#10;    // Write code here that turns the phrase above into concrete actions&#10;    throw new io.cucumber.java.PendingException();&#10;}&#10;@When(&quot;User Click button {string} on ekslusif {string}&quot;)&#10;public void user_click_button_on_ekslusif(String string, String string2) {&#10;    // Write code here that turns the phrase above into concrete actions&#10;    throw new io.cucumber.java.PendingException();&#10;}&#10;@Then(&quot;Show screen {string}&quot;)&#10;public void show_screen(String string) {&#10;    // Write code here that turns the phrase above into concrete actions&#10;    throw new io.cucumber.java.PendingException();&#10;}&#10;" type="io.cucumber.junit.UndefinedStepException"><![CDATA[io.cucumber.junit.UndefinedStepException: 
The step 'User login into the app with nik "<nik>" and password "<pwd>"' and 3 other step(s) are undefined.
You can implement these steps using the snippet(s) below:

@Given("User login into the app with nik {string} and password {string}")
public void user_login_into_the_app_with_nik_and_password(String string, String string2) {
    // Write code here that turns the phrase above into concrete actions
    throw new io.cucumber.java.PendingException();
}
@When("Users on the home screen")
public void users_on_the_home_screen() {
    // Write code here that turns the phrase above into concrete actions
    throw new io.cucumber.java.PendingException();
}
@When("User Click button {string} on ekslusif {string}")
public void user_click_button_on_ekslusif(String string, String string2) {
    // Write code here that turns the phrase above into concrete actions
    throw new io.cucumber.java.PendingException();
}
@Then("Show screen {string}")
public void show_screen(String string) {
    // Write code here that turns the phrase above into concrete actions
    throw new io.cucumber.java.PendingException();
}

]]></error>
    <system-out><![CDATA[
Scenario: User want to "Baca Selengkapnya" section "Cara pencegahan virus covid-19" on ekslusif hanya untuk Anda (TC_H4) &amp#27;[90m# src/test/resources/features/Home.feature:21&amp#27;[0m
]]></system-out>
    <system-err><![CDATA[[main] INFO  - 
  _____   ___   ___   _____     ___   ___   _  _   ___    ___   _  _    ___ 
 |_   _| | __| / __| |_   _|   | _ \ | __| | \| | |   \  |_ _| | \| |  / __|
   | |   | _|  \__ \   | |     |  _/ | _|  | .` | | |) |  | |  | .` | | (_ |
   |_|   |___| |___/   |_|     |_|   |___| |_|\_| |___/  |___| |_|\_|  \___|

User wants to booking vaccine (TC_H3)
-----------------------------------------------------------------------------
[main] INFO io.cucumber.core.plugin.SerenityReporter - Running feature from file:///C:/Users/RICO/IdeaProjects/CapstoneMobile/src/test/resources/features/Home.feature
[main] INFO  - 
  _____   ___   ___   _____     ___   _____     _     ___   _____   ___   ___  
 |_   _| | __| / __| |_   _|   / __| |_   _|   /_\   | _ \ |_   _| | __| |   \ 
   | |   | _|  \__ \   | |     \__ \   | |    / _ \  |   /   | |   | _|  | |) |
   |_|   |___| |___/   |_|     |___/   |_|   /_/ \_\ |_|_\   |_|   |___| |___/ 

User want to "Baca Selengkapnya" section "Cara pencegahan virus covid-19" on ekslusif hanya untuk Anda (TC_H4)(home;user-want-to-"baca-selengkapnya"-section-"cara-pencegahan-virus-covid-19"-on-ekslusif-hanya-untuk-anda-(tc-h4))
--------------------------------------------------------------------------------
]]></system-err>
  </testcase>
  <testcase name="Users on the home screen(User want to &quot;Baca Selengkapnya&quot; section &quot;Cara pencegahan virus covid-19&quot; on ekslusif hanya untuk Anda " classname="Users on the home screen(User want to &quot;Baca Selengkapnya&quot; section &quot;Cara pencegahan virus covid-19&quot; on ekslusif hanya untuk Anda (TC_H4))" time="0">
    <skipped/>
    <system-out><![CDATA[  &amp#27;[33mGiven &amp#27;[0m&amp#27;[33mUser login into the app with nik "<nik>" and password "<pwd>"&amp#27;[0m                                                    &amp#27;[90m# null&amp#27;[0m
]]></system-out>
  </testcase>
  <testcase name="User Click button &quot;Baca Selengkapnya&quot; on ekslusif &quot;Berbagai macam vaksin&quot;(User want to &quot;Baca Selengkapnya&quot; section &quot;Cara pencegahan virus covid-19&quot; on ekslusif hanya untuk Anda " classname="User Click button &quot;Baca Selengkapnya&quot; on ekslusif &quot;Berbagai macam vaksin&quot;(User want to &quot;Baca Selengkapnya&quot; section &quot;Cara pencegahan virus covid-19&quot; on ekslusif hanya untuk Anda (TC_H4))" time="0">
    <skipped/>
    <system-out><![CDATA[  &amp#27;[36mWhen &amp#27;[0m&amp#27;[36mUsers on the home screen&amp#27;[0m                                                                                          &amp#27;[90m# null&amp#27;[0m
]]></system-out>
  </testcase>
  <testcase name="Show screen &quot;Berbagai macam jenis vaksin Covid-19 yang ada di Indonesia&quot;(User want to &quot;Baca Selengkapnya&quot; section &quot;Cara pencegahan virus covid-19&quot; on ekslusif hanya untuk Anda " classname="Show screen &quot;Berbagai macam jenis vaksin Covid-19 yang ada di Indonesia&quot;(User want to &quot;Baca Selengkapnya&quot; section &quot;Cara pencegahan virus covid-19&quot; on ekslusif hanya untuk Anda (TC_H4))" time="0">
    <skipped/>
    <system-out><![CDATA[  &amp#27;[36mAnd &amp#27;[0m&amp#27;[36mUser Click button "Baca Selengkapnya" on ekslusif "Berbagai macam vaksin"&amp#27;[0m                                          &amp#27;[90m# null&amp#27;[0m
]]></system-out>
  </testcase>
  <testcase name="User want to &quot;Baca Selengkapnya&quot; section &quot;Cara pencegahan virus covid-19&quot; on ekslusif hanya untuk Anda " classname="TC_H4" time="0.008">
    <error message="The step &apos;User login into the app with nik &quot;&lt;nik&gt;&quot; and password &quot;&lt;pwd&gt;&quot;&apos; and 3 other step(s) are undefined.&#10;You can implement these steps using the snippet(s) below:&#10;&#10;@Given(&quot;User login into the app with nik {string} and password {string}&quot;)&#10;public void user_login_into_the_app_with_nik_and_password(String string, String string2) {&#10;    // Write code here that turns the phrase above into concrete actions&#10;    throw new io.cucumber.java.PendingException();&#10;}&#10;@When(&quot;Users on the home screen&quot;)&#10;public void users_on_the_home_screen() {&#10;    // Write code here that turns the phrase above into concrete actions&#10;    throw new io.cucumber.java.PendingException();&#10;}&#10;@When(&quot;User Click button {string} on ekslusif {string}&quot;)&#10;public void user_click_button_on_ekslusif(String string, String string2) {&#10;    // Write code here that turns the phrase above into concrete actions&#10;    throw new io.cucumber.java.PendingException();&#10;}&#10;@Then(&quot;Show screen {string}&quot;)&#10;public void show_screen(String string) {&#10;    // Write code here that turns the phrase above into concrete actions&#10;    throw new io.cucumber.java.PendingException();&#10;}&#10;" type="io.cucumber.junit.UndefinedStepException"><![CDATA[io.cucumber.junit.UndefinedStepException: 
The step 'User login into the app with nik "<nik>" and password "<pwd>"' and 3 other step(s) are undefined.
You can implement these steps using the snippet(s) below:

@Given("User login into the app with nik {string} and password {string}")
public void user_login_into_the_app_with_nik_and_password(String string, String string2) {
    // Write code here that turns the phrase above into concrete actions
    throw new io.cucumber.java.PendingException();
}
@When("Users on the home screen")
public void users_on_the_home_screen() {
    // Write code here that turns the phrase above into concrete actions
    throw new io.cucumber.java.PendingException();
}
@When("User Click button {string} on ekslusif {string}")
public void user_click_button_on_ekslusif(String string, String string2) {
    // Write code here that turns the phrase above into concrete actions
    throw new io.cucumber.java.PendingException();
}
@Then("Show screen {string}")
public void show_screen(String string) {
    // Write code here that turns the phrase above into concrete actions
    throw new io.cucumber.java.PendingException();
}

]]></error>
    <system-out><![CDATA[  &amp#27;[36mThen &amp#27;[0m&amp#27;[36mShow screen "Berbagai macam jenis vaksin Covid-19 yang ada di Indonesia"&amp#27;[0m                                          &amp#27;[90m# null&amp#27;[0m
]]></system-out>
  </testcase>
  <testcase name="User login into the app with nik &quot;&lt;nik&gt;&quot; and password &quot;&lt;pwd&gt;&quot;(User want to &quot;Baca Selengkapnya&quot; section &quot;Cara pencegahan virus covid-19&quot; on ekslusif hanya untuk Anda " classname="User login into the app with nik &quot;&lt;nik&gt;&quot; and password &quot;&lt;pwd&gt;&quot;(User want to &quot;Baca Selengkapnya&quot; section &quot;Cara pencegahan virus covid-19&quot; on ekslusif hanya untuk Anda (TC_H5))" time="0.007">
    <error message="The step &apos;User login into the app with nik &quot;&lt;nik&gt;&quot; and password &quot;&lt;pwd&gt;&quot;&apos; and 3 other step(s) are undefined.&#10;You can implement these steps using the snippet(s) below:&#10;&#10;@Given(&quot;User login into the app with nik {string} and password {string}&quot;)&#10;public void user_login_into_the_app_with_nik_and_password(String string, String string2) {&#10;    // Write code here that turns the phrase above into concrete actions&#10;    throw new io.cucumber.java.PendingException();&#10;}&#10;@When(&quot;Users on the home screen&quot;)&#10;public void users_on_the_home_screen() {&#10;    // Write code here that turns the phrase above into concrete actions&#10;    throw new io.cucumber.java.PendingException();&#10;}&#10;@When(&quot;User on home screen and click button {string} on ekslusif {string}&quot;)&#10;public void user_on_home_screen_and_click_button_on_ekslusif(String string, String string2) {&#10;    // Write code here that turns the phrase above into concrete actions&#10;    throw new io.cucumber.java.PendingException();&#10;}&#10;@Then(&quot;Show Screen {string}&quot;)&#10;public void show_screen(String string) {&#10;    // Write code here that turns the phrase above into concrete actions&#10;    throw new io.cucumber.java.PendingException();&#10;}&#10;" type="io.cucumber.junit.UndefinedStepException"><![CDATA[io.cucumber.junit.UndefinedStepException: 
The step 'User login into the app with nik "<nik>" and password "<pwd>"' and 3 other step(s) are undefined.
You can implement these steps using the snippet(s) below:

@Given("User login into the app with nik {string} and password {string}")
public void user_login_into_the_app_with_nik_and_password(String string, String string2) {
    // Write code here that turns the phrase above into concrete actions
    throw new io.cucumber.java.PendingException();
}
@When("Users on the home screen")
public void users_on_the_home_screen() {
    // Write code here that turns the phrase above into concrete actions
    throw new io.cucumber.java.PendingException();
}
@When("User on home screen and click button {string} on ekslusif {string}")
public void user_on_home_screen_and_click_button_on_ekslusif(String string, String string2) {
    // Write code here that turns the phrase above into concrete actions
    throw new io.cucumber.java.PendingException();
}
@Then("Show Screen {string}")
public void show_screen(String string) {
    // Write code here that turns the phrase above into concrete actions
    throw new io.cucumber.java.PendingException();
}

]]></error>
    <system-out><![CDATA[
Scenario: User want to "Baca Selengkapnya" section "Cara pencegahan virus covid-19" on ekslusif hanya untuk Anda (TC_H5) &amp#27;[90m# src/test/resources/features/Home.feature:25&amp#27;[0m
]]></system-out>
    <system-err><![CDATA[[main] INFO  - 
  _____   ___   ___   _____     ___   ___   _  _   ___    ___   _  _    ___ 
 |_   _| | __| / __| |_   _|   | _ \ | __| | \| | |   \  |_ _| | \| |  / __|
   | |   | _|  \__ \   | |     |  _/ | _|  | .` | | |) |  | |  | .` | | (_ |
   |_|   |___| |___/   |_|     |_|   |___| |_|\_| |___/  |___| |_|\_|  \___|

User want to "Baca Selengkapnya" section "Cara pencegahan virus covid-19" on ekslusif hanya untuk Anda (TC_H4)
-----------------------------------------------------------------------------
[main] INFO io.cucumber.core.plugin.SerenityReporter - Running feature from file:///C:/Users/RICO/IdeaProjects/CapstoneMobile/src/test/resources/features/Home.feature
[main] INFO  - 
  _____   ___   ___   _____     ___   _____     _     ___   _____   ___   ___  
 |_   _| | __| / __| |_   _|   / __| |_   _|   /_\   | _ \ |_   _| | __| |   \ 
   | |   | _|  \__ \   | |     \__ \   | |    / _ \  |   /   | |   | _|  | |) |
   |_|   |___| |___/   |_|     |___/   |_|   /_/ \_\ |_|_\   |_|   |___| |___/ 

User want to "Baca Selengkapnya" section "Cara pencegahan virus covid-19" on ekslusif hanya untuk Anda (TC_H5)(home;user-want-to-"baca-selengkapnya"-section-"cara-pencegahan-virus-covid-19"-on-ekslusif-hanya-untuk-anda-(tc-h5))
--------------------------------------------------------------------------------
]]></system-err>
  </testcase>
  <testcase name="Users on the home screen(User want to &quot;Baca Selengkapnya&quot; section &quot;Cara pencegahan virus covid-19&quot; on ekslusif hanya untuk Anda " classname="Users on the home screen(User want to &quot;Baca Selengkapnya&quot; section &quot;Cara pencegahan virus covid-19&quot; on ekslusif hanya untuk Anda (TC_H5))" time="0">
    <skipped/>
    <system-out><![CDATA[  &amp#27;[33mGiven &amp#27;[0m&amp#27;[33mUser login into the app with nik "<nik>" and password "<pwd>"&amp#27;[0m                                                    &amp#27;[90m# null&amp#27;[0m
]]></system-out>
  </testcase>
  <testcase name="User on home screen and click button &quot;Baca Selengkapnya&quot; on ekslusif &quot;Cara pencegahan virus...&quot;(User want to &quot;Baca Selengkapnya&quot; section &quot;Cara pencegahan virus covid-19&quot; on ekslusif hanya untuk Anda " classname="User on home screen and click button &quot;Baca Selengkapnya&quot; on ekslusif &quot;Cara pencegahan virus...&quot;(User want to &quot;Baca Selengkapnya&quot; section &quot;Cara pencegahan virus covid-19&quot; on ekslusif hanya untuk Anda (TC_H5))" time="0">
    <skipped/>
    <system-out><![CDATA[  &amp#27;[36mWhen &amp#27;[0m&amp#27;[36mUsers on the home screen&amp#27;[0m                                                                                          &amp#27;[90m# null&amp#27;[0m
]]></system-out>
  </testcase>
  <testcase name="Show Screen &quot;Cara Pencegahan virus Covid-19 dan Gejala Penyakitnya&quot;(User want to &quot;Baca Selengkapnya&quot; section &quot;Cara pencegahan virus covid-19&quot; on ekslusif hanya untuk Anda " classname="Show Screen &quot;Cara Pencegahan virus Covid-19 dan Gejala Penyakitnya&quot;(User want to &quot;Baca Selengkapnya&quot; section &quot;Cara pencegahan virus covid-19&quot; on ekslusif hanya untuk Anda (TC_H5))" time="0">
    <skipped/>
    <system-out><![CDATA[  &amp#27;[36mAnd &amp#27;[0m&amp#27;[36mUser on home screen and click button "Baca Selengkapnya" on ekslusif "Cara pencegahan virus..."&amp#27;[0m                    &amp#27;[90m# null&amp#27;[0m
]]></system-out>
  </testcase>
  <testcase name="User want to &quot;Baca Selengkapnya&quot; section &quot;Cara pencegahan virus covid-19&quot; on ekslusif hanya untuk Anda " classname="TC_H5" time="0.007">
    <error message="The step &apos;User login into the app with nik &quot;&lt;nik&gt;&quot; and password &quot;&lt;pwd&gt;&quot;&apos; and 3 other step(s) are undefined.&#10;You can implement these steps using the snippet(s) below:&#10;&#10;@Given(&quot;User login into the app with nik {string} and password {string}&quot;)&#10;public void user_login_into_the_app_with_nik_and_password(String string, String string2) {&#10;    // Write code here that turns the phrase above into concrete actions&#10;    throw new io.cucumber.java.PendingException();&#10;}&#10;@When(&quot;Users on the home screen&quot;)&#10;public void users_on_the_home_screen() {&#10;    // Write code here that turns the phrase above into concrete actions&#10;    throw new io.cucumber.java.PendingException();&#10;}&#10;@When(&quot;User on home screen and click button {string} on ekslusif {string}&quot;)&#10;public void user_on_home_screen_and_click_button_on_ekslusif(String string, String string2) {&#10;    // Write code here that turns the phrase above into concrete actions&#10;    throw new io.cucumber.java.PendingException();&#10;}&#10;@Then(&quot;Show Screen {string}&quot;)&#10;public void show_screen(String string) {&#10;    // Write code here that turns the phrase above into concrete actions&#10;    throw new io.cucumber.java.PendingException();&#10;}&#10;" type="io.cucumber.junit.UndefinedStepException"><![CDATA[io.cucumber.junit.UndefinedStepException: 
The step 'User login into the app with nik "<nik>" and password "<pwd>"' and 3 other step(s) are undefined.
You can implement these steps using the snippet(s) below:

@Given("User login into the app with nik {string} and password {string}")
public void user_login_into_the_app_with_nik_and_password(String string, String string2) {
    // Write code here that turns the phrase above into concrete actions
    throw new io.cucumber.java.PendingException();
}
@When("Users on the home screen")
public void users_on_the_home_screen() {
    // Write code here that turns the phrase above into concrete actions
    throw new io.cucumber.java.PendingException();
}
@When("User on home screen and click button {string} on ekslusif {string}")
public void user_on_home_screen_and_click_button_on_ekslusif(String string, String string2) {
    // Write code here that turns the phrase above into concrete actions
    throw new io.cucumber.java.PendingException();
}
@Then("Show Screen {string}")
public void show_screen(String string) {
    // Write code here that turns the phrase above into concrete actions
    throw new io.cucumber.java.PendingException();
}

]]></error>
    <system-out><![CDATA[  &amp#27;[36mThen &amp#27;[0m&amp#27;[36mShow Screen "Cara Pencegahan virus Covid-19 dan Gejala Penyakitnya"&amp#27;[0m                                               &amp#27;[90m# null&amp#27;[0m
]]></system-out>
  </testcase>
  <testcase name="User login into the app with nik &quot;&lt;nik&gt;&quot; and password &quot;&lt;pwd&gt;&quot;(User want to see more &quot;Berita Terbaru&quot; from home page " classname="User login into the app with nik &quot;&lt;nik&gt;&quot; and password &quot;&lt;pwd&gt;&quot;(User want to see more &quot;Berita Terbaru&quot; from home page (TC_H6))" time="0.005">
    <error message="The step &apos;User login into the app with nik &quot;&lt;nik&gt;&quot; and password &quot;&lt;pwd&gt;&quot;&apos; and 4 other step(s) are undefined.&#10;You can implement these steps using the snippet(s) below:&#10;&#10;@Given(&quot;User login into the app with nik {string} and password {string}&quot;)&#10;public void user_login_into_the_app_with_nik_and_password(String string, String string2) {&#10;    // Write code here that turns the phrase above into concrete actions&#10;    throw new io.cucumber.java.PendingException();&#10;}&#10;@When(&quot;Users on the home screen&quot;)&#10;public void users_on_the_home_screen() {&#10;    // Write code here that turns the phrase above into concrete actions&#10;    throw new io.cucumber.java.PendingException();&#10;}&#10;@When(&quot;User direct to screen Berita Terbaru&quot;)&#10;public void user_direct_to_screen_berita_terbaru() {&#10;    // Write code here that turns the phrase above into concrete actions&#10;    throw new io.cucumber.java.PendingException();&#10;}&#10;@When(&quot;User select {int} news and go to reading article&quot;)&#10;public void user_select_news_and_go_to_reading_article(Integer int1) {&#10;    // Write code here that turns the phrase above into concrete actions&#10;    throw new io.cucumber.java.PendingException();&#10;}&#10;@Then(&quot;The application displays articles based on the selected&quot;)&#10;public void the_application_displays_articles_based_on_the_selected() {&#10;    // Write code here that turns the phrase above into concrete actions&#10;    throw new io.cucumber.java.PendingException();&#10;}&#10;" type="io.cucumber.junit.UndefinedStepException"><![CDATA[io.cucumber.junit.UndefinedStepException: 
The step 'User login into the app with nik "<nik>" and password "<pwd>"' and 4 other step(s) are undefined.
You can implement these steps using the snippet(s) below:

@Given("User login into the app with nik {string} and password {string}")
public void user_login_into_the_app_with_nik_and_password(String string, String string2) {
    // Write code here that turns the phrase above into concrete actions
    throw new io.cucumber.java.PendingException();
}
@When("Users on the home screen")
public void users_on_the_home_screen() {
    // Write code here that turns the phrase above into concrete actions
    throw new io.cucumber.java.PendingException();
}
@When("User direct to screen Berita Terbaru")
public void user_direct_to_screen_berita_terbaru() {
    // Write code here that turns the phrase above into concrete actions
    throw new io.cucumber.java.PendingException();
}
@When("User select {int} news and go to reading article")
public void user_select_news_and_go_to_reading_article(Integer int1) {
    // Write code here that turns the phrase above into concrete actions
    throw new io.cucumber.java.PendingException();
}
@Then("The application displays articles based on the selected")
public void the_application_displays_articles_based_on_the_selected() {
    // Write code here that turns the phrase above into concrete actions
    throw new io.cucumber.java.PendingException();
}

]]></error>
    <system-out><![CDATA[
Scenario: User want to see more "Berita Terbaru" from home page (TC_H6) &amp#27;[90m# src/test/resources/features/Home.feature:29&amp#27;[0m
]]></system-out>
    <system-err><![CDATA[[main] INFO  - 
  _____   ___   ___   _____     ___   ___   _  _   ___    ___   _  _    ___ 
 |_   _| | __| / __| |_   _|   | _ \ | __| | \| | |   \  |_ _| | \| |  / __|
   | |   | _|  \__ \   | |     |  _/ | _|  | .` | | |) |  | |  | .` | | (_ |
   |_|   |___| |___/   |_|     |_|   |___| |_|\_| |___/  |___| |_|\_|  \___|

User want to "Baca Selengkapnya" section "Cara pencegahan virus covid-19" on ekslusif hanya untuk Anda (TC_H5)
-----------------------------------------------------------------------------
[main] INFO io.cucumber.core.plugin.SerenityReporter - Running feature from file:///C:/Users/RICO/IdeaProjects/CapstoneMobile/src/test/resources/features/Home.feature
[main] INFO  - 
  _____   ___   ___   _____     ___   _____     _     ___   _____   ___   ___  
 |_   _| | __| / __| |_   _|   / __| |_   _|   /_\   | _ \ |_   _| | __| |   \ 
   | |   | _|  \__ \   | |     \__ \   | |    / _ \  |   /   | |   | _|  | |) |
   |_|   |___| |___/   |_|     |___/   |_|   /_/ \_\ |_|_\   |_|   |___| |___/ 

User want to see more "Berita Terbaru" from home page (TC_H6)(home;user-want-to-see-more-"berita-terbaru"-from-home-page-(tc-h6))
--------------------------------------------------------------------------------
]]></system-err>
  </testcase>
  <testcase name="Users on the home screen(User want to see more &quot;Berita Terbaru&quot; from home page " classname="Users on the home screen(User want to see more &quot;Berita Terbaru&quot; from home page (TC_H6))" time="0">
    <skipped/>
    <system-out><![CDATA[  &amp#27;[33mGiven &amp#27;[0m&amp#27;[33mUser login into the app with nik "<nik>" and password "<pwd>"&amp#27;[0m   &amp#27;[90m# null&amp#27;[0m
]]></system-out>
  </testcase>
  <testcase name="User direct to screen Berita Terbaru(User want to see more &quot;Berita Terbaru&quot; from home page " classname="User direct to screen Berita Terbaru(User want to see more &quot;Berita Terbaru&quot; from home page (TC_H6))" time="0">
    <skipped/>
    <system-out><![CDATA[  &amp#27;[36mWhen &amp#27;[0m&amp#27;[36mUsers on the home screen&amp#27;[0m                                         &amp#27;[90m# null&amp#27;[0m
]]></system-out>
  </testcase>
  <testcase name="User select 1 news and go to reading article(User want to see more &quot;Berita Terbaru&quot; from home page " classname="User select 1 news and go to reading article(User want to see more &quot;Berita Terbaru&quot; from home page (TC_H6))" time="0">
    <skipped/>
    <system-out><![CDATA[  &amp#27;[36mAnd &amp#27;[0m&amp#27;[36mUser direct to screen Berita Terbaru&amp#27;[0m                              &amp#27;[90m# null&amp#27;[0m
]]></system-out>
  </testcase>
  <testcase name="The application displays articles based on the selected(User want to see more &quot;Berita Terbaru&quot; from home page " classname="The application displays articles based on the selected(User want to see more &quot;Berita Terbaru&quot; from home page (TC_H6))" time="0">
    <skipped/>
    <system-out><![CDATA[  &amp#27;[36mAnd &amp#27;[0m&amp#27;[36mUser select 1 news and go to reading article&amp#27;[0m                      &amp#27;[90m# null&amp#27;[0m
]]></system-out>
  </testcase>
  <testcase name="User want to see more &quot;Berita Terbaru&quot; from home page " classname="TC_H6" time="0.007">
    <error message="The step &apos;User login into the app with nik &quot;&lt;nik&gt;&quot; and password &quot;&lt;pwd&gt;&quot;&apos; and 4 other step(s) are undefined.&#10;You can implement these steps using the snippet(s) below:&#10;&#10;@Given(&quot;User login into the app with nik {string} and password {string}&quot;)&#10;public void user_login_into_the_app_with_nik_and_password(String string, String string2) {&#10;    // Write code here that turns the phrase above into concrete actions&#10;    throw new io.cucumber.java.PendingException();&#10;}&#10;@When(&quot;Users on the home screen&quot;)&#10;public void users_on_the_home_screen() {&#10;    // Write code here that turns the phrase above into concrete actions&#10;    throw new io.cucumber.java.PendingException();&#10;}&#10;@When(&quot;User direct to screen Berita Terbaru&quot;)&#10;public void user_direct_to_screen_berita_terbaru() {&#10;    // Write code here that turns the phrase above into concrete actions&#10;    throw new io.cucumber.java.PendingException();&#10;}&#10;@When(&quot;User select {int} news and go to reading article&quot;)&#10;public void user_select_news_and_go_to_reading_article(Integer int1) {&#10;    // Write code here that turns the phrase above into concrete actions&#10;    throw new io.cucumber.java.PendingException();&#10;}&#10;@Then(&quot;The application displays articles based on the selected&quot;)&#10;public void the_application_displays_articles_based_on_the_selected() {&#10;    // Write code here that turns the phrase above into concrete actions&#10;    throw new io.cucumber.java.PendingException();&#10;}&#10;" type="io.cucumber.junit.UndefinedStepException"><![CDATA[io.cucumber.junit.UndefinedStepException: 
The step 'User login into the app with nik "<nik>" and password "<pwd>"' and 4 other step(s) are undefined.
You can implement these steps using the snippet(s) below:

@Given("User login into the app with nik {string} and password {string}")
public void user_login_into_the_app_with_nik_and_password(String string, String string2) {
    // Write code here that turns the phrase above into concrete actions
    throw new io.cucumber.java.PendingException();
}
@When("Users on the home screen")
public void users_on_the_home_screen() {
    // Write code here that turns the phrase above into concrete actions
    throw new io.cucumber.java.PendingException();
}
@When("User direct to screen Berita Terbaru")
public void user_direct_to_screen_berita_terbaru() {
    // Write code here that turns the phrase above into concrete actions
    throw new io.cucumber.java.PendingException();
}
@When("User select {int} news and go to reading article")
public void user_select_news_and_go_to_reading_article(Integer int1) {
    // Write code here that turns the phrase above into concrete actions
    throw new io.cucumber.java.PendingException();
}
@Then("The application displays articles based on the selected")
public void the_application_displays_articles_based_on_the_selected() {
    // Write code here that turns the phrase above into concrete actions
    throw new io.cucumber.java.PendingException();
}

]]></error>
    <system-out><![CDATA[  &amp#27;[36mThen &amp#27;[0m&amp#27;[36mThe application displays articles based on the selected&amp#27;[0m          &amp#27;[90m# null&amp#27;[0m
]]></system-out>
  </testcase>
  <testcase name="User login into the app with nik &quot;&lt;nik&gt;&quot; and password &quot;&lt;pwd&gt;&quot;(User want to logout account " classname="User login into the app with nik &quot;&lt;nik&gt;&quot; and password &quot;&lt;pwd&gt;&quot;(User want to logout account (TC_H7))" time="0.004">
    <error message="The step &apos;User login into the app with nik &quot;&lt;nik&gt;&quot; and password &quot;&lt;pwd&gt;&quot;&apos; and 4 other step(s) are undefined.&#10;You can implement these steps using the snippet(s) below:&#10;&#10;@Given(&quot;User login into the app with nik {string} and password {string}&quot;)&#10;public void user_login_into_the_app_with_nik_and_password(String string, String string2) {&#10;    // Write code here that turns the phrase above into concrete actions&#10;    throw new io.cucumber.java.PendingException();&#10;}&#10;@When(&quot;Users on the home screen&quot;)&#10;public void users_on_the_home_screen() {&#10;    // Write code here that turns the phrase above into concrete actions&#10;    throw new io.cucumber.java.PendingException();&#10;}&#10;@When(&quot;User tap humberger icon to open sidebar&quot;)&#10;public void user_tap_humberger_icon_to_open_sidebar() {&#10;    // Write code here that turns the phrase above into concrete actions&#10;    throw new io.cucumber.java.PendingException();&#10;}&#10;@When(&quot;Tap Keluar Akun&quot;)&#10;public void tap_keluar_akun() {&#10;    // Write code here that turns the phrase above into concrete actions&#10;    throw new io.cucumber.java.PendingException();&#10;}&#10;@Then(&quot;Go to login page&quot;)&#10;public void go_to_login_page() {&#10;    // Write code here that turns the phrase above into concrete actions&#10;    throw new io.cucumber.java.PendingException();&#10;}&#10;" type="io.cucumber.junit.UndefinedStepException"><![CDATA[io.cucumber.junit.UndefinedStepException: 
The step 'User login into the app with nik "<nik>" and password "<pwd>"' and 4 other step(s) are undefined.
You can implement these steps using the snippet(s) below:

@Given("User login into the app with nik {string} and password {string}")
public void user_login_into_the_app_with_nik_and_password(String string, String string2) {
    // Write code here that turns the phrase above into concrete actions
    throw new io.cucumber.java.PendingException();
}
@When("Users on the home screen")
public void users_on_the_home_screen() {
    // Write code here that turns the phrase above into concrete actions
    throw new io.cucumber.java.PendingException();
}
@When("User tap humberger icon to open sidebar")
public void user_tap_humberger_icon_to_open_sidebar() {
    // Write code here that turns the phrase above into concrete actions
    throw new io.cucumber.java.PendingException();
}
@When("Tap Keluar Akun")
public void tap_keluar_akun() {
    // Write code here that turns the phrase above into concrete actions
    throw new io.cucumber.java.PendingException();
}
@Then("Go to login page")
public void go_to_login_page() {
    // Write code here that turns the phrase above into concrete actions
    throw new io.cucumber.java.PendingException();
}

]]></error>
    <system-out><![CDATA[
Scenario: User want to logout account (TC_H7)                         &amp#27;[90m# src/test/resources/features/Home.feature:34&amp#27;[0m
]]></system-out>
    <system-err><![CDATA[[main] INFO  - 
  _____   ___   ___   _____     ___   ___   _  _   ___    ___   _  _    ___ 
 |_   _| | __| / __| |_   _|   | _ \ | __| | \| | |   \  |_ _| | \| |  / __|
   | |   | _|  \__ \   | |     |  _/ | _|  | .` | | |) |  | |  | .` | | (_ |
   |_|   |___| |___/   |_|     |_|   |___| |_|\_| |___/  |___| |_|\_|  \___|

User want to see more "Berita Terbaru" from home page (TC_H6)
-----------------------------------------------------------------------------
[main] INFO io.cucumber.core.plugin.SerenityReporter - Running feature from file:///C:/Users/RICO/IdeaProjects/CapstoneMobile/src/test/resources/features/Home.feature
[main] INFO  - 
  _____   ___   ___   _____     ___   _____     _     ___   _____   ___   ___  
 |_   _| | __| / __| |_   _|   / __| |_   _|   /_\   | _ \ |_   _| | __| |   \ 
   | |   | _|  \__ \   | |     \__ \   | |    / _ \  |   /   | |   | _|  | |) |
   |_|   |___| |___/   |_|     |___/   |_|   /_/ \_\ |_|_\   |_|   |___| |___/ 

User want to logout account (TC_H7)(home;user-want-to-logout-account-(tc-h7))
--------------------------------------------------------------------------------
]]></system-err>
  </testcase>
  <testcase name="Users on the home screen(User want to logout account " classname="Users on the home screen(User want to logout account (TC_H7))" time="0">
    <skipped/>
    <system-out><![CDATA[  &amp#27;[33mGiven &amp#27;[0m&amp#27;[33mUser login into the app with nik "<nik>" and password "<pwd>"&amp#27;[0m &amp#27;[90m# null&amp#27;[0m
]]></system-out>
  </testcase>
  <testcase name="User tap humberger icon to open sidebar(User want to logout account " classname="User tap humberger icon to open sidebar(User want to logout account (TC_H7))" time="0">
    <skipped/>
    <system-out><![CDATA[  &amp#27;[36mWhen &amp#27;[0m&amp#27;[36mUsers on the home screen&amp#27;[0m                                       &amp#27;[90m# null&amp#27;[0m
]]></system-out>
  </testcase>
  <testcase name="Tap Keluar Akun(User want to logout account " classname="Tap Keluar Akun(User want to logout account (TC_H7))" time="0">
    <skipped/>
    <system-out><![CDATA[  &amp#27;[36mAnd &amp#27;[0m&amp#27;[36mUser tap humberger icon to open sidebar&amp#27;[0m                         &amp#27;[90m# null&amp#27;[0m
]]></system-out>
  </testcase>
  <testcase name="Go to login page(User want to logout account " classname="Go to login page(User want to logout account (TC_H7))" time="0">
    <skipped/>
    <system-out><![CDATA[  &amp#27;[36mAnd &amp#27;[0m&amp#27;[36mTap Keluar Akun&amp#27;[0m                                                 &amp#27;[90m# null&amp#27;[0m
]]></system-out>
  </testcase>
  <testcase name="User want to logout account " classname="TC_H7" time="0.01">
    <error message="The step &apos;User login into the app with nik &quot;&lt;nik&gt;&quot; and password &quot;&lt;pwd&gt;&quot;&apos; and 4 other step(s) are undefined.&#10;You can implement these steps using the snippet(s) below:&#10;&#10;@Given(&quot;User login into the app with nik {string} and password {string}&quot;)&#10;public void user_login_into_the_app_with_nik_and_password(String string, String string2) {&#10;    // Write code here that turns the phrase above into concrete actions&#10;    throw new io.cucumber.java.PendingException();&#10;}&#10;@When(&quot;Users on the home screen&quot;)&#10;public void users_on_the_home_screen() {&#10;    // Write code here that turns the phrase above into concrete actions&#10;    throw new io.cucumber.java.PendingException();&#10;}&#10;@When(&quot;User tap humberger icon to open sidebar&quot;)&#10;public void user_tap_humberger_icon_to_open_sidebar() {&#10;    // Write code here that turns the phrase above into concrete actions&#10;    throw new io.cucumber.java.PendingException();&#10;}&#10;@When(&quot;Tap Keluar Akun&quot;)&#10;public void tap_keluar_akun() {&#10;    // Write code here that turns the phrase above into concrete actions&#10;    throw new io.cucumber.java.PendingException();&#10;}&#10;@Then(&quot;Go to login page&quot;)&#10;public void go_to_login_page() {&#10;    // Write code here that turns the phrase above into concrete actions&#10;    throw new io.cucumber.java.PendingException();&#10;}&#10;" type="io.cucumber.junit.UndefinedStepException"><![CDATA[io.cucumber.junit.UndefinedStepException: 
The step 'User login into the app with nik "<nik>" and password "<pwd>"' and 4 other step(s) are undefined.
You can implement these steps using the snippet(s) below:

@Given("User login into the app with nik {string} and password {string}")
public void user_login_into_the_app_with_nik_and_password(String string, String string2) {
    // Write code here that turns the phrase above into concrete actions
    throw new io.cucumber.java.PendingException();
}
@When("Users on the home screen")
public void users_on_the_home_screen() {
    // Write code here that turns the phrase above into concrete actions
    throw new io.cucumber.java.PendingException();
}
@When("User tap humberger icon to open sidebar")
public void user_tap_humberger_icon_to_open_sidebar() {
    // Write code here that turns the phrase above into concrete actions
    throw new io.cucumber.java.PendingException();
}
@When("Tap Keluar Akun")
public void tap_keluar_akun() {
    // Write code here that turns the phrase above into concrete actions
    throw new io.cucumber.java.PendingException();
}
@Then("Go to login page")
public void go_to_login_page() {
    // Write code here that turns the phrase above into concrete actions
    throw new io.cucumber.java.PendingException();
}

]]></error>
    <system-out><![CDATA[  &amp#27;[36mThen &amp#27;[0m&amp#27;[36mGo to login page&amp#27;[0m                                               &amp#27;[90m# null&amp#27;[0m
]]></system-out>
  </testcase>
  <testcase name="User login to the application with input nik &quot;&lt;nik&gt;&quot; and password &quot;&lt;password&gt;&quot;(User want to check family member " classname="User login to the application with input nik &quot;&lt;nik&gt;&quot; and password &quot;&lt;password&gt;&quot;(User want to check family member (TC_F2))" time="0.005">
    <error message="The step &apos;User login to the application with input nik &quot;&lt;nik&gt;&quot; and password &quot;&lt;password&gt;&quot;&apos; and 4 other step(s) are undefined.&#10;You can implement these steps using the snippet(s) below:&#10;&#10;@Given(&quot;User login to the application with input nik {string} and password {string}&quot;)&#10;public void user_login_to_the_application_with_input_nik_and_password(String string, String string2) {&#10;    // Write code here that turns the phrase above into concrete actions&#10;    throw new io.cucumber.java.PendingException();&#10;}&#10;@When(&quot;On Home Screen User tap button humberger&quot;)&#10;public void on_home_screen_user_tap_button_humberger() {&#10;    // Write code here that turns the phrase above into concrete actions&#10;    throw new io.cucumber.java.PendingException();&#10;}&#10;@When(&quot;User tap menu {string}&quot;)&#10;public void user_tap_menu(String string) {&#10;    // Write code here that turns the phrase above into concrete actions&#10;    throw new io.cucumber.java.PendingException();&#10;}&#10;@When(&quot;user tap button {string}&quot;)&#10;public void user_tap_button(String string) {&#10;    // Write code here that turns the phrase above into concrete actions&#10;    throw new io.cucumber.java.PendingException();&#10;}&#10;@Then(&quot;Display information about NIK and Nama Lengkap&quot;)&#10;public void display_information_about_nik_and_nama_lengkap() {&#10;    // Write code here that turns the phrase above into concrete actions&#10;    throw new io.cucumber.java.PendingException();&#10;}&#10;" type="io.cucumber.junit.UndefinedStepException"><![CDATA[io.cucumber.junit.UndefinedStepException: 
The step 'User login to the application with input nik "<nik>" and password "<password>"' and 4 other step(s) are undefined.
You can implement these steps using the snippet(s) below:

@Given("User login to the application with input nik {string} and password {string}")
public void user_login_to_the_application_with_input_nik_and_password(String string, String string2) {
    // Write code here that turns the phrase above into concrete actions
    throw new io.cucumber.java.PendingException();
}
@When("On Home Screen User tap button humberger")
public void on_home_screen_user_tap_button_humberger() {
    // Write code here that turns the phrase above into concrete actions
    throw new io.cucumber.java.PendingException();
}
@When("User tap menu {string}")
public void user_tap_menu(String string) {
    // Write code here that turns the phrase above into concrete actions
    throw new io.cucumber.java.PendingException();
}
@When("user tap button {string}")
public void user_tap_button(String string) {
    // Write code here that turns the phrase above into concrete actions
    throw new io.cucumber.java.PendingException();
}
@Then("Display information about NIK and Nama Lengkap")
public void display_information_about_nik_and_nama_lengkap() {
    // Write code here that turns the phrase above into concrete actions
    throw new io.cucumber.java.PendingException();
}

]]></error>
    <system-out><![CDATA[
Scenario: User want to check family member (TC_F2)                                     &amp#27;[90m# src/test/resources/features/Keluarga.feature:17&amp#27;[0m
]]></system-out>
    <system-err><![CDATA[[main] INFO  - 
  _____   ___   ___   _____     ___   ___   _  _   ___    ___   _  _    ___ 
 |_   _| | __| / __| |_   _|   | _ \ | __| | \| | |   \  |_ _| | \| |  / __|
   | |   | _|  \__ \   | |     |  _/ | _|  | .` | | |) |  | |  | .` | | (_ |
   |_|   |___| |___/   |_|     |_|   |___| |_|\_| |___/  |___| |_|\_|  \___|

User want to logout account (TC_H7)
-----------------------------------------------------------------------------
[main] INFO io.cucumber.core.plugin.SerenityReporter - Running feature from file:///C:/Users/RICO/IdeaProjects/CapstoneMobile/src/test/resources/features/Keluarga.feature
[main] INFO  - 
  _____   ___   ___   _____     ___   _____     _     ___   _____   ___   ___  
 |_   _| | __| / __| |_   _|   / __| |_   _|   /_\   | _ \ |_   _| | __| |   \ 
   | |   | _|  \__ \   | |     \__ \   | |    / _ \  |   /   | |   | _|  | |) |
   |_|   |___| |___/   |_|     |___/   |_|   /_/ \_\ |_|_\   |_|   |___| |___/ 

User want to check family member (TC_F2)(register;user-want-to-check-family-member-(tc-f2))
--------------------------------------------------------------------------------
]]></system-err>
  </testcase>
  <testcase name="On Home Screen User tap button humberger(User want to check family member " classname="On Home Screen User tap button humberger(User want to check family member (TC_F2))" time="0">
    <skipped/>
    <system-out><![CDATA[  &amp#27;[33mGiven &amp#27;[0m&amp#27;[33mUser login to the application with input nik "<nik>" and password "<password>"&amp#27;[0m &amp#27;[90m# null&amp#27;[0m
]]></system-out>
  </testcase>
  <testcase name="User tap menu &quot;Anggota Keluarga&quot;(User want to check family member " classname="User tap menu &quot;Anggota Keluarga&quot;(User want to check family member (TC_F2))" time="0">
    <skipped/>
    <system-out><![CDATA[  &amp#27;[36mWhen &amp#27;[0m&amp#27;[36mOn Home Screen User tap button humberger&amp#27;[0m                                        &amp#27;[90m# null&amp#27;[0m
]]></system-out>
  </testcase>
  <testcase name="user tap button &quot;Keluarga 1&quot;(User want to check family member " classname="user tap button &quot;Keluarga 1&quot;(User want to check family member (TC_F2))" time="0">
    <skipped/>
    <system-out><![CDATA[  &amp#27;[36mAnd &amp#27;[0m&amp#27;[36mUser tap menu "Anggota Keluarga"&amp#27;[0m                                                 &amp#27;[90m# null&amp#27;[0m
]]></system-out>
  </testcase>
  <testcase name="Display information about NIK and Nama Lengkap(User want to check family member " classname="Display information about NIK and Nama Lengkap(User want to check family member (TC_F2))" time="0">
    <skipped/>
    <system-out><![CDATA[  &amp#27;[36mAnd &amp#27;[0m&amp#27;[36muser tap button "Keluarga 1"&amp#27;[0m                                                     &amp#27;[90m# null&amp#27;[0m
]]></system-out>
  </testcase>
  <testcase name="User want to check family member " classname="TC_F2" time="0.008">
    <error message="The step &apos;User login to the application with input nik &quot;&lt;nik&gt;&quot; and password &quot;&lt;password&gt;&quot;&apos; and 4 other step(s) are undefined.&#10;You can implement these steps using the snippet(s) below:&#10;&#10;@Given(&quot;User login to the application with input nik {string} and password {string}&quot;)&#10;public void user_login_to_the_application_with_input_nik_and_password(String string, String string2) {&#10;    // Write code here that turns the phrase above into concrete actions&#10;    throw new io.cucumber.java.PendingException();&#10;}&#10;@When(&quot;On Home Screen User tap button humberger&quot;)&#10;public void on_home_screen_user_tap_button_humberger() {&#10;    // Write code here that turns the phrase above into concrete actions&#10;    throw new io.cucumber.java.PendingException();&#10;}&#10;@When(&quot;User tap menu {string}&quot;)&#10;public void user_tap_menu(String string) {&#10;    // Write code here that turns the phrase above into concrete actions&#10;    throw new io.cucumber.java.PendingException();&#10;}&#10;@When(&quot;user tap button {string}&quot;)&#10;public void user_tap_button(String string) {&#10;    // Write code here that turns the phrase above into concrete actions&#10;    throw new io.cucumber.java.PendingException();&#10;}&#10;@Then(&quot;Display information about NIK and Nama Lengkap&quot;)&#10;public void display_information_about_nik_and_nama_lengkap() {&#10;    // Write code here that turns the phrase above into concrete actions&#10;    throw new io.cucumber.java.PendingException();&#10;}&#10;" type="io.cucumber.junit.UndefinedStepException"><![CDATA[io.cucumber.junit.UndefinedStepException: 
The step 'User login to the application with input nik "<nik>" and password "<password>"' and 4 other step(s) are undefined.
You can implement these steps using the snippet(s) below:

@Given("User login to the application with input nik {string} and password {string}")
public void user_login_to_the_application_with_input_nik_and_password(String string, String string2) {
    // Write code here that turns the phrase above into concrete actions
    throw new io.cucumber.java.PendingException();
}
@When("On Home Screen User tap button humberger")
public void on_home_screen_user_tap_button_humberger() {
    // Write code here that turns the phrase above into concrete actions
    throw new io.cucumber.java.PendingException();
}
@When("User tap menu {string}")
public void user_tap_menu(String string) {
    // Write code here that turns the phrase above into concrete actions
    throw new io.cucumber.java.PendingException();
}
@When("user tap button {string}")
public void user_tap_button(String string) {
    // Write code here that turns the phrase above into concrete actions
    throw new io.cucumber.java.PendingException();
}
@Then("Display information about NIK and Nama Lengkap")
public void display_information_about_nik_and_nama_lengkap() {
    // Write code here that turns the phrase above into concrete actions
    throw new io.cucumber.java.PendingException();
}

]]></error>
    <system-out><![CDATA[  &amp#27;[36mThen &amp#27;[0m&amp#27;[36mDisplay information about NIK and Nama Lengkap&amp#27;[0m                                  &amp#27;[90m# null&amp#27;[0m
]]></system-out>
  </testcase>
  <testcase name="User login to the application with input nik &quot;&lt;nik&gt;&quot; and password &quot;&lt;password&gt;&quot;(User want to edit NIK Anggota Keluarga with invalid NIK " classname="User login to the application with input nik &quot;&lt;nik&gt;&quot; and password &quot;&lt;password&gt;&quot;(User want to edit NIK Anggota Keluarga with invalid NIK (TC_F5))" time="0.006">
    <error message="The step &apos;User login to the application with input nik &quot;&lt;nik&gt;&quot; and password &quot;&lt;password&gt;&quot;&apos; and 7 other step(s) are undefined.&#10;You can implement these steps using the snippet(s) below:&#10;&#10;@Given(&quot;User login to the application with input nik {string} and password {string}&quot;)&#10;public void user_login_to_the_application_with_input_nik_and_password(String string, String string2) {&#10;    // Write code here that turns the phrase above into concrete actions&#10;    throw new io.cucumber.java.PendingException();&#10;}&#10;@When(&quot;On Home Screen User tap button humberger&quot;)&#10;public void on_home_screen_user_tap_button_humberger() {&#10;    // Write code here that turns the phrase above into concrete actions&#10;    throw new io.cucumber.java.PendingException();&#10;}&#10;@When(&quot;User tap menu {string}&quot;)&#10;public void user_tap_menu(String string) {&#10;    // Write code here that turns the phrase above into concrete actions&#10;    throw new io.cucumber.java.PendingException();&#10;}&#10;@When(&quot;Tap List Keluarga {string}&quot;)&#10;public void tap_list_keluarga(String string) {&#10;    // Write code here that turns the phrase above into concrete actions&#10;    throw new io.cucumber.java.PendingException();&#10;}&#10;@When(&quot;Tap button ubah&quot;)&#10;public void tap_button_ubah() {&#10;    // Write code here that turns the phrase above into concrete actions&#10;    throw new io.cucumber.java.PendingException();&#10;}&#10;@When(&quot;Remove NIK until less than {int} digits&quot;)&#10;public void remove_nik_until_less_than_digits(Integer int1) {&#10;    // Write code here that turns the phrase above into concrete actions&#10;    throw new io.cucumber.java.PendingException();&#10;}&#10;@When(&quot;Tap button Simpan&quot;)&#10;public void tap_button_simpan() {&#10;    // Write code here that turns the phrase above into concrete actions&#10;    throw new io.cucumber.java.PendingException();&#10;}&#10;@Then(&quot;Show Message Error {string}&quot;)&#10;public void show_message_error(String string) {&#10;    // Write code here that turns the phrase above into concrete actions&#10;    throw new io.cucumber.java.PendingException();&#10;}&#10;" type="io.cucumber.junit.UndefinedStepException"><![CDATA[io.cucumber.junit.UndefinedStepException: 
The step 'User login to the application with input nik "<nik>" and password "<password>"' and 7 other step(s) are undefined.
You can implement these steps using the snippet(s) below:

@Given("User login to the application with input nik {string} and password {string}")
public void user_login_to_the_application_with_input_nik_and_password(String string, String string2) {
    // Write code here that turns the phrase above into concrete actions
    throw new io.cucumber.java.PendingException();
}
@When("On Home Screen User tap button humberger")
public void on_home_screen_user_tap_button_humberger() {
    // Write code here that turns the phrase above into concrete actions
    throw new io.cucumber.java.PendingException();
}
@When("User tap menu {string}")
public void user_tap_menu(String string) {
    // Write code here that turns the phrase above into concrete actions
    throw new io.cucumber.java.PendingException();
}
@When("Tap List Keluarga {string}")
public void tap_list_keluarga(String string) {
    // Write code here that turns the phrase above into concrete actions
    throw new io.cucumber.java.PendingException();
}
@When("Tap button ubah")
public void tap_button_ubah() {
    // Write code here that turns the phrase above into concrete actions
    throw new io.cucumber.java.PendingException();
}
@When("Remove NIK until less than {int} digits")
public void remove_nik_until_less_than_digits(Integer int1) {
    // Write code here that turns the phrase above into concrete actions
    throw new io.cucumber.java.PendingException();
}
@When("Tap button Simpan")
public void tap_button_simpan() {
    // Write code here that turns the phrase above into concrete actions
    throw new io.cucumber.java.PendingException();
}
@Then("Show Message Error {string}")
public void show_message_error(String string) {
    // Write code here that turns the phrase above into concrete actions
    throw new io.cucumber.java.PendingException();
}

]]></error>
    <system-out><![CDATA[
Scenario: User want to edit NIK Anggota Keluarga with invalid NIK (TC_F5)              &amp#27;[90m# src/test/resources/features/Keluarga.feature:39&amp#27;[0m
]]></system-out>
    <system-err><![CDATA[[main] INFO  - 
  _____   ___   ___   _____     ___   ___   _  _   ___    ___   _  _    ___ 
 |_   _| | __| / __| |_   _|   | _ \ | __| | \| | |   \  |_ _| | \| |  / __|
   | |   | _|  \__ \   | |     |  _/ | _|  | .` | | |) |  | |  | .` | | (_ |
   |_|   |___| |___/   |_|     |_|   |___| |_|\_| |___/  |___| |_|\_|  \___|

User want to check family member (TC_F2)
-----------------------------------------------------------------------------
[main] INFO io.cucumber.core.plugin.SerenityReporter - Running feature from file:///C:/Users/RICO/IdeaProjects/CapstoneMobile/src/test/resources/features/Keluarga.feature
[main] INFO  - 
  _____   ___   ___   _____     ___   _____     _     ___   _____   ___   ___  
 |_   _| | __| / __| |_   _|   / __| |_   _|   /_\   | _ \ |_   _| | __| |   \ 
   | |   | _|  \__ \   | |     \__ \   | |    / _ \  |   /   | |   | _|  | |) |
   |_|   |___| |___/   |_|     |___/   |_|   /_/ \_\ |_|_\   |_|   |___| |___/ 

User want to edit NIK Anggota Keluarga with invalid NIK (TC_F5)(register;user-want-to-edit-nik-anggota-keluarga-with-invalid-nik-(tc-f5))
--------------------------------------------------------------------------------
]]></system-err>
  </testcase>
  <testcase name="On Home Screen User tap button humberger(User want to edit NIK Anggota Keluarga with invalid NIK " classname="On Home Screen User tap button humberger(User want to edit NIK Anggota Keluarga with invalid NIK (TC_F5))" time="0">
    <skipped/>
    <system-out><![CDATA[  &amp#27;[33mGiven &amp#27;[0m&amp#27;[33mUser login to the application with input nik "<nik>" and password "<password>"&amp#27;[0m &amp#27;[90m# null&amp#27;[0m
]]></system-out>
  </testcase>
  <testcase name="User tap menu &quot;Anggota Keluarga&quot;(User want to edit NIK Anggota Keluarga with invalid NIK " classname="User tap menu &quot;Anggota Keluarga&quot;(User want to edit NIK Anggota Keluarga with invalid NIK (TC_F5))" time="0">
    <skipped/>
    <system-out><![CDATA[  &amp#27;[36mWhen &amp#27;[0m&amp#27;[36mOn Home Screen User tap button humberger&amp#27;[0m                                        &amp#27;[90m# null&amp#27;[0m
]]></system-out>
  </testcase>
  <testcase name="Tap List Keluarga &quot;2&quot;(User want to edit NIK Anggota Keluarga with invalid NIK " classname="Tap List Keluarga &quot;2&quot;(User want to edit NIK Anggota Keluarga with invalid NIK (TC_F5))" time="0">
    <skipped/>
    <system-out><![CDATA[  &amp#27;[36mAnd &amp#27;[0m&amp#27;[36mUser tap menu "Anggota Keluarga"&amp#27;[0m                                                 &amp#27;[90m# null&amp#27;[0m
]]></system-out>
  </testcase>
  <testcase name="Tap button ubah(User want to edit NIK Anggota Keluarga with invalid NIK " classname="Tap button ubah(User want to edit NIK Anggota Keluarga with invalid NIK (TC_F5))" time="0">
    <skipped/>
    <system-out><![CDATA[  &amp#27;[36mAnd &amp#27;[0m&amp#27;[36mTap List Keluarga "2"&amp#27;[0m                                                            &amp#27;[90m# null&amp#27;[0m
]]></system-out>
  </testcase>
  <testcase name="Remove NIK until less than 16 digits(User want to edit NIK Anggota Keluarga with invalid NIK " classname="Remove NIK until less than 16 digits(User want to edit NIK Anggota Keluarga with invalid NIK (TC_F5))" time="0">
    <skipped/>
    <system-out><![CDATA[  &amp#27;[36mAnd &amp#27;[0m&amp#27;[36mTap button ubah&amp#27;[0m                                                                  &amp#27;[90m# null&amp#27;[0m
]]></system-out>
  </testcase>
  <testcase name="Tap button Simpan(User want to edit NIK Anggota Keluarga with invalid NIK " classname="Tap button Simpan(User want to edit NIK Anggota Keluarga with invalid NIK (TC_F5))" time="0">
    <skipped/>
    <system-out><![CDATA[  &amp#27;[36mAnd &amp#27;[0m&amp#27;[36mRemove NIK until less than 16 digits&amp#27;[0m                                             &amp#27;[90m# null&amp#27;[0m
]]></system-out>
  </testcase>
  <testcase name="Show Message Error &quot;NIK Tidak boleh kurang dari 16&quot;(User want to edit NIK Anggota Keluarga with invalid NIK " classname="Show Message Error &quot;NIK Tidak boleh kurang dari 16&quot;(User want to edit NIK Anggota Keluarga with invalid NIK (TC_F5))" time="0">
    <skipped/>
    <system-out><![CDATA[  &amp#27;[36mAnd &amp#27;[0m&amp#27;[36mTap button Simpan&amp#27;[0m                                                                &amp#27;[90m# null&amp#27;[0m
]]></system-out>
  </testcase>
  <testcase name="User want to edit NIK Anggota Keluarga with invalid NIK " classname="TC_F5" time="0.008">
    <error message="The step &apos;User login to the application with input nik &quot;&lt;nik&gt;&quot; and password &quot;&lt;password&gt;&quot;&apos; and 7 other step(s) are undefined.&#10;You can implement these steps using the snippet(s) below:&#10;&#10;@Given(&quot;User login to the application with input nik {string} and password {string}&quot;)&#10;public void user_login_to_the_application_with_input_nik_and_password(String string, String string2) {&#10;    // Write code here that turns the phrase above into concrete actions&#10;    throw new io.cucumber.java.PendingException();&#10;}&#10;@When(&quot;On Home Screen User tap button humberger&quot;)&#10;public void on_home_screen_user_tap_button_humberger() {&#10;    // Write code here that turns the phrase above into concrete actions&#10;    throw new io.cucumber.java.PendingException();&#10;}&#10;@When(&quot;User tap menu {string}&quot;)&#10;public void user_tap_menu(String string) {&#10;    // Write code here that turns the phrase above into concrete actions&#10;    throw new io.cucumber.java.PendingException();&#10;}&#10;@When(&quot;Tap List Keluarga {string}&quot;)&#10;public void tap_list_keluarga(String string) {&#10;    // Write code here that turns the phrase above into concrete actions&#10;    throw new io.cucumber.java.PendingException();&#10;}&#10;@When(&quot;Tap button ubah&quot;)&#10;public void tap_button_ubah() {&#10;    // Write code here that turns the phrase above into concrete actions&#10;    throw new io.cucumber.java.PendingException();&#10;}&#10;@When(&quot;Remove NIK until less than {int} digits&quot;)&#10;public void remove_nik_until_less_than_digits(Integer int1) {&#10;    // Write code here that turns the phrase above into concrete actions&#10;    throw new io.cucumber.java.PendingException();&#10;}&#10;@When(&quot;Tap button Simpan&quot;)&#10;public void tap_button_simpan() {&#10;    // Write code here that turns the phrase above into concrete actions&#10;    throw new io.cucumber.java.PendingException();&#10;}&#10;@Then(&quot;Show Message Error {string}&quot;)&#10;public void show_message_error(String string) {&#10;    // Write code here that turns the phrase above into concrete actions&#10;    throw new io.cucumber.java.PendingException();&#10;}&#10;" type="io.cucumber.junit.UndefinedStepException"><![CDATA[io.cucumber.junit.UndefinedStepException: 
The step 'User login to the application with input nik "<nik>" and password "<password>"' and 7 other step(s) are undefined.
You can implement these steps using the snippet(s) below:

@Given("User login to the application with input nik {string} and password {string}")
public void user_login_to_the_application_with_input_nik_and_password(String string, String string2) {
    // Write code here that turns the phrase above into concrete actions
    throw new io.cucumber.java.PendingException();
}
@When("On Home Screen User tap button humberger")
public void on_home_screen_user_tap_button_humberger() {
    // Write code here that turns the phrase above into concrete actions
    throw new io.cucumber.java.PendingException();
}
@When("User tap menu {string}")
public void user_tap_menu(String string) {
    // Write code here that turns the phrase above into concrete actions
    throw new io.cucumber.java.PendingException();
}
@When("Tap List Keluarga {string}")
public void tap_list_keluarga(String string) {
    // Write code here that turns the phrase above into concrete actions
    throw new io.cucumber.java.PendingException();
}
@When("Tap button ubah")
public void tap_button_ubah() {
    // Write code here that turns the phrase above into concrete actions
    throw new io.cucumber.java.PendingException();
}
@When("Remove NIK until less than {int} digits")
public void remove_nik_until_less_than_digits(Integer int1) {
    // Write code here that turns the phrase above into concrete actions
    throw new io.cucumber.java.PendingException();
}
@When("Tap button Simpan")
public void tap_button_simpan() {
    // Write code here that turns the phrase above into concrete actions
    throw new io.cucumber.java.PendingException();
}
@Then("Show Message Error {string}")
public void show_message_error(String string) {
    // Write code here that turns the phrase above into concrete actions
    throw new io.cucumber.java.PendingException();
}

]]></error>
    <system-out><![CDATA[  &amp#27;[36mThen &amp#27;[0m&amp#27;[36mShow Message Error "NIK Tidak boleh kurang dari 16"&amp#27;[0m                             &amp#27;[90m# null&amp#27;[0m
]]></system-out>
  </testcase>
  <testcase name="User login to the application with input nik &quot;&lt;nik&gt;&quot; and password &quot;&lt;password&gt;&quot;(User want to delete family member " classname="User login to the application with input nik &quot;&lt;nik&gt;&quot; and password &quot;&lt;password&gt;&quot;(User want to delete family member (TC_F6))" time="0.005">
    <error message="The step &apos;User login to the application with input nik &quot;&lt;nik&gt;&quot; and password &quot;&lt;password&gt;&quot;&apos; and 6 other step(s) are undefined.&#10;You can implement these steps using the snippet(s) below:&#10;&#10;@Given(&quot;User login to the application with input nik {string} and password {string}&quot;)&#10;public void user_login_to_the_application_with_input_nik_and_password(String string, String string2) {&#10;    // Write code here that turns the phrase above into concrete actions&#10;    throw new io.cucumber.java.PendingException();&#10;}&#10;@When(&quot;On Home Screen User tap button humberger&quot;)&#10;public void on_home_screen_user_tap_button_humberger() {&#10;    // Write code here that turns the phrase above into concrete actions&#10;    throw new io.cucumber.java.PendingException();&#10;}&#10;@When(&quot;User tap menu {string}&quot;)&#10;public void user_tap_menu(String string) {&#10;    // Write code here that turns the phrase above into concrete actions&#10;    throw new io.cucumber.java.PendingException();&#10;}&#10;@When(&quot;Tap List keluarga {int}&quot;)&#10;public void tap_list_keluarga(Integer int1) {&#10;    // Write code here that turns the phrase above into concrete actions&#10;    throw new io.cucumber.java.PendingException();&#10;}&#10;@When(&quot;Tap button Hapus&quot;)&#10;public void tap_button_hapus() {&#10;    // Write code here that turns the phrase above into concrete actions&#10;    throw new io.cucumber.java.PendingException();&#10;}&#10;@When(&quot;Tap Konfirmasi&quot;)&#10;public void tap_konfirmasi() {&#10;    // Write code here that turns the phrase above into concrete actions&#10;    throw new io.cucumber.java.PendingException();&#10;}&#10;@Then(&quot;Data Keluarga deleted&quot;)&#10;public void data_keluarga_deleted() {&#10;    // Write code here that turns the phrase above into concrete actions&#10;    throw new io.cucumber.java.PendingException();&#10;}&#10;" type="io.cucumber.junit.UndefinedStepException"><![CDATA[io.cucumber.junit.UndefinedStepException: 
The step 'User login to the application with input nik "<nik>" and password "<password>"' and 6 other step(s) are undefined.
You can implement these steps using the snippet(s) below:

@Given("User login to the application with input nik {string} and password {string}")
public void user_login_to_the_application_with_input_nik_and_password(String string, String string2) {
    // Write code here that turns the phrase above into concrete actions
    throw new io.cucumber.java.PendingException();
}
@When("On Home Screen User tap button humberger")
public void on_home_screen_user_tap_button_humberger() {
    // Write code here that turns the phrase above into concrete actions
    throw new io.cucumber.java.PendingException();
}
@When("User tap menu {string}")
public void user_tap_menu(String string) {
    // Write code here that turns the phrase above into concrete actions
    throw new io.cucumber.java.PendingException();
}
@When("Tap List keluarga {int}")
public void tap_list_keluarga(Integer int1) {
    // Write code here that turns the phrase above into concrete actions
    throw new io.cucumber.java.PendingException();
}
@When("Tap button Hapus")
public void tap_button_hapus() {
    // Write code here that turns the phrase above into concrete actions
    throw new io.cucumber.java.PendingException();
}
@When("Tap Konfirmasi")
public void tap_konfirmasi() {
    // Write code here that turns the phrase above into concrete actions
    throw new io.cucumber.java.PendingException();
}
@Then("Data Keluarga deleted")
public void data_keluarga_deleted() {
    // Write code here that turns the phrase above into concrete actions
    throw new io.cucumber.java.PendingException();
}

]]></error>
    <system-out><![CDATA[
Scenario: User want to delete family member (TC_F6)                                    &amp#27;[90m# src/test/resources/features/Keluarga.feature:46&amp#27;[0m
]]></system-out>
    <system-err><![CDATA[[main] INFO  - 
  _____   ___   ___   _____     ___   ___   _  _   ___    ___   _  _    ___ 
 |_   _| | __| / __| |_   _|   | _ \ | __| | \| | |   \  |_ _| | \| |  / __|
   | |   | _|  \__ \   | |     |  _/ | _|  | .` | | |) |  | |  | .` | | (_ |
   |_|   |___| |___/   |_|     |_|   |___| |_|\_| |___/  |___| |_|\_|  \___|

User want to edit NIK Anggota Keluarga with invalid NIK (TC_F5)
-----------------------------------------------------------------------------
[main] INFO io.cucumber.core.plugin.SerenityReporter - Running feature from file:///C:/Users/RICO/IdeaProjects/CapstoneMobile/src/test/resources/features/Keluarga.feature
[main] INFO  - 
  _____   ___   ___   _____     ___   _____     _     ___   _____   ___   ___  
 |_   _| | __| / __| |_   _|   / __| |_   _|   /_\   | _ \ |_   _| | __| |   \ 
   | |   | _|  \__ \   | |     \__ \   | |    / _ \  |   /   | |   | _|  | |) |
   |_|   |___| |___/   |_|     |___/   |_|   /_/ \_\ |_|_\   |_|   |___| |___/ 

User want to delete family member (TC_F6)(register;user-want-to-delete-family-member-(tc-f6))
--------------------------------------------------------------------------------
]]></system-err>
  </testcase>
  <testcase name="On Home Screen User tap button humberger(User want to delete family member " classname="On Home Screen User tap button humberger(User want to delete family member (TC_F6))" time="0">
    <skipped/>
    <system-out><![CDATA[  &amp#27;[33mGiven &amp#27;[0m&amp#27;[33mUser login to the application with input nik "<nik>" and password "<password>"&amp#27;[0m &amp#27;[90m# null&amp#27;[0m
]]></system-out>
  </testcase>
  <testcase name="User tap menu &quot;Anggota Keluarga&quot;(User want to delete family member " classname="User tap menu &quot;Anggota Keluarga&quot;(User want to delete family member (TC_F6))" time="0">
    <skipped/>
    <system-out><![CDATA[  &amp#27;[36mWhen &amp#27;[0m&amp#27;[36mOn Home Screen User tap button humberger&amp#27;[0m                                        &amp#27;[90m# null&amp#27;[0m
]]></system-out>
  </testcase>
  <testcase name="Tap List keluarga 2(User want to delete family member " classname="Tap List keluarga 2(User want to delete family member (TC_F6))" time="0">
    <skipped/>
    <system-out><![CDATA[  &amp#27;[36mAnd &amp#27;[0m&amp#27;[36mUser tap menu "Anggota Keluarga"&amp#27;[0m                                                 &amp#27;[90m# null&amp#27;[0m
]]></system-out>
  </testcase>
  <testcase name="Tap button Hapus(User want to delete family member " classname="Tap button Hapus(User want to delete family member (TC_F6))" time="0">
    <skipped/>
    <system-out><![CDATA[  &amp#27;[36mAnd &amp#27;[0m&amp#27;[36mTap List keluarga 2&amp#27;[0m                                                              &amp#27;[90m# null&amp#27;[0m
]]></system-out>
  </testcase>
  <testcase name="Tap Konfirmasi(User want to delete family member " classname="Tap Konfirmasi(User want to delete family member (TC_F6))" time="0">
    <skipped/>
    <system-out><![CDATA[  &amp#27;[36mAnd &amp#27;[0m&amp#27;[36mTap button Hapus&amp#27;[0m                                                                 &amp#27;[90m# null&amp#27;[0m
]]></system-out>
  </testcase>
  <testcase name="Data Keluarga deleted(User want to delete family member " classname="Data Keluarga deleted(User want to delete family member (TC_F6))" time="0">
    <skipped/>
    <system-out><![CDATA[  &amp#27;[36mAnd &amp#27;[0m&amp#27;[36mTap Konfirmasi&amp#27;[0m                                                                   &amp#27;[90m# null&amp#27;[0m
]]></system-out>
  </testcase>
  <testcase name="User want to delete family member " classname="TC_F6" time="0.007">
    <error message="The step &apos;User login to the application with input nik &quot;&lt;nik&gt;&quot; and password &quot;&lt;password&gt;&quot;&apos; and 6 other step(s) are undefined.&#10;You can implement these steps using the snippet(s) below:&#10;&#10;@Given(&quot;User login to the application with input nik {string} and password {string}&quot;)&#10;public void user_login_to_the_application_with_input_nik_and_password(String string, String string2) {&#10;    // Write code here that turns the phrase above into concrete actions&#10;    throw new io.cucumber.java.PendingException();&#10;}&#10;@When(&quot;On Home Screen User tap button humberger&quot;)&#10;public void on_home_screen_user_tap_button_humberger() {&#10;    // Write code here that turns the phrase above into concrete actions&#10;    throw new io.cucumber.java.PendingException();&#10;}&#10;@When(&quot;User tap menu {string}&quot;)&#10;public void user_tap_menu(String string) {&#10;    // Write code here that turns the phrase above into concrete actions&#10;    throw new io.cucumber.java.PendingException();&#10;}&#10;@When(&quot;Tap List keluarga {int}&quot;)&#10;public void tap_list_keluarga(Integer int1) {&#10;    // Write code here that turns the phrase above into concrete actions&#10;    throw new io.cucumber.java.PendingException();&#10;}&#10;@When(&quot;Tap button Hapus&quot;)&#10;public void tap_button_hapus() {&#10;    // Write code here that turns the phrase above into concrete actions&#10;    throw new io.cucumber.java.PendingException();&#10;}&#10;@When(&quot;Tap Konfirmasi&quot;)&#10;public void tap_konfirmasi() {&#10;    // Write code here that turns the phrase above into concrete actions&#10;    throw new io.cucumber.java.PendingException();&#10;}&#10;@Then(&quot;Data Keluarga deleted&quot;)&#10;public void data_keluarga_deleted() {&#10;    // Write code here that turns the phrase above into concrete actions&#10;    throw new io.cucumber.java.PendingException();&#10;}&#10;" type="io.cucumber.junit.UndefinedStepException"><![CDATA[io.cucumber.junit.UndefinedStepException: 
The step 'User login to the application with input nik "<nik>" and password "<password>"' and 6 other step(s) are undefined.
You can implement these steps using the snippet(s) below:

@Given("User login to the application with input nik {string} and password {string}")
public void user_login_to_the_application_with_input_nik_and_password(String string, String string2) {
    // Write code here that turns the phrase above into concrete actions
    throw new io.cucumber.java.PendingException();
}
@When("On Home Screen User tap button humberger")
public void on_home_screen_user_tap_button_humberger() {
    // Write code here that turns the phrase above into concrete actions
    throw new io.cucumber.java.PendingException();
}
@When("User tap menu {string}")
public void user_tap_menu(String string) {
    // Write code here that turns the phrase above into concrete actions
    throw new io.cucumber.java.PendingException();
}
@When("Tap List keluarga {int}")
public void tap_list_keluarga(Integer int1) {
    // Write code here that turns the phrase above into concrete actions
    throw new io.cucumber.java.PendingException();
}
@When("Tap button Hapus")
public void tap_button_hapus() {
    // Write code here that turns the phrase above into concrete actions
    throw new io.cucumber.java.PendingException();
}
@When("Tap Konfirmasi")
public void tap_konfirmasi() {
    // Write code here that turns the phrase above into concrete actions
    throw new io.cucumber.java.PendingException();
}
@Then("Data Keluarga deleted")
public void data_keluarga_deleted() {
    // Write code here that turns the phrase above into concrete actions
    throw new io.cucumber.java.PendingException();
}

]]></error>
    <system-out><![CDATA[  &amp#27;[36mThen &amp#27;[0m&amp#27;[36mData Keluarga deleted&amp#27;[0m                                                           &amp#27;[90m# null&amp#27;[0m
]]></system-out>
  </testcase>
  <testcase name="User on Login Screen(Verify if the user can&apos;t login with invalid NIK " classname="User on Login Screen(Verify if the user can&apos;t login with invalid NIK (TC_L1))" time="32.117"/>
  <testcase name="User input invalid NIK &quot;0000000000000016&quot;(Verify if the user can&apos;t login with invalid NIK " classname="User input invalid NIK &quot;0000000000000016&quot;(Verify if the user can&apos;t login with invalid NIK (TC_L1))" time="16.526"/>
  <testcase name="User input valid Password &quot;Password123&quot;(Verify if the user can&apos;t login with invalid NIK " classname="User input valid Password &quot;Password123&quot;(Verify if the user can&apos;t login with invalid NIK (TC_L1))" time="15.847"/>
  <testcase name="User tap (Masuk) button(Verify if the user can&apos;t login with invalid NIK " classname="User tap (Masuk) button(Verify if the user can&apos;t login with invalid NIK (TC_L1))" time="0.659"/>
  <testcase name="Show message error &quot;NIK Atau Password Salah&quot;(Verify if the user can&apos;t login with invalid NIK " classname="Show message error &quot;NIK Atau Password Salah&quot;(Verify if the user can&apos;t login with invalid NIK (TC_L1))" time="3.179">
    <failure message="expected:&lt;NIK Atau Password Salah&gt; but was:&lt;true&gt;" type="java.lang.AssertionError"><![CDATA[java.lang.AssertionError: expected:<NIK Atau Password Salah> but was:<true>
]]></failure>
    <system-out><![CDATA[  &amp#27;[32mAnd &amp#27;[0m&amp#27;[32mUser tap (Masuk) button&amp#27;[0m                                     &amp#27;[90m# test.automation.stepdefinitions.LoginStep.userTapMasukButton()&amp#27;[0m
]]></system-out>
  </testcase>
  <testcase name="Verify if the user can&apos;t login with invalid NIK " classname="TC_L1" time="3.195">
    <failure message="expected:&lt;NIK Atau Password Salah&gt; but was:&lt;true&gt;" type="java.lang.AssertionError"><![CDATA[java.lang.AssertionError: expected:<NIK Atau Password Salah> but was:<true>
]]></failure>
    <system-out><![CDATA[  &amp#27;[31mThen &amp#27;[0m&amp#27;[31mShow message error &amp#27;[0m&amp#27;[31m&amp#27;[1m"NIK Atau Password Salah"&amp#27;[0m               &amp#27;[90m# test.automation.stepdefinitions.LoginStep.showAlertError(java.lang.String)&amp#27;[0m
      &amp#27;[31mjava.lang.AssertionError: expected:<NIK Atau Password Salah> but was:<true>
	at org.junit.Assert.fail(Assert.java:89)
	at org.junit.Assert.failNotEquals(Assert.java:835)
	at org.junit.Assert.assertEquals(Assert.java:120)
	at org.junit.Assert.assertEquals(Assert.java:146)
	at test.automation.stepdefinitions.LoginStep.showAlertError(LoginStep.java:46)
	at âœ½.Show message error "NIK Atau Password Salah"(file:///C:/Users/RICO/IdeaProjects/CapstoneMobile/src/test/resources/features/Login.feature:12)
&amp#27;[0m
]]></system-out>
  </testcase>
  <testcase name="User on Login Screen(Verify if the user can&apos;t login with invalid Password " classname="User on Login Screen(Verify if the user can&apos;t login with invalid Password (TC_L2))" time="31.147"/>
  <testcase name="User input valid NIK &quot;6161616164949494&quot;(Verify if the user can&apos;t login with invalid Password " classname="User input valid NIK &quot;6161616164949494&quot;(Verify if the user can&apos;t login with invalid Password (TC_L2))" time="16.732"/>
  <testcase name="User input invalid Password &quot;passwordinvalid&quot;(Verify if the user can&apos;t login with invalid Password " classname="User input invalid Password &quot;passwordinvalid&quot;(Verify if the user can&apos;t login with invalid Password (TC_L2))" time="45.604">
    <error message="Expected condition failed: waiting for element to be clickable: By.xpath: /hierarchy/android.widget.FrameLayout/android.widget.LinearLayout/android.widget.FrameLayout/android.widget.FrameLayout/android.view.View/android.view.View/android.view.View/android.view.View/android.view.View/android.widget.EditText[2] (tried for 20 second(s) with 500 milliseconds interval)" type="org.openqa.selenium.TimeoutException">org.openqa.selenium.TimeoutException: Expected condition failed: waiting for element to be clickable: By.xpath: /hierarchy/android.widget.FrameLayout/android.widget.LinearLayout/android.widget.FrameLayout/android.widget.FrameLayout/android.view.View/android.view.View/android.view.View/android.view.View/android.view.View/android.widget.EditText[2] (tried for 20 second(s) with 500 milliseconds interval)
Caused by: org.openqa.selenium.NoSuchElementException: 
An element could not be located on the page using the given search parameters.
For documentation on this error, please visit: https://www.seleniumhq.org/exceptions/no_such_element.html
Build info: version: '3.141.59', revision: 'e82be7d358', time: '2018-11-14T08:17:03'
System info: host: 'RIKOSAHETAPI', ip: '192.168.0.15', os.name: 'Windows 10', os.arch: 'amd64', os.version: '10.0', java.version: '11.0.2'
Driver info: io.appium.java_client.android.AndroidDriver
Capabilities {app: C:\Users\RICO\IdeaProjects\..., appPackage: com.example.bookingvaccine, automationName: UiAutomator2, databaseEnabled: false, desired: {app: C:\Users\RICO\IdeaProjects\..., automationName: UiAutomator2, noReset: true, platformName: android, platformVersion: 12}, deviceApiLevel: 31, deviceManufacturer: Google, deviceModel: sdk_gphone64_x86_64, deviceName: emulator-5554, deviceScreenDensity: 440, deviceScreenSize: 1080x2280, deviceUDID: emulator-5554, javascriptEnabled: true, locationContextEnabled: false, networkConnectionEnabled: true, noReset: true, pixelRatio: 2.75, platform: LINUX, platformName: Android, platformVersion: 12, statBarHeight: 83, takesScreenshot: true, viewportRect: {height: 2065, left: 0, top: 83, width: 1080}, warnings: {}, webStorageEnabled: false}
Session ID: 026eb0f4-2ccb-4f6e-9417-178d85f98c5d
*** Element info: {Using=xpath, value=/hierarchy/android.widget.FrameLayout/android.widget.LinearLayout/android.widget.FrameLayout/android.widget.FrameLayout/android.view.View/android.view.View/android.view.View/android.view.View/android.view.View/android.widget.EditText[2]}
</error>
    <system-out><![CDATA[  &amp#27;[32mWhen &amp#27;[0m&amp#27;[32mUser input valid NIK &amp#27;[0m&amp#27;[32m&amp#27;[1m"6161616164949494"&amp#27;[0m                                 &amp#27;[90m# test.automation.stepdefinitions.LoginStep.userInputValidNIK(java.lang.String)&amp#27;[0m
]]></system-out>
  </testcase>
  <testcase name="User tap button Masuk(Verify if the user can&apos;t login with invalid Password " classname="User tap button Masuk(Verify if the user can&apos;t login with invalid Password (TC_L2))" time="0">
    <skipped/>
    <system-out><![CDATA[  &amp#27;[31mAnd &amp#27;[0m&amp#27;[31mUser input invalid Password &amp#27;[0m&amp#27;[31m&amp#27;[1m"passwordinvalid"&amp#27;[0m                            &amp#27;[90m# test.automation.stepdefinitions.LoginStep.userInputInvalidPassword(java.lang.String)&amp#27;[0m
      &amp#27;[31morg.openqa.selenium.TimeoutException: Expected condition failed: waiting for element to be clickable: By.xpath: /hierarchy/android.widget.FrameLayout/android.widget.LinearLayout/android.widget.FrameLayout/android.widget.FrameLayout/android.view.View/android.view.View/android.view.View/android.view.View/android.view.View/android.widget.EditText[2] (tried for 20 second(s) with 500 milliseconds interval)
	at org.openqa.selenium.support.ui.WebDriverWait.timeoutException(WebDriverWait.java:95)
	at org.openqa.selenium.support.ui.FluentWait.until(FluentWait.java:272)
	at test.automation.pageobject.BasePageObject.waitUntilClickable(BasePageObject.java:29)
	at test.automation.pages.LoginPage$ByteBuddy$koz9TWwr.waitUntilClickable$accessor$NQmjXeJP(Unknown Source)
	at java.base/jdk.internal.reflect.NativeMethodAccessorImpl.invoke0(Native Method)
	at java.base/jdk.internal.reflect.NativeMethodAccessorImpl.invoke(NativeMethodAccessorImpl.java:62)
	at java.base/jdk.internal.reflect.DelegatingMethodAccessorImpl.invoke(DelegatingMethodAccessorImpl.java:43)
	at java.base/java.lang.reflect.Method.invoke(Method.java:566)
	at net.thucydides.core.steps.BaseMethodRunner.invokeMethod(BaseMethodRunner.java:18)
	at net.thucydides.core.steps.NormalMethodRunner.invokeMethodAndNotifyFailures(NormalMethodRunner.java:18)
	at net.thucydides.core.steps.StepInterceptor.runNormalMethod(StepInterceptor.java:407)
	at net.thucydides.core.steps.StepInterceptor.testStepResult(StepInterceptor.java:192)
	at net.thucydides.core.steps.StepInterceptor.intercept(StepInterceptor.java:85)
	at net.thucydides.core.steps.ProxyConfiguration$InterceptorDispatcher.intercept(ProxyConfiguration.java:51)
	at test.automation.pages.LoginPage$ByteBuddy$koz9TWwr.waitUntilClickable(Unknown Source)
	at test.automation.pageobject.BasePageObject.onClick(BasePageObject.java:49)
	at test.automation.pages.LoginPage$ByteBuddy$koz9TWwr.onClick$accessor$NQmjXeJP(Unknown Source)
	at java.base/jdk.internal.reflect.NativeMethodAccessorImpl.invoke0(Native Method)
	at java.base/jdk.internal.reflect.NativeMethodAccessorImpl.invoke(NativeMethodAccessorImpl.java:62)
	at java.base/jdk.internal.reflect.DelegatingMethodAccessorImpl.invoke(DelegatingMethodAccessorImpl.java:43)
	at java.base/java.lang.reflect.Method.invoke(Method.java:566)
	at net.thucydides.core.steps.BaseMethodRunner.invokeMethod(BaseMethodRunner.java:18)
	at net.thucydides.core.steps.NormalMethodRunner.invokeMethodAndNotifyFailures(NormalMethodRunner.java:18)
	at net.thucydides.core.steps.StepInterceptor.runNormalMethod(StepInterceptor.java:407)
	at net.thucydides.core.steps.StepInterceptor.testStepResult(StepInterceptor.java:192)
	at net.thucydides.core.steps.StepInterceptor.intercept(StepInterceptor.java:85)
	at net.thucydides.core.steps.ProxyConfiguration$InterceptorDispatcher.intercept(ProxyConfiguration.java:51)
	at test.automation.pages.LoginPage$ByteBuddy$koz9TWwr.onClick(Unknown Source)
	at test.automation.pages.LoginPage.inputFieldPassword(LoginPage.java:66)
	at test.automation.pages.LoginPage$ByteBuddy$koz9TWwr.inputFieldPassword$accessor$NQmjXeJP(Unknown Source)
	at java.base/jdk.internal.reflect.NativeMethodAccessorImpl.invoke0(Native Method)
	at java.base/jdk.internal.reflect.NativeMethodAccessorImpl.invoke(NativeMethodAccessorImpl.java:62)
	at java.base/jdk.internal.reflect.DelegatingMethodAccessorImpl.invoke(DelegatingMethodAccessorImpl.java:43)
	at java.base/java.lang.reflect.Method.invoke(Method.java:566)
	at net.thucydides.core.steps.StepInterceptor.invokeMethod(StepInterceptor.java:504)
	at net.thucydides.core.steps.StepInterceptor.executeTestStepMethod(StepInterceptor.java:484)
	at net.thucydides.core.steps.StepInterceptor.runTestStep(StepInterceptor.java:458)
	at net.thucydides.core.steps.StepInterceptor.runOrSkipMethod(StepInterceptor.java:210)
	at net.thucydides.core.steps.StepInterceptor.testStepResult(StepInterceptor.java:197)
	at net.thucydides.core.steps.StepInterceptor.intercept(StepInterceptor.java:85)
	at net.thucydides.core.steps.ProxyConfiguration$InterceptorDispatcher.intercept(ProxyConfiguration.java:51)
	at test.automation.pages.LoginPage$ByteBuddy$koz9TWwr.inputFieldPassword(Unknown Source)
	at test.automation.stepdefinitions.LoginStep.userInputInvalidPassword(LoginStep.java:57)
	at âœ½.User input invalid Password "passwordinvalid"(file:///C:/Users/RICO/IdeaProjects/CapstoneMobile/src/test/resources/features/Login.feature:16)
Caused by: org.openqa.selenium.NoSuchElementException: An element could not be located on the page using the given search parameters.
For documentation on this error, please visit: https://www.seleniumhq.org/exceptions/no_such_element.html
Build info: version: '3.141.59', revision: 'e82be7d358', time: '2018-11-14T08:17:03'
System info: host: 'RIKOSAHETAPI', ip: '192.168.0.15', os.name: 'Windows 10', os.arch: 'amd64', os.version: '10.0', java.version: '11.0.2'
Driver info: io.appium.java_client.android.AndroidDriver
Capabilities {app: C:\Users\RICO\IdeaProjects\..., appPackage: com.example.bookingvaccine, automationName: UiAutomator2, databaseEnabled: false, desired: {app: C:\Users\RICO\IdeaProjects\..., automationName: UiAutomator2, noReset: true, platformName: android, platformVersion: 12}, deviceApiLevel: 31, deviceManufacturer: Google, deviceModel: sdk_gphone64_x86_64, deviceName: emulator-5554, deviceScreenDensity: 440, deviceScreenSize: 1080x2280, deviceUDID: emulator-5554, javascriptEnabled: true, locationContextEnabled: false, networkConnectionEnabled: true, noReset: true, pixelRatio: 2.75, platform: LINUX, platformName: Android, platformVersion: 12, statBarHeight: 83, takesScreenshot: true, viewportRect: {height: 2065, left: 0, top: 83, width: 1080}, warnings: {}, webStorageEnabled: false}
Session ID: 026eb0f4-2ccb-4f6e-9417-178d85f98c5d
*** Element info: {Using=xpath, value=/hierarchy/android.widget.FrameLayout/android.widget.LinearLayout/android.widget.FrameLayout/android.widget.FrameLayout/android.view.View/android.view.View/android.view.View/android.view.View/android.view.View/android.widget.EditText[2]}
	at java.base/jdk.internal.reflect.NativeConstructorAccessorImpl.newInstance0(Native Method)
	at java.base/jdk.internal.reflect.NativeConstructorAccessorImpl.newInstance(NativeConstructorAccessorImpl.java:62)
	at java.base/jdk.internal.reflect.DelegatingConstructorAccessorImpl.newInstance(DelegatingConstructorAccessorImpl.java:45)
	at java.base/java.lang.reflect.Constructor.newInstance(Constructor.java:490)
	at org.openqa.selenium.remote.http.W3CHttpResponseCodec.createException(W3CHttpResponseCodec.java:187)
	at org.openqa.selenium.remote.http.W3CHttpResponseCodec.decode(W3CHttpResponseCodec.java:122)
	at org.openqa.selenium.remote.http.W3CHttpResponseCodec.decode(W3CHttpResponseCodec.java:49)
	at org.openqa.selenium.remote.HttpCommandExecutor.execute(HttpCommandExecutor.java:158)
	at io.appium.java_client.remote.AppiumCommandExecutor.execute(AppiumCommandExecutor.java:250)
	at org.openqa.selenium.remote.RemoteWebDriver.execute(RemoteWebDriver.java:552)
	at io.appium.java_client.DefaultGenericMobileDriver.execute(DefaultGenericMobileDriver.java:41)
	at io.appium.java_client.AppiumDriver.execute(AppiumDriver.java:1)
	at io.appium.java_client.android.AndroidDriver.execute(AndroidDriver.java:1)
	at org.openqa.selenium.remote.RemoteWebDriver.findElement(RemoteWebDriver.java:323)
	at io.appium.java_client.DefaultGenericMobileDriver.findElement(DefaultGenericMobileDriver.java:61)
	at io.appium.java_client.AppiumDriver.findElement(AppiumDriver.java:1)
	at io.appium.java_client.android.AndroidDriver.findElement(AndroidDriver.java:1)
	at org.openqa.selenium.remote.RemoteWebDriver.findElementByXPath(RemoteWebDriver.java:428)
	at io.appium.java_client.DefaultGenericMobileDriver.findElementByXPath(DefaultGenericMobileDriver.java:151)
	at io.appium.java_client.AppiumDriver.findElementByXPath(AppiumDriver.java:1)
	at io.appium.java_client.android.AndroidDriver.findElementByXPath(AndroidDriver.java:1)
	at org.openqa.selenium.By$ByXPath.findElement(By.java:353)
	at org.openqa.selenium.remote.RemoteWebDriver.findElement(RemoteWebDriver.java:315)
	at io.appium.java_client.DefaultGenericMobileDriver.findElement(DefaultGenericMobileDriver.java:57)
	at io.appium.java_client.AppiumDriver.findElement(AppiumDriver.java:1)
	at io.appium.java_client.android.AndroidDriver.findElement(AndroidDriver.java:1)
	at org.openqa.selenium.support.ui.ExpectedConditions$7.apply(ExpectedConditions.java:205)
	at org.openqa.selenium.support.ui.ExpectedConditions$7.apply(ExpectedConditions.java:201)
	at org.openqa.selenium.support.ui.ExpectedConditions$22.apply(ExpectedConditions.java:641)
	at org.openqa.selenium.support.ui.ExpectedConditions$22.apply(ExpectedConditions.java:638)
	at org.openqa.selenium.support.ui.FluentWait.until(FluentWait.java:249)
	at test.automation.pageobject.BasePageObject.waitUntilClickable(BasePageObject.java:29)
	at test.automation.pages.LoginPage$ByteBuddy$koz9TWwr.waitUntilClickable$accessor$NQmjXeJP(Unknown Source)
	at java.base/jdk.internal.reflect.NativeMethodAccessorImpl.invoke0(Native Method)
	at java.base/jdk.internal.reflect.NativeMethodAccessorImpl.invoke(NativeMethodAccessorImpl.java:62)
	at java.base/jdk.internal.reflect.DelegatingMethodAccessorImpl.invoke(DelegatingMethodAccessorImpl.java:43)
	at java.base/java.lang.reflect.Method.invoke(Method.java:566)
	at net.thucydides.core.steps.BaseMethodRunner.invokeMethod(BaseMethodRunner.java:18)
	at net.thucydides.core.steps.NormalMethodRunner.invokeMethodAndNotifyFailures(NormalMethodRunner.java:18)
	at net.thucydides.core.steps.StepInterceptor.runNormalMethod(StepInterceptor.java:407)
	at net.thucydides.core.steps.StepInterceptor.testStepResult(StepInterceptor.java:192)
	at net.thucydides.core.steps.StepInterceptor.intercept(StepInterceptor.java:85)
	at net.thucydides.core.steps.ProxyConfiguration$InterceptorDispatcher.intercept(ProxyConfiguration.java:51)
	at test.automation.pages.LoginPage$ByteBuddy$koz9TWwr.waitUntilClickable(Unknown Source)
	at test.automation.pageobject.BasePageObject.onClick(BasePageObject.java:49)
	at test.automation.pages.LoginPage$ByteBuddy$koz9TWwr.onClick$accessor$NQmjXeJP(Unknown Source)
	at java.base/jdk.internal.reflect.NativeMethodAccessorImpl.invoke0(Native Method)
	at java.base/jdk.internal.reflect.NativeMethodAccessorImpl.invoke(NativeMethodAccessorImpl.java:62)
	at java.base/jdk.internal.reflect.DelegatingMethodAccessorImpl.invoke(DelegatingMethodAccessorImpl.java:43)
	at java.base/java.lang.reflect.Method.invoke(Method.java:566)
	at net.thucydides.core.steps.BaseMethodRunner.invokeMethod(BaseMethodRunner.java:18)
	at net.thucydides.core.steps.NormalMethodRunner.invokeMethodAndNotifyFailures(NormalMethodRunner.java:18)
	at net.thucydides.core.steps.StepInterceptor.runNormalMethod(StepInterceptor.java:407)
	at net.thucydides.core.steps.StepInterceptor.testStepResult(StepInterceptor.java:192)
	at net.thucydides.core.steps.StepInterceptor.intercept(StepInterceptor.java:85)
	at net.thucydides.core.steps.ProxyConfiguration$InterceptorDispatcher.intercept(ProxyConfiguration.java:51)
	at test.automation.pages.LoginPage$ByteBuddy$koz9TWwr.onClick(Unknown Source)
	at test.automation.pages.LoginPage.inputFieldPassword(LoginPage.java:66)
	at test.automation.pages.LoginPage$ByteBuddy$koz9TWwr.inputFieldPassword$accessor$NQmjXeJP(Unknown Source)
	at java.base/jdk.internal.reflect.NativeMethodAccessorImpl.invoke0(Native Method)
	at java.base/jdk.internal.reflect.NativeMethodAccessorImpl.invoke(NativeMethodAccessorImpl.java:62)
	at java.base/jdk.internal.reflect.DelegatingMethodAccessorImpl.invoke(DelegatingMethodAccessorImpl.java:43)
	at java.base/java.lang.reflect.Method.invoke(Method.java:566)
	at net.thucydides.core.steps.StepInterceptor.invokeMethod(StepInterceptor.java:504)
	at net.thucydides.core.steps.StepInterceptor.executeTestStepMethod(StepInterceptor.java:484)
	at net.thucydides.core.steps.StepInterceptor.runTestStep(StepInterceptor.java:458)
	at net.thucydides.core.steps.StepInterceptor.runOrSkipMethod(StepInterceptor.java:210)
	at net.thucydides.core.steps.StepInterceptor.testStepResult(StepInterceptor.java:197)
	at net.thucydides.core.steps.StepInterceptor.intercept(StepInterceptor.java:85)
	at net.thucydides.core.steps.ProxyConfiguration$InterceptorDispatcher.intercept(ProxyConfiguration.java:51)
	at test.automation.pages.LoginPage$ByteBuddy$koz9TWwr.inputFieldPassword(Unknown Source)
	at test.automation.stepdefinitions.LoginStep.userInputInvalidPassword(LoginStep.java:57)
	at java.base/jdk.internal.reflect.NativeMethodAccessorImpl.invoke0(Native Method)
	at java.base/jdk.internal.reflect.NativeMethodAccessorImpl.invoke(NativeMethodAccessorImpl.java:62)
	at java.base/jdk.internal.reflect.DelegatingMethodAccessorImpl.invoke(DelegatingMethodAccessorImpl.java:43)
	at java.base/java.lang.reflect.Method.invoke(Method.java:566)
	at io.cucumber.java.Invoker.doInvoke(Invoker.java:66)
	at io.cucumber.java.Invoker.invoke(Invoker.java:24)
	at io.cucumber.java.AbstractGlueDefinition.invokeMethod(AbstractGlueDefinition.java:47)
	at io.cucumber.java.JavaStepDefinition.execute(JavaStepDefinition.java:29)
	at io.cucumber.core.runner.CoreStepDefinition.execute(CoreStepDefinition.java:66)
	at io.cucumber.core.runner.PickleStepDefinitionMatch.runStep(PickleStepDefinitionMatch.java:63)
	at io.cucumber.core.runner.ExecutionMode$1.execute(ExecutionMode.java:10)
	at io.cucumber.core.runner.TestStep.executeStep(TestStep.java:92)
	at io.cucumber.core.runner.TestStep.run(TestStep.java:64)
	at io.cucumber.core.runner.PickleStepTestStep.run(PickleStepTestStep.java:51)
	at io.cucumber.core.runner.TestCase.run(TestCase.java:104)
	at io.cucumber.core.runner.Runner.runPickle(Runner.java:73)
	at io.cucumber.junit.PickleRunners$WithStepDescriptions.run(PickleRunners.java:110)
	at io.cucumber.junit.FeatureRunner.runChild(FeatureRunner.java:135)
	at io.cucumber.junit.FeatureRunner.runChild(FeatureRunner.java:27)
	at org.junit.runners.ParentRunner$4.run(ParentRunner.java:331)
	at org.junit.runners.ParentRunner$1.schedule(ParentRunner.java:79)
	at org.junit.runners.ParentRunner.runChildren(ParentRunner.java:329)
	at org.junit.runners.ParentRunner.access$100(ParentRunner.java:66)
	at org.junit.runners.ParentRunner$2.evaluate(ParentRunner.java:293)
	at org.junit.runners.ParentRunner$3.evaluate(ParentRunner.java:306)
	at org.junit.runners.ParentRunner.run(ParentRunner.java:413)
	at io.cucumber.junit.CucumberSerenityRunner.runChild(CucumberSerenityRunner.java:258)
	at io.cucumber.junit.CucumberSerenityRunner.runChild(CucumberSerenityRunner.java:57)
	at org.junit.runners.ParentRunner$4.run(ParentRunner.java:331)
	at org.junit.runners.ParentRunner$1.schedule(ParentRunner.java:79)
	at org.junit.runners.ParentRunner.runChildren(ParentRunner.java:329)
	at org.junit.runners.ParentRunner.access$100(ParentRunner.java:66)
	at org.junit.runners.ParentRunner$2.evaluate(ParentRunner.java:293)
	at io.cucumber.junit.CucumberSerenityRunner$RunCucumber.evaluate(CucumberSerenityRunner.java:286)
	at org.junit.runners.ParentRunner$3.evaluate(ParentRunner.java:306)
	at org.junit.runners.ParentRunner.run(ParentRunner.java:413)
	at org.apache.maven.surefire.junit4.JUnit4Provider.execute(JUnit4Provider.java:367)
	at org.apache.maven.surefire.junit4.JUnit4Provider.executeWithRerun(JUnit4Provider.java:274)
	at org.apache.maven.surefire.junit4.JUnit4Provider.executeTestSet(JUnit4Provider.java:238)
	at org.apache.maven.surefire.junit4.JUnit4Provider.invoke(JUnit4Provider.java:161)
	at org.apache.maven.surefire.booter.ForkedBooter.invokeProviderInSameClassLoader(ForkedBooter.java:290)
	at org.apache.maven.surefire.booter.ForkedBooter.runSuitesInProcess(ForkedBooter.java:242)
	at org.apache.maven.surefire.booter.ForkedBooter.main(ForkedBooter.java:121)
&amp#27;[0m
]]></system-out>
  </testcase>
  <testcase name="Show error message (NIK atau Password Salah)(Verify if the user can&apos;t login with invalid Password " classname="Show error message (NIK atau Password Salah)(Verify if the user can&apos;t login with invalid Password (TC_L2))" time="0">
    <skipped/>
    <system-out><![CDATA[  &amp#27;[36mAnd &amp#27;[0m&amp#27;[36mUser tap button Masuk&amp#27;[0m                                                    &amp#27;[90m# test.automation.stepdefinitions.LoginStep.userTapButtonMasuk()&amp#27;[0m
]]></system-out>
  </testcase>
  <testcase name="Verify if the user can&apos;t login with invalid Password " classname="TC_L2" time="0">
    <error message="Expected condition failed: waiting for element to be clickable: By.xpath: /hierarchy/android.widget.FrameLayout/android.widget.LinearLayout/android.widget.FrameLayout/android.widget.FrameLayout/android.view.View/android.view.View/android.view.View/android.view.View/android.view.View/android.widget.EditText[2] (tried for 20 second(s) with 500 milliseconds interval)" type="org.openqa.selenium.TimeoutException">org.openqa.selenium.TimeoutException: Expected condition failed: waiting for element to be clickable: By.xpath: /hierarchy/android.widget.FrameLayout/android.widget.LinearLayout/android.widget.FrameLayout/android.widget.FrameLayout/android.view.View/android.view.View/android.view.View/android.view.View/android.view.View/android.widget.EditText[2] (tried for 20 second(s) with 500 milliseconds interval)
Caused by: org.openqa.selenium.NoSuchElementException: 
An element could not be located on the page using the given search parameters.
For documentation on this error, please visit: https://www.seleniumhq.org/exceptions/no_such_element.html
Build info: version: '3.141.59', revision: 'e82be7d358', time: '2018-11-14T08:17:03'
System info: host: 'RIKOSAHETAPI', ip: '192.168.0.15', os.name: 'Windows 10', os.arch: 'amd64', os.version: '10.0', java.version: '11.0.2'
Driver info: io.appium.java_client.android.AndroidDriver
Capabilities {app: C:\Users\RICO\IdeaProjects\..., appPackage: com.example.bookingvaccine, automationName: UiAutomator2, databaseEnabled: false, desired: {app: C:\Users\RICO\IdeaProjects\..., automationName: UiAutomator2, noReset: true, platformName: android, platformVersion: 12}, deviceApiLevel: 31, deviceManufacturer: Google, deviceModel: sdk_gphone64_x86_64, deviceName: emulator-5554, deviceScreenDensity: 440, deviceScreenSize: 1080x2280, deviceUDID: emulator-5554, javascriptEnabled: true, locationContextEnabled: false, networkConnectionEnabled: true, noReset: true, pixelRatio: 2.75, platform: LINUX, platformName: Android, platformVersion: 12, statBarHeight: 83, takesScreenshot: true, viewportRect: {height: 2065, left: 0, top: 83, width: 1080}, warnings: {}, webStorageEnabled: false}
Session ID: 026eb0f4-2ccb-4f6e-9417-178d85f98c5d
*** Element info: {Using=xpath, value=/hierarchy/android.widget.FrameLayout/android.widget.LinearLayout/android.widget.FrameLayout/android.widget.FrameLayout/android.view.View/android.view.View/android.view.View/android.view.View/android.view.View/android.widget.EditText[2]}
</error>
    <system-out><![CDATA[  &amp#27;[36mThen &amp#27;[0m&amp#27;[36mShow error message (NIK atau Password Salah)&amp#27;[0m                            &amp#27;[90m# test.automation.stepdefinitions.LoginStep.showErrorMessageNIKAtauPasswordSalah()&amp#27;[0m
]]></system-out>
  </testcase>
  <testcase name="User on Login Screen(Verify if the user can login with empty Nik and Password " classname="User on Login Screen(Verify if the user can login with empty Nik and Password (TC_L3))" time="41.148"/>
  <testcase name="User tap button (MASUK)(Verify if the user can login with empty Nik and Password " classname="User tap button (MASUK)(Verify if the user can login with empty Nik and Password (TC_L3))" time="0.506"/>
  <testcase name="Show error message(Verify if the user can login with empty Nik and Password " classname="Show error message(Verify if the user can login with empty Nik and Password (TC_L3))" time="2.597"/>
  <testcase name="Verify if the user can login with empty Nik and Password " classname="TC_L3" time="2.601"/>
  <testcase name="User on Login Screen(Verify if the user can&apos;t login with empty NIK " classname="User on Login Screen(Verify if the user can&apos;t login with empty NIK (TC_L4))" time="35.414"/>
  <testcase name="User tap and type password &quot;password123&quot;(Verify if the user can&apos;t login with empty NIK " classname="User tap and type password &quot;password123&quot;(Verify if the user can&apos;t login with empty NIK (TC_L4))" time="16.679"/>
  <testcase name="Click button masuk(Verify if the user can&apos;t login with empty NIK " classname="Click button masuk(Verify if the user can&apos;t login with empty NIK (TC_L4))" time="0.859"/>
  <testcase name="Show message error NIK tidak boleh kosong(Verify if the user can&apos;t login with empty NIK " classname="Show message error NIK tidak boleh kosong(Verify if the user can&apos;t login with empty NIK (TC_L4))" time="0.12"/>
  <testcase name="Verify if the user can&apos;t login with empty NIK " classname="TC_L4" time="0.123"/>
  <testcase name="User on Login Screen(Verify if the user can&apos;t login with empty Password " classname="User on Login Screen(Verify if the user can&apos;t login with empty Password (TC_L5))" time="33.428"/>
  <testcase name="User tap and type NIK(Verify if the user can&apos;t login with empty Password " classname="User tap and type NIK(Verify if the user can&apos;t login with empty Password (TC_L5))" time="16.758"/>
  <testcase name="Tap MasukButton(Verify if the user can&apos;t login with empty Password " classname="Tap MasukButton(Verify if the user can&apos;t login with empty Password (TC_L5))" time="0.691"/>
  <testcase name="Show Error Message PASSWORD TIDAK BOLEH KOSONG(Verify if the user can&apos;t login with empty Password " classname="Show Error Message PASSWORD TIDAK BOLEH KOSONG(Verify if the user can&apos;t login with empty Password (TC_L5))" time="0.766"/>
  <testcase name="Verify if the user can&apos;t login with empty Password " classname="TC_L5" time="0.77"/>
  <testcase name="User on Login Screen(Verify if the user can login with valid Nik and Password " classname="User on Login Screen(Verify if the user can login with valid Nik and Password (TC_L6))" time="28.907">
    <error message="Unable to create a new remote session. Please check the server log for more details. Original error: An unknown server-side error occurred while processing the command. Original error: Cannot start the &apos;com.example.bookingvaccine&apos; application. Visit https://github.com/appium/appium/blob/master/docs/en/writing-running-appium/android/activity-startup.md for troubleshooting. Original error: &apos;com.example.bookingvaccine.MainActivity&apos; or &apos;com.example.bookingvaccine.com.example.bookingvaccine.MainActivity&apos; never started. Visit https://github.com/appium/appium/blob/master/docs/en/writing-running-appium/android/activity-startup.md for troubleshooting&#10;Build info: version: &apos;3.141.59&apos;, revision: &apos;e82be7d358&apos;, time: &apos;2018-11-14T08:17:03&apos;&#10;System info: host: &apos;RIKOSAHETAPI&apos;, ip: &apos;192.168.0.15&apos;, os.name: &apos;Windows 10&apos;, os.arch: &apos;amd64&apos;, os.version: &apos;10.0&apos;, java.version: &apos;11.0.2&apos;&#10;Driver info: driver.version: AndroidDriver&#10;remote stacktrace: UnknownError: An unknown server-side error occurred while processing the command. Original error: Cannot start the &apos;com.example.bookingvaccine&apos; application. Visit https://github.com/appium/appium/blob/master/docs/en/writing-running-appium/android/activity-startup.md for troubleshooting. Original error: &apos;com.example.bookingvaccine.MainActivity&apos; or &apos;com.example.bookingvaccine.com.example.bookingvaccine.MainActivity&apos; never started. Visit https://github.com/appium/appium/blob/master/docs/en/writing-running-appium/android/activity-startup.md for troubleshooting&#10;    at getResponseForW3CError (C:\Users\RICO\AppData\Roaming\npm\node_modules\appium\node_modules\appium-base-driver\lib\protocol\errors.js:804:9)&#10;    at asyncHandler (C:\Users\RICO\AppData\Roaming\npm\node_modules\appium\node_modules\appium-base-driver\lib\protocol\protocol.js:380:37)&#10;Build info: version: &apos;3.141.59&apos;, revision: &apos;e82be7d358&apos;, time: &apos;2018-11-14T08:17:03&apos;&#10;System info: host: &apos;RIKOSAHETAPI&apos;, ip: &apos;192.168.0.15&apos;, os.name: &apos;Windows 10&apos;, os.arch: &apos;amd64&apos;, os.version: &apos;10.0&apos;, java.version: &apos;11.0.2&apos;&#10;Driver info: driver.version: AndroidDriver" type="org.openqa.selenium.SessionNotCreatedException">org.openqa.selenium.SessionNotCreatedException: 
Unable to create a new remote session. Please check the server log for more details. Original error: An unknown server-side error occurred while processing the command. Original error: Cannot start the 'com.example.bookingvaccine' application. Visit https://github.com/appium/appium/blob/master/docs/en/writing-running-appium/android/activity-startup.md for troubleshooting. Original error: 'com.example.bookingvaccine.MainActivity' or 'com.example.bookingvaccine.com.example.bookingvaccine.MainActivity' never started. Visit https://github.com/appium/appium/blob/master/docs/en/writing-running-appium/android/activity-startup.md for troubleshooting
Build info: version: '3.141.59', revision: 'e82be7d358', time: '2018-11-14T08:17:03'
System info: host: 'RIKOSAHETAPI', ip: '192.168.0.15', os.name: 'Windows 10', os.arch: 'amd64', os.version: '10.0', java.version: '11.0.2'
Driver info: driver.version: AndroidDriver
remote stacktrace: UnknownError: An unknown server-side error occurred while processing the command. Original error: Cannot start the 'com.example.bookingvaccine' application. Visit https://github.com/appium/appium/blob/master/docs/en/writing-running-appium/android/activity-startup.md for troubleshooting. Original error: 'com.example.bookingvaccine.MainActivity' or 'com.example.bookingvaccine.com.example.bookingvaccine.MainActivity' never started. Visit https://github.com/appium/appium/blob/master/docs/en/writing-running-appium/android/activity-startup.md for troubleshooting
    at getResponseForW3CError (C:\Users\RICO\AppData\Roaming\npm\node_modules\appium\node_modules\appium-base-driver\lib\protocol\errors.js:804:9)
    at asyncHandler (C:\Users\RICO\AppData\Roaming\npm\node_modules\appium\node_modules\appium-base-driver\lib\protocol\protocol.js:380:37)
Build info: version: '3.141.59', revision: 'e82be7d358', time: '2018-11-14T08:17:03'
System info: host: 'RIKOSAHETAPI', ip: '192.168.0.15', os.name: 'Windows 10', os.arch: 'amd64', os.version: '10.0', java.version: '11.0.2'
Driver info: driver.version: AndroidDriver
Caused by: java.lang.reflect.InvocationTargetException
Caused by: org.openqa.selenium.WebDriverException: 
An unknown server-side error occurred while processing the command. Original error: Cannot start the 'com.example.bookingvaccine' application. Visit https://github.com/appium/appium/blob/master/docs/en/writing-running-appium/android/activity-startup.md for troubleshooting. Original error: 'com.example.bookingvaccine.MainActivity' or 'com.example.bookingvaccine.com.example.bookingvaccine.MainActivity' never started. Visit https://github.com/appium/appium/blob/master/docs/en/writing-running-appium/android/activity-startup.md for troubleshooting
Build info: version: '3.141.59', revision: 'e82be7d358', time: '2018-11-14T08:17:03'
System info: host: 'RIKOSAHETAPI', ip: '192.168.0.15', os.name: 'Windows 10', os.arch: 'amd64', os.version: '10.0', java.version: '11.0.2'
Driver info: driver.version: AndroidDriver
remote stacktrace: UnknownError: An unknown server-side error occurred while processing the command. Original error: Cannot start the 'com.example.bookingvaccine' application. Visit https://github.com/appium/appium/blob/master/docs/en/writing-running-appium/android/activity-startup.md for troubleshooting. Original error: 'com.example.bookingvaccine.MainActivity' or 'com.example.bookingvaccine.com.example.bookingvaccine.MainActivity' never started. Visit https://github.com/appium/appium/blob/master/docs/en/writing-running-appium/android/activity-startup.md for troubleshooting
    at getResponseForW3CError (C:\Users\RICO\AppData\Roaming\npm\node_modules\appium\node_modules\appium-base-driver\lib\protocol\errors.js:804:9)
    at asyncHandler (C:\Users\RICO\AppData\Roaming\npm\node_modules\appium\node_modules\appium-base-driver\lib\protocol\protocol.js:380:37)
</error>
    <system-out><![CDATA[
@login @valid-login
Scenario: Verify if the user can login with valid Nik and Password (TC_L6) &amp#27;[90m# src/test/resources/features/Login.feature:38&amp#27;[0m
]]></system-out>
    <system-err><![CDATA[[main] INFO io.cucumber.core.plugin.SerenityReporter - Running feature from file:///C:/Users/RICO/IdeaProjects/CapstoneMobile/src/test/resources/features/Login.feature
[main] INFO  - 
  _____   ___   ___   _____     ___   _____     _     ___   _____   ___   ___  
 |_   _| | __| / __| |_   _|   / __| |_   _|   /_\   | _ \ |_   _| | __| |   \ 
   | |   | _|  \__ \   | |     \__ \   | |    / _ \  |   /   | |   | _|  | |) |
   |_|   |___| |___/   |_|     |___/   |_|   /_/ \_\ |_|_\   |_|   |___| |___/ 

Verify if the user can login with valid Nik and Password (TC_L6)(login;verify-if-the-user-can-login-with-valid-nik-and-password-(tc-l6))
--------------------------------------------------------------------------------
]]></system-err>
  </testcase>
  <testcase name="User input valid NIK &quot;6161616164949494&quot; and Password &quot;Password123&quot;(Verify if the user can login with valid Nik and Password " classname="User input valid NIK &quot;6161616164949494&quot; and Password &quot;Password123&quot;(Verify if the user can login with valid Nik and Password (TC_L6))" time="0">
    <skipped/>
    <system-out><![CDATA[  &amp#27;[31mGiven &amp#27;[0m&amp#27;[31mUser on Login Screen&amp#27;[0m                                               &amp#27;[90m# test.automation.stepdefinitions.LoginStep.userOnLoginScreen()&amp#27;[0m
      &amp#27;[31morg.openqa.selenium.SessionNotCreatedException: Unable to create a new remote session. Please check the server log for more details. Original error: An unknown server-side error occurred while processing the command. Original error: Cannot start the 'com.example.bookingvaccine' application. Visit https://github.com/appium/appium/blob/master/docs/en/writing-running-appium/android/activity-startup.md for troubleshooting. Original error: 'com.example.bookingvaccine.MainActivity' or 'com.example.bookingvaccine.com.example.bookingvaccine.MainActivity' never started. Visit https://github.com/appium/appium/blob/master/docs/en/writing-running-appium/android/activity-startup.md for troubleshooting
Build info: version: '3.141.59', revision: 'e82be7d358', time: '2018-11-14T08:17:03'
System info: host: 'RIKOSAHETAPI', ip: '192.168.0.15', os.name: 'Windows 10', os.arch: 'amd64', os.version: '10.0', java.version: '11.0.2'
Driver info: driver.version: AndroidDriver
remote stacktrace: UnknownError: An unknown server-side error occurred while processing the command. Original error: Cannot start the 'com.example.bookingvaccine' application. Visit https://github.com/appium/appium/blob/master/docs/en/writing-running-appium/android/activity-startup.md for troubleshooting. Original error: 'com.example.bookingvaccine.MainActivity' or 'com.example.bookingvaccine.com.example.bookingvaccine.MainActivity' never started. Visit https://github.com/appium/appium/blob/master/docs/en/writing-running-appium/android/activity-startup.md for troubleshooting
    at getResponseForW3CError (C:\Users\RICO\AppData\Roaming\npm\node_modules\appium\node_modules\appium-base-driver\lib\protocol\errors.js:804:9)
    at asyncHandler (C:\Users\RICO\AppData\Roaming\npm\node_modules\appium\node_modules\appium-base-driver\lib\protocol\protocol.js:380:37)
Build info: version: '3.141.59', revision: 'e82be7d358', time: '2018-11-14T08:17:03'
System info: host: 'RIKOSAHETAPI', ip: '192.168.0.15', os.name: 'Windows 10', os.arch: 'amd64', os.version: '10.0', java.version: '11.0.2'
Driver info: driver.version: AndroidDriver
	at io.appium.java_client.remote.AppiumCommandExecutor$1.createSession(AppiumCommandExecutor.java:216)
	at io.appium.java_client.remote.AppiumCommandExecutor.createSession(AppiumCommandExecutor.java:225)
	at io.appium.java_client.remote.AppiumCommandExecutor.execute(AppiumCommandExecutor.java:250)
	at org.openqa.selenium.remote.RemoteWebDriver.execute(RemoteWebDriver.java:552)
	at io.appium.java_client.DefaultGenericMobileDriver.execute(DefaultGenericMobileDriver.java:41)
	at io.appium.java_client.AppiumDriver.execute(AppiumDriver.java:1)
	at io.appium.java_client.android.AndroidDriver.execute(AndroidDriver.java:1)
	at org.openqa.selenium.remote.RemoteWebDriver.startSession(RemoteWebDriver.java:213)
	at io.appium.java_client.AppiumDriver.startSession(AppiumDriver.java:363)
	at org.openqa.selenium.remote.RemoteWebDriver.<init>(RemoteWebDriver.java:131)
	at io.appium.java_client.DefaultGenericMobileDriver.<init>(DefaultGenericMobileDriver.java:37)
	at io.appium.java_client.AppiumDriver.<init>(AppiumDriver.java:89)
	at io.appium.java_client.AppiumDriver.<init>(AppiumDriver.java:99)
	at io.appium.java_client.android.AndroidDriver.<init>(AndroidDriver.java:97)
	at test.automation.driver.AndroidDriverPool.create(AndroidDriverPool.java:29)
	at test.automation.pageobject.BasePageObject.getDriver(BasePageObject.java:17)
	at test.automation.pages.LoginPage$ByteBuddy$koz9TWwr.getDriver$accessor$NQmjXeJP(Unknown Source)
	at jdk.internal.reflect.GeneratedMethodAccessor15.invoke(Unknown Source)
	at java.base/jdk.internal.reflect.DelegatingMethodAccessorImpl.invoke(DelegatingMethodAccessorImpl.java:43)
	at java.base/java.lang.reflect.Method.invoke(Method.java:566)
	at net.thucydides.core.steps.BaseMethodRunner.invokeMethod(BaseMethodRunner.java:18)
	at net.thucydides.core.steps.NormalMethodRunner.invokeMethodAndNotifyFailures(NormalMethodRunner.java:18)
	at net.thucydides.core.steps.StepInterceptor.runNormalMethod(StepInterceptor.java:407)
	at net.thucydides.core.steps.StepInterceptor.testStepResult(StepInterceptor.java:192)
	at net.thucydides.core.steps.StepInterceptor.intercept(StepInterceptor.java:85)
	at net.thucydides.core.steps.ProxyConfiguration$InterceptorDispatcher.intercept(ProxyConfiguration.java:51)
	at test.automation.pages.LoginPage$ByteBuddy$koz9TWwr.getDriver(Unknown Source)
	at test.automation.pageobject.BasePageObject.onWait(BasePageObject.java:23)
	at test.automation.pages.LoginPage$ByteBuddy$koz9TWwr.onWait$accessor$NQmjXeJP(Unknown Source)
	at jdk.internal.reflect.GeneratedMethodAccessor14.invoke(Unknown Source)
	at java.base/jdk.internal.reflect.DelegatingMethodAccessorImpl.invoke(DelegatingMethodAccessorImpl.java:43)
	at java.base/java.lang.reflect.Method.invoke(Method.java:566)
	at net.thucydides.core.steps.BaseMethodRunner.invokeMethod(BaseMethodRunner.java:18)
	at net.thucydides.core.steps.NormalMethodRunner.invokeMethodAndNotifyFailures(NormalMethodRunner.java:18)
	at net.thucydides.core.steps.StepInterceptor.runNormalMethod(StepInterceptor.java:407)
	at net.thucydides.core.steps.StepInterceptor.testStepResult(StepInterceptor.java:192)
	at net.thucydides.core.steps.StepInterceptor.intercept(StepInterceptor.java:85)
	at net.thucydides.core.steps.ProxyConfiguration$InterceptorDispatcher.intercept(ProxyConfiguration.java:51)
	at test.automation.pages.LoginPage$ByteBuddy$koz9TWwr.onWait(Unknown Source)
	at test.automation.pageobject.BasePageObject.waitUntilPresence(BasePageObject.java:33)
	at test.automation.pages.LoginPage$ByteBuddy$koz9TWwr.waitUntilPresence$accessor$NQmjXeJP(Unknown Source)
	at java.base/jdk.internal.reflect.NativeMethodAccessorImpl.invoke0(Native Method)
	at java.base/jdk.internal.reflect.NativeMethodAccessorImpl.invoke(NativeMethodAccessorImpl.java:62)
	at java.base/jdk.internal.reflect.DelegatingMethodAccessorImpl.invoke(DelegatingMethodAccessorImpl.java:43)
	at java.base/java.lang.reflect.Method.invoke(Method.java:566)
	at net.thucydides.core.steps.BaseMethodRunner.invokeMethod(BaseMethodRunner.java:18)
	at net.thucydides.core.steps.NormalMethodRunner.invokeMethodAndNotifyFailures(NormalMethodRunner.java:18)
	at net.thucydides.core.steps.StepInterceptor.runNormalMethod(StepInterceptor.java:407)
	at net.thucydides.core.steps.StepInterceptor.testStepResult(StepInterceptor.java:192)
	at net.thucydides.core.steps.StepInterceptor.intercept(StepInterceptor.java:85)
	at net.thucydides.core.steps.ProxyConfiguration$InterceptorDispatcher.intercept(ProxyConfiguration.java:51)
	at test.automation.pages.LoginPage$ByteBuddy$koz9TWwr.waitUntilPresence(Unknown Source)
	at test.automation.pages.LoginPage.onLoginScreen(LoginPage.java:44)
	at test.automation.pages.LoginPage$ByteBuddy$koz9TWwr.onLoginScreen$accessor$NQmjXeJP(Unknown Source)
	at java.base/jdk.internal.reflect.NativeMethodAccessorImpl.invoke0(Native Method)
	at java.base/jdk.internal.reflect.NativeMethodAccessorImpl.invoke(NativeMethodAccessorImpl.java:62)
	at java.base/jdk.internal.reflect.DelegatingMethodAccessorImpl.invoke(DelegatingMethodAccessorImpl.java:43)
	at java.base/java.lang.reflect.Method.invoke(Method.java:566)
	at net.thucydides.core.steps.StepInterceptor.invokeMethod(StepInterceptor.java:504)
	at net.thucydides.core.steps.StepInterceptor.executeTestStepMethod(StepInterceptor.java:484)
	at net.thucydides.core.steps.StepInterceptor.runTestStep(StepInterceptor.java:458)
	at net.thucydides.core.steps.StepInterceptor.runOrSkipMethod(StepInterceptor.java:210)
	at net.thucydides.core.steps.StepInterceptor.testStepResult(StepInterceptor.java:197)
	at net.thucydides.core.steps.StepInterceptor.intercept(StepInterceptor.java:85)
	at net.thucydides.core.steps.ProxyConfiguration$InterceptorDispatcher.intercept(ProxyConfiguration.java:51)
	at test.automation.pages.LoginPage$ByteBuddy$koz9TWwr.onLoginScreen(Unknown Source)
	at test.automation.stepdefinitions.LoginStep.userOnLoginScreen(LoginStep.java:24)
	at âœ½.User on Login Screen(file:///C:/Users/RICO/IdeaProjects/CapstoneMobile/src/test/resources/features/Login.feature:5)
Caused by: java.lang.reflect.InvocationTargetException
	at java.base/jdk.internal.reflect.NativeMethodAccessorImpl.invoke0(Native Method)
	at java.base/jdk.internal.reflect.NativeMethodAccessorImpl.invoke(NativeMethodAccessorImpl.java:62)
	at java.base/jdk.internal.reflect.DelegatingMethodAccessorImpl.invoke(DelegatingMethodAccessorImpl.java:43)
	at java.base/java.lang.reflect.Method.invoke(Method.java:566)
	at io.appium.java_client.remote.AppiumCommandExecutor$1.createSession(AppiumCommandExecutor.java:193)
	at io.appium.java_client.remote.AppiumCommandExecutor.createSession(AppiumCommandExecutor.java:225)
	at io.appium.java_client.remote.AppiumCommandExecutor.execute(AppiumCommandExecutor.java:250)
	at org.openqa.selenium.remote.RemoteWebDriver.execute(RemoteWebDriver.java:552)
	at io.appium.java_client.DefaultGenericMobileDriver.execute(DefaultGenericMobileDriver.java:41)
	at io.appium.java_client.AppiumDriver.execute(AppiumDriver.java:1)
	at io.appium.java_client.android.AndroidDriver.execute(AndroidDriver.java:1)
	at org.openqa.selenium.remote.RemoteWebDriver.startSession(RemoteWebDriver.java:213)
	at io.appium.java_client.AppiumDriver.startSession(AppiumDriver.java:363)
	at org.openqa.selenium.remote.RemoteWebDriver.<init>(RemoteWebDriver.java:131)
	at io.appium.java_client.DefaultGenericMobileDriver.<init>(DefaultGenericMobileDriver.java:37)
	at io.appium.java_client.AppiumDriver.<init>(AppiumDriver.java:89)
	at io.appium.java_client.AppiumDriver.<init>(AppiumDriver.java:99)
	at io.appium.java_client.android.AndroidDriver.<init>(AndroidDriver.java:97)
	at test.automation.driver.AndroidDriverPool.create(AndroidDriverPool.java:29)
	at test.automation.pageobject.BasePageObject.getDriver(BasePageObject.java:17)
	at test.automation.pages.LoginPage$ByteBuddy$koz9TWwr.getDriver$accessor$NQmjXeJP(Unknown Source)
	at jdk.internal.reflect.GeneratedMethodAccessor15.invoke(Unknown Source)
	at java.base/jdk.internal.reflect.DelegatingMethodAccessorImpl.invoke(DelegatingMethodAccessorImpl.java:43)
	at java.base/java.lang.reflect.Method.invoke(Method.java:566)
	at net.thucydides.core.steps.BaseMethodRunner.invokeMethod(BaseMethodRunner.java:18)
	at net.thucydides.core.steps.NormalMethodRunner.invokeMethodAndNotifyFailures(NormalMethodRunner.java:18)
	at net.thucydides.core.steps.StepInterceptor.runNormalMethod(StepInterceptor.java:407)
	at net.thucydides.core.steps.StepInterceptor.testStepResult(StepInterceptor.java:192)
	at net.thucydides.core.steps.StepInterceptor.intercept(StepInterceptor.java:85)
	at net.thucydides.core.steps.ProxyConfiguration$InterceptorDispatcher.intercept(ProxyConfiguration.java:51)
	at test.automation.pages.LoginPage$ByteBuddy$koz9TWwr.getDriver(Unknown Source)
	at test.automation.pageobject.BasePageObject.onWait(BasePageObject.java:23)
	at test.automation.pages.LoginPage$ByteBuddy$koz9TWwr.onWait$accessor$NQmjXeJP(Unknown Source)
	at jdk.internal.reflect.GeneratedMethodAccessor14.invoke(Unknown Source)
	at java.base/jdk.internal.reflect.DelegatingMethodAccessorImpl.invoke(DelegatingMethodAccessorImpl.java:43)
	at java.base/java.lang.reflect.Method.invoke(Method.java:566)
	at net.thucydides.core.steps.BaseMethodRunner.invokeMethod(BaseMethodRunner.java:18)
	at net.thucydides.core.steps.NormalMethodRunner.invokeMethodAndNotifyFailures(NormalMethodRunner.java:18)
	at net.thucydides.core.steps.StepInterceptor.runNormalMethod(StepInterceptor.java:407)
	at net.thucydides.core.steps.StepInterceptor.testStepResult(StepInterceptor.java:192)
	at net.thucydides.core.steps.StepInterceptor.intercept(StepInterceptor.java:85)
	at net.thucydides.core.steps.ProxyConfiguration$InterceptorDispatcher.intercept(ProxyConfiguration.java:51)
	at test.automation.pages.LoginPage$ByteBuddy$koz9TWwr.onWait(Unknown Source)
	at test.automation.pageobject.BasePageObject.waitUntilPresence(BasePageObject.java:33)
	at test.automation.pages.LoginPage$ByteBuddy$koz9TWwr.waitUntilPresence$accessor$NQmjXeJP(Unknown Source)
	at java.base/jdk.internal.reflect.NativeMethodAccessorImpl.invoke0(Native Method)
	at java.base/jdk.internal.reflect.NativeMethodAccessorImpl.invoke(NativeMethodAccessorImpl.java:62)
	at java.base/jdk.internal.reflect.DelegatingMethodAccessorImpl.invoke(DelegatingMethodAccessorImpl.java:43)
	at java.base/java.lang.reflect.Method.invoke(Method.java:566)
	at net.thucydides.core.steps.BaseMethodRunner.invokeMethod(BaseMethodRunner.java:18)
	at net.thucydides.core.steps.NormalMethodRunner.invokeMethodAndNotifyFailures(NormalMethodRunner.java:18)
	at net.thucydides.core.steps.StepInterceptor.runNormalMethod(StepInterceptor.java:407)
	at net.thucydides.core.steps.StepInterceptor.testStepResult(StepInterceptor.java:192)
	at net.thucydides.core.steps.StepInterceptor.intercept(StepInterceptor.java:85)
	at net.thucydides.core.steps.ProxyConfiguration$InterceptorDispatcher.intercept(ProxyConfiguration.java:51)
	at test.automation.pages.LoginPage$ByteBuddy$koz9TWwr.waitUntilPresence(Unknown Source)
	at test.automation.pages.LoginPage.onLoginScreen(LoginPage.java:44)
	at test.automation.pages.LoginPage$ByteBuddy$koz9TWwr.onLoginScreen$accessor$NQmjXeJP(Unknown Source)
	at java.base/jdk.internal.reflect.NativeMethodAccessorImpl.invoke0(Native Method)
	at java.base/jdk.internal.reflect.NativeMethodAccessorImpl.invoke(NativeMethodAccessorImpl.java:62)
	at java.base/jdk.internal.reflect.DelegatingMethodAccessorImpl.invoke(DelegatingMethodAccessorImpl.java:43)
	at java.base/java.lang.reflect.Method.invoke(Method.java:566)
	at net.thucydides.core.steps.StepInterceptor.invokeMethod(StepInterceptor.java:504)
	at net.thucydides.core.steps.StepInterceptor.executeTestStepMethod(StepInterceptor.java:484)
	at net.thucydides.core.steps.StepInterceptor.runTestStep(StepInterceptor.java:458)
	at net.thucydides.core.steps.StepInterceptor.runOrSkipMethod(StepInterceptor.java:210)
	at net.thucydides.core.steps.StepInterceptor.testStepResult(StepInterceptor.java:197)
	at net.thucydides.core.steps.StepInterceptor.intercept(StepInterceptor.java:85)
	at net.thucydides.core.steps.ProxyConfiguration$InterceptorDispatcher.intercept(ProxyConfiguration.java:51)
	at test.automation.pages.LoginPage$ByteBuddy$koz9TWwr.onLoginScreen(Unknown Source)
	at test.automation.stepdefinitions.LoginStep.userOnLoginScreen(LoginStep.java:24)
	at java.base/jdk.internal.reflect.NativeMethodAccessorImpl.invoke0(Native Method)
	at java.base/jdk.internal.reflect.NativeMethodAccessorImpl.invoke(NativeMethodAccessorImpl.java:62)
	at java.base/jdk.internal.reflect.DelegatingMethodAccessorImpl.invoke(DelegatingMethodAccessorImpl.java:43)
	at java.base/java.lang.reflect.Method.invoke(Method.java:566)
	at io.cucumber.java.Invoker.doInvoke(Invoker.java:66)
	at io.cucumber.java.Invoker.invoke(Invoker.java:24)
	at io.cucumber.java.AbstractGlueDefinition.invokeMethod(AbstractGlueDefinition.java:47)
	at io.cucumber.java.JavaStepDefinition.execute(JavaStepDefinition.java:29)
	at io.cucumber.core.runner.CoreStepDefinition.execute(CoreStepDefinition.java:66)
	at io.cucumber.core.runner.PickleStepDefinitionMatch.runStep(PickleStepDefinitionMatch.java:63)
	at io.cucumber.core.runner.ExecutionMode$1.execute(ExecutionMode.java:10)
	at io.cucumber.core.runner.TestStep.executeStep(TestStep.java:92)
	at io.cucumber.core.runner.TestStep.run(TestStep.java:64)
	at io.cucumber.core.runner.PickleStepTestStep.run(PickleStepTestStep.java:51)
	at io.cucumber.core.runner.TestCase.run(TestCase.java:104)
	at io.cucumber.core.runner.Runner.runPickle(Runner.java:73)
	at io.cucumber.junit.PickleRunners$WithStepDescriptions.run(PickleRunners.java:110)
	at io.cucumber.junit.FeatureRunner.runChild(FeatureRunner.java:135)
	at io.cucumber.junit.FeatureRunner.runChild(FeatureRunner.java:27)
	at org.junit.runners.ParentRunner$4.run(ParentRunner.java:331)
	at org.junit.runners.ParentRunner$1.schedule(ParentRunner.java:79)
	at org.junit.runners.ParentRunner.runChildren(ParentRunner.java:329)
	at org.junit.runners.ParentRunner.access$100(ParentRunner.java:66)
	at org.junit.runners.ParentRunner$2.evaluate(ParentRunner.java:293)
	at org.junit.runners.ParentRunner$3.evaluate(ParentRunner.java:306)
	at org.junit.runners.ParentRunner.run(ParentRunner.java:413)
	at io.cucumber.junit.CucumberSerenityRunner.runChild(CucumberSerenityRunner.java:258)
	at io.cucumber.junit.CucumberSerenityRunner.runChild(CucumberSerenityRunner.java:57)
	at org.junit.runners.ParentRunner$4.run(ParentRunner.java:331)
	at org.junit.runners.ParentRunner$1.schedule(ParentRunner.java:79)
	at org.junit.runners.ParentRunner.runChildren(ParentRunner.java:329)
	at org.junit.runners.ParentRunner.access$100(ParentRunner.java:66)
	at org.junit.runners.ParentRunner$2.evaluate(ParentRunner.java:293)
	at io.cucumber.junit.CucumberSerenityRunner$RunCucumber.evaluate(CucumberSerenityRunner.java:286)
	at org.junit.runners.ParentRunner$3.evaluate(ParentRunner.java:306)
	at org.junit.runners.ParentRunner.run(ParentRunner.java:413)
	at org.apache.maven.surefire.junit4.JUnit4Provider.execute(JUnit4Provider.java:367)
	at org.apache.maven.surefire.junit4.JUnit4Provider.executeWithRerun(JUnit4Provider.java:274)
	at org.apache.maven.surefire.junit4.JUnit4Provider.executeTestSet(JUnit4Provider.java:238)
	at org.apache.maven.surefire.junit4.JUnit4Provider.invoke(JUnit4Provider.java:161)
	at org.apache.maven.surefire.booter.ForkedBooter.invokeProviderInSameClassLoader(ForkedBooter.java:290)
	at org.apache.maven.surefire.booter.ForkedBooter.runSuitesInProcess(ForkedBooter.java:242)
	at org.apache.maven.surefire.booter.ForkedBooter.main(ForkedBooter.java:121)
Caused by: org.openqa.selenium.WebDriverException: An unknown server-side error occurred while processing the command. Original error: Cannot start the 'com.example.bookingvaccine' application. Visit https://github.com/appium/appium/blob/master/docs/en/writing-running-appium/android/activity-startup.md for troubleshooting. Original error: 'com.example.bookingvaccine.MainActivity' or 'com.example.bookingvaccine.com.example.bookingvaccine.MainActivity' never started. Visit https://github.com/appium/appium/blob/master/docs/en/writing-running-appium/android/activity-startup.md for troubleshooting
Build info: version: '3.141.59', revision: 'e82be7d358', time: '2018-11-14T08:17:03'
System info: host: 'RIKOSAHETAPI', ip: '192.168.0.15', os.name: 'Windows 10', os.arch: 'amd64', os.version: '10.0', java.version: '11.0.2'
Driver info: driver.version: AndroidDriver
remote stacktrace: UnknownError: An unknown server-side error occurred while processing the command. Original error: Cannot start the 'com.example.bookingvaccine' application. Visit https://github.com/appium/appium/blob/master/docs/en/writing-running-appium/android/activity-startup.md for troubleshooting. Original error: 'com.example.bookingvaccine.MainActivity' or 'com.example.bookingvaccine.com.example.bookingvaccine.MainActivity' never started. Visit https://github.com/appium/appium/blob/master/docs/en/writing-running-appium/android/activity-startup.md for troubleshooting
    at getResponseForW3CError (C:\Users\RICO\AppData\Roaming\npm\node_modules\appium\node_modules\appium-base-driver\lib\protocol\errors.js:804:9)
    at asyncHandler (C:\Users\RICO\AppData\Roaming\npm\node_modules\appium\node_modules\appium-base-driver\lib\protocol\protocol.js:380:37)
	at java.base/jdk.internal.reflect.NativeConstructorAccessorImpl.newInstance0(Native Method)
	at java.base/jdk.internal.reflect.NativeConstructorAccessorImpl.newInstance(NativeConstructorAccessorImpl.java:62)
	at java.base/jdk.internal.reflect.DelegatingConstructorAccessorImpl.newInstance(DelegatingConstructorAccessorImpl.java:45)
	at java.base/java.lang.reflect.Constructor.newInstance(Constructor.java:490)
	at org.openqa.selenium.remote.W3CHandshakeResponse.lambda$errorHandler$0(W3CHandshakeResponse.java:62)
	at org.openqa.selenium.remote.HandshakeResponse.lambda$getResponseFunction$0(HandshakeResponse.java:30)
	at org.openqa.selenium.remote.ProtocolHandshake.lambda$createSession$0(ProtocolHandshake.java:126)
	at java.base/java.util.stream.ReferencePipeline$3$1.accept(ReferencePipeline.java:195)
	at java.base/java.util.Spliterators$ArraySpliterator.tryAdvance(Spliterators.java:958)
	at java.base/java.util.stream.ReferencePipeline.forEachWithCancel(ReferencePipeline.java:127)
	at java.base/java.util.stream.AbstractPipeline.copyIntoWithCancel(AbstractPipeline.java:502)
	at java.base/java.util.stream.AbstractPipeline.copyInto(AbstractPipeline.java:488)
	at java.base/java.util.stream.AbstractPipeline.wrapAndCopyInto(AbstractPipeline.java:474)
	at java.base/java.util.stream.FindOps$FindOp.evaluateSequential(FindOps.java:150)
	at java.base/java.util.stream.AbstractPipeline.evaluate(AbstractPipeline.java:234)
	at java.base/java.util.stream.ReferencePipeline.findFirst(ReferencePipeline.java:543)
	at org.openqa.selenium.remote.ProtocolHandshake.createSession(ProtocolHandshake.java:128)
	... 114 more
&amp#27;[0m
]]></system-out>
  </testcase>
  <testcase name="Tap button masuk(Verify if the user can login with valid Nik and Password " classname="Tap button masuk(Verify if the user can login with valid Nik and Password (TC_L6))" time="0">
    <skipped/>
    <system-out><![CDATA[  &amp#27;[36mWhen &amp#27;[0m&amp#27;[36mUser input valid NIK &amp#27;[0m&amp#27;[36m&amp#27;[1m"6161616164949494"&amp#27;[0m&amp#27;[36m and Password &amp#27;[0m&amp#27;[36m&amp#27;[1m"Password123"&amp#27;[0m  &amp#27;[90m# test.automation.stepdefinitions.LoginStep.userInputValidNIKAndPassword(java.lang.String,java.lang.String)&amp#27;[0m
]]></system-out>
  </testcase>
  <testcase name="User go to home screen(Verify if the user can login with valid Nik and Password " classname="User go to home screen(Verify if the user can login with valid Nik and Password (TC_L6))" time="0">
    <skipped/>
    <system-out><![CDATA[  &amp#27;[36mAnd &amp#27;[0m&amp#27;[36mTap button masuk&amp#27;[0m                                                     &amp#27;[90m# test.automation.stepdefinitions.LoginStep.tapButtonMasuk()&amp#27;[0m
]]></system-out>
  </testcase>
  <testcase name="Verify if the user can login with valid Nik and Password " classname="TC_L6" time="0">
    <error message="Unable to create a new remote session. Please check the server log for more details. Original error: An unknown server-side error occurred while processing the command. Original error: Cannot start the &apos;com.example.bookingvaccine&apos; application. Visit https://github.com/appium/appium/blob/master/docs/en/writing-running-appium/android/activity-startup.md for troubleshooting. Original error: &apos;com.example.bookingvaccine.MainActivity&apos; or &apos;com.example.bookingvaccine.com.example.bookingvaccine.MainActivity&apos; never started. Visit https://github.com/appium/appium/blob/master/docs/en/writing-running-appium/android/activity-startup.md for troubleshooting&#10;Build info: version: &apos;3.141.59&apos;, revision: &apos;e82be7d358&apos;, time: &apos;2018-11-14T08:17:03&apos;&#10;System info: host: &apos;RIKOSAHETAPI&apos;, ip: &apos;192.168.0.15&apos;, os.name: &apos;Windows 10&apos;, os.arch: &apos;amd64&apos;, os.version: &apos;10.0&apos;, java.version: &apos;11.0.2&apos;&#10;Driver info: driver.version: AndroidDriver&#10;remote stacktrace: UnknownError: An unknown server-side error occurred while processing the command. Original error: Cannot start the &apos;com.example.bookingvaccine&apos; application. Visit https://github.com/appium/appium/blob/master/docs/en/writing-running-appium/android/activity-startup.md for troubleshooting. Original error: &apos;com.example.bookingvaccine.MainActivity&apos; or &apos;com.example.bookingvaccine.com.example.bookingvaccine.MainActivity&apos; never started. Visit https://github.com/appium/appium/blob/master/docs/en/writing-running-appium/android/activity-startup.md for troubleshooting&#10;    at getResponseForW3CError (C:\Users\RICO\AppData\Roaming\npm\node_modules\appium\node_modules\appium-base-driver\lib\protocol\errors.js:804:9)&#10;    at asyncHandler (C:\Users\RICO\AppData\Roaming\npm\node_modules\appium\node_modules\appium-base-driver\lib\protocol\protocol.js:380:37)&#10;Build info: version: &apos;3.141.59&apos;, revision: &apos;e82be7d358&apos;, time: &apos;2018-11-14T08:17:03&apos;&#10;System info: host: &apos;RIKOSAHETAPI&apos;, ip: &apos;192.168.0.15&apos;, os.name: &apos;Windows 10&apos;, os.arch: &apos;amd64&apos;, os.version: &apos;10.0&apos;, java.version: &apos;11.0.2&apos;&#10;Driver info: driver.version: AndroidDriver" type="org.openqa.selenium.SessionNotCreatedException">org.openqa.selenium.SessionNotCreatedException: 
Unable to create a new remote session. Please check the server log for more details. Original error: An unknown server-side error occurred while processing the command. Original error: Cannot start the 'com.example.bookingvaccine' application. Visit https://github.com/appium/appium/blob/master/docs/en/writing-running-appium/android/activity-startup.md for troubleshooting. Original error: 'com.example.bookingvaccine.MainActivity' or 'com.example.bookingvaccine.com.example.bookingvaccine.MainActivity' never started. Visit https://github.com/appium/appium/blob/master/docs/en/writing-running-appium/android/activity-startup.md for troubleshooting
Build info: version: '3.141.59', revision: 'e82be7d358', time: '2018-11-14T08:17:03'
System info: host: 'RIKOSAHETAPI', ip: '192.168.0.15', os.name: 'Windows 10', os.arch: 'amd64', os.version: '10.0', java.version: '11.0.2'
Driver info: driver.version: AndroidDriver
remote stacktrace: UnknownError: An unknown server-side error occurred while processing the command. Original error: Cannot start the 'com.example.bookingvaccine' application. Visit https://github.com/appium/appium/blob/master/docs/en/writing-running-appium/android/activity-startup.md for troubleshooting. Original error: 'com.example.bookingvaccine.MainActivity' or 'com.example.bookingvaccine.com.example.bookingvaccine.MainActivity' never started. Visit https://github.com/appium/appium/blob/master/docs/en/writing-running-appium/android/activity-startup.md for troubleshooting
    at getResponseForW3CError (C:\Users\RICO\AppData\Roaming\npm\node_modules\appium\node_modules\appium-base-driver\lib\protocol\errors.js:804:9)
    at asyncHandler (C:\Users\RICO\AppData\Roaming\npm\node_modules\appium\node_modules\appium-base-driver\lib\protocol\protocol.js:380:37)
Build info: version: '3.141.59', revision: 'e82be7d358', time: '2018-11-14T08:17:03'
System info: host: 'RIKOSAHETAPI', ip: '192.168.0.15', os.name: 'Windows 10', os.arch: 'amd64', os.version: '10.0', java.version: '11.0.2'
Driver info: driver.version: AndroidDriver
Caused by: java.lang.reflect.InvocationTargetException
Caused by: org.openqa.selenium.WebDriverException: 
An unknown server-side error occurred while processing the command. Original error: Cannot start the 'com.example.bookingvaccine' application. Visit https://github.com/appium/appium/blob/master/docs/en/writing-running-appium/android/activity-startup.md for troubleshooting. Original error: 'com.example.bookingvaccine.MainActivity' or 'com.example.bookingvaccine.com.example.bookingvaccine.MainActivity' never started. Visit https://github.com/appium/appium/blob/master/docs/en/writing-running-appium/android/activity-startup.md for troubleshooting
Build info: version: '3.141.59', revision: 'e82be7d358', time: '2018-11-14T08:17:03'
System info: host: 'RIKOSAHETAPI', ip: '192.168.0.15', os.name: 'Windows 10', os.arch: 'amd64', os.version: '10.0', java.version: '11.0.2'
Driver info: driver.version: AndroidDriver
remote stacktrace: UnknownError: An unknown server-side error occurred while processing the command. Original error: Cannot start the 'com.example.bookingvaccine' application. Visit https://github.com/appium/appium/blob/master/docs/en/writing-running-appium/android/activity-startup.md for troubleshooting. Original error: 'com.example.bookingvaccine.MainActivity' or 'com.example.bookingvaccine.com.example.bookingvaccine.MainActivity' never started. Visit https://github.com/appium/appium/blob/master/docs/en/writing-running-appium/android/activity-startup.md for troubleshooting
    at getResponseForW3CError (C:\Users\RICO\AppData\Roaming\npm\node_modules\appium\node_modules\appium-base-driver\lib\protocol\errors.js:804:9)
    at asyncHandler (C:\Users\RICO\AppData\Roaming\npm\node_modules\appium\node_modules\appium-base-driver\lib\protocol\protocol.js:380:37)
</error>
    <system-out><![CDATA[  &amp#27;[36mThen &amp#27;[0m&amp#27;[36mUser go to home screen&amp#27;[0m                                              &amp#27;[90m# test.automation.stepdefinitions.LoginStep.userGoToHomeScreen()&amp#27;[0m
]]></system-out>
  </testcase>
  <testcase name="User login input valid NIK &quot;&lt;NIK&gt;&quot; and PASSWORD &quot;&lt;PASSWORD&gt;&quot;(User want to edit Profile &quot;Tanggal Lahir&quot; on profile screen " classname="User login input valid NIK &quot;&lt;NIK&gt;&quot; and PASSWORD &quot;&lt;PASSWORD&gt;&quot;(User want to edit Profile &quot;Tanggal Lahir&quot; on profile screen (TC_P7))" time="0">
    <error message="The step &apos;User login input valid NIK &quot;&lt;NIK&gt;&quot; and PASSWORD &quot;&lt;PASSWORD&gt;&quot;&apos; and 6 other step(s) are undefined.&#10;You can implement these steps using the snippet(s) below:&#10;&#10;@Given(&quot;User login input valid NIK {string} and PASSWORD {string}&quot;)&#10;public void user_login_input_valid_nik_and_password(String string, String string2) {&#10;    // Write code here that turns the phrase above into concrete actions&#10;    throw new io.cucumber.java.PendingException();&#10;}&#10;@When(&quot;On home screen, User tap button humbergerr&quot;)&#10;public void on_home_screen_user_tap_button_humbergerr() {&#10;    // Write code here that turns the phrase above into concrete actions&#10;    throw new io.cucumber.java.PendingException();&#10;}&#10;@When(&quot;User tap menu Profil and go to profile screen&quot;)&#10;public void user_tap_menu_profil_and_go_to_profile_screen() {&#10;    // Write code here that turns the phrase above into concrete actions&#10;    throw new io.cucumber.java.PendingException();&#10;}&#10;@When(&quot;User tap button {string}&quot;)&#10;public void user_tap_button(String string) {&#10;    // Write code here that turns the phrase above into concrete actions&#10;    throw new io.cucumber.java.PendingException();&#10;}&#10;@When(&quot;User edit Tanggl Lahir \\(beyond test date)&quot;)&#10;public void user_edit_tanggl_lahir_beyond_test_date() {&#10;    // Write code here that turns the phrase above into concrete actions&#10;    throw new io.cucumber.java.PendingException();&#10;}&#10;@When(&quot;Tap Button Simpan&quot;)&#10;public void tap_button_simpan() {&#10;    // Write code here that turns the phrase above into concrete actions&#10;    throw new io.cucumber.java.PendingException();&#10;}&#10;@Then(&quot;The date of birth will change to the date when it was edited&quot;)&#10;public void the_date_of_birth_will_change_to_the_date_when_it_was_edited() {&#10;    // Write code here that turns the phrase above into concrete actions&#10;    throw new io.cucumber.java.PendingException();&#10;}&#10;" type="io.cucumber.junit.UndefinedStepException"><![CDATA[io.cucumber.junit.UndefinedStepException: 
The step 'User login input valid NIK "<NIK>" and PASSWORD "<PASSWORD>"' and 6 other step(s) are undefined.
You can implement these steps using the snippet(s) below:

@Given("User login input valid NIK {string} and PASSWORD {string}")
public void user_login_input_valid_nik_and_password(String string, String string2) {
    // Write code here that turns the phrase above into concrete actions
    throw new io.cucumber.java.PendingException();
}
@When("On home screen, User tap button humbergerr")
public void on_home_screen_user_tap_button_humbergerr() {
    // Write code here that turns the phrase above into concrete actions
    throw new io.cucumber.java.PendingException();
}
@When("User tap menu Profil and go to profile screen")
public void user_tap_menu_profil_and_go_to_profile_screen() {
    // Write code here that turns the phrase above into concrete actions
    throw new io.cucumber.java.PendingException();
}
@When("User tap button {string}")
public void user_tap_button(String string) {
    // Write code here that turns the phrase above into concrete actions
    throw new io.cucumber.java.PendingException();
}
@When("User edit Tanggl Lahir \\(beyond test date)")
public void user_edit_tanggl_lahir_beyond_test_date() {
    // Write code here that turns the phrase above into concrete actions
    throw new io.cucumber.java.PendingException();
}
@When("Tap Button Simpan")
public void tap_button_simpan() {
    // Write code here that turns the phrase above into concrete actions
    throw new io.cucumber.java.PendingException();
}
@Then("The date of birth will change to the date when it was edited")
public void the_date_of_birth_will_change_to_the_date_when_it_was_edited() {
    // Write code here that turns the phrase above into concrete actions
    throw new io.cucumber.java.PendingException();
}

]]></error>
    <system-out><![CDATA[
Scenario: User want to edit Profile "Tanggal Lahir" on profile screen (TC_P7) &amp#27;[90m# src/test/resources/features/ProfileEdit.feature:24&amp#27;[0m
]]></system-out>
    <system-err><![CDATA[[main] ERROR  - 
  _____   ___   ___   _____     ___   ___   ___    ___    ___ 
 |_   _| | __| / __| |_   _|   | __| | _ \ | _ \  / _ \  | _ \
   | |   | _|  \__ \   | |     | _|  |   / |   / | (_) | |   /
   |_|   |___| |___/   |_|     |___| |_|_\ |_|_\  \___/  |_|_\

Verify if the user can login with valid Nik and Password (TC_L6)
---------------------------------------------------------------
[main] ERROR  -     Test failed at step: Given User on Login Screen
[main] ERROR  -     Unable to create a new remote session. Please check the server log for more details. Original error: An unknown server-side error occurred while processing the command. Original error: Cannot start the 'com.example.bookingvaccine' application. Visit https://github.com/appium/appium/blob/master/docs/en/writing-running-appium/android/activity-startup.md for troubleshooting. Original error: 'com.example.bookingvaccine.MainActivity' or 'com.example.bookingvaccine.com.example.bookingvaccine.MainActivity' never started. Visit https://github.com/appium/appium/blob/master/docs/en/writing-running-appium/android/activity-startup.md for troubleshooting
[main] INFO io.cucumber.core.plugin.SerenityReporter - Running feature from file:///C:/Users/RICO/IdeaProjects/CapstoneMobile/src/test/resources/features/ProfileEdit.feature
[main] INFO  - 
  _____   ___   ___   _____     ___   _____     _     ___   _____   ___   ___  
 |_   _| | __| / __| |_   _|   / __| |_   _|   /_\   | _ \ |_   _| | __| |   \ 
   | |   | _|  \__ \   | |     \__ \   | |    / _ \  |   /   | |   | _|  | |) |
   |_|   |___| |___/   |_|     |___/   |_|   /_/ \_\ |_|_\   |_|   |___| |___/ 

User want to edit Profile "Tanggal Lahir" on profile screen (TC_P7)(edit-profil;user-want-to-edit-profile-"tanggal-lahir"-on-profile-screen-(tc-p7))
--------------------------------------------------------------------------------
]]></system-err>
  </testcase>
  <testcase name="On home screen, User tap button humbergerr(User want to edit Profile &quot;Tanggal Lahir&quot; on profile screen " classname="On home screen, User tap button humbergerr(User want to edit Profile &quot;Tanggal Lahir&quot; on profile screen (TC_P7))" time="0">
    <skipped/>
    <system-out><![CDATA[  &amp#27;[33mGiven &amp#27;[0m&amp#27;[33mUser login input valid NIK "<NIK>" and PASSWORD "<PASSWORD>"&amp#27;[0m          &amp#27;[90m# null&amp#27;[0m
]]></system-out>
  </testcase>
  <testcase name="User tap menu Profil and go to profile screen(User want to edit Profile &quot;Tanggal Lahir&quot; on profile screen " classname="User tap menu Profil and go to profile screen(User want to edit Profile &quot;Tanggal Lahir&quot; on profile screen (TC_P7))" time="0">
    <skipped/>
    <system-out><![CDATA[  &amp#27;[36mWhen &amp#27;[0m&amp#27;[36mOn home screen, User tap button humbergerr&amp#27;[0m                             &amp#27;[90m# null&amp#27;[0m
]]></system-out>
  </testcase>
  <testcase name="User tap button &quot;Edit Profil&quot;(User want to edit Profile &quot;Tanggal Lahir&quot; on profile screen " classname="User tap button &quot;Edit Profil&quot;(User want to edit Profile &quot;Tanggal Lahir&quot; on profile screen (TC_P7))" time="0">
    <skipped/>
    <system-out><![CDATA[  &amp#27;[36mAnd &amp#27;[0m&amp#27;[36mUser tap menu Profil and go to profile screen&amp#27;[0m                           &amp#27;[90m# null&amp#27;[0m
]]></system-out>
  </testcase>
  <testcase name="User edit Tanggl Lahir (beyond test date)(User want to edit Profile &quot;Tanggal Lahir&quot; on profile screen " classname="User edit Tanggl Lahir (beyond test date)(User want to edit Profile &quot;Tanggal Lahir&quot; on profile screen (TC_P7))" time="0">
    <skipped/>
    <system-out><![CDATA[  &amp#27;[36mAnd &amp#27;[0m&amp#27;[36mUser tap button "Edit Profil"&amp#27;[0m                                           &amp#27;[90m# null&amp#27;[0m
]]></system-out>
  </testcase>
  <testcase name="Tap Button Simpan(User want to edit Profile &quot;Tanggal Lahir&quot; on profile screen " classname="Tap Button Simpan(User want to edit Profile &quot;Tanggal Lahir&quot; on profile screen (TC_P7))" time="0">
    <skipped/>
    <system-out><![CDATA[  &amp#27;[36mAnd &amp#27;[0m&amp#27;[36mUser edit Tanggl Lahir (beyond test date)&amp#27;[0m                               &amp#27;[90m# null&amp#27;[0m
]]></system-out>
  </testcase>
  <testcase name="The date of birth will change to the date when it was edited(User want to edit Profile &quot;Tanggal Lahir&quot; on profile screen " classname="The date of birth will change to the date when it was edited(User want to edit Profile &quot;Tanggal Lahir&quot; on profile screen (TC_P7))" time="0">
    <skipped/>
    <system-out><![CDATA[  &amp#27;[36mAnd &amp#27;[0m&amp#27;[36mTap Button Simpan&amp#27;[0m                                                       &amp#27;[90m# null&amp#27;[0m
]]></system-out>
  </testcase>
  <testcase name="User want to edit Profile &quot;Tanggal Lahir&quot; on profile screen " classname="TC_P7" time="0">
    <error message="The step &apos;User login input valid NIK &quot;&lt;NIK&gt;&quot; and PASSWORD &quot;&lt;PASSWORD&gt;&quot;&apos; and 6 other step(s) are undefined.&#10;You can implement these steps using the snippet(s) below:&#10;&#10;@Given(&quot;User login input valid NIK {string} and PASSWORD {string}&quot;)&#10;public void user_login_input_valid_nik_and_password(String string, String string2) {&#10;    // Write code here that turns the phrase above into concrete actions&#10;    throw new io.cucumber.java.PendingException();&#10;}&#10;@When(&quot;On home screen, User tap button humbergerr&quot;)&#10;public void on_home_screen_user_tap_button_humbergerr() {&#10;    // Write code here that turns the phrase above into concrete actions&#10;    throw new io.cucumber.java.PendingException();&#10;}&#10;@When(&quot;User tap menu Profil and go to profile screen&quot;)&#10;public void user_tap_menu_profil_and_go_to_profile_screen() {&#10;    // Write code here that turns the phrase above into concrete actions&#10;    throw new io.cucumber.java.PendingException();&#10;}&#10;@When(&quot;User tap button {string}&quot;)&#10;public void user_tap_button(String string) {&#10;    // Write code here that turns the phrase above into concrete actions&#10;    throw new io.cucumber.java.PendingException();&#10;}&#10;@When(&quot;User edit Tanggl Lahir \\(beyond test date)&quot;)&#10;public void user_edit_tanggl_lahir_beyond_test_date() {&#10;    // Write code here that turns the phrase above into concrete actions&#10;    throw new io.cucumber.java.PendingException();&#10;}&#10;@When(&quot;Tap Button Simpan&quot;)&#10;public void tap_button_simpan() {&#10;    // Write code here that turns the phrase above into concrete actions&#10;    throw new io.cucumber.java.PendingException();&#10;}&#10;@Then(&quot;The date of birth will change to the date when it was edited&quot;)&#10;public void the_date_of_birth_will_change_to_the_date_when_it_was_edited() {&#10;    // Write code here that turns the phrase above into concrete actions&#10;    throw new io.cucumber.java.PendingException();&#10;}&#10;" type="io.cucumber.junit.UndefinedStepException"><![CDATA[io.cucumber.junit.UndefinedStepException: 
The step 'User login input valid NIK "<NIK>" and PASSWORD "<PASSWORD>"' and 6 other step(s) are undefined.
You can implement these steps using the snippet(s) below:

@Given("User login input valid NIK {string} and PASSWORD {string}")
public void user_login_input_valid_nik_and_password(String string, String string2) {
    // Write code here that turns the phrase above into concrete actions
    throw new io.cucumber.java.PendingException();
}
@When("On home screen, User tap button humbergerr")
public void on_home_screen_user_tap_button_humbergerr() {
    // Write code here that turns the phrase above into concrete actions
    throw new io.cucumber.java.PendingException();
}
@When("User tap menu Profil and go to profile screen")
public void user_tap_menu_profil_and_go_to_profile_screen() {
    // Write code here that turns the phrase above into concrete actions
    throw new io.cucumber.java.PendingException();
}
@When("User tap button {string}")
public void user_tap_button(String string) {
    // Write code here that turns the phrase above into concrete actions
    throw new io.cucumber.java.PendingException();
}
@When("User edit Tanggl Lahir \\(beyond test date)")
public void user_edit_tanggl_lahir_beyond_test_date() {
    // Write code here that turns the phrase above into concrete actions
    throw new io.cucumber.java.PendingException();
}
@When("Tap Button Simpan")
public void tap_button_simpan() {
    // Write code here that turns the phrase above into concrete actions
    throw new io.cucumber.java.PendingException();
}
@Then("The date of birth will change to the date when it was edited")
public void the_date_of_birth_will_change_to_the_date_when_it_was_edited() {
    // Write code here that turns the phrase above into concrete actions
    throw new io.cucumber.java.PendingException();
}

]]></error>
    <system-out><![CDATA[  &amp#27;[36mThen &amp#27;[0m&amp#27;[36mThe date of birth will change to the date when it was edited&amp#27;[0m           &amp#27;[90m# null&amp#27;[0m
]]></system-out>
  </testcase>
  <testcase name="User on login screen, tap button Daftar Sekarang(Verify if a user can&apos;t Register with a invalid Data Nama Depan with number " classname="User on login screen, tap button Daftar Sekarang(Verify if a user can&apos;t Register with a invalid Data Nama Depan with number (TC_R2))" time="26.179"/>
  <testcase name="User On Register Screen(Verify if a user can&apos;t Register with a invalid Data Nama Depan with number " classname="User On Register Screen(Verify if a user can&apos;t Register with a invalid Data Nama Depan with number (TC_R2))" time="49.57">
    <error message="Expected condition failed: waiting for presence of element located by: By.xpath: 	&#10;//android.view.View[@content-desc=&quot;Silahkan Buat Akun Anda&quot;] (tried for 20 second(s) with 500 milliseconds interval)" type="org.openqa.selenium.TimeoutException">org.openqa.selenium.TimeoutException: 
Expected condition failed: waiting for presence of element located by: By.xpath: 	
//android.view.View[@content-desc="Silahkan Buat Akun Anda"] (tried for 20 second(s) with 500 milliseconds interval)
Caused by: org.openqa.selenium.NoSuchElementException: 
An element could not be located on the page using the given search parameters.
For documentation on this error, please visit: https://www.seleniumhq.org/exceptions/no_such_element.html
Build info: version: '3.141.59', revision: 'e82be7d358', time: '2018-11-14T08:17:03'
System info: host: 'RIKOSAHETAPI', ip: '192.168.0.15', os.name: 'Windows 10', os.arch: 'amd64', os.version: '10.0', java.version: '11.0.2'
Driver info: io.appium.java_client.android.AndroidDriver
Capabilities {app: C:\Users\RICO\IdeaProjects\..., appPackage: com.example.bookingvaccine, automationName: UiAutomator2, databaseEnabled: false, desired: {app: C:\Users\RICO\IdeaProjects\..., automationName: UiAutomator2, noReset: true, platformName: android, platformVersion: 12}, deviceApiLevel: 31, deviceManufacturer: Google, deviceModel: sdk_gphone64_x86_64, deviceName: emulator-5554, deviceScreenDensity: 440, deviceScreenSize: 1080x2280, deviceUDID: emulator-5554, javascriptEnabled: true, locationContextEnabled: false, networkConnectionEnabled: true, noReset: true, pixelRatio: 2.75, platform: LINUX, platformName: Android, platformVersion: 12, statBarHeight: 83, takesScreenshot: true, viewportRect: {height: 2065, left: 0, top: 83, width: 1080}, warnings: {}, webStorageEnabled: false}
Session ID: a668bddb-2e4c-4443-a94f-cf10296a3d73
*** Element info: {Using=xpath, value=	
//android.view.View[@content-desc="Silahkan Buat Akun Anda"]}
</error>
    <system-out><![CDATA[  &amp#27;[32mGiven &amp#27;[0m&amp#27;[32mUser on login screen, tap button Daftar Sekarang&amp#27;[0m                                             &amp#27;[90m# test.automation.stepdefinitions.RegisterStep.userOnLoginScreenTapButtonDaftarSekarang()&amp#27;[0m
]]></system-out>
    <system-err><![CDATA[Jul 20, 2022 2:17:44 PM io.appium.java_client.remote.AppiumCommandExecutor$1 lambda$0
INFO: Detected dialect: W3C
]]></system-err>
  </testcase>
  <testcase name="User input invalid Nama Depan &quot;Riko6&quot; using number(Verify if a user can&apos;t Register with a invalid Data Nama Depan with number " classname="User input invalid Nama Depan &quot;Riko6&quot; using number(Verify if a user can&apos;t Register with a invalid Data Nama Depan with number (TC_R2))" time="0">
    <skipped/>
    <system-out><![CDATA[  &amp#27;[31mWhen &amp#27;[0m&amp#27;[31mUser On Register Screen&amp#27;[0m                                                                       &amp#27;[90m# test.automation.stepdefinitions.RegisterStep.userOnRegisterScreen()&amp#27;[0m
      &amp#27;[31morg.openqa.selenium.TimeoutException: Expected condition failed: waiting for presence of element located by: By.xpath: 	
//android.view.View[@content-desc="Silahkan Buat Akun Anda"] (tried for 20 second(s) with 500 milliseconds interval)
	at org.openqa.selenium.support.ui.WebDriverWait.timeoutException(WebDriverWait.java:95)
	at org.openqa.selenium.support.ui.FluentWait.until(FluentWait.java:272)
	at test.automation.pageobject.BasePageObject.waitUntilPresence(BasePageObject.java:33)
	at test.automation.pages.RegisterPage$ByteBuddy$g8QaQKNN.waitUntilPresence$accessor$5pLYM4V8(Unknown Source)
	at java.base/jdk.internal.reflect.NativeMethodAccessorImpl.invoke0(Native Method)
	at java.base/jdk.internal.reflect.NativeMethodAccessorImpl.invoke(NativeMethodAccessorImpl.java:62)
	at java.base/jdk.internal.reflect.DelegatingMethodAccessorImpl.invoke(DelegatingMethodAccessorImpl.java:43)
	at java.base/java.lang.reflect.Method.invoke(Method.java:566)
	at net.thucydides.core.steps.BaseMethodRunner.invokeMethod(BaseMethodRunner.java:18)
	at net.thucydides.core.steps.NormalMethodRunner.invokeMethodAndNotifyFailures(NormalMethodRunner.java:18)
	at net.thucydides.core.steps.StepInterceptor.runNormalMethod(StepInterceptor.java:407)
	at net.thucydides.core.steps.StepInterceptor.testStepResult(StepInterceptor.java:192)
	at net.thucydides.core.steps.StepInterceptor.intercept(StepInterceptor.java:85)
	at net.thucydides.core.steps.ProxyConfiguration$InterceptorDispatcher.intercept(ProxyConfiguration.java:51)
	at test.automation.pages.RegisterPage$ByteBuddy$g8QaQKNN.waitUntilPresence(Unknown Source)
	at test.automation.pages.RegisterPage.onRegisterScreen(RegisterPage.java:124)
	at test.automation.pages.RegisterPage$ByteBuddy$g8QaQKNN.onRegisterScreen$accessor$5pLYM4V8(Unknown Source)
	at java.base/jdk.internal.reflect.NativeMethodAccessorImpl.invoke0(Native Method)
	at java.base/jdk.internal.reflect.NativeMethodAccessorImpl.invoke(NativeMethodAccessorImpl.java:62)
	at java.base/jdk.internal.reflect.DelegatingMethodAccessorImpl.invoke(DelegatingMethodAccessorImpl.java:43)
	at java.base/java.lang.reflect.Method.invoke(Method.java:566)
	at net.thucydides.core.steps.StepInterceptor.invokeMethod(StepInterceptor.java:504)
	at net.thucydides.core.steps.StepInterceptor.executeTestStepMethod(StepInterceptor.java:484)
	at net.thucydides.core.steps.StepInterceptor.runTestStep(StepInterceptor.java:458)
	at net.thucydides.core.steps.StepInterceptor.runOrSkipMethod(StepInterceptor.java:210)
	at net.thucydides.core.steps.StepInterceptor.testStepResult(StepInterceptor.java:197)
	at net.thucydides.core.steps.StepInterceptor.intercept(StepInterceptor.java:85)
	at net.thucydides.core.steps.ProxyConfiguration$InterceptorDispatcher.intercept(ProxyConfiguration.java:51)
	at test.automation.pages.RegisterPage$ByteBuddy$g8QaQKNN.onRegisterScreen(Unknown Source)
	at test.automation.stepdefinitions.RegisterStep.userOnRegisterScreen(RegisterStep.java:28)
	at âœ½.User On Register Screen(file:///C:/Users/RICO/IdeaProjects/CapstoneMobile/src/test/resources/features/Register.feature:6)
Caused by: org.openqa.selenium.NoSuchElementException: An element could not be located on the page using the given search parameters.
For documentation on this error, please visit: https://www.seleniumhq.org/exceptions/no_such_element.html
Build info: version: '3.141.59', revision: 'e82be7d358', time: '2018-11-14T08:17:03'
System info: host: 'RIKOSAHETAPI', ip: '192.168.0.15', os.name: 'Windows 10', os.arch: 'amd64', os.version: '10.0', java.version: '11.0.2'
Driver info: io.appium.java_client.android.AndroidDriver
Capabilities {app: C:\Users\RICO\IdeaProjects\..., appPackage: com.example.bookingvaccine, automationName: UiAutomator2, databaseEnabled: false, desired: {app: C:\Users\RICO\IdeaProjects\..., automationName: UiAutomator2, noReset: true, platformName: android, platformVersion: 12}, deviceApiLevel: 31, deviceManufacturer: Google, deviceModel: sdk_gphone64_x86_64, deviceName: emulator-5554, deviceScreenDensity: 440, deviceScreenSize: 1080x2280, deviceUDID: emulator-5554, javascriptEnabled: true, locationContextEnabled: false, networkConnectionEnabled: true, noReset: true, pixelRatio: 2.75, platform: LINUX, platformName: Android, platformVersion: 12, statBarHeight: 83, takesScreenshot: true, viewportRect: {height: 2065, left: 0, top: 83, width: 1080}, warnings: {}, webStorageEnabled: false}
Session ID: a668bddb-2e4c-4443-a94f-cf10296a3d73
*** Element info: {Using=xpath, value=	
//android.view.View[@content-desc="Silahkan Buat Akun Anda"]}
	at java.base/jdk.internal.reflect.NativeConstructorAccessorImpl.newInstance0(Native Method)
	at java.base/jdk.internal.reflect.NativeConstructorAccessorImpl.newInstance(NativeConstructorAccessorImpl.java:62)
	at java.base/jdk.internal.reflect.DelegatingConstructorAccessorImpl.newInstance(DelegatingConstructorAccessorImpl.java:45)
	at java.base/java.lang.reflect.Constructor.newInstance(Constructor.java:490)
	at org.openqa.selenium.remote.http.W3CHttpResponseCodec.createException(W3CHttpResponseCodec.java:187)
	at org.openqa.selenium.remote.http.W3CHttpResponseCodec.decode(W3CHttpResponseCodec.java:122)
	at org.openqa.selenium.remote.http.W3CHttpResponseCodec.decode(W3CHttpResponseCodec.java:49)
	at org.openqa.selenium.remote.HttpCommandExecutor.execute(HttpCommandExecutor.java:158)
	at io.appium.java_client.remote.AppiumCommandExecutor.execute(AppiumCommandExecutor.java:250)
	at org.openqa.selenium.remote.RemoteWebDriver.execute(RemoteWebDriver.java:552)
	at io.appium.java_client.DefaultGenericMobileDriver.execute(DefaultGenericMobileDriver.java:41)
	at io.appium.java_client.AppiumDriver.execute(AppiumDriver.java:1)
	at io.appium.java_client.android.AndroidDriver.execute(AndroidDriver.java:1)
	at org.openqa.selenium.remote.RemoteWebDriver.findElement(RemoteWebDriver.java:323)
	at io.appium.java_client.DefaultGenericMobileDriver.findElement(DefaultGenericMobileDriver.java:61)
	at io.appium.java_client.AppiumDriver.findElement(AppiumDriver.java:1)
	at io.appium.java_client.android.AndroidDriver.findElement(AndroidDriver.java:1)
	at org.openqa.selenium.remote.RemoteWebDriver.findElementByXPath(RemoteWebDriver.java:428)
	at io.appium.java_client.DefaultGenericMobileDriver.findElementByXPath(DefaultGenericMobileDriver.java:151)
	at io.appium.java_client.AppiumDriver.findElementByXPath(AppiumDriver.java:1)
	at io.appium.java_client.android.AndroidDriver.findElementByXPath(AndroidDriver.java:1)
	at org.openqa.selenium.By$ByXPath.findElement(By.java:353)
	at org.openqa.selenium.remote.RemoteWebDriver.findElement(RemoteWebDriver.java:315)
	at io.appium.java_client.DefaultGenericMobileDriver.findElement(DefaultGenericMobileDriver.java:57)
	at io.appium.java_client.AppiumDriver.findElement(AppiumDriver.java:1)
	at io.appium.java_client.android.AndroidDriver.findElement(AndroidDriver.java:1)
	at org.openqa.selenium.support.ui.ExpectedConditions$6.apply(ExpectedConditions.java:182)
	at org.openqa.selenium.support.ui.ExpectedConditions$6.apply(ExpectedConditions.java:179)
	at org.openqa.selenium.support.ui.FluentWait.until(FluentWait.java:249)
	at test.automation.pageobject.BasePageObject.waitUntilPresence(BasePageObject.java:33)
	at test.automation.pages.RegisterPage$ByteBuddy$g8QaQKNN.waitUntilPresence$accessor$5pLYM4V8(Unknown Source)
	at java.base/jdk.internal.reflect.NativeMethodAccessorImpl.invoke0(Native Method)
	at java.base/jdk.internal.reflect.NativeMethodAccessorImpl.invoke(NativeMethodAccessorImpl.java:62)
	at java.base/jdk.internal.reflect.DelegatingMethodAccessorImpl.invoke(DelegatingMethodAccessorImpl.java:43)
	at java.base/java.lang.reflect.Method.invoke(Method.java:566)
	at net.thucydides.core.steps.BaseMethodRunner.invokeMethod(BaseMethodRunner.java:18)
	at net.thucydides.core.steps.NormalMethodRunner.invokeMethodAndNotifyFailures(NormalMethodRunner.java:18)
	at net.thucydides.core.steps.StepInterceptor.runNormalMethod(StepInterceptor.java:407)
	at net.thucydides.core.steps.StepInterceptor.testStepResult(StepInterceptor.java:192)
	at net.thucydides.core.steps.StepInterceptor.intercept(StepInterceptor.java:85)
	at net.thucydides.core.steps.ProxyConfiguration$InterceptorDispatcher.intercept(ProxyConfiguration.java:51)
	at test.automation.pages.RegisterPage$ByteBuddy$g8QaQKNN.waitUntilPresence(Unknown Source)
	at test.automation.pages.RegisterPage.onRegisterScreen(RegisterPage.java:124)
	at test.automation.pages.RegisterPage$ByteBuddy$g8QaQKNN.onRegisterScreen$accessor$5pLYM4V8(Unknown Source)
	at java.base/jdk.internal.reflect.NativeMethodAccessorImpl.invoke0(Native Method)
	at java.base/jdk.internal.reflect.NativeMethodAccessorImpl.invoke(NativeMethodAccessorImpl.java:62)
	at java.base/jdk.internal.reflect.DelegatingMethodAccessorImpl.invoke(DelegatingMethodAccessorImpl.java:43)
	at java.base/java.lang.reflect.Method.invoke(Method.java:566)
	at net.thucydides.core.steps.StepInterceptor.invokeMethod(StepInterceptor.java:504)
	at net.thucydides.core.steps.StepInterceptor.executeTestStepMethod(StepInterceptor.java:484)
	at net.thucydides.core.steps.StepInterceptor.runTestStep(StepInterceptor.java:458)
	at net.thucydides.core.steps.StepInterceptor.runOrSkipMethod(StepInterceptor.java:210)
	at net.thucydides.core.steps.StepInterceptor.testStepResult(StepInterceptor.java:197)
	at net.thucydides.core.steps.StepInterceptor.intercept(StepInterceptor.java:85)
	at net.thucydides.core.steps.ProxyConfiguration$InterceptorDispatcher.intercept(ProxyConfiguration.java:51)
	at test.automation.pages.RegisterPage$ByteBuddy$g8QaQKNN.onRegisterScreen(Unknown Source)
	at test.automation.stepdefinitions.RegisterStep.userOnRegisterScreen(RegisterStep.java:28)
	at java.base/jdk.internal.reflect.NativeMethodAccessorImpl.invoke0(Native Method)
	at java.base/jdk.internal.reflect.NativeMethodAccessorImpl.invoke(NativeMethodAccessorImpl.java:62)
	at java.base/jdk.internal.reflect.DelegatingMethodAccessorImpl.invoke(DelegatingMethodAccessorImpl.java:43)
	at java.base/java.lang.reflect.Method.invoke(Method.java:566)
	at io.cucumber.java.Invoker.doInvoke(Invoker.java:66)
	at io.cucumber.java.Invoker.invoke(Invoker.java:24)
	at io.cucumber.java.AbstractGlueDefinition.invokeMethod(AbstractGlueDefinition.java:47)
	at io.cucumber.java.JavaStepDefinition.execute(JavaStepDefinition.java:29)
	at io.cucumber.core.runner.CoreStepDefinition.execute(CoreStepDefinition.java:66)
	at io.cucumber.core.runner.PickleStepDefinitionMatch.runStep(PickleStepDefinitionMatch.java:63)
	at io.cucumber.core.runner.ExecutionMode$1.execute(ExecutionMode.java:10)
	at io.cucumber.core.runner.TestStep.executeStep(TestStep.java:92)
	at io.cucumber.core.runner.TestStep.run(TestStep.java:64)
	at io.cucumber.core.runner.PickleStepTestStep.run(PickleStepTestStep.java:51)
	at io.cucumber.core.runner.TestCase.run(TestCase.java:104)
	at io.cucumber.core.runner.Runner.runPickle(Runner.java:73)
	at io.cucumber.junit.PickleRunners$WithStepDescriptions.run(PickleRunners.java:110)
	at io.cucumber.junit.FeatureRunner.runChild(FeatureRunner.java:135)
	at io.cucumber.junit.FeatureRunner.runChild(FeatureRunner.java:27)
	at org.junit.runners.ParentRunner$4.run(ParentRunner.java:331)
	at org.junit.runners.ParentRunner$1.schedule(ParentRunner.java:79)
	at org.junit.runners.ParentRunner.runChildren(ParentRunner.java:329)
	at org.junit.runners.ParentRunner.access$100(ParentRunner.java:66)
	at org.junit.runners.ParentRunner$2.evaluate(ParentRunner.java:293)
	at org.junit.runners.ParentRunner$3.evaluate(ParentRunner.java:306)
	at org.junit.runners.ParentRunner.run(ParentRunner.java:413)
	at io.cucumber.junit.CucumberSerenityRunner.runChild(CucumberSerenityRunner.java:258)
	at io.cucumber.junit.CucumberSerenityRunner.runChild(CucumberSerenityRunner.java:57)
	at org.junit.runners.ParentRunner$4.run(ParentRunner.java:331)
	at org.junit.runners.ParentRunner$1.schedule(ParentRunner.java:79)
	at org.junit.runners.ParentRunner.runChildren(ParentRunner.java:329)
	at org.junit.runners.ParentRunner.access$100(ParentRunner.java:66)
	at org.junit.runners.ParentRunner$2.evaluate(ParentRunner.java:293)
	at io.cucumber.junit.CucumberSerenityRunner$RunCucumber.evaluate(CucumberSerenityRunner.java:286)
	at org.junit.runners.ParentRunner$3.evaluate(ParentRunner.java:306)
	at org.junit.runners.ParentRunner.run(ParentRunner.java:413)
	at org.apache.maven.surefire.junit4.JUnit4Provider.execute(JUnit4Provider.java:367)
	at org.apache.maven.surefire.junit4.JUnit4Provider.executeWithRerun(JUnit4Provider.java:274)
	at org.apache.maven.surefire.junit4.JUnit4Provider.executeTestSet(JUnit4Provider.java:238)
	at org.apache.maven.surefire.junit4.JUnit4Provider.invoke(JUnit4Provider.java:161)
	at org.apache.maven.surefire.booter.ForkedBooter.invokeProviderInSameClassLoader(ForkedBooter.java:290)
	at org.apache.maven.surefire.booter.ForkedBooter.runSuitesInProcess(ForkedBooter.java:242)
	at org.apache.maven.surefire.booter.ForkedBooter.main(ForkedBooter.java:121)
&amp#27;[0m
]]></system-out>
  </testcase>
  <testcase name="User ceklis checkbox &quot;Saya telah menyetujui kebijakan privasi yang berlaku&quot;(Verify if a user can&apos;t Register with a invalid Data Nama Depan with number " classname="User ceklis checkbox &quot;Saya telah menyetujui kebijakan privasi yang berlaku&quot;(Verify if a user can&apos;t Register with a invalid Data Nama Depan with number (TC_R2))" time="0">
    <skipped/>
    <system-out><![CDATA[  &amp#27;[36mAnd &amp#27;[0m&amp#27;[36mUser input invalid Nama Depan &amp#27;[0m&amp#27;[36m&amp#27;[1m"Riko6"&amp#27;[0m&amp#27;[36m using number&amp#27;[0m                                             &amp#27;[90m# test.automation.stepdefinitions.RegisterStep.userInputInvalidNamaDepanUsingNumber(java.lang.String)&amp#27;[0m
]]></system-out>
  </testcase>
  <testcase name="User tap button Daftar-Sekarang(Verify if a user can&apos;t Register with a invalid Data Nama Depan with number " classname="User tap button Daftar-Sekarang(Verify if a user can&apos;t Register with a invalid Data Nama Depan with number (TC_R2))" time="0">
    <skipped/>
    <system-out><![CDATA[  &amp#27;[36mAnd &amp#27;[0m&amp#27;[36mUser ceklis checkbox &amp#27;[0m&amp#27;[36m&amp#27;[1m"Saya telah menyetujui kebijakan privasi yang berlaku"&amp#27;[0m                    &amp#27;[90m# test.automation.stepdefinitions.RegisterStep.userCeklisCheckbox(java.lang.String)&amp#27;[0m
]]></system-out>
  </testcase>
  <testcase name="Can not enter Nama Depan using number(Verify if a user can&apos;t Register with a invalid Data Nama Depan with number " classname="Can not enter Nama Depan using number(Verify if a user can&apos;t Register with a invalid Data Nama Depan with number (TC_R2))" time="0">
    <skipped/>
    <system-out><![CDATA[  &amp#27;[36mAnd &amp#27;[0m&amp#27;[36mUser tap button Daftar-Sekarang&amp#27;[0m                                                                &amp#27;[90m# test.automation.stepdefinitions.RegisterStep.userTapbuttonn(java.lang.String)&amp#27;[0m
]]></system-out>
  </testcase>
  <testcase name="Verify if a user can&apos;t Register with a invalid Data Nama Depan with number " classname="TC_R2" time="0.001">
    <error message="Expected condition failed: waiting for presence of element located by: By.xpath: 	&#10;//android.view.View[@content-desc=&quot;Silahkan Buat Akun Anda&quot;] (tried for 20 second(s) with 500 milliseconds interval)" type="org.openqa.selenium.TimeoutException">org.openqa.selenium.TimeoutException: 
Expected condition failed: waiting for presence of element located by: By.xpath: 	
//android.view.View[@content-desc="Silahkan Buat Akun Anda"] (tried for 20 second(s) with 500 milliseconds interval)
Caused by: org.openqa.selenium.NoSuchElementException: 
An element could not be located on the page using the given search parameters.
For documentation on this error, please visit: https://www.seleniumhq.org/exceptions/no_such_element.html
Build info: version: '3.141.59', revision: 'e82be7d358', time: '2018-11-14T08:17:03'
System info: host: 'RIKOSAHETAPI', ip: '192.168.0.15', os.name: 'Windows 10', os.arch: 'amd64', os.version: '10.0', java.version: '11.0.2'
Driver info: io.appium.java_client.android.AndroidDriver
Capabilities {app: C:\Users\RICO\IdeaProjects\..., appPackage: com.example.bookingvaccine, automationName: UiAutomator2, databaseEnabled: false, desired: {app: C:\Users\RICO\IdeaProjects\..., automationName: UiAutomator2, noReset: true, platformName: android, platformVersion: 12}, deviceApiLevel: 31, deviceManufacturer: Google, deviceModel: sdk_gphone64_x86_64, deviceName: emulator-5554, deviceScreenDensity: 440, deviceScreenSize: 1080x2280, deviceUDID: emulator-5554, javascriptEnabled: true, locationContextEnabled: false, networkConnectionEnabled: true, noReset: true, pixelRatio: 2.75, platform: LINUX, platformName: Android, platformVersion: 12, statBarHeight: 83, takesScreenshot: true, viewportRect: {height: 2065, left: 0, top: 83, width: 1080}, warnings: {}, webStorageEnabled: false}
Session ID: a668bddb-2e4c-4443-a94f-cf10296a3d73
*** Element info: {Using=xpath, value=	
//android.view.View[@content-desc="Silahkan Buat Akun Anda"]}
</error>
    <system-out><![CDATA[  &amp#27;[36mThen &amp#27;[0m&amp#27;[36mCan not enter Nama Depan using number&amp#27;[0m                                                         &amp#27;[90m# test.automation.stepdefinitions.RegisterStep.canNotEnterNamaDepanUsingNumber()&amp#27;[0m
]]></system-out>
  </testcase>
  <testcase name="User on login screen, tap button Daftar Sekarang(Verify if a user can&apos;t Register with a invalid Data Nama Depan with simbol " classname="User on login screen, tap button Daftar Sekarang(Verify if a user can&apos;t Register with a invalid Data Nama Depan with simbol (TC_R3))" time="30.773">
    <error message="Unable to create a new remote session. Please check the server log for more details. Original error: An unknown server-side error occurred while processing the command. Original error: Cannot start the &apos;com.example.bookingvaccine&apos; application. Visit https://github.com/appium/appium/blob/master/docs/en/writing-running-appium/android/activity-startup.md for troubleshooting. Original error: &apos;com.example.bookingvaccine.MainActivity&apos; or &apos;com.example.bookingvaccine.com.example.bookingvaccine.MainActivity&apos; never started. Visit https://github.com/appium/appium/blob/master/docs/en/writing-running-appium/android/activity-startup.md for troubleshooting&#10;Build info: version: &apos;3.141.59&apos;, revision: &apos;e82be7d358&apos;, time: &apos;2018-11-14T08:17:03&apos;&#10;System info: host: &apos;RIKOSAHETAPI&apos;, ip: &apos;192.168.0.15&apos;, os.name: &apos;Windows 10&apos;, os.arch: &apos;amd64&apos;, os.version: &apos;10.0&apos;, java.version: &apos;11.0.2&apos;&#10;Driver info: driver.version: AndroidDriver&#10;remote stacktrace: UnknownError: An unknown server-side error occurred while processing the command. Original error: Cannot start the &apos;com.example.bookingvaccine&apos; application. Visit https://github.com/appium/appium/blob/master/docs/en/writing-running-appium/android/activity-startup.md for troubleshooting. Original error: &apos;com.example.bookingvaccine.MainActivity&apos; or &apos;com.example.bookingvaccine.com.example.bookingvaccine.MainActivity&apos; never started. Visit https://github.com/appium/appium/blob/master/docs/en/writing-running-appium/android/activity-startup.md for troubleshooting&#10;    at getResponseForW3CError (C:\Users\RICO\AppData\Roaming\npm\node_modules\appium\node_modules\appium-base-driver\lib\protocol\errors.js:804:9)&#10;    at asyncHandler (C:\Users\RICO\AppData\Roaming\npm\node_modules\appium\node_modules\appium-base-driver\lib\protocol\protocol.js:380:37)&#10;Build info: version: &apos;3.141.59&apos;, revision: &apos;e82be7d358&apos;, time: &apos;2018-11-14T08:17:03&apos;&#10;System info: host: &apos;RIKOSAHETAPI&apos;, ip: &apos;192.168.0.15&apos;, os.name: &apos;Windows 10&apos;, os.arch: &apos;amd64&apos;, os.version: &apos;10.0&apos;, java.version: &apos;11.0.2&apos;&#10;Driver info: driver.version: AndroidDriver" type="org.openqa.selenium.SessionNotCreatedException">org.openqa.selenium.SessionNotCreatedException: 
Unable to create a new remote session. Please check the server log for more details. Original error: An unknown server-side error occurred while processing the command. Original error: Cannot start the 'com.example.bookingvaccine' application. Visit https://github.com/appium/appium/blob/master/docs/en/writing-running-appium/android/activity-startup.md for troubleshooting. Original error: 'com.example.bookingvaccine.MainActivity' or 'com.example.bookingvaccine.com.example.bookingvaccine.MainActivity' never started. Visit https://github.com/appium/appium/blob/master/docs/en/writing-running-appium/android/activity-startup.md for troubleshooting
Build info: version: '3.141.59', revision: 'e82be7d358', time: '2018-11-14T08:17:03'
System info: host: 'RIKOSAHETAPI', ip: '192.168.0.15', os.name: 'Windows 10', os.arch: 'amd64', os.version: '10.0', java.version: '11.0.2'
Driver info: driver.version: AndroidDriver
remote stacktrace: UnknownError: An unknown server-side error occurred while processing the command. Original error: Cannot start the 'com.example.bookingvaccine' application. Visit https://github.com/appium/appium/blob/master/docs/en/writing-running-appium/android/activity-startup.md for troubleshooting. Original error: 'com.example.bookingvaccine.MainActivity' or 'com.example.bookingvaccine.com.example.bookingvaccine.MainActivity' never started. Visit https://github.com/appium/appium/blob/master/docs/en/writing-running-appium/android/activity-startup.md for troubleshooting
    at getResponseForW3CError (C:\Users\RICO\AppData\Roaming\npm\node_modules\appium\node_modules\appium-base-driver\lib\protocol\errors.js:804:9)
    at asyncHandler (C:\Users\RICO\AppData\Roaming\npm\node_modules\appium\node_modules\appium-base-driver\lib\protocol\protocol.js:380:37)
Build info: version: '3.141.59', revision: 'e82be7d358', time: '2018-11-14T08:17:03'
System info: host: 'RIKOSAHETAPI', ip: '192.168.0.15', os.name: 'Windows 10', os.arch: 'amd64', os.version: '10.0', java.version: '11.0.2'
Driver info: driver.version: AndroidDriver
Caused by: java.lang.reflect.InvocationTargetException
Caused by: org.openqa.selenium.WebDriverException: 
An unknown server-side error occurred while processing the command. Original error: Cannot start the 'com.example.bookingvaccine' application. Visit https://github.com/appium/appium/blob/master/docs/en/writing-running-appium/android/activity-startup.md for troubleshooting. Original error: 'com.example.bookingvaccine.MainActivity' or 'com.example.bookingvaccine.com.example.bookingvaccine.MainActivity' never started. Visit https://github.com/appium/appium/blob/master/docs/en/writing-running-appium/android/activity-startup.md for troubleshooting
Build info: version: '3.141.59', revision: 'e82be7d358', time: '2018-11-14T08:17:03'
System info: host: 'RIKOSAHETAPI', ip: '192.168.0.15', os.name: 'Windows 10', os.arch: 'amd64', os.version: '10.0', java.version: '11.0.2'
Driver info: driver.version: AndroidDriver
remote stacktrace: UnknownError: An unknown server-side error occurred while processing the command. Original error: Cannot start the 'com.example.bookingvaccine' application. Visit https://github.com/appium/appium/blob/master/docs/en/writing-running-appium/android/activity-startup.md for troubleshooting. Original error: 'com.example.bookingvaccine.MainActivity' or 'com.example.bookingvaccine.com.example.bookingvaccine.MainActivity' never started. Visit https://github.com/appium/appium/blob/master/docs/en/writing-running-appium/android/activity-startup.md for troubleshooting
    at getResponseForW3CError (C:\Users\RICO\AppData\Roaming\npm\node_modules\appium\node_modules\appium-base-driver\lib\protocol\errors.js:804:9)
    at asyncHandler (C:\Users\RICO\AppData\Roaming\npm\node_modules\appium\node_modules\appium-base-driver\lib\protocol\protocol.js:380:37)
</error>
    <system-out><![CDATA[
@Register
Scenario Outline: Verify if a user can't Register with a invalid Data Nama Depan with simbol (TC_R3) &amp#27;[90m# src/test/resources/features/Register.feature:32&amp#27;[0m
]]></system-out>
    <system-err><![CDATA[[main] ERROR  - 
  _____   ___   ___   _____     ___   ___   ___    ___    ___ 
 |_   _| | __| / __| |_   _|   | __| | _ \ | _ \  / _ \  | _ \
   | |   | _|  \__ \   | |     | _|  |   / |   / | (_) | |   /
   |_|   |___| |___/   |_|     |___| |_|_\ |_|_\  \___/  |_|_\

Verify if a user can't Register with a invalid Data Nama Depan with number (TC_R2)
---------------------------------------------------------------
[main] ERROR  -     Test failed at step: Wait until presence: By.xpath: //android.view.View[@content-desc="Silahkan Buat Akun Anda"]
[main] ERROR  -     An element could not be located on the page using the given search parameters.
[main] INFO io.cucumber.core.plugin.SerenityReporter - Running feature from file:///C:/Users/RICO/IdeaProjects/CapstoneMobile/src/test/resources/features/Register.feature
[main] INFO  - 
  _____   ___   ___   _____     ___   _____     _     ___   _____   ___   ___  
 |_   _| | __| / __| |_   _|   / __| |_   _|   /_\   | _ \ |_   _| | __| |   \ 
   | |   | _|  \__ \   | |     \__ \   | |    / _ \  |   /   | |   | _|  | |) |
   |_|   |___| |___/   |_|     |___/   |_|   /_/ \_\ |_|_\   |_|   |___| |___/ 

Verify if a user can't Register with a invalid Data Nama Depan with simbol (TC_R3)(register;verify-if-a-user-can-t-register-with-a-invalid-data-nama-depan-with-simbol-(tc-r3))
--------------------------------------------------------------------------------
]]></system-err>
  </testcase>
  <testcase name="User On Register Screen(Verify if a user can&apos;t Register with a invalid Data Nama Depan with simbol " classname="User On Register Screen(Verify if a user can&apos;t Register with a invalid Data Nama Depan with simbol (TC_R3))" time="0">
    <skipped/>
    <system-out><![CDATA[  &amp#27;[31mGiven &amp#27;[0m&amp#27;[31mUser on login screen, tap button Daftar Sekarang&amp#27;[0m                                             &amp#27;[90m# test.automation.stepdefinitions.RegisterStep.userOnLoginScreenTapButtonDaftarSekarang()&amp#27;[0m
      &amp#27;[31morg.openqa.selenium.SessionNotCreatedException: Unable to create a new remote session. Please check the server log for more details. Original error: An unknown server-side error occurred while processing the command. Original error: Cannot start the 'com.example.bookingvaccine' application. Visit https://github.com/appium/appium/blob/master/docs/en/writing-running-appium/android/activity-startup.md for troubleshooting. Original error: 'com.example.bookingvaccine.MainActivity' or 'com.example.bookingvaccine.com.example.bookingvaccine.MainActivity' never started. Visit https://github.com/appium/appium/blob/master/docs/en/writing-running-appium/android/activity-startup.md for troubleshooting
Build info: version: '3.141.59', revision: 'e82be7d358', time: '2018-11-14T08:17:03'
System info: host: 'RIKOSAHETAPI', ip: '192.168.0.15', os.name: 'Windows 10', os.arch: 'amd64', os.version: '10.0', java.version: '11.0.2'
Driver info: driver.version: AndroidDriver
remote stacktrace: UnknownError: An unknown server-side error occurred while processing the command. Original error: Cannot start the 'com.example.bookingvaccine' application. Visit https://github.com/appium/appium/blob/master/docs/en/writing-running-appium/android/activity-startup.md for troubleshooting. Original error: 'com.example.bookingvaccine.MainActivity' or 'com.example.bookingvaccine.com.example.bookingvaccine.MainActivity' never started. Visit https://github.com/appium/appium/blob/master/docs/en/writing-running-appium/android/activity-startup.md for troubleshooting
    at getResponseForW3CError (C:\Users\RICO\AppData\Roaming\npm\node_modules\appium\node_modules\appium-base-driver\lib\protocol\errors.js:804:9)
    at asyncHandler (C:\Users\RICO\AppData\Roaming\npm\node_modules\appium\node_modules\appium-base-driver\lib\protocol\protocol.js:380:37)
Build info: version: '3.141.59', revision: 'e82be7d358', time: '2018-11-14T08:17:03'
System info: host: 'RIKOSAHETAPI', ip: '192.168.0.15', os.name: 'Windows 10', os.arch: 'amd64', os.version: '10.0', java.version: '11.0.2'
Driver info: driver.version: AndroidDriver
	at io.appium.java_client.remote.AppiumCommandExecutor$1.createSession(AppiumCommandExecutor.java:216)
	at io.appium.java_client.remote.AppiumCommandExecutor.createSession(AppiumCommandExecutor.java:225)
	at io.appium.java_client.remote.AppiumCommandExecutor.execute(AppiumCommandExecutor.java:250)
	at org.openqa.selenium.remote.RemoteWebDriver.execute(RemoteWebDriver.java:552)
	at io.appium.java_client.DefaultGenericMobileDriver.execute(DefaultGenericMobileDriver.java:41)
	at io.appium.java_client.AppiumDriver.execute(AppiumDriver.java:1)
	at io.appium.java_client.android.AndroidDriver.execute(AndroidDriver.java:1)
	at org.openqa.selenium.remote.RemoteWebDriver.startSession(RemoteWebDriver.java:213)
	at io.appium.java_client.AppiumDriver.startSession(AppiumDriver.java:363)
	at org.openqa.selenium.remote.RemoteWebDriver.<init>(RemoteWebDriver.java:131)
	at io.appium.java_client.DefaultGenericMobileDriver.<init>(DefaultGenericMobileDriver.java:37)
	at io.appium.java_client.AppiumDriver.<init>(AppiumDriver.java:89)
	at io.appium.java_client.AppiumDriver.<init>(AppiumDriver.java:99)
	at io.appium.java_client.android.AndroidDriver.<init>(AndroidDriver.java:97)
	at test.automation.driver.AndroidDriverPool.create(AndroidDriverPool.java:29)
	at test.automation.pageobject.BasePageObject.getDriver(BasePageObject.java:17)
	at test.automation.pages.LoginPage$ByteBuddy$koz9TWwr.getDriver$accessor$NQmjXeJP(Unknown Source)
	at jdk.internal.reflect.GeneratedMethodAccessor15.invoke(Unknown Source)
	at java.base/jdk.internal.reflect.DelegatingMethodAccessorImpl.invoke(DelegatingMethodAccessorImpl.java:43)
	at java.base/java.lang.reflect.Method.invoke(Method.java:566)
	at net.thucydides.core.steps.BaseMethodRunner.invokeMethod(BaseMethodRunner.java:18)
	at net.thucydides.core.steps.NormalMethodRunner.invokeMethodAndNotifyFailures(NormalMethodRunner.java:18)
	at net.thucydides.core.steps.StepInterceptor.runNormalMethod(StepInterceptor.java:407)
	at net.thucydides.core.steps.StepInterceptor.testStepResult(StepInterceptor.java:192)
	at net.thucydides.core.steps.StepInterceptor.intercept(StepInterceptor.java:85)
	at net.thucydides.core.steps.ProxyConfiguration$InterceptorDispatcher.intercept(ProxyConfiguration.java:51)
	at test.automation.pages.LoginPage$ByteBuddy$koz9TWwr.getDriver(Unknown Source)
	at test.automation.pageobject.BasePageObject.onWait(BasePageObject.java:23)
	at test.automation.pages.LoginPage$ByteBuddy$koz9TWwr.onWait$accessor$NQmjXeJP(Unknown Source)
	at jdk.internal.reflect.GeneratedMethodAccessor14.invoke(Unknown Source)
	at java.base/jdk.internal.reflect.DelegatingMethodAccessorImpl.invoke(DelegatingMethodAccessorImpl.java:43)
	at java.base/java.lang.reflect.Method.invoke(Method.java:566)
	at net.thucydides.core.steps.BaseMethodRunner.invokeMethod(BaseMethodRunner.java:18)
	at net.thucydides.core.steps.NormalMethodRunner.invokeMethodAndNotifyFailures(NormalMethodRunner.java:18)
	at net.thucydides.core.steps.StepInterceptor.runNormalMethod(StepInterceptor.java:407)
	at net.thucydides.core.steps.StepInterceptor.testStepResult(StepInterceptor.java:192)
	at net.thucydides.core.steps.StepInterceptor.intercept(StepInterceptor.java:85)
	at net.thucydides.core.steps.ProxyConfiguration$InterceptorDispatcher.intercept(ProxyConfiguration.java:51)
	at test.automation.pages.LoginPage$ByteBuddy$koz9TWwr.onWait(Unknown Source)
	at test.automation.pageobject.BasePageObject.waitUntilPresence(BasePageObject.java:33)
	at test.automation.pages.LoginPage$ByteBuddy$koz9TWwr.waitUntilPresence$accessor$NQmjXeJP(Unknown Source)
	at java.base/jdk.internal.reflect.NativeMethodAccessorImpl.invoke0(Native Method)
	at java.base/jdk.internal.reflect.NativeMethodAccessorImpl.invoke(NativeMethodAccessorImpl.java:62)
	at java.base/jdk.internal.reflect.DelegatingMethodAccessorImpl.invoke(DelegatingMethodAccessorImpl.java:43)
	at java.base/java.lang.reflect.Method.invoke(Method.java:566)
	at net.thucydides.core.steps.BaseMethodRunner.invokeMethod(BaseMethodRunner.java:18)
	at net.thucydides.core.steps.NormalMethodRunner.invokeMethodAndNotifyFailures(NormalMethodRunner.java:18)
	at net.thucydides.core.steps.StepInterceptor.runNormalMethod(StepInterceptor.java:407)
	at net.thucydides.core.steps.StepInterceptor.testStepResult(StepInterceptor.java:192)
	at net.thucydides.core.steps.StepInterceptor.intercept(StepInterceptor.java:85)
	at net.thucydides.core.steps.ProxyConfiguration$InterceptorDispatcher.intercept(ProxyConfiguration.java:51)
	at test.automation.pages.LoginPage$ByteBuddy$koz9TWwr.waitUntilPresence(Unknown Source)
	at test.automation.pages.LoginPage.onLoginScreen(LoginPage.java:44)
	at test.automation.pages.LoginPage$ByteBuddy$koz9TWwr.onLoginScreen$accessor$NQmjXeJP(Unknown Source)
	at java.base/jdk.internal.reflect.NativeMethodAccessorImpl.invoke0(Native Method)
	at java.base/jdk.internal.reflect.NativeMethodAccessorImpl.invoke(NativeMethodAccessorImpl.java:62)
	at java.base/jdk.internal.reflect.DelegatingMethodAccessorImpl.invoke(DelegatingMethodAccessorImpl.java:43)
	at java.base/java.lang.reflect.Method.invoke(Method.java:566)
	at net.thucydides.core.steps.StepInterceptor.invokeMethod(StepInterceptor.java:504)
	at net.thucydides.core.steps.StepInterceptor.executeTestStepMethod(StepInterceptor.java:484)
	at net.thucydides.core.steps.StepInterceptor.runTestStep(StepInterceptor.java:458)
	at net.thucydides.core.steps.StepInterceptor.runOrSkipMethod(StepInterceptor.java:210)
	at net.thucydides.core.steps.StepInterceptor.testStepResult(StepInterceptor.java:197)
	at net.thucydides.core.steps.StepInterceptor.intercept(StepInterceptor.java:85)
	at net.thucydides.core.steps.ProxyConfiguration$InterceptorDispatcher.intercept(ProxyConfiguration.java:51)
	at test.automation.pages.LoginPage$ByteBuddy$koz9TWwr.onLoginScreen(Unknown Source)
	at test.automation.stepdefinitions.RegisterStep.userOnLoginScreenTapButtonDaftarSekarang(RegisterStep.java:21)
	at âœ½.User on login screen, tap button Daftar Sekarang(file:///C:/Users/RICO/IdeaProjects/CapstoneMobile/src/test/resources/features/Register.feature:5)
Caused by: java.lang.reflect.InvocationTargetException
	at java.base/jdk.internal.reflect.NativeMethodAccessorImpl.invoke0(Native Method)
	at java.base/jdk.internal.reflect.NativeMethodAccessorImpl.invoke(NativeMethodAccessorImpl.java:62)
	at java.base/jdk.internal.reflect.DelegatingMethodAccessorImpl.invoke(DelegatingMethodAccessorImpl.java:43)
	at java.base/java.lang.reflect.Method.invoke(Method.java:566)
	at io.appium.java_client.remote.AppiumCommandExecutor$1.createSession(AppiumCommandExecutor.java:193)
	at io.appium.java_client.remote.AppiumCommandExecutor.createSession(AppiumCommandExecutor.java:225)
	at io.appium.java_client.remote.AppiumCommandExecutor.execute(AppiumCommandExecutor.java:250)
	at org.openqa.selenium.remote.RemoteWebDriver.execute(RemoteWebDriver.java:552)
	at io.appium.java_client.DefaultGenericMobileDriver.execute(DefaultGenericMobileDriver.java:41)
	at io.appium.java_client.AppiumDriver.execute(AppiumDriver.java:1)
	at io.appium.java_client.android.AndroidDriver.execute(AndroidDriver.java:1)
	at org.openqa.selenium.remote.RemoteWebDriver.startSession(RemoteWebDriver.java:213)
	at io.appium.java_client.AppiumDriver.startSession(AppiumDriver.java:363)
	at org.openqa.selenium.remote.RemoteWebDriver.<init>(RemoteWebDriver.java:131)
	at io.appium.java_client.DefaultGenericMobileDriver.<init>(DefaultGenericMobileDriver.java:37)
	at io.appium.java_client.AppiumDriver.<init>(AppiumDriver.java:89)
	at io.appium.java_client.AppiumDriver.<init>(AppiumDriver.java:99)
	at io.appium.java_client.android.AndroidDriver.<init>(AndroidDriver.java:97)
	at test.automation.driver.AndroidDriverPool.create(AndroidDriverPool.java:29)
	at test.automation.pageobject.BasePageObject.getDriver(BasePageObject.java:17)
	at test.automation.pages.LoginPage$ByteBuddy$koz9TWwr.getDriver$accessor$NQmjXeJP(Unknown Source)
	at jdk.internal.reflect.GeneratedMethodAccessor15.invoke(Unknown Source)
	at java.base/jdk.internal.reflect.DelegatingMethodAccessorImpl.invoke(DelegatingMethodAccessorImpl.java:43)
	at java.base/java.lang.reflect.Method.invoke(Method.java:566)
	at net.thucydides.core.steps.BaseMethodRunner.invokeMethod(BaseMethodRunner.java:18)
	at net.thucydides.core.steps.NormalMethodRunner.invokeMethodAndNotifyFailures(NormalMethodRunner.java:18)
	at net.thucydides.core.steps.StepInterceptor.runNormalMethod(StepInterceptor.java:407)
	at net.thucydides.core.steps.StepInterceptor.testStepResult(StepInterceptor.java:192)
	at net.thucydides.core.steps.StepInterceptor.intercept(StepInterceptor.java:85)
	at net.thucydides.core.steps.ProxyConfiguration$InterceptorDispatcher.intercept(ProxyConfiguration.java:51)
	at test.automation.pages.LoginPage$ByteBuddy$koz9TWwr.getDriver(Unknown Source)
	at test.automation.pageobject.BasePageObject.onWait(BasePageObject.java:23)
	at test.automation.pages.LoginPage$ByteBuddy$koz9TWwr.onWait$accessor$NQmjXeJP(Unknown Source)
	at jdk.internal.reflect.GeneratedMethodAccessor14.invoke(Unknown Source)
	at java.base/jdk.internal.reflect.DelegatingMethodAccessorImpl.invoke(DelegatingMethodAccessorImpl.java:43)
	at java.base/java.lang.reflect.Method.invoke(Method.java:566)
	at net.thucydides.core.steps.BaseMethodRunner.invokeMethod(BaseMethodRunner.java:18)
	at net.thucydides.core.steps.NormalMethodRunner.invokeMethodAndNotifyFailures(NormalMethodRunner.java:18)
	at net.thucydides.core.steps.StepInterceptor.runNormalMethod(StepInterceptor.java:407)
	at net.thucydides.core.steps.StepInterceptor.testStepResult(StepInterceptor.java:192)
	at net.thucydides.core.steps.StepInterceptor.intercept(StepInterceptor.java:85)
	at net.thucydides.core.steps.ProxyConfiguration$InterceptorDispatcher.intercept(ProxyConfiguration.java:51)
	at test.automation.pages.LoginPage$ByteBuddy$koz9TWwr.onWait(Unknown Source)
	at test.automation.pageobject.BasePageObject.waitUntilPresence(BasePageObject.java:33)
	at test.automation.pages.LoginPage$ByteBuddy$koz9TWwr.waitUntilPresence$accessor$NQmjXeJP(Unknown Source)
	at java.base/jdk.internal.reflect.NativeMethodAccessorImpl.invoke0(Native Method)
	at java.base/jdk.internal.reflect.NativeMethodAccessorImpl.invoke(NativeMethodAccessorImpl.java:62)
	at java.base/jdk.internal.reflect.DelegatingMethodAccessorImpl.invoke(DelegatingMethodAccessorImpl.java:43)
	at java.base/java.lang.reflect.Method.invoke(Method.java:566)
	at net.thucydides.core.steps.BaseMethodRunner.invokeMethod(BaseMethodRunner.java:18)
	at net.thucydides.core.steps.NormalMethodRunner.invokeMethodAndNotifyFailures(NormalMethodRunner.java:18)
	at net.thucydides.core.steps.StepInterceptor.runNormalMethod(StepInterceptor.java:407)
	at net.thucydides.core.steps.StepInterceptor.testStepResult(StepInterceptor.java:192)
	at net.thucydides.core.steps.StepInterceptor.intercept(StepInterceptor.java:85)
	at net.thucydides.core.steps.ProxyConfiguration$InterceptorDispatcher.intercept(ProxyConfiguration.java:51)
	at test.automation.pages.LoginPage$ByteBuddy$koz9TWwr.waitUntilPresence(Unknown Source)
	at test.automation.pages.LoginPage.onLoginScreen(LoginPage.java:44)
	at test.automation.pages.LoginPage$ByteBuddy$koz9TWwr.onLoginScreen$accessor$NQmjXeJP(Unknown Source)
	at java.base/jdk.internal.reflect.NativeMethodAccessorImpl.invoke0(Native Method)
	at java.base/jdk.internal.reflect.NativeMethodAccessorImpl.invoke(NativeMethodAccessorImpl.java:62)
	at java.base/jdk.internal.reflect.DelegatingMethodAccessorImpl.invoke(DelegatingMethodAccessorImpl.java:43)
	at java.base/java.lang.reflect.Method.invoke(Method.java:566)
	at net.thucydides.core.steps.StepInterceptor.invokeMethod(StepInterceptor.java:504)
	at net.thucydides.core.steps.StepInterceptor.executeTestStepMethod(StepInterceptor.java:484)
	at net.thucydides.core.steps.StepInterceptor.runTestStep(StepInterceptor.java:458)
	at net.thucydides.core.steps.StepInterceptor.runOrSkipMethod(StepInterceptor.java:210)
	at net.thucydides.core.steps.StepInterceptor.testStepResult(StepInterceptor.java:197)
	at net.thucydides.core.steps.StepInterceptor.intercept(StepInterceptor.java:85)
	at net.thucydides.core.steps.ProxyConfiguration$InterceptorDispatcher.intercept(ProxyConfiguration.java:51)
	at test.automation.pages.LoginPage$ByteBuddy$koz9TWwr.onLoginScreen(Unknown Source)
	at test.automation.stepdefinitions.RegisterStep.userOnLoginScreenTapButtonDaftarSekarang(RegisterStep.java:21)
	at java.base/jdk.internal.reflect.NativeMethodAccessorImpl.invoke0(Native Method)
	at java.base/jdk.internal.reflect.NativeMethodAccessorImpl.invoke(NativeMethodAccessorImpl.java:62)
	at java.base/jdk.internal.reflect.DelegatingMethodAccessorImpl.invoke(DelegatingMethodAccessorImpl.java:43)
	at java.base/java.lang.reflect.Method.invoke(Method.java:566)
	at io.cucumber.java.Invoker.doInvoke(Invoker.java:66)
	at io.cucumber.java.Invoker.invoke(Invoker.java:24)
	at io.cucumber.java.AbstractGlueDefinition.invokeMethod(AbstractGlueDefinition.java:47)
	at io.cucumber.java.JavaStepDefinition.execute(JavaStepDefinition.java:29)
	at io.cucumber.core.runner.CoreStepDefinition.execute(CoreStepDefinition.java:66)
	at io.cucumber.core.runner.PickleStepDefinitionMatch.runStep(PickleStepDefinitionMatch.java:63)
	at io.cucumber.core.runner.ExecutionMode$1.execute(ExecutionMode.java:10)
	at io.cucumber.core.runner.TestStep.executeStep(TestStep.java:92)
	at io.cucumber.core.runner.TestStep.run(TestStep.java:64)
	at io.cucumber.core.runner.PickleStepTestStep.run(PickleStepTestStep.java:51)
	at io.cucumber.core.runner.TestCase.run(TestCase.java:104)
	at io.cucumber.core.runner.Runner.runPickle(Runner.java:73)
	at io.cucumber.junit.PickleRunners$WithStepDescriptions.run(PickleRunners.java:110)
	at io.cucumber.junit.FeatureRunner.runChild(FeatureRunner.java:135)
	at io.cucumber.junit.FeatureRunner.runChild(FeatureRunner.java:27)
	at org.junit.runners.ParentRunner$4.run(ParentRunner.java:331)
	at org.junit.runners.ParentRunner$1.schedule(ParentRunner.java:79)
	at org.junit.runners.ParentRunner.runChildren(ParentRunner.java:329)
	at org.junit.runners.ParentRunner.access$100(ParentRunner.java:66)
	at org.junit.runners.ParentRunner$2.evaluate(ParentRunner.java:293)
	at org.junit.runners.ParentRunner$3.evaluate(ParentRunner.java:306)
	at org.junit.runners.ParentRunner.run(ParentRunner.java:413)
	at io.cucumber.junit.CucumberSerenityRunner.runChild(CucumberSerenityRunner.java:258)
	at io.cucumber.junit.CucumberSerenityRunner.runChild(CucumberSerenityRunner.java:57)
	at org.junit.runners.ParentRunner$4.run(ParentRunner.java:331)
	at org.junit.runners.ParentRunner$1.schedule(ParentRunner.java:79)
	at org.junit.runners.ParentRunner.runChildren(ParentRunner.java:329)
	at org.junit.runners.ParentRunner.access$100(ParentRunner.java:66)
	at org.junit.runners.ParentRunner$2.evaluate(ParentRunner.java:293)
	at io.cucumber.junit.CucumberSerenityRunner$RunCucumber.evaluate(CucumberSerenityRunner.java:286)
	at org.junit.runners.ParentRunner$3.evaluate(ParentRunner.java:306)
	at org.junit.runners.ParentRunner.run(ParentRunner.java:413)
	at org.apache.maven.surefire.junit4.JUnit4Provider.execute(JUnit4Provider.java:367)
	at org.apache.maven.surefire.junit4.JUnit4Provider.executeWithRerun(JUnit4Provider.java:274)
	at org.apache.maven.surefire.junit4.JUnit4Provider.executeTestSet(JUnit4Provider.java:238)
	at org.apache.maven.surefire.junit4.JUnit4Provider.invoke(JUnit4Provider.java:161)
	at org.apache.maven.surefire.booter.ForkedBooter.invokeProviderInSameClassLoader(ForkedBooter.java:290)
	at org.apache.maven.surefire.booter.ForkedBooter.runSuitesInProcess(ForkedBooter.java:242)
	at org.apache.maven.surefire.booter.ForkedBooter.main(ForkedBooter.java:121)
Caused by: org.openqa.selenium.WebDriverException: An unknown server-side error occurred while processing the command. Original error: Cannot start the 'com.example.bookingvaccine' application. Visit https://github.com/appium/appium/blob/master/docs/en/writing-running-appium/android/activity-startup.md for troubleshooting. Original error: 'com.example.bookingvaccine.MainActivity' or 'com.example.bookingvaccine.com.example.bookingvaccine.MainActivity' never started. Visit https://github.com/appium/appium/blob/master/docs/en/writing-running-appium/android/activity-startup.md for troubleshooting
Build info: version: '3.141.59', revision: 'e82be7d358', time: '2018-11-14T08:17:03'
System info: host: 'RIKOSAHETAPI', ip: '192.168.0.15', os.name: 'Windows 10', os.arch: 'amd64', os.version: '10.0', java.version: '11.0.2'
Driver info: driver.version: AndroidDriver
remote stacktrace: UnknownError: An unknown server-side error occurred while processing the command. Original error: Cannot start the 'com.example.bookingvaccine' application. Visit https://github.com/appium/appium/blob/master/docs/en/writing-running-appium/android/activity-startup.md for troubleshooting. Original error: 'com.example.bookingvaccine.MainActivity' or 'com.example.bookingvaccine.com.example.bookingvaccine.MainActivity' never started. Visit https://github.com/appium/appium/blob/master/docs/en/writing-running-appium/android/activity-startup.md for troubleshooting
    at getResponseForW3CError (C:\Users\RICO\AppData\Roaming\npm\node_modules\appium\node_modules\appium-base-driver\lib\protocol\errors.js:804:9)
    at asyncHandler (C:\Users\RICO\AppData\Roaming\npm\node_modules\appium\node_modules\appium-base-driver\lib\protocol\protocol.js:380:37)
	at java.base/jdk.internal.reflect.NativeConstructorAccessorImpl.newInstance0(Native Method)
	at java.base/jdk.internal.reflect.NativeConstructorAccessorImpl.newInstance(NativeConstructorAccessorImpl.java:62)
	at java.base/jdk.internal.reflect.DelegatingConstructorAccessorImpl.newInstance(DelegatingConstructorAccessorImpl.java:45)
	at java.base/java.lang.reflect.Constructor.newInstance(Constructor.java:490)
	at org.openqa.selenium.remote.W3CHandshakeResponse.lambda$errorHandler$0(W3CHandshakeResponse.java:62)
	at org.openqa.selenium.remote.HandshakeResponse.lambda$getResponseFunction$0(HandshakeResponse.java:30)
	at org.openqa.selenium.remote.ProtocolHandshake.lambda$createSession$0(ProtocolHandshake.java:126)
	at java.base/java.util.stream.ReferencePipeline$3$1.accept(ReferencePipeline.java:195)
	at java.base/java.util.Spliterators$ArraySpliterator.tryAdvance(Spliterators.java:958)
	at java.base/java.util.stream.ReferencePipeline.forEachWithCancel(ReferencePipeline.java:127)
	at java.base/java.util.stream.AbstractPipeline.copyIntoWithCancel(AbstractPipeline.java:502)
	at java.base/java.util.stream.AbstractPipeline.copyInto(AbstractPipeline.java:488)
	at java.base/java.util.stream.AbstractPipeline.wrapAndCopyInto(AbstractPipeline.java:474)
	at java.base/java.util.stream.FindOps$FindOp.evaluateSequential(FindOps.java:150)
	at java.base/java.util.stream.AbstractPipeline.evaluate(AbstractPipeline.java:234)
	at java.base/java.util.stream.ReferencePipeline.findFirst(ReferencePipeline.java:543)
	at org.openqa.selenium.remote.ProtocolHandshake.createSession(ProtocolHandshake.java:128)
	... 114 more
&amp#27;[0m
]]></system-out>
  </testcase>
  <testcase name="User input invalid Nama Depan &quot;Riko@#$&quot; using simbol(Verify if a user can&apos;t Register with a invalid Data Nama Depan with simbol " classname="User input invalid Nama Depan &quot;Riko@#$&quot; using simbol(Verify if a user can&apos;t Register with a invalid Data Nama Depan with simbol (TC_R3))" time="0">
    <skipped/>
    <system-out><![CDATA[  &amp#27;[36mWhen &amp#27;[0m&amp#27;[36mUser On Register Screen&amp#27;[0m                                                                       &amp#27;[90m# test.automation.stepdefinitions.RegisterStep.userOnRegisterScreen()&amp#27;[0m
]]></system-out>
  </testcase>
  <testcase name="User checklist checkbox &quot;Saya telah menyetujui kebijakan privasi yang berlaku&quot;(Verify if a user can&apos;t Register with a invalid Data Nama Depan with simbol " classname="User checklist checkbox &quot;Saya telah menyetujui kebijakan privasi yang berlaku&quot;(Verify if a user can&apos;t Register with a invalid Data Nama Depan with simbol (TC_R3))" time="0">
    <skipped/>
    <system-out><![CDATA[  &amp#27;[36mAnd &amp#27;[0m&amp#27;[36mUser input invalid Nama Depan &amp#27;[0m&amp#27;[36m&amp#27;[1m"Riko@#$"&amp#27;[0m&amp#27;[36m using simbol&amp#27;[0m                                           &amp#27;[90m# test.automation.stepdefinitions.RegisterStep.userInputInvalidNamaDepanUsingSimbol(java.lang.String)&amp#27;[0m
]]></system-out>
  </testcase>
  <testcase name="User tap button_Daftar-Sekarang(Verify if a user can&apos;t Register with a invalid Data Nama Depan with simbol " classname="User tap button_Daftar-Sekarang(Verify if a user can&apos;t Register with a invalid Data Nama Depan with simbol (TC_R3))" time="0">
    <skipped/>
    <system-out><![CDATA[  &amp#27;[36mAnd &amp#27;[0m&amp#27;[36mUser checklist checkbox &amp#27;[0m&amp#27;[36m&amp#27;[1m"Saya telah menyetujui kebijakan privasi yang berlaku"&amp#27;[0m                 &amp#27;[90m# test.automation.stepdefinitions.RegisterStep.userChecklistCheckbox(java.lang.String)&amp#27;[0m
]]></system-out>
  </testcase>
  <testcase name="Can not enter Nama_Depan using simbol(Verify if a user can&apos;t Register with a invalid Data Nama Depan with simbol " classname="Can not enter Nama_Depan using simbol(Verify if a user can&apos;t Register with a invalid Data Nama Depan with simbol (TC_R3))" time="0">
    <skipped/>
    <system-out><![CDATA[  &amp#27;[36mAnd &amp#27;[0m&amp#27;[36mUser tap button_Daftar-Sekarang&amp#27;[0m                                                                &amp#27;[90m# test.automation.stepdefinitions.RegisterStep.userTapButton_DaftarSekarang()&amp#27;[0m
]]></system-out>
  </testcase>
  <testcase name="Verify if a user can&apos;t Register with a invalid Data Nama Depan with simbol " classname="TC_R3" time="0">
    <error message="Unable to create a new remote session. Please check the server log for more details. Original error: An unknown server-side error occurred while processing the command. Original error: Cannot start the &apos;com.example.bookingvaccine&apos; application. Visit https://github.com/appium/appium/blob/master/docs/en/writing-running-appium/android/activity-startup.md for troubleshooting. Original error: &apos;com.example.bookingvaccine.MainActivity&apos; or &apos;com.example.bookingvaccine.com.example.bookingvaccine.MainActivity&apos; never started. Visit https://github.com/appium/appium/blob/master/docs/en/writing-running-appium/android/activity-startup.md for troubleshooting&#10;Build info: version: &apos;3.141.59&apos;, revision: &apos;e82be7d358&apos;, time: &apos;2018-11-14T08:17:03&apos;&#10;System info: host: &apos;RIKOSAHETAPI&apos;, ip: &apos;192.168.0.15&apos;, os.name: &apos;Windows 10&apos;, os.arch: &apos;amd64&apos;, os.version: &apos;10.0&apos;, java.version: &apos;11.0.2&apos;&#10;Driver info: driver.version: AndroidDriver&#10;remote stacktrace: UnknownError: An unknown server-side error occurred while processing the command. Original error: Cannot start the &apos;com.example.bookingvaccine&apos; application. Visit https://github.com/appium/appium/blob/master/docs/en/writing-running-appium/android/activity-startup.md for troubleshooting. Original error: &apos;com.example.bookingvaccine.MainActivity&apos; or &apos;com.example.bookingvaccine.com.example.bookingvaccine.MainActivity&apos; never started. Visit https://github.com/appium/appium/blob/master/docs/en/writing-running-appium/android/activity-startup.md for troubleshooting&#10;    at getResponseForW3CError (C:\Users\RICO\AppData\Roaming\npm\node_modules\appium\node_modules\appium-base-driver\lib\protocol\errors.js:804:9)&#10;    at asyncHandler (C:\Users\RICO\AppData\Roaming\npm\node_modules\appium\node_modules\appium-base-driver\lib\protocol\protocol.js:380:37)&#10;Build info: version: &apos;3.141.59&apos;, revision: &apos;e82be7d358&apos;, time: &apos;2018-11-14T08:17:03&apos;&#10;System info: host: &apos;RIKOSAHETAPI&apos;, ip: &apos;192.168.0.15&apos;, os.name: &apos;Windows 10&apos;, os.arch: &apos;amd64&apos;, os.version: &apos;10.0&apos;, java.version: &apos;11.0.2&apos;&#10;Driver info: driver.version: AndroidDriver" type="org.openqa.selenium.SessionNotCreatedException">org.openqa.selenium.SessionNotCreatedException: 
Unable to create a new remote session. Please check the server log for more details. Original error: An unknown server-side error occurred while processing the command. Original error: Cannot start the 'com.example.bookingvaccine' application. Visit https://github.com/appium/appium/blob/master/docs/en/writing-running-appium/android/activity-startup.md for troubleshooting. Original error: 'com.example.bookingvaccine.MainActivity' or 'com.example.bookingvaccine.com.example.bookingvaccine.MainActivity' never started. Visit https://github.com/appium/appium/blob/master/docs/en/writing-running-appium/android/activity-startup.md for troubleshooting
Build info: version: '3.141.59', revision: 'e82be7d358', time: '2018-11-14T08:17:03'
System info: host: 'RIKOSAHETAPI', ip: '192.168.0.15', os.name: 'Windows 10', os.arch: 'amd64', os.version: '10.0', java.version: '11.0.2'
Driver info: driver.version: AndroidDriver
remote stacktrace: UnknownError: An unknown server-side error occurred while processing the command. Original error: Cannot start the 'com.example.bookingvaccine' application. Visit https://github.com/appium/appium/blob/master/docs/en/writing-running-appium/android/activity-startup.md for troubleshooting. Original error: 'com.example.bookingvaccine.MainActivity' or 'com.example.bookingvaccine.com.example.bookingvaccine.MainActivity' never started. Visit https://github.com/appium/appium/blob/master/docs/en/writing-running-appium/android/activity-startup.md for troubleshooting
    at getResponseForW3CError (C:\Users\RICO\AppData\Roaming\npm\node_modules\appium\node_modules\appium-base-driver\lib\protocol\errors.js:804:9)
    at asyncHandler (C:\Users\RICO\AppData\Roaming\npm\node_modules\appium\node_modules\appium-base-driver\lib\protocol\protocol.js:380:37)
Build info: version: '3.141.59', revision: 'e82be7d358', time: '2018-11-14T08:17:03'
System info: host: 'RIKOSAHETAPI', ip: '192.168.0.15', os.name: 'Windows 10', os.arch: 'amd64', os.version: '10.0', java.version: '11.0.2'
Driver info: driver.version: AndroidDriver
Caused by: java.lang.reflect.InvocationTargetException
Caused by: org.openqa.selenium.WebDriverException: 
An unknown server-side error occurred while processing the command. Original error: Cannot start the 'com.example.bookingvaccine' application. Visit https://github.com/appium/appium/blob/master/docs/en/writing-running-appium/android/activity-startup.md for troubleshooting. Original error: 'com.example.bookingvaccine.MainActivity' or 'com.example.bookingvaccine.com.example.bookingvaccine.MainActivity' never started. Visit https://github.com/appium/appium/blob/master/docs/en/writing-running-appium/android/activity-startup.md for troubleshooting
Build info: version: '3.141.59', revision: 'e82be7d358', time: '2018-11-14T08:17:03'
System info: host: 'RIKOSAHETAPI', ip: '192.168.0.15', os.name: 'Windows 10', os.arch: 'amd64', os.version: '10.0', java.version: '11.0.2'
Driver info: driver.version: AndroidDriver
remote stacktrace: UnknownError: An unknown server-side error occurred while processing the command. Original error: Cannot start the 'com.example.bookingvaccine' application. Visit https://github.com/appium/appium/blob/master/docs/en/writing-running-appium/android/activity-startup.md for troubleshooting. Original error: 'com.example.bookingvaccine.MainActivity' or 'com.example.bookingvaccine.com.example.bookingvaccine.MainActivity' never started. Visit https://github.com/appium/appium/blob/master/docs/en/writing-running-appium/android/activity-startup.md for troubleshooting
    at getResponseForW3CError (C:\Users\RICO\AppData\Roaming\npm\node_modules\appium\node_modules\appium-base-driver\lib\protocol\errors.js:804:9)
    at asyncHandler (C:\Users\RICO\AppData\Roaming\npm\node_modules\appium\node_modules\appium-base-driver\lib\protocol\protocol.js:380:37)
</error>
    <system-out><![CDATA[  &amp#27;[36mThen &amp#27;[0m&amp#27;[36mCan not enter Nama_Depan using simbol&amp#27;[0m                                                         &amp#27;[90m# test.automation.stepdefinitions.RegisterStep.canNotEnterNama_DepanUsingSimbol()&amp#27;[0m
]]></system-out>
  </testcase>
  <testcase name="User on login screen, tap button Daftar Sekarang(Verify if a user can&apos;t Register with a invalid Data Nama Belakang using number " classname="User on login screen, tap button Daftar Sekarang(Verify if a user can&apos;t Register with a invalid Data Nama Belakang using number (TC_R4))" time="31.938"/>
  <testcase name="User On Register Screen(Verify if a user can&apos;t Register with a invalid Data Nama Belakang using number " classname="User On Register Screen(Verify if a user can&apos;t Register with a invalid Data Nama Belakang using number (TC_R4))" time="50.038">
    <error message="Expected condition failed: waiting for presence of element located by: By.xpath: 	&#10;//android.view.View[@content-desc=&quot;Silahkan Buat Akun Anda&quot;] (tried for 20 second(s) with 500 milliseconds interval)" type="org.openqa.selenium.TimeoutException">org.openqa.selenium.TimeoutException: 
Expected condition failed: waiting for presence of element located by: By.xpath: 	
//android.view.View[@content-desc="Silahkan Buat Akun Anda"] (tried for 20 second(s) with 500 milliseconds interval)
Caused by: org.openqa.selenium.NoSuchElementException: 
An element could not be located on the page using the given search parameters.
For documentation on this error, please visit: https://www.seleniumhq.org/exceptions/no_such_element.html
Build info: version: '3.141.59', revision: 'e82be7d358', time: '2018-11-14T08:17:03'
System info: host: 'RIKOSAHETAPI', ip: '192.168.0.15', os.name: 'Windows 10', os.arch: 'amd64', os.version: '10.0', java.version: '11.0.2'
Driver info: io.appium.java_client.android.AndroidDriver
Capabilities {app: C:\Users\RICO\IdeaProjects\..., appPackage: com.example.bookingvaccine, automationName: UiAutomator2, databaseEnabled: false, desired: {app: C:\Users\RICO\IdeaProjects\..., automationName: UiAutomator2, noReset: true, platformName: android, platformVersion: 12}, deviceApiLevel: 31, deviceManufacturer: Google, deviceModel: sdk_gphone64_x86_64, deviceName: emulator-5554, deviceScreenDensity: 440, deviceScreenSize: 1080x2280, deviceUDID: emulator-5554, javascriptEnabled: true, locationContextEnabled: false, networkConnectionEnabled: true, noReset: true, pixelRatio: 2.75, platform: LINUX, platformName: Android, platformVersion: 12, statBarHeight: 83, takesScreenshot: true, viewportRect: {height: 2065, left: 0, top: 83, width: 1080}, warnings: {}, webStorageEnabled: false}
Session ID: ef925811-7a34-4e0c-97ac-09f12f8eb91b
*** Element info: {Using=xpath, value=	
//android.view.View[@content-desc="Silahkan Buat Akun Anda"]}
</error>
    <system-out><![CDATA[  &amp#27;[32mGiven &amp#27;[0m&amp#27;[32mUser on login screen, tap button Daftar Sekarang&amp#27;[0m                                                 &amp#27;[90m# test.automation.stepdefinitions.RegisterStep.userOnLoginScreenTapButtonDaftarSekarang()&amp#27;[0m
]]></system-out>
    <system-err><![CDATA[Jul 20, 2022 2:19:37 PM io.appium.java_client.remote.AppiumCommandExecutor$1 lambda$0
INFO: Detected dialect: W3C
]]></system-err>
  </testcase>
  <testcase name="User input invalid data Nama Belakang &quot;Sahetapi11&quot; using number(Verify if a user can&apos;t Register with a invalid Data Nama Belakang using number " classname="User input invalid data Nama Belakang &quot;Sahetapi11&quot; using number(Verify if a user can&apos;t Register with a invalid Data Nama Belakang using number (TC_R4))" time="0">
    <skipped/>
    <system-out><![CDATA[  &amp#27;[31mWhen &amp#27;[0m&amp#27;[31mUser On Register Screen&amp#27;[0m                                                                           &amp#27;[90m# test.automation.stepdefinitions.RegisterStep.userOnRegisterScreen()&amp#27;[0m
      &amp#27;[31morg.openqa.selenium.TimeoutException: Expected condition failed: waiting for presence of element located by: By.xpath: 	
//android.view.View[@content-desc="Silahkan Buat Akun Anda"] (tried for 20 second(s) with 500 milliseconds interval)
	at org.openqa.selenium.support.ui.WebDriverWait.timeoutException(WebDriverWait.java:95)
	at org.openqa.selenium.support.ui.FluentWait.until(FluentWait.java:272)
	at test.automation.pageobject.BasePageObject.waitUntilPresence(BasePageObject.java:33)
	at test.automation.pages.RegisterPage$ByteBuddy$g8QaQKNN.waitUntilPresence$accessor$5pLYM4V8(Unknown Source)
	at java.base/jdk.internal.reflect.NativeMethodAccessorImpl.invoke0(Native Method)
	at java.base/jdk.internal.reflect.NativeMethodAccessorImpl.invoke(NativeMethodAccessorImpl.java:62)
	at java.base/jdk.internal.reflect.DelegatingMethodAccessorImpl.invoke(DelegatingMethodAccessorImpl.java:43)
	at java.base/java.lang.reflect.Method.invoke(Method.java:566)
	at net.thucydides.core.steps.BaseMethodRunner.invokeMethod(BaseMethodRunner.java:18)
	at net.thucydides.core.steps.NormalMethodRunner.invokeMethodAndNotifyFailures(NormalMethodRunner.java:18)
	at net.thucydides.core.steps.StepInterceptor.runNormalMethod(StepInterceptor.java:407)
	at net.thucydides.core.steps.StepInterceptor.testStepResult(StepInterceptor.java:192)
	at net.thucydides.core.steps.StepInterceptor.intercept(StepInterceptor.java:85)
	at net.thucydides.core.steps.ProxyConfiguration$InterceptorDispatcher.intercept(ProxyConfiguration.java:51)
	at test.automation.pages.RegisterPage$ByteBuddy$g8QaQKNN.waitUntilPresence(Unknown Source)
	at test.automation.pages.RegisterPage.onRegisterScreen(RegisterPage.java:124)
	at test.automation.pages.RegisterPage$ByteBuddy$g8QaQKNN.onRegisterScreen$accessor$5pLYM4V8(Unknown Source)
	at java.base/jdk.internal.reflect.NativeMethodAccessorImpl.invoke0(Native Method)
	at java.base/jdk.internal.reflect.NativeMethodAccessorImpl.invoke(NativeMethodAccessorImpl.java:62)
	at java.base/jdk.internal.reflect.DelegatingMethodAccessorImpl.invoke(DelegatingMethodAccessorImpl.java:43)
	at java.base/java.lang.reflect.Method.invoke(Method.java:566)
	at net.thucydides.core.steps.StepInterceptor.invokeMethod(StepInterceptor.java:504)
	at net.thucydides.core.steps.StepInterceptor.executeTestStepMethod(StepInterceptor.java:484)
	at net.thucydides.core.steps.StepInterceptor.runTestStep(StepInterceptor.java:458)
	at net.thucydides.core.steps.StepInterceptor.runOrSkipMethod(StepInterceptor.java:210)
	at net.thucydides.core.steps.StepInterceptor.testStepResult(StepInterceptor.java:197)
	at net.thucydides.core.steps.StepInterceptor.intercept(StepInterceptor.java:85)
	at net.thucydides.core.steps.ProxyConfiguration$InterceptorDispatcher.intercept(ProxyConfiguration.java:51)
	at test.automation.pages.RegisterPage$ByteBuddy$g8QaQKNN.onRegisterScreen(Unknown Source)
	at test.automation.stepdefinitions.RegisterStep.userOnRegisterScreen(RegisterStep.java:28)
	at âœ½.User On Register Screen(file:///C:/Users/RICO/IdeaProjects/CapstoneMobile/src/test/resources/features/Register.feature:6)
Caused by: org.openqa.selenium.NoSuchElementException: An element could not be located on the page using the given search parameters.
For documentation on this error, please visit: https://www.seleniumhq.org/exceptions/no_such_element.html
Build info: version: '3.141.59', revision: 'e82be7d358', time: '2018-11-14T08:17:03'
System info: host: 'RIKOSAHETAPI', ip: '192.168.0.15', os.name: 'Windows 10', os.arch: 'amd64', os.version: '10.0', java.version: '11.0.2'
Driver info: io.appium.java_client.android.AndroidDriver
Capabilities {app: C:\Users\RICO\IdeaProjects\..., appPackage: com.example.bookingvaccine, automationName: UiAutomator2, databaseEnabled: false, desired: {app: C:\Users\RICO\IdeaProjects\..., automationName: UiAutomator2, noReset: true, platformName: android, platformVersion: 12}, deviceApiLevel: 31, deviceManufacturer: Google, deviceModel: sdk_gphone64_x86_64, deviceName: emulator-5554, deviceScreenDensity: 440, deviceScreenSize: 1080x2280, deviceUDID: emulator-5554, javascriptEnabled: true, locationContextEnabled: false, networkConnectionEnabled: true, noReset: true, pixelRatio: 2.75, platform: LINUX, platformName: Android, platformVersion: 12, statBarHeight: 83, takesScreenshot: true, viewportRect: {height: 2065, left: 0, top: 83, width: 1080}, warnings: {}, webStorageEnabled: false}
Session ID: ef925811-7a34-4e0c-97ac-09f12f8eb91b
*** Element info: {Using=xpath, value=	
//android.view.View[@content-desc="Silahkan Buat Akun Anda"]}
	at java.base/jdk.internal.reflect.NativeConstructorAccessorImpl.newInstance0(Native Method)
	at java.base/jdk.internal.reflect.NativeConstructorAccessorImpl.newInstance(NativeConstructorAccessorImpl.java:62)
	at java.base/jdk.internal.reflect.DelegatingConstructorAccessorImpl.newInstance(DelegatingConstructorAccessorImpl.java:45)
	at java.base/java.lang.reflect.Constructor.newInstance(Constructor.java:490)
	at org.openqa.selenium.remote.http.W3CHttpResponseCodec.createException(W3CHttpResponseCodec.java:187)
	at org.openqa.selenium.remote.http.W3CHttpResponseCodec.decode(W3CHttpResponseCodec.java:122)
	at org.openqa.selenium.remote.http.W3CHttpResponseCodec.decode(W3CHttpResponseCodec.java:49)
	at org.openqa.selenium.remote.HttpCommandExecutor.execute(HttpCommandExecutor.java:158)
	at io.appium.java_client.remote.AppiumCommandExecutor.execute(AppiumCommandExecutor.java:250)
	at org.openqa.selenium.remote.RemoteWebDriver.execute(RemoteWebDriver.java:552)
	at io.appium.java_client.DefaultGenericMobileDriver.execute(DefaultGenericMobileDriver.java:41)
	at io.appium.java_client.AppiumDriver.execute(AppiumDriver.java:1)
	at io.appium.java_client.android.AndroidDriver.execute(AndroidDriver.java:1)
	at org.openqa.selenium.remote.RemoteWebDriver.findElement(RemoteWebDriver.java:323)
	at io.appium.java_client.DefaultGenericMobileDriver.findElement(DefaultGenericMobileDriver.java:61)
	at io.appium.java_client.AppiumDriver.findElement(AppiumDriver.java:1)
	at io.appium.java_client.android.AndroidDriver.findElement(AndroidDriver.java:1)
	at org.openqa.selenium.remote.RemoteWebDriver.findElementByXPath(RemoteWebDriver.java:428)
	at io.appium.java_client.DefaultGenericMobileDriver.findElementByXPath(DefaultGenericMobileDriver.java:151)
	at io.appium.java_client.AppiumDriver.findElementByXPath(AppiumDriver.java:1)
	at io.appium.java_client.android.AndroidDriver.findElementByXPath(AndroidDriver.java:1)
	at org.openqa.selenium.By$ByXPath.findElement(By.java:353)
	at org.openqa.selenium.remote.RemoteWebDriver.findElement(RemoteWebDriver.java:315)
	at io.appium.java_client.DefaultGenericMobileDriver.findElement(DefaultGenericMobileDriver.java:57)
	at io.appium.java_client.AppiumDriver.findElement(AppiumDriver.java:1)
	at io.appium.java_client.android.AndroidDriver.findElement(AndroidDriver.java:1)
	at org.openqa.selenium.support.ui.ExpectedConditions$6.apply(ExpectedConditions.java:182)
	at org.openqa.selenium.support.ui.ExpectedConditions$6.apply(ExpectedConditions.java:179)
	at org.openqa.selenium.support.ui.FluentWait.until(FluentWait.java:249)
	at test.automation.pageobject.BasePageObject.waitUntilPresence(BasePageObject.java:33)
	at test.automation.pages.RegisterPage$ByteBuddy$g8QaQKNN.waitUntilPresence$accessor$5pLYM4V8(Unknown Source)
	at java.base/jdk.internal.reflect.NativeMethodAccessorImpl.invoke0(Native Method)
	at java.base/jdk.internal.reflect.NativeMethodAccessorImpl.invoke(NativeMethodAccessorImpl.java:62)
	at java.base/jdk.internal.reflect.DelegatingMethodAccessorImpl.invoke(DelegatingMethodAccessorImpl.java:43)
	at java.base/java.lang.reflect.Method.invoke(Method.java:566)
	at net.thucydides.core.steps.BaseMethodRunner.invokeMethod(BaseMethodRunner.java:18)
	at net.thucydides.core.steps.NormalMethodRunner.invokeMethodAndNotifyFailures(NormalMethodRunner.java:18)
	at net.thucydides.core.steps.StepInterceptor.runNormalMethod(StepInterceptor.java:407)
	at net.thucydides.core.steps.StepInterceptor.testStepResult(StepInterceptor.java:192)
	at net.thucydides.core.steps.StepInterceptor.intercept(StepInterceptor.java:85)
	at net.thucydides.core.steps.ProxyConfiguration$InterceptorDispatcher.intercept(ProxyConfiguration.java:51)
	at test.automation.pages.RegisterPage$ByteBuddy$g8QaQKNN.waitUntilPresence(Unknown Source)
	at test.automation.pages.RegisterPage.onRegisterScreen(RegisterPage.java:124)
	at test.automation.pages.RegisterPage$ByteBuddy$g8QaQKNN.onRegisterScreen$accessor$5pLYM4V8(Unknown Source)
	at java.base/jdk.internal.reflect.NativeMethodAccessorImpl.invoke0(Native Method)
	at java.base/jdk.internal.reflect.NativeMethodAccessorImpl.invoke(NativeMethodAccessorImpl.java:62)
	at java.base/jdk.internal.reflect.DelegatingMethodAccessorImpl.invoke(DelegatingMethodAccessorImpl.java:43)
	at java.base/java.lang.reflect.Method.invoke(Method.java:566)
	at net.thucydides.core.steps.StepInterceptor.invokeMethod(StepInterceptor.java:504)
	at net.thucydides.core.steps.StepInterceptor.executeTestStepMethod(StepInterceptor.java:484)
	at net.thucydides.core.steps.StepInterceptor.runTestStep(StepInterceptor.java:458)
	at net.thucydides.core.steps.StepInterceptor.runOrSkipMethod(StepInterceptor.java:210)
	at net.thucydides.core.steps.StepInterceptor.testStepResult(StepInterceptor.java:197)
	at net.thucydides.core.steps.StepInterceptor.intercept(StepInterceptor.java:85)
	at net.thucydides.core.steps.ProxyConfiguration$InterceptorDispatcher.intercept(ProxyConfiguration.java:51)
	at test.automation.pages.RegisterPage$ByteBuddy$g8QaQKNN.onRegisterScreen(Unknown Source)
	at test.automation.stepdefinitions.RegisterStep.userOnRegisterScreen(RegisterStep.java:28)
	at java.base/jdk.internal.reflect.NativeMethodAccessorImpl.invoke0(Native Method)
	at java.base/jdk.internal.reflect.NativeMethodAccessorImpl.invoke(NativeMethodAccessorImpl.java:62)
	at java.base/jdk.internal.reflect.DelegatingMethodAccessorImpl.invoke(DelegatingMethodAccessorImpl.java:43)
	at java.base/java.lang.reflect.Method.invoke(Method.java:566)
	at io.cucumber.java.Invoker.doInvoke(Invoker.java:66)
	at io.cucumber.java.Invoker.invoke(Invoker.java:24)
	at io.cucumber.java.AbstractGlueDefinition.invokeMethod(AbstractGlueDefinition.java:47)
	at io.cucumber.java.JavaStepDefinition.execute(JavaStepDefinition.java:29)
	at io.cucumber.core.runner.CoreStepDefinition.execute(CoreStepDefinition.java:66)
	at io.cucumber.core.runner.PickleStepDefinitionMatch.runStep(PickleStepDefinitionMatch.java:63)
	at io.cucumber.core.runner.ExecutionMode$1.execute(ExecutionMode.java:10)
	at io.cucumber.core.runner.TestStep.executeStep(TestStep.java:92)
	at io.cucumber.core.runner.TestStep.run(TestStep.java:64)
	at io.cucumber.core.runner.PickleStepTestStep.run(PickleStepTestStep.java:51)
	at io.cucumber.core.runner.TestCase.run(TestCase.java:104)
	at io.cucumber.core.runner.Runner.runPickle(Runner.java:73)
	at io.cucumber.junit.PickleRunners$WithStepDescriptions.run(PickleRunners.java:110)
	at io.cucumber.junit.FeatureRunner.runChild(FeatureRunner.java:135)
	at io.cucumber.junit.FeatureRunner.runChild(FeatureRunner.java:27)
	at org.junit.runners.ParentRunner$4.run(ParentRunner.java:331)
	at org.junit.runners.ParentRunner$1.schedule(ParentRunner.java:79)
	at org.junit.runners.ParentRunner.runChildren(ParentRunner.java:329)
	at org.junit.runners.ParentRunner.access$100(ParentRunner.java:66)
	at org.junit.runners.ParentRunner$2.evaluate(ParentRunner.java:293)
	at org.junit.runners.ParentRunner$3.evaluate(ParentRunner.java:306)
	at org.junit.runners.ParentRunner.run(ParentRunner.java:413)
	at io.cucumber.junit.CucumberSerenityRunner.runChild(CucumberSerenityRunner.java:258)
	at io.cucumber.junit.CucumberSerenityRunner.runChild(CucumberSerenityRunner.java:57)
	at org.junit.runners.ParentRunner$4.run(ParentRunner.java:331)
	at org.junit.runners.ParentRunner$1.schedule(ParentRunner.java:79)
	at org.junit.runners.ParentRunner.runChildren(ParentRunner.java:329)
	at org.junit.runners.ParentRunner.access$100(ParentRunner.java:66)
	at org.junit.runners.ParentRunner$2.evaluate(ParentRunner.java:293)
	at io.cucumber.junit.CucumberSerenityRunner$RunCucumber.evaluate(CucumberSerenityRunner.java:286)
	at org.junit.runners.ParentRunner$3.evaluate(ParentRunner.java:306)
	at org.junit.runners.ParentRunner.run(ParentRunner.java:413)
	at org.apache.maven.surefire.junit4.JUnit4Provider.execute(JUnit4Provider.java:367)
	at org.apache.maven.surefire.junit4.JUnit4Provider.executeWithRerun(JUnit4Provider.java:274)
	at org.apache.maven.surefire.junit4.JUnit4Provider.executeTestSet(JUnit4Provider.java:238)
	at org.apache.maven.surefire.junit4.JUnit4Provider.invoke(JUnit4Provider.java:161)
	at org.apache.maven.surefire.booter.ForkedBooter.invokeProviderInSameClassLoader(ForkedBooter.java:290)
	at org.apache.maven.surefire.booter.ForkedBooter.runSuitesInProcess(ForkedBooter.java:242)
	at org.apache.maven.surefire.booter.ForkedBooter.main(ForkedBooter.java:121)
&amp#27;[0m
]]></system-out>
  </testcase>
  <testcase name="User ceklis checkbox &quot;Saya telah menyetujui kebijakan privasi yang berlaku&quot;(Verify if a user can&apos;t Register with a invalid Data Nama Belakang using number " classname="User ceklis checkbox &quot;Saya telah menyetujui kebijakan privasi yang berlaku&quot;(Verify if a user can&apos;t Register with a invalid Data Nama Belakang using number (TC_R4))" time="0">
    <skipped/>
    <system-out><![CDATA[  &amp#27;[36mAnd &amp#27;[0m&amp#27;[36mUser input invalid data Nama Belakang &amp#27;[0m&amp#27;[36m&amp#27;[1m"Sahetapi11"&amp#27;[0m&amp#27;[36m using number&amp#27;[0m                                    &amp#27;[90m# test.automation.stepdefinitions.RegisterStep.userInputInvalidDataNamaBelakangUsingNumber(java.lang.String)&amp#27;[0m
]]></system-out>
  </testcase>
  <testcase name="User tap Daftar sekarang button(Verify if a user can&apos;t Register with a invalid Data Nama Belakang using number " classname="User tap Daftar sekarang button(Verify if a user can&apos;t Register with a invalid Data Nama Belakang using number (TC_R4))" time="0">
    <skipped/>
    <system-out><![CDATA[  &amp#27;[36mAnd &amp#27;[0m&amp#27;[36mUser ceklis checkbox &amp#27;[0m&amp#27;[36m&amp#27;[1m"Saya telah menyetujui kebijakan privasi yang berlaku"&amp#27;[0m                        &amp#27;[90m# test.automation.stepdefinitions.RegisterStep.userCeklisCheckbox(java.lang.String)&amp#27;[0m
]]></system-out>
  </testcase>
  <testcase name="Can not enter Nama Belakang using number(Verify if a user can&apos;t Register with a invalid Data Nama Belakang using number " classname="Can not enter Nama Belakang using number(Verify if a user can&apos;t Register with a invalid Data Nama Belakang using number (TC_R4))" time="0">
    <skipped/>
    <system-out><![CDATA[  &amp#27;[36mAnd &amp#27;[0m&amp#27;[36mUser tap Daftar sekarang button&amp#27;[0m                                                                    &amp#27;[90m# test.automation.stepdefinitions.RegisterStep.userTapDaftarSekarangButton()&amp#27;[0m
]]></system-out>
  </testcase>
  <testcase name="Verify if a user can&apos;t Register with a invalid Data Nama Belakang using number " classname="TC_R4" time="0.004">
    <error message="Expected condition failed: waiting for presence of element located by: By.xpath: 	&#10;//android.view.View[@content-desc=&quot;Silahkan Buat Akun Anda&quot;] (tried for 20 second(s) with 500 milliseconds interval)" type="org.openqa.selenium.TimeoutException">org.openqa.selenium.TimeoutException: 
Expected condition failed: waiting for presence of element located by: By.xpath: 	
//android.view.View[@content-desc="Silahkan Buat Akun Anda"] (tried for 20 second(s) with 500 milliseconds interval)
Caused by: org.openqa.selenium.NoSuchElementException: 
An element could not be located on the page using the given search parameters.
For documentation on this error, please visit: https://www.seleniumhq.org/exceptions/no_such_element.html
Build info: version: '3.141.59', revision: 'e82be7d358', time: '2018-11-14T08:17:03'
System info: host: 'RIKOSAHETAPI', ip: '192.168.0.15', os.name: 'Windows 10', os.arch: 'amd64', os.version: '10.0', java.version: '11.0.2'
Driver info: io.appium.java_client.android.AndroidDriver
Capabilities {app: C:\Users\RICO\IdeaProjects\..., appPackage: com.example.bookingvaccine, automationName: UiAutomator2, databaseEnabled: false, desired: {app: C:\Users\RICO\IdeaProjects\..., automationName: UiAutomator2, noReset: true, platformName: android, platformVersion: 12}, deviceApiLevel: 31, deviceManufacturer: Google, deviceModel: sdk_gphone64_x86_64, deviceName: emulator-5554, deviceScreenDensity: 440, deviceScreenSize: 1080x2280, deviceUDID: emulator-5554, javascriptEnabled: true, locationContextEnabled: false, networkConnectionEnabled: true, noReset: true, pixelRatio: 2.75, platform: LINUX, platformName: Android, platformVersion: 12, statBarHeight: 83, takesScreenshot: true, viewportRect: {height: 2065, left: 0, top: 83, width: 1080}, warnings: {}, webStorageEnabled: false}
Session ID: ef925811-7a34-4e0c-97ac-09f12f8eb91b
*** Element info: {Using=xpath, value=	
//android.view.View[@content-desc="Silahkan Buat Akun Anda"]}
</error>
    <system-out><![CDATA[  &amp#27;[36mThen &amp#27;[0m&amp#27;[36mCan not enter Nama Belakang using number&amp#27;[0m                                                          &amp#27;[90m# test.automation.stepdefinitions.RegisterStep.canNotEnterNamaBelakangUsingNumber()&amp#27;[0m
]]></system-out>
  </testcase>
  <testcase name="User on login screen, tap button Daftar Sekarang(Verify if a user can&apos;t Register with a invalid Data Nama Belakang using Simbol " classname="User on login screen, tap button Daftar Sekarang(Verify if a user can&apos;t Register with a invalid Data Nama Belakang using Simbol (TC_R5))" time="31.667">
    <error message="Unable to create a new remote session. Please check the server log for more details. Original error: An unknown server-side error occurred while processing the command. Original error: Cannot start the &apos;com.example.bookingvaccine&apos; application. Visit https://github.com/appium/appium/blob/master/docs/en/writing-running-appium/android/activity-startup.md for troubleshooting. Original error: &apos;com.example.bookingvaccine.MainActivity&apos; or &apos;com.example.bookingvaccine.com.example.bookingvaccine.MainActivity&apos; never started. Visit https://github.com/appium/appium/blob/master/docs/en/writing-running-appium/android/activity-startup.md for troubleshooting&#10;Build info: version: &apos;3.141.59&apos;, revision: &apos;e82be7d358&apos;, time: &apos;2018-11-14T08:17:03&apos;&#10;System info: host: &apos;RIKOSAHETAPI&apos;, ip: &apos;192.168.0.15&apos;, os.name: &apos;Windows 10&apos;, os.arch: &apos;amd64&apos;, os.version: &apos;10.0&apos;, java.version: &apos;11.0.2&apos;&#10;Driver info: driver.version: AndroidDriver&#10;remote stacktrace: UnknownError: An unknown server-side error occurred while processing the command. Original error: Cannot start the &apos;com.example.bookingvaccine&apos; application. Visit https://github.com/appium/appium/blob/master/docs/en/writing-running-appium/android/activity-startup.md for troubleshooting. Original error: &apos;com.example.bookingvaccine.MainActivity&apos; or &apos;com.example.bookingvaccine.com.example.bookingvaccine.MainActivity&apos; never started. Visit https://github.com/appium/appium/blob/master/docs/en/writing-running-appium/android/activity-startup.md for troubleshooting&#10;    at getResponseForW3CError (C:\Users\RICO\AppData\Roaming\npm\node_modules\appium\node_modules\appium-base-driver\lib\protocol\errors.js:804:9)&#10;    at asyncHandler (C:\Users\RICO\AppData\Roaming\npm\node_modules\appium\node_modules\appium-base-driver\lib\protocol\protocol.js:380:37)&#10;Build info: version: &apos;3.141.59&apos;, revision: &apos;e82be7d358&apos;, time: &apos;2018-11-14T08:17:03&apos;&#10;System info: host: &apos;RIKOSAHETAPI&apos;, ip: &apos;192.168.0.15&apos;, os.name: &apos;Windows 10&apos;, os.arch: &apos;amd64&apos;, os.version: &apos;10.0&apos;, java.version: &apos;11.0.2&apos;&#10;Driver info: driver.version: AndroidDriver" type="org.openqa.selenium.SessionNotCreatedException">org.openqa.selenium.SessionNotCreatedException: 
Unable to create a new remote session. Please check the server log for more details. Original error: An unknown server-side error occurred while processing the command. Original error: Cannot start the 'com.example.bookingvaccine' application. Visit https://github.com/appium/appium/blob/master/docs/en/writing-running-appium/android/activity-startup.md for troubleshooting. Original error: 'com.example.bookingvaccine.MainActivity' or 'com.example.bookingvaccine.com.example.bookingvaccine.MainActivity' never started. Visit https://github.com/appium/appium/blob/master/docs/en/writing-running-appium/android/activity-startup.md for troubleshooting
Build info: version: '3.141.59', revision: 'e82be7d358', time: '2018-11-14T08:17:03'
System info: host: 'RIKOSAHETAPI', ip: '192.168.0.15', os.name: 'Windows 10', os.arch: 'amd64', os.version: '10.0', java.version: '11.0.2'
Driver info: driver.version: AndroidDriver
remote stacktrace: UnknownError: An unknown server-side error occurred while processing the command. Original error: Cannot start the 'com.example.bookingvaccine' application. Visit https://github.com/appium/appium/blob/master/docs/en/writing-running-appium/android/activity-startup.md for troubleshooting. Original error: 'com.example.bookingvaccine.MainActivity' or 'com.example.bookingvaccine.com.example.bookingvaccine.MainActivity' never started. Visit https://github.com/appium/appium/blob/master/docs/en/writing-running-appium/android/activity-startup.md for troubleshooting
    at getResponseForW3CError (C:\Users\RICO\AppData\Roaming\npm\node_modules\appium\node_modules\appium-base-driver\lib\protocol\errors.js:804:9)
    at asyncHandler (C:\Users\RICO\AppData\Roaming\npm\node_modules\appium\node_modules\appium-base-driver\lib\protocol\protocol.js:380:37)
Build info: version: '3.141.59', revision: 'e82be7d358', time: '2018-11-14T08:17:03'
System info: host: 'RIKOSAHETAPI', ip: '192.168.0.15', os.name: 'Windows 10', os.arch: 'amd64', os.version: '10.0', java.version: '11.0.2'
Driver info: driver.version: AndroidDriver
Caused by: java.lang.reflect.InvocationTargetException
Caused by: org.openqa.selenium.WebDriverException: 
An unknown server-side error occurred while processing the command. Original error: Cannot start the 'com.example.bookingvaccine' application. Visit https://github.com/appium/appium/blob/master/docs/en/writing-running-appium/android/activity-startup.md for troubleshooting. Original error: 'com.example.bookingvaccine.MainActivity' or 'com.example.bookingvaccine.com.example.bookingvaccine.MainActivity' never started. Visit https://github.com/appium/appium/blob/master/docs/en/writing-running-appium/android/activity-startup.md for troubleshooting
Build info: version: '3.141.59', revision: 'e82be7d358', time: '2018-11-14T08:17:03'
System info: host: 'RIKOSAHETAPI', ip: '192.168.0.15', os.name: 'Windows 10', os.arch: 'amd64', os.version: '10.0', java.version: '11.0.2'
Driver info: driver.version: AndroidDriver
remote stacktrace: UnknownError: An unknown server-side error occurred while processing the command. Original error: Cannot start the 'com.example.bookingvaccine' application. Visit https://github.com/appium/appium/blob/master/docs/en/writing-running-appium/android/activity-startup.md for troubleshooting. Original error: 'com.example.bookingvaccine.MainActivity' or 'com.example.bookingvaccine.com.example.bookingvaccine.MainActivity' never started. Visit https://github.com/appium/appium/blob/master/docs/en/writing-running-appium/android/activity-startup.md for troubleshooting
    at getResponseForW3CError (C:\Users\RICO\AppData\Roaming\npm\node_modules\appium\node_modules\appium-base-driver\lib\protocol\errors.js:804:9)
    at asyncHandler (C:\Users\RICO\AppData\Roaming\npm\node_modules\appium\node_modules\appium-base-driver\lib\protocol\protocol.js:380:37)
</error>
    <system-out><![CDATA[
@Register
Scenario Outline: Verify if a user can't Register with a invalid Data Nama Belakang using Simbol (TC_R5) &amp#27;[90m# src/test/resources/features/Register.feature:50&amp#27;[0m
]]></system-out>
    <system-err><![CDATA[[main] ERROR  - 
  _____   ___   ___   _____     ___   ___   ___    ___    ___ 
 |_   _| | __| / __| |_   _|   | __| | _ \ | _ \  / _ \  | _ \
   | |   | _|  \__ \   | |     | _|  |   / |   / | (_) | |   /
   |_|   |___| |___/   |_|     |___| |_|_\ |_|_\  \___/  |_|_\

Verify if a user can't Register with a invalid Data Nama Belakang using number (TC_R4)
---------------------------------------------------------------
[main] ERROR  -     Test failed at step: Wait until presence: By.xpath: //android.view.View[@content-desc="Silahkan Buat Akun Anda"]
[main] ERROR  -     An element could not be located on the page using the given search parameters.
[main] INFO io.cucumber.core.plugin.SerenityReporter - Running feature from file:///C:/Users/RICO/IdeaProjects/CapstoneMobile/src/test/resources/features/Register.feature
[main] INFO  - 
  _____   ___   ___   _____     ___   _____     _     ___   _____   ___   ___  
 |_   _| | __| / __| |_   _|   / __| |_   _|   /_\   | _ \ |_   _| | __| |   \ 
   | |   | _|  \__ \   | |     \__ \   | |    / _ \  |   /   | |   | _|  | |) |
   |_|   |___| |___/   |_|     |___/   |_|   /_/ \_\ |_|_\   |_|   |___| |___/ 

Verify if a user can't Register with a invalid Data Nama Belakang using Simbol (TC_R5)(register;verify-if-a-user-can-t-register-with-a-invalid-data-nama-belakang-using-simbol-(tc-r5))
--------------------------------------------------------------------------------
]]></system-err>
  </testcase>
  <testcase name="User On Register Screen(Verify if a user can&apos;t Register with a invalid Data Nama Belakang using Simbol " classname="User On Register Screen(Verify if a user can&apos;t Register with a invalid Data Nama Belakang using Simbol (TC_R5))" time="0">
    <skipped/>
    <system-out><![CDATA[  &amp#27;[31mGiven &amp#27;[0m&amp#27;[31mUser on login screen, tap button Daftar Sekarang&amp#27;[0m                                                 &amp#27;[90m# test.automation.stepdefinitions.RegisterStep.userOnLoginScreenTapButtonDaftarSekarang()&amp#27;[0m
      &amp#27;[31morg.openqa.selenium.SessionNotCreatedException: Unable to create a new remote session. Please check the server log for more details. Original error: An unknown server-side error occurred while processing the command. Original error: Cannot start the 'com.example.bookingvaccine' application. Visit https://github.com/appium/appium/blob/master/docs/en/writing-running-appium/android/activity-startup.md for troubleshooting. Original error: 'com.example.bookingvaccine.MainActivity' or 'com.example.bookingvaccine.com.example.bookingvaccine.MainActivity' never started. Visit https://github.com/appium/appium/blob/master/docs/en/writing-running-appium/android/activity-startup.md for troubleshooting
Build info: version: '3.141.59', revision: 'e82be7d358', time: '2018-11-14T08:17:03'
System info: host: 'RIKOSAHETAPI', ip: '192.168.0.15', os.name: 'Windows 10', os.arch: 'amd64', os.version: '10.0', java.version: '11.0.2'
Driver info: driver.version: AndroidDriver
remote stacktrace: UnknownError: An unknown server-side error occurred while processing the command. Original error: Cannot start the 'com.example.bookingvaccine' application. Visit https://github.com/appium/appium/blob/master/docs/en/writing-running-appium/android/activity-startup.md for troubleshooting. Original error: 'com.example.bookingvaccine.MainActivity' or 'com.example.bookingvaccine.com.example.bookingvaccine.MainActivity' never started. Visit https://github.com/appium/appium/blob/master/docs/en/writing-running-appium/android/activity-startup.md for troubleshooting
    at getResponseForW3CError (C:\Users\RICO\AppData\Roaming\npm\node_modules\appium\node_modules\appium-base-driver\lib\protocol\errors.js:804:9)
    at asyncHandler (C:\Users\RICO\AppData\Roaming\npm\node_modules\appium\node_modules\appium-base-driver\lib\protocol\protocol.js:380:37)
Build info: version: '3.141.59', revision: 'e82be7d358', time: '2018-11-14T08:17:03'
System info: host: 'RIKOSAHETAPI', ip: '192.168.0.15', os.name: 'Windows 10', os.arch: 'amd64', os.version: '10.0', java.version: '11.0.2'
Driver info: driver.version: AndroidDriver
	at io.appium.java_client.remote.AppiumCommandExecutor$1.createSession(AppiumCommandExecutor.java:216)
	at io.appium.java_client.remote.AppiumCommandExecutor.createSession(AppiumCommandExecutor.java:225)
	at io.appium.java_client.remote.AppiumCommandExecutor.execute(AppiumCommandExecutor.java:250)
	at org.openqa.selenium.remote.RemoteWebDriver.execute(RemoteWebDriver.java:552)
	at io.appium.java_client.DefaultGenericMobileDriver.execute(DefaultGenericMobileDriver.java:41)
	at io.appium.java_client.AppiumDriver.execute(AppiumDriver.java:1)
	at io.appium.java_client.android.AndroidDriver.execute(AndroidDriver.java:1)
	at org.openqa.selenium.remote.RemoteWebDriver.startSession(RemoteWebDriver.java:213)
	at io.appium.java_client.AppiumDriver.startSession(AppiumDriver.java:363)
	at org.openqa.selenium.remote.RemoteWebDriver.<init>(RemoteWebDriver.java:131)
	at io.appium.java_client.DefaultGenericMobileDriver.<init>(DefaultGenericMobileDriver.java:37)
	at io.appium.java_client.AppiumDriver.<init>(AppiumDriver.java:89)
	at io.appium.java_client.AppiumDriver.<init>(AppiumDriver.java:99)
	at io.appium.java_client.android.AndroidDriver.<init>(AndroidDriver.java:97)
	at test.automation.driver.AndroidDriverPool.create(AndroidDriverPool.java:29)
	at test.automation.pageobject.BasePageObject.getDriver(BasePageObject.java:17)
	at test.automation.pages.LoginPage$ByteBuddy$koz9TWwr.getDriver$accessor$NQmjXeJP(Unknown Source)
	at jdk.internal.reflect.GeneratedMethodAccessor15.invoke(Unknown Source)
	at java.base/jdk.internal.reflect.DelegatingMethodAccessorImpl.invoke(DelegatingMethodAccessorImpl.java:43)
	at java.base/java.lang.reflect.Method.invoke(Method.java:566)
	at net.thucydides.core.steps.BaseMethodRunner.invokeMethod(BaseMethodRunner.java:18)
	at net.thucydides.core.steps.NormalMethodRunner.invokeMethodAndNotifyFailures(NormalMethodRunner.java:18)
	at net.thucydides.core.steps.StepInterceptor.runNormalMethod(StepInterceptor.java:407)
	at net.thucydides.core.steps.StepInterceptor.testStepResult(StepInterceptor.java:192)
	at net.thucydides.core.steps.StepInterceptor.intercept(StepInterceptor.java:85)
	at net.thucydides.core.steps.ProxyConfiguration$InterceptorDispatcher.intercept(ProxyConfiguration.java:51)
	at test.automation.pages.LoginPage$ByteBuddy$koz9TWwr.getDriver(Unknown Source)
	at test.automation.pageobject.BasePageObject.onWait(BasePageObject.java:23)
	at test.automation.pages.LoginPage$ByteBuddy$koz9TWwr.onWait$accessor$NQmjXeJP(Unknown Source)
	at jdk.internal.reflect.GeneratedMethodAccessor14.invoke(Unknown Source)
	at java.base/jdk.internal.reflect.DelegatingMethodAccessorImpl.invoke(DelegatingMethodAccessorImpl.java:43)
	at java.base/java.lang.reflect.Method.invoke(Method.java:566)
	at net.thucydides.core.steps.BaseMethodRunner.invokeMethod(BaseMethodRunner.java:18)
	at net.thucydides.core.steps.NormalMethodRunner.invokeMethodAndNotifyFailures(NormalMethodRunner.java:18)
	at net.thucydides.core.steps.StepInterceptor.runNormalMethod(StepInterceptor.java:407)
	at net.thucydides.core.steps.StepInterceptor.testStepResult(StepInterceptor.java:192)
	at net.thucydides.core.steps.StepInterceptor.intercept(StepInterceptor.java:85)
	at net.thucydides.core.steps.ProxyConfiguration$InterceptorDispatcher.intercept(ProxyConfiguration.java:51)
	at test.automation.pages.LoginPage$ByteBuddy$koz9TWwr.onWait(Unknown Source)
	at test.automation.pageobject.BasePageObject.waitUntilPresence(BasePageObject.java:33)
	at test.automation.pages.LoginPage$ByteBuddy$koz9TWwr.waitUntilPresence$accessor$NQmjXeJP(Unknown Source)
	at java.base/jdk.internal.reflect.NativeMethodAccessorImpl.invoke0(Native Method)
	at java.base/jdk.internal.reflect.NativeMethodAccessorImpl.invoke(NativeMethodAccessorImpl.java:62)
	at java.base/jdk.internal.reflect.DelegatingMethodAccessorImpl.invoke(DelegatingMethodAccessorImpl.java:43)
	at java.base/java.lang.reflect.Method.invoke(Method.java:566)
	at net.thucydides.core.steps.BaseMethodRunner.invokeMethod(BaseMethodRunner.java:18)
	at net.thucydides.core.steps.NormalMethodRunner.invokeMethodAndNotifyFailures(NormalMethodRunner.java:18)
	at net.thucydides.core.steps.StepInterceptor.runNormalMethod(StepInterceptor.java:407)
	at net.thucydides.core.steps.StepInterceptor.testStepResult(StepInterceptor.java:192)
	at net.thucydides.core.steps.StepInterceptor.intercept(StepInterceptor.java:85)
	at net.thucydides.core.steps.ProxyConfiguration$InterceptorDispatcher.intercept(ProxyConfiguration.java:51)
	at test.automation.pages.LoginPage$ByteBuddy$koz9TWwr.waitUntilPresence(Unknown Source)
	at test.automation.pages.LoginPage.onLoginScreen(LoginPage.java:44)
	at test.automation.pages.LoginPage$ByteBuddy$koz9TWwr.onLoginScreen$accessor$NQmjXeJP(Unknown Source)
	at java.base/jdk.internal.reflect.NativeMethodAccessorImpl.invoke0(Native Method)
	at java.base/jdk.internal.reflect.NativeMethodAccessorImpl.invoke(NativeMethodAccessorImpl.java:62)
	at java.base/jdk.internal.reflect.DelegatingMethodAccessorImpl.invoke(DelegatingMethodAccessorImpl.java:43)
	at java.base/java.lang.reflect.Method.invoke(Method.java:566)
	at net.thucydides.core.steps.StepInterceptor.invokeMethod(StepInterceptor.java:504)
	at net.thucydides.core.steps.StepInterceptor.executeTestStepMethod(StepInterceptor.java:484)
	at net.thucydides.core.steps.StepInterceptor.runTestStep(StepInterceptor.java:458)
	at net.thucydides.core.steps.StepInterceptor.runOrSkipMethod(StepInterceptor.java:210)
	at net.thucydides.core.steps.StepInterceptor.testStepResult(StepInterceptor.java:197)
	at net.thucydides.core.steps.StepInterceptor.intercept(StepInterceptor.java:85)
	at net.thucydides.core.steps.ProxyConfiguration$InterceptorDispatcher.intercept(ProxyConfiguration.java:51)
	at test.automation.pages.LoginPage$ByteBuddy$koz9TWwr.onLoginScreen(Unknown Source)
	at test.automation.stepdefinitions.RegisterStep.userOnLoginScreenTapButtonDaftarSekarang(RegisterStep.java:21)
	at âœ½.User on login screen, tap button Daftar Sekarang(file:///C:/Users/RICO/IdeaProjects/CapstoneMobile/src/test/resources/features/Register.feature:5)
Caused by: java.lang.reflect.InvocationTargetException
	at java.base/jdk.internal.reflect.NativeMethodAccessorImpl.invoke0(Native Method)
	at java.base/jdk.internal.reflect.NativeMethodAccessorImpl.invoke(NativeMethodAccessorImpl.java:62)
	at java.base/jdk.internal.reflect.DelegatingMethodAccessorImpl.invoke(DelegatingMethodAccessorImpl.java:43)
	at java.base/java.lang.reflect.Method.invoke(Method.java:566)
	at io.appium.java_client.remote.AppiumCommandExecutor$1.createSession(AppiumCommandExecutor.java:193)
	at io.appium.java_client.remote.AppiumCommandExecutor.createSession(AppiumCommandExecutor.java:225)
	at io.appium.java_client.remote.AppiumCommandExecutor.execute(AppiumCommandExecutor.java:250)
	at org.openqa.selenium.remote.RemoteWebDriver.execute(RemoteWebDriver.java:552)
	at io.appium.java_client.DefaultGenericMobileDriver.execute(DefaultGenericMobileDriver.java:41)
	at io.appium.java_client.AppiumDriver.execute(AppiumDriver.java:1)
	at io.appium.java_client.android.AndroidDriver.execute(AndroidDriver.java:1)
	at org.openqa.selenium.remote.RemoteWebDriver.startSession(RemoteWebDriver.java:213)
	at io.appium.java_client.AppiumDriver.startSession(AppiumDriver.java:363)
	at org.openqa.selenium.remote.RemoteWebDriver.<init>(RemoteWebDriver.java:131)
	at io.appium.java_client.DefaultGenericMobileDriver.<init>(DefaultGenericMobileDriver.java:37)
	at io.appium.java_client.AppiumDriver.<init>(AppiumDriver.java:89)
	at io.appium.java_client.AppiumDriver.<init>(AppiumDriver.java:99)
	at io.appium.java_client.android.AndroidDriver.<init>(AndroidDriver.java:97)
	at test.automation.driver.AndroidDriverPool.create(AndroidDriverPool.java:29)
	at test.automation.pageobject.BasePageObject.getDriver(BasePageObject.java:17)
	at test.automation.pages.LoginPage$ByteBuddy$koz9TWwr.getDriver$accessor$NQmjXeJP(Unknown Source)
	at jdk.internal.reflect.GeneratedMethodAccessor15.invoke(Unknown Source)
	at java.base/jdk.internal.reflect.DelegatingMethodAccessorImpl.invoke(DelegatingMethodAccessorImpl.java:43)
	at java.base/java.lang.reflect.Method.invoke(Method.java:566)
	at net.thucydides.core.steps.BaseMethodRunner.invokeMethod(BaseMethodRunner.java:18)
	at net.thucydides.core.steps.NormalMethodRunner.invokeMethodAndNotifyFailures(NormalMethodRunner.java:18)
	at net.thucydides.core.steps.StepInterceptor.runNormalMethod(StepInterceptor.java:407)
	at net.thucydides.core.steps.StepInterceptor.testStepResult(StepInterceptor.java:192)
	at net.thucydides.core.steps.StepInterceptor.intercept(StepInterceptor.java:85)
	at net.thucydides.core.steps.ProxyConfiguration$InterceptorDispatcher.intercept(ProxyConfiguration.java:51)
	at test.automation.pages.LoginPage$ByteBuddy$koz9TWwr.getDriver(Unknown Source)
	at test.automation.pageobject.BasePageObject.onWait(BasePageObject.java:23)
	at test.automation.pages.LoginPage$ByteBuddy$koz9TWwr.onWait$accessor$NQmjXeJP(Unknown Source)
	at jdk.internal.reflect.GeneratedMethodAccessor14.invoke(Unknown Source)
	at java.base/jdk.internal.reflect.DelegatingMethodAccessorImpl.invoke(DelegatingMethodAccessorImpl.java:43)
	at java.base/java.lang.reflect.Method.invoke(Method.java:566)
	at net.thucydides.core.steps.BaseMethodRunner.invokeMethod(BaseMethodRunner.java:18)
	at net.thucydides.core.steps.NormalMethodRunner.invokeMethodAndNotifyFailures(NormalMethodRunner.java:18)
	at net.thucydides.core.steps.StepInterceptor.runNormalMethod(StepInterceptor.java:407)
	at net.thucydides.core.steps.StepInterceptor.testStepResult(StepInterceptor.java:192)
	at net.thucydides.core.steps.StepInterceptor.intercept(StepInterceptor.java:85)
	at net.thucydides.core.steps.ProxyConfiguration$InterceptorDispatcher.intercept(ProxyConfiguration.java:51)
	at test.automation.pages.LoginPage$ByteBuddy$koz9TWwr.onWait(Unknown Source)
	at test.automation.pageobject.BasePageObject.waitUntilPresence(BasePageObject.java:33)
	at test.automation.pages.LoginPage$ByteBuddy$koz9TWwr.waitUntilPresence$accessor$NQmjXeJP(Unknown Source)
	at java.base/jdk.internal.reflect.NativeMethodAccessorImpl.invoke0(Native Method)
	at java.base/jdk.internal.reflect.NativeMethodAccessorImpl.invoke(NativeMethodAccessorImpl.java:62)
	at java.base/jdk.internal.reflect.DelegatingMethodAccessorImpl.invoke(DelegatingMethodAccessorImpl.java:43)
	at java.base/java.lang.reflect.Method.invoke(Method.java:566)
	at net.thucydides.core.steps.BaseMethodRunner.invokeMethod(BaseMethodRunner.java:18)
	at net.thucydides.core.steps.NormalMethodRunner.invokeMethodAndNotifyFailures(NormalMethodRunner.java:18)
	at net.thucydides.core.steps.StepInterceptor.runNormalMethod(StepInterceptor.java:407)
	at net.thucydides.core.steps.StepInterceptor.testStepResult(StepInterceptor.java:192)
	at net.thucydides.core.steps.StepInterceptor.intercept(StepInterceptor.java:85)
	at net.thucydides.core.steps.ProxyConfiguration$InterceptorDispatcher.intercept(ProxyConfiguration.java:51)
	at test.automation.pages.LoginPage$ByteBuddy$koz9TWwr.waitUntilPresence(Unknown Source)
	at test.automation.pages.LoginPage.onLoginScreen(LoginPage.java:44)
	at test.automation.pages.LoginPage$ByteBuddy$koz9TWwr.onLoginScreen$accessor$NQmjXeJP(Unknown Source)
	at java.base/jdk.internal.reflect.NativeMethodAccessorImpl.invoke0(Native Method)
	at java.base/jdk.internal.reflect.NativeMethodAccessorImpl.invoke(NativeMethodAccessorImpl.java:62)
	at java.base/jdk.internal.reflect.DelegatingMethodAccessorImpl.invoke(DelegatingMethodAccessorImpl.java:43)
	at java.base/java.lang.reflect.Method.invoke(Method.java:566)
	at net.thucydides.core.steps.StepInterceptor.invokeMethod(StepInterceptor.java:504)
	at net.thucydides.core.steps.StepInterceptor.executeTestStepMethod(StepInterceptor.java:484)
	at net.thucydides.core.steps.StepInterceptor.runTestStep(StepInterceptor.java:458)
	at net.thucydides.core.steps.StepInterceptor.runOrSkipMethod(StepInterceptor.java:210)
	at net.thucydides.core.steps.StepInterceptor.testStepResult(StepInterceptor.java:197)
	at net.thucydides.core.steps.StepInterceptor.intercept(StepInterceptor.java:85)
	at net.thucydides.core.steps.ProxyConfiguration$InterceptorDispatcher.intercept(ProxyConfiguration.java:51)
	at test.automation.pages.LoginPage$ByteBuddy$koz9TWwr.onLoginScreen(Unknown Source)
	at test.automation.stepdefinitions.RegisterStep.userOnLoginScreenTapButtonDaftarSekarang(RegisterStep.java:21)
	at java.base/jdk.internal.reflect.NativeMethodAccessorImpl.invoke0(Native Method)
	at java.base/jdk.internal.reflect.NativeMethodAccessorImpl.invoke(NativeMethodAccessorImpl.java:62)
	at java.base/jdk.internal.reflect.DelegatingMethodAccessorImpl.invoke(DelegatingMethodAccessorImpl.java:43)
	at java.base/java.lang.reflect.Method.invoke(Method.java:566)
	at io.cucumber.java.Invoker.doInvoke(Invoker.java:66)
	at io.cucumber.java.Invoker.invoke(Invoker.java:24)
	at io.cucumber.java.AbstractGlueDefinition.invokeMethod(AbstractGlueDefinition.java:47)
	at io.cucumber.java.JavaStepDefinition.execute(JavaStepDefinition.java:29)
	at io.cucumber.core.runner.CoreStepDefinition.execute(CoreStepDefinition.java:66)
	at io.cucumber.core.runner.PickleStepDefinitionMatch.runStep(PickleStepDefinitionMatch.java:63)
	at io.cucumber.core.runner.ExecutionMode$1.execute(ExecutionMode.java:10)
	at io.cucumber.core.runner.TestStep.executeStep(TestStep.java:92)
	at io.cucumber.core.runner.TestStep.run(TestStep.java:64)
	at io.cucumber.core.runner.PickleStepTestStep.run(PickleStepTestStep.java:51)
	at io.cucumber.core.runner.TestCase.run(TestCase.java:104)
	at io.cucumber.core.runner.Runner.runPickle(Runner.java:73)
	at io.cucumber.junit.PickleRunners$WithStepDescriptions.run(PickleRunners.java:110)
	at io.cucumber.junit.FeatureRunner.runChild(FeatureRunner.java:135)
	at io.cucumber.junit.FeatureRunner.runChild(FeatureRunner.java:27)
	at org.junit.runners.ParentRunner$4.run(ParentRunner.java:331)
	at org.junit.runners.ParentRunner$1.schedule(ParentRunner.java:79)
	at org.junit.runners.ParentRunner.runChildren(ParentRunner.java:329)
	at org.junit.runners.ParentRunner.access$100(ParentRunner.java:66)
	at org.junit.runners.ParentRunner$2.evaluate(ParentRunner.java:293)
	at org.junit.runners.ParentRunner$3.evaluate(ParentRunner.java:306)
	at org.junit.runners.ParentRunner.run(ParentRunner.java:413)
	at io.cucumber.junit.CucumberSerenityRunner.runChild(CucumberSerenityRunner.java:258)
	at io.cucumber.junit.CucumberSerenityRunner.runChild(CucumberSerenityRunner.java:57)
	at org.junit.runners.ParentRunner$4.run(ParentRunner.java:331)
	at org.junit.runners.ParentRunner$1.schedule(ParentRunner.java:79)
	at org.junit.runners.ParentRunner.runChildren(ParentRunner.java:329)
	at org.junit.runners.ParentRunner.access$100(ParentRunner.java:66)
	at org.junit.runners.ParentRunner$2.evaluate(ParentRunner.java:293)
	at io.cucumber.junit.CucumberSerenityRunner$RunCucumber.evaluate(CucumberSerenityRunner.java:286)
	at org.junit.runners.ParentRunner$3.evaluate(ParentRunner.java:306)
	at org.junit.runners.ParentRunner.run(ParentRunner.java:413)
	at org.apache.maven.surefire.junit4.JUnit4Provider.execute(JUnit4Provider.java:367)
	at org.apache.maven.surefire.junit4.JUnit4Provider.executeWithRerun(JUnit4Provider.java:274)
	at org.apache.maven.surefire.junit4.JUnit4Provider.executeTestSet(JUnit4Provider.java:238)
	at org.apache.maven.surefire.junit4.JUnit4Provider.invoke(JUnit4Provider.java:161)
	at org.apache.maven.surefire.booter.ForkedBooter.invokeProviderInSameClassLoader(ForkedBooter.java:290)
	at org.apache.maven.surefire.booter.ForkedBooter.runSuitesInProcess(ForkedBooter.java:242)
	at org.apache.maven.surefire.booter.ForkedBooter.main(ForkedBooter.java:121)
Caused by: org.openqa.selenium.WebDriverException: An unknown server-side error occurred while processing the command. Original error: Cannot start the 'com.example.bookingvaccine' application. Visit https://github.com/appium/appium/blob/master/docs/en/writing-running-appium/android/activity-startup.md for troubleshooting. Original error: 'com.example.bookingvaccine.MainActivity' or 'com.example.bookingvaccine.com.example.bookingvaccine.MainActivity' never started. Visit https://github.com/appium/appium/blob/master/docs/en/writing-running-appium/android/activity-startup.md for troubleshooting
Build info: version: '3.141.59', revision: 'e82be7d358', time: '2018-11-14T08:17:03'
System info: host: 'RIKOSAHETAPI', ip: '192.168.0.15', os.name: 'Windows 10', os.arch: 'amd64', os.version: '10.0', java.version: '11.0.2'
Driver info: driver.version: AndroidDriver
remote stacktrace: UnknownError: An unknown server-side error occurred while processing the command. Original error: Cannot start the 'com.example.bookingvaccine' application. Visit https://github.com/appium/appium/blob/master/docs/en/writing-running-appium/android/activity-startup.md for troubleshooting. Original error: 'com.example.bookingvaccine.MainActivity' or 'com.example.bookingvaccine.com.example.bookingvaccine.MainActivity' never started. Visit https://github.com/appium/appium/blob/master/docs/en/writing-running-appium/android/activity-startup.md for troubleshooting
    at getResponseForW3CError (C:\Users\RICO\AppData\Roaming\npm\node_modules\appium\node_modules\appium-base-driver\lib\protocol\errors.js:804:9)
    at asyncHandler (C:\Users\RICO\AppData\Roaming\npm\node_modules\appium\node_modules\appium-base-driver\lib\protocol\protocol.js:380:37)
	at java.base/jdk.internal.reflect.NativeConstructorAccessorImpl.newInstance0(Native Method)
	at java.base/jdk.internal.reflect.NativeConstructorAccessorImpl.newInstance(NativeConstructorAccessorImpl.java:62)
	at java.base/jdk.internal.reflect.DelegatingConstructorAccessorImpl.newInstance(DelegatingConstructorAccessorImpl.java:45)
	at java.base/java.lang.reflect.Constructor.newInstance(Constructor.java:490)
	at org.openqa.selenium.remote.W3CHandshakeResponse.lambda$errorHandler$0(W3CHandshakeResponse.java:62)
	at org.openqa.selenium.remote.HandshakeResponse.lambda$getResponseFunction$0(HandshakeResponse.java:30)
	at org.openqa.selenium.remote.ProtocolHandshake.lambda$createSession$0(ProtocolHandshake.java:126)
	at java.base/java.util.stream.ReferencePipeline$3$1.accept(ReferencePipeline.java:195)
	at java.base/java.util.Spliterators$ArraySpliterator.tryAdvance(Spliterators.java:958)
	at java.base/java.util.stream.ReferencePipeline.forEachWithCancel(ReferencePipeline.java:127)
	at java.base/java.util.stream.AbstractPipeline.copyIntoWithCancel(AbstractPipeline.java:502)
	at java.base/java.util.stream.AbstractPipeline.copyInto(AbstractPipeline.java:488)
	at java.base/java.util.stream.AbstractPipeline.wrapAndCopyInto(AbstractPipeline.java:474)
	at java.base/java.util.stream.FindOps$FindOp.evaluateSequential(FindOps.java:150)
	at java.base/java.util.stream.AbstractPipeline.evaluate(AbstractPipeline.java:234)
	at java.base/java.util.stream.ReferencePipeline.findFirst(ReferencePipeline.java:543)
	at org.openqa.selenium.remote.ProtocolHandshake.createSession(ProtocolHandshake.java:128)
	... 114 more
&amp#27;[0m
]]></system-out>
  </testcase>
  <testcase name="User input invalid data Nama Belakang &quot;Sahetapi11&quot; using Simbol(Verify if a user can&apos;t Register with a invalid Data Nama Belakang using Simbol " classname="User input invalid data Nama Belakang &quot;Sahetapi11&quot; using Simbol(Verify if a user can&apos;t Register with a invalid Data Nama Belakang using Simbol (TC_R5))" time="0">
    <skipped/>
    <system-out><![CDATA[  &amp#27;[36mWhen &amp#27;[0m&amp#27;[36mUser On Register Screen&amp#27;[0m                                                                           &amp#27;[90m# test.automation.stepdefinitions.RegisterStep.userOnRegisterScreen()&amp#27;[0m
]]></system-out>
  </testcase>
  <testcase name="User ceklis checkboxx &quot;Saya telah menyetujui kebijakan privasi yang berlaku&quot;(Verify if a user can&apos;t Register with a invalid Data Nama Belakang using Simbol " classname="User ceklis checkboxx &quot;Saya telah menyetujui kebijakan privasi yang berlaku&quot;(Verify if a user can&apos;t Register with a invalid Data Nama Belakang using Simbol (TC_R5))" time="0">
    <skipped/>
    <system-out><![CDATA[  &amp#27;[36mAnd &amp#27;[0m&amp#27;[36mUser input invalid data Nama Belakang &amp#27;[0m&amp#27;[36m&amp#27;[1m"Sahetapi11"&amp#27;[0m&amp#27;[36m using Simbol&amp#27;[0m                                    &amp#27;[90m# test.automation.stepdefinitions.RegisterStep.userInputInvalidDataNamaBelakangUsingSimbol(java.lang.String)&amp#27;[0m
]]></system-out>
  </testcase>
  <testcase name="User tap Daftar sekarang button(Verify if a user can&apos;t Register with a invalid Data Nama Belakang using Simbol " classname="User tap Daftar sekarang button(Verify if a user can&apos;t Register with a invalid Data Nama Belakang using Simbol (TC_R5))" time="0">
    <skipped/>
    <system-out><![CDATA[  &amp#27;[36mAnd &amp#27;[0m&amp#27;[36mUser ceklis checkboxx &amp#27;[0m&amp#27;[36m&amp#27;[1m"Saya telah menyetujui kebijakan privasi yang berlaku"&amp#27;[0m                       &amp#27;[90m# test.automation.stepdefinitions.RegisterStep.userCeklisCheckboxx(java.lang.String)&amp#27;[0m
]]></system-out>
  </testcase>
  <testcase name="Can not enter Nama Belakang using simbols(Verify if a user can&apos;t Register with a invalid Data Nama Belakang using Simbol " classname="Can not enter Nama Belakang using simbols(Verify if a user can&apos;t Register with a invalid Data Nama Belakang using Simbol (TC_R5))" time="0">
    <skipped/>
    <system-out><![CDATA[  &amp#27;[36mAnd &amp#27;[0m&amp#27;[36mUser tap Daftar sekarang button&amp#27;[0m                                                                    &amp#27;[90m# test.automation.stepdefinitions.RegisterStep.userTapDaftarSekarangButton()&amp#27;[0m
]]></system-out>
  </testcase>
  <testcase name="Verify if a user can&apos;t Register with a invalid Data Nama Belakang using Simbol " classname="TC_R5" time="0.005">
    <error message="Unable to create a new remote session. Please check the server log for more details. Original error: An unknown server-side error occurred while processing the command. Original error: Cannot start the &apos;com.example.bookingvaccine&apos; application. Visit https://github.com/appium/appium/blob/master/docs/en/writing-running-appium/android/activity-startup.md for troubleshooting. Original error: &apos;com.example.bookingvaccine.MainActivity&apos; or &apos;com.example.bookingvaccine.com.example.bookingvaccine.MainActivity&apos; never started. Visit https://github.com/appium/appium/blob/master/docs/en/writing-running-appium/android/activity-startup.md for troubleshooting&#10;Build info: version: &apos;3.141.59&apos;, revision: &apos;e82be7d358&apos;, time: &apos;2018-11-14T08:17:03&apos;&#10;System info: host: &apos;RIKOSAHETAPI&apos;, ip: &apos;192.168.0.15&apos;, os.name: &apos;Windows 10&apos;, os.arch: &apos;amd64&apos;, os.version: &apos;10.0&apos;, java.version: &apos;11.0.2&apos;&#10;Driver info: driver.version: AndroidDriver&#10;remote stacktrace: UnknownError: An unknown server-side error occurred while processing the command. Original error: Cannot start the &apos;com.example.bookingvaccine&apos; application. Visit https://github.com/appium/appium/blob/master/docs/en/writing-running-appium/android/activity-startup.md for troubleshooting. Original error: &apos;com.example.bookingvaccine.MainActivity&apos; or &apos;com.example.bookingvaccine.com.example.bookingvaccine.MainActivity&apos; never started. Visit https://github.com/appium/appium/blob/master/docs/en/writing-running-appium/android/activity-startup.md for troubleshooting&#10;    at getResponseForW3CError (C:\Users\RICO\AppData\Roaming\npm\node_modules\appium\node_modules\appium-base-driver\lib\protocol\errors.js:804:9)&#10;    at asyncHandler (C:\Users\RICO\AppData\Roaming\npm\node_modules\appium\node_modules\appium-base-driver\lib\protocol\protocol.js:380:37)&#10;Build info: version: &apos;3.141.59&apos;, revision: &apos;e82be7d358&apos;, time: &apos;2018-11-14T08:17:03&apos;&#10;System info: host: &apos;RIKOSAHETAPI&apos;, ip: &apos;192.168.0.15&apos;, os.name: &apos;Windows 10&apos;, os.arch: &apos;amd64&apos;, os.version: &apos;10.0&apos;, java.version: &apos;11.0.2&apos;&#10;Driver info: driver.version: AndroidDriver" type="org.openqa.selenium.SessionNotCreatedException">org.openqa.selenium.SessionNotCreatedException: 
Unable to create a new remote session. Please check the server log for more details. Original error: An unknown server-side error occurred while processing the command. Original error: Cannot start the 'com.example.bookingvaccine' application. Visit https://github.com/appium/appium/blob/master/docs/en/writing-running-appium/android/activity-startup.md for troubleshooting. Original error: 'com.example.bookingvaccine.MainActivity' or 'com.example.bookingvaccine.com.example.bookingvaccine.MainActivity' never started. Visit https://github.com/appium/appium/blob/master/docs/en/writing-running-appium/android/activity-startup.md for troubleshooting
Build info: version: '3.141.59', revision: 'e82be7d358', time: '2018-11-14T08:17:03'
System info: host: 'RIKOSAHETAPI', ip: '192.168.0.15', os.name: 'Windows 10', os.arch: 'amd64', os.version: '10.0', java.version: '11.0.2'
Driver info: driver.version: AndroidDriver
remote stacktrace: UnknownError: An unknown server-side error occurred while processing the command. Original error: Cannot start the 'com.example.bookingvaccine' application. Visit https://github.com/appium/appium/blob/master/docs/en/writing-running-appium/android/activity-startup.md for troubleshooting. Original error: 'com.example.bookingvaccine.MainActivity' or 'com.example.bookingvaccine.com.example.bookingvaccine.MainActivity' never started. Visit https://github.com/appium/appium/blob/master/docs/en/writing-running-appium/android/activity-startup.md for troubleshooting
    at getResponseForW3CError (C:\Users\RICO\AppData\Roaming\npm\node_modules\appium\node_modules\appium-base-driver\lib\protocol\errors.js:804:9)
    at asyncHandler (C:\Users\RICO\AppData\Roaming\npm\node_modules\appium\node_modules\appium-base-driver\lib\protocol\protocol.js:380:37)
Build info: version: '3.141.59', revision: 'e82be7d358', time: '2018-11-14T08:17:03'
System info: host: 'RIKOSAHETAPI', ip: '192.168.0.15', os.name: 'Windows 10', os.arch: 'amd64', os.version: '10.0', java.version: '11.0.2'
Driver info: driver.version: AndroidDriver
Caused by: java.lang.reflect.InvocationTargetException
Caused by: org.openqa.selenium.WebDriverException: 
An unknown server-side error occurred while processing the command. Original error: Cannot start the 'com.example.bookingvaccine' application. Visit https://github.com/appium/appium/blob/master/docs/en/writing-running-appium/android/activity-startup.md for troubleshooting. Original error: 'com.example.bookingvaccine.MainActivity' or 'com.example.bookingvaccine.com.example.bookingvaccine.MainActivity' never started. Visit https://github.com/appium/appium/blob/master/docs/en/writing-running-appium/android/activity-startup.md for troubleshooting
Build info: version: '3.141.59', revision: 'e82be7d358', time: '2018-11-14T08:17:03'
System info: host: 'RIKOSAHETAPI', ip: '192.168.0.15', os.name: 'Windows 10', os.arch: 'amd64', os.version: '10.0', java.version: '11.0.2'
Driver info: driver.version: AndroidDriver
remote stacktrace: UnknownError: An unknown server-side error occurred while processing the command. Original error: Cannot start the 'com.example.bookingvaccine' application. Visit https://github.com/appium/appium/blob/master/docs/en/writing-running-appium/android/activity-startup.md for troubleshooting. Original error: 'com.example.bookingvaccine.MainActivity' or 'com.example.bookingvaccine.com.example.bookingvaccine.MainActivity' never started. Visit https://github.com/appium/appium/blob/master/docs/en/writing-running-appium/android/activity-startup.md for troubleshooting
    at getResponseForW3CError (C:\Users\RICO\AppData\Roaming\npm\node_modules\appium\node_modules\appium-base-driver\lib\protocol\errors.js:804:9)
    at asyncHandler (C:\Users\RICO\AppData\Roaming\npm\node_modules\appium\node_modules\appium-base-driver\lib\protocol\protocol.js:380:37)
</error>
    <system-out><![CDATA[  &amp#27;[36mThen &amp#27;[0m&amp#27;[36mCan not enter Nama Belakang using simbols&amp#27;[0m                                                         &amp#27;[90m# test.automation.stepdefinitions.RegisterStep.canNotEnterNamaBelakangUsingSimbols()&amp#27;[0m
]]></system-out>
  </testcase>
  <testcase name="User on login screen, tap button Daftar Sekarang(Verify if a user can&apos;t Register with a invalid Data Format Email " classname="User on login screen, tap button Daftar Sekarang(Verify if a user can&apos;t Register with a invalid Data Format Email (TC_R6))" time="38.402"/>
  <testcase name="User On Register Screen(Verify if a user can&apos;t Register with a invalid Data Format Email " classname="User On Register Screen(Verify if a user can&apos;t Register with a invalid Data Format Email (TC_R6))" time="64.177">
    <error message="Expected condition failed: waiting for presence of element located by: By.xpath: 	&#10;//android.view.View[@content-desc=&quot;Silahkan Buat Akun Anda&quot;] (tried for 20 second(s) with 500 milliseconds interval)" type="org.openqa.selenium.TimeoutException">org.openqa.selenium.TimeoutException: 
Expected condition failed: waiting for presence of element located by: By.xpath: 	
//android.view.View[@content-desc="Silahkan Buat Akun Anda"] (tried for 20 second(s) with 500 milliseconds interval)
Caused by: org.openqa.selenium.NoSuchElementException: 
An element could not be located on the page using the given search parameters.
For documentation on this error, please visit: https://www.seleniumhq.org/exceptions/no_such_element.html
Build info: version: '3.141.59', revision: 'e82be7d358', time: '2018-11-14T08:17:03'
System info: host: 'RIKOSAHETAPI', ip: '192.168.0.15', os.name: 'Windows 10', os.arch: 'amd64', os.version: '10.0', java.version: '11.0.2'
Driver info: io.appium.java_client.android.AndroidDriver
Capabilities {app: C:\Users\RICO\IdeaProjects\..., appPackage: com.example.bookingvaccine, automationName: UiAutomator2, databaseEnabled: false, desired: {app: C:\Users\RICO\IdeaProjects\..., automationName: UiAutomator2, noReset: true, platformName: android, platformVersion: 12}, deviceApiLevel: 31, deviceManufacturer: Google, deviceModel: sdk_gphone64_x86_64, deviceName: emulator-5554, deviceScreenDensity: 440, deviceScreenSize: 1080x2280, deviceUDID: emulator-5554, javascriptEnabled: true, locationContextEnabled: false, networkConnectionEnabled: true, noReset: true, pixelRatio: 2.75, platform: LINUX, platformName: Android, platformVersion: 12, statBarHeight: 83, takesScreenshot: true, viewportRect: {height: 2065, left: 0, top: 83, width: 1080}, warnings: {}, webStorageEnabled: false}
Session ID: 8051855e-5345-4d5f-99d2-01ee1a57ea5c
*** Element info: {Using=xpath, value=	
//android.view.View[@content-desc="Silahkan Buat Akun Anda"]}
</error>
    <system-out><![CDATA[  &amp#27;[32mGiven &amp#27;[0m&amp#27;[32mUser on login screen, tap button Daftar Sekarang&amp#27;[0m                                   &amp#27;[90m# test.automation.stepdefinitions.RegisterStep.userOnLoginScreenTapButtonDaftarSekarang()&amp#27;[0m
]]></system-out>
    <system-err><![CDATA[Jul 20, 2022 2:21:51 PM io.appium.java_client.remote.AppiumCommandExecutor$1 lambda$0
INFO: Detected dialect: W3C
]]></system-err>
  </testcase>
  <testcase name="User input invalid Email, input invalid format &quot;rikoinvalid&quot;(Verify if a user can&apos;t Register with a invalid Data Format Email " classname="User input invalid Email, input invalid format &quot;rikoinvalid&quot;(Verify if a user can&apos;t Register with a invalid Data Format Email (TC_R6))" time="0">
    <skipped/>
    <system-out><![CDATA[  &amp#27;[31mWhen &amp#27;[0m&amp#27;[31mUser On Register Screen&amp#27;[0m                                                             &amp#27;[90m# test.automation.stepdefinitions.RegisterStep.userOnRegisterScreen()&amp#27;[0m
      &amp#27;[31morg.openqa.selenium.TimeoutException: Expected condition failed: waiting for presence of element located by: By.xpath: 	
//android.view.View[@content-desc="Silahkan Buat Akun Anda"] (tried for 20 second(s) with 500 milliseconds interval)
	at org.openqa.selenium.support.ui.WebDriverWait.timeoutException(WebDriverWait.java:95)
	at org.openqa.selenium.support.ui.FluentWait.until(FluentWait.java:272)
	at test.automation.pageobject.BasePageObject.waitUntilPresence(BasePageObject.java:33)
	at test.automation.pages.RegisterPage$ByteBuddy$g8QaQKNN.waitUntilPresence$accessor$5pLYM4V8(Unknown Source)
	at java.base/jdk.internal.reflect.NativeMethodAccessorImpl.invoke0(Native Method)
	at java.base/jdk.internal.reflect.NativeMethodAccessorImpl.invoke(NativeMethodAccessorImpl.java:62)
	at java.base/jdk.internal.reflect.DelegatingMethodAccessorImpl.invoke(DelegatingMethodAccessorImpl.java:43)
	at java.base/java.lang.reflect.Method.invoke(Method.java:566)
	at net.thucydides.core.steps.BaseMethodRunner.invokeMethod(BaseMethodRunner.java:18)
	at net.thucydides.core.steps.NormalMethodRunner.invokeMethodAndNotifyFailures(NormalMethodRunner.java:18)
	at net.thucydides.core.steps.StepInterceptor.runNormalMethod(StepInterceptor.java:407)
	at net.thucydides.core.steps.StepInterceptor.testStepResult(StepInterceptor.java:192)
	at net.thucydides.core.steps.StepInterceptor.intercept(StepInterceptor.java:85)
	at net.thucydides.core.steps.ProxyConfiguration$InterceptorDispatcher.intercept(ProxyConfiguration.java:51)
	at test.automation.pages.RegisterPage$ByteBuddy$g8QaQKNN.waitUntilPresence(Unknown Source)
	at test.automation.pages.RegisterPage.onRegisterScreen(RegisterPage.java:124)
	at test.automation.pages.RegisterPage$ByteBuddy$g8QaQKNN.onRegisterScreen$accessor$5pLYM4V8(Unknown Source)
	at java.base/jdk.internal.reflect.NativeMethodAccessorImpl.invoke0(Native Method)
	at java.base/jdk.internal.reflect.NativeMethodAccessorImpl.invoke(NativeMethodAccessorImpl.java:62)
	at java.base/jdk.internal.reflect.DelegatingMethodAccessorImpl.invoke(DelegatingMethodAccessorImpl.java:43)
	at java.base/java.lang.reflect.Method.invoke(Method.java:566)
	at net.thucydides.core.steps.StepInterceptor.invokeMethod(StepInterceptor.java:504)
	at net.thucydides.core.steps.StepInterceptor.executeTestStepMethod(StepInterceptor.java:484)
	at net.thucydides.core.steps.StepInterceptor.runTestStep(StepInterceptor.java:458)
	at net.thucydides.core.steps.StepInterceptor.runOrSkipMethod(StepInterceptor.java:210)
	at net.thucydides.core.steps.StepInterceptor.testStepResult(StepInterceptor.java:197)
	at net.thucydides.core.steps.StepInterceptor.intercept(StepInterceptor.java:85)
	at net.thucydides.core.steps.ProxyConfiguration$InterceptorDispatcher.intercept(ProxyConfiguration.java:51)
	at test.automation.pages.RegisterPage$ByteBuddy$g8QaQKNN.onRegisterScreen(Unknown Source)
	at test.automation.stepdefinitions.RegisterStep.userOnRegisterScreen(RegisterStep.java:28)
	at âœ½.User On Register Screen(file:///C:/Users/RICO/IdeaProjects/CapstoneMobile/src/test/resources/features/Register.feature:6)
Caused by: org.openqa.selenium.NoSuchElementException: An element could not be located on the page using the given search parameters.
For documentation on this error, please visit: https://www.seleniumhq.org/exceptions/no_such_element.html
Build info: version: '3.141.59', revision: 'e82be7d358', time: '2018-11-14T08:17:03'
System info: host: 'RIKOSAHETAPI', ip: '192.168.0.15', os.name: 'Windows 10', os.arch: 'amd64', os.version: '10.0', java.version: '11.0.2'
Driver info: io.appium.java_client.android.AndroidDriver
Capabilities {app: C:\Users\RICO\IdeaProjects\..., appPackage: com.example.bookingvaccine, automationName: UiAutomator2, databaseEnabled: false, desired: {app: C:\Users\RICO\IdeaProjects\..., automationName: UiAutomator2, noReset: true, platformName: android, platformVersion: 12}, deviceApiLevel: 31, deviceManufacturer: Google, deviceModel: sdk_gphone64_x86_64, deviceName: emulator-5554, deviceScreenDensity: 440, deviceScreenSize: 1080x2280, deviceUDID: emulator-5554, javascriptEnabled: true, locationContextEnabled: false, networkConnectionEnabled: true, noReset: true, pixelRatio: 2.75, platform: LINUX, platformName: Android, platformVersion: 12, statBarHeight: 83, takesScreenshot: true, viewportRect: {height: 2065, left: 0, top: 83, width: 1080}, warnings: {}, webStorageEnabled: false}
Session ID: 8051855e-5345-4d5f-99d2-01ee1a57ea5c
*** Element info: {Using=xpath, value=	
//android.view.View[@content-desc="Silahkan Buat Akun Anda"]}
	at java.base/jdk.internal.reflect.NativeConstructorAccessorImpl.newInstance0(Native Method)
	at java.base/jdk.internal.reflect.NativeConstructorAccessorImpl.newInstance(NativeConstructorAccessorImpl.java:62)
	at java.base/jdk.internal.reflect.DelegatingConstructorAccessorImpl.newInstance(DelegatingConstructorAccessorImpl.java:45)
	at java.base/java.lang.reflect.Constructor.newInstance(Constructor.java:490)
	at org.openqa.selenium.remote.http.W3CHttpResponseCodec.createException(W3CHttpResponseCodec.java:187)
	at org.openqa.selenium.remote.http.W3CHttpResponseCodec.decode(W3CHttpResponseCodec.java:122)
	at org.openqa.selenium.remote.http.W3CHttpResponseCodec.decode(W3CHttpResponseCodec.java:49)
	at org.openqa.selenium.remote.HttpCommandExecutor.execute(HttpCommandExecutor.java:158)
	at io.appium.java_client.remote.AppiumCommandExecutor.execute(AppiumCommandExecutor.java:250)
	at org.openqa.selenium.remote.RemoteWebDriver.execute(RemoteWebDriver.java:552)
	at io.appium.java_client.DefaultGenericMobileDriver.execute(DefaultGenericMobileDriver.java:41)
	at io.appium.java_client.AppiumDriver.execute(AppiumDriver.java:1)
	at io.appium.java_client.android.AndroidDriver.execute(AndroidDriver.java:1)
	at org.openqa.selenium.remote.RemoteWebDriver.findElement(RemoteWebDriver.java:323)
	at io.appium.java_client.DefaultGenericMobileDriver.findElement(DefaultGenericMobileDriver.java:61)
	at io.appium.java_client.AppiumDriver.findElement(AppiumDriver.java:1)
	at io.appium.java_client.android.AndroidDriver.findElement(AndroidDriver.java:1)
	at org.openqa.selenium.remote.RemoteWebDriver.findElementByXPath(RemoteWebDriver.java:428)
	at io.appium.java_client.DefaultGenericMobileDriver.findElementByXPath(DefaultGenericMobileDriver.java:151)
	at io.appium.java_client.AppiumDriver.findElementByXPath(AppiumDriver.java:1)
	at io.appium.java_client.android.AndroidDriver.findElementByXPath(AndroidDriver.java:1)
	at org.openqa.selenium.By$ByXPath.findElement(By.java:353)
	at org.openqa.selenium.remote.RemoteWebDriver.findElement(RemoteWebDriver.java:315)
	at io.appium.java_client.DefaultGenericMobileDriver.findElement(DefaultGenericMobileDriver.java:57)
	at io.appium.java_client.AppiumDriver.findElement(AppiumDriver.java:1)
	at io.appium.java_client.android.AndroidDriver.findElement(AndroidDriver.java:1)
	at org.openqa.selenium.support.ui.ExpectedConditions$6.apply(ExpectedConditions.java:182)
	at org.openqa.selenium.support.ui.ExpectedConditions$6.apply(ExpectedConditions.java:179)
	at org.openqa.selenium.support.ui.FluentWait.until(FluentWait.java:249)
	at test.automation.pageobject.BasePageObject.waitUntilPresence(BasePageObject.java:33)
	at test.automation.pages.RegisterPage$ByteBuddy$g8QaQKNN.waitUntilPresence$accessor$5pLYM4V8(Unknown Source)
	at java.base/jdk.internal.reflect.NativeMethodAccessorImpl.invoke0(Native Method)
	at java.base/jdk.internal.reflect.NativeMethodAccessorImpl.invoke(NativeMethodAccessorImpl.java:62)
	at java.base/jdk.internal.reflect.DelegatingMethodAccessorImpl.invoke(DelegatingMethodAccessorImpl.java:43)
	at java.base/java.lang.reflect.Method.invoke(Method.java:566)
	at net.thucydides.core.steps.BaseMethodRunner.invokeMethod(BaseMethodRunner.java:18)
	at net.thucydides.core.steps.NormalMethodRunner.invokeMethodAndNotifyFailures(NormalMethodRunner.java:18)
	at net.thucydides.core.steps.StepInterceptor.runNormalMethod(StepInterceptor.java:407)
	at net.thucydides.core.steps.StepInterceptor.testStepResult(StepInterceptor.java:192)
	at net.thucydides.core.steps.StepInterceptor.intercept(StepInterceptor.java:85)
	at net.thucydides.core.steps.ProxyConfiguration$InterceptorDispatcher.intercept(ProxyConfiguration.java:51)
	at test.automation.pages.RegisterPage$ByteBuddy$g8QaQKNN.waitUntilPresence(Unknown Source)
	at test.automation.pages.RegisterPage.onRegisterScreen(RegisterPage.java:124)
	at test.automation.pages.RegisterPage$ByteBuddy$g8QaQKNN.onRegisterScreen$accessor$5pLYM4V8(Unknown Source)
	at java.base/jdk.internal.reflect.NativeMethodAccessorImpl.invoke0(Native Method)
	at java.base/jdk.internal.reflect.NativeMethodAccessorImpl.invoke(NativeMethodAccessorImpl.java:62)
	at java.base/jdk.internal.reflect.DelegatingMethodAccessorImpl.invoke(DelegatingMethodAccessorImpl.java:43)
	at java.base/java.lang.reflect.Method.invoke(Method.java:566)
	at net.thucydides.core.steps.StepInterceptor.invokeMethod(StepInterceptor.java:504)
	at net.thucydides.core.steps.StepInterceptor.executeTestStepMethod(StepInterceptor.java:484)
	at net.thucydides.core.steps.StepInterceptor.runTestStep(StepInterceptor.java:458)
	at net.thucydides.core.steps.StepInterceptor.runOrSkipMethod(StepInterceptor.java:210)
	at net.thucydides.core.steps.StepInterceptor.testStepResult(StepInterceptor.java:197)
	at net.thucydides.core.steps.StepInterceptor.intercept(StepInterceptor.java:85)
	at net.thucydides.core.steps.ProxyConfiguration$InterceptorDispatcher.intercept(ProxyConfiguration.java:51)
	at test.automation.pages.RegisterPage$ByteBuddy$g8QaQKNN.onRegisterScreen(Unknown Source)
	at test.automation.stepdefinitions.RegisterStep.userOnRegisterScreen(RegisterStep.java:28)
	at java.base/jdk.internal.reflect.NativeMethodAccessorImpl.invoke0(Native Method)
	at java.base/jdk.internal.reflect.NativeMethodAccessorImpl.invoke(NativeMethodAccessorImpl.java:62)
	at java.base/jdk.internal.reflect.DelegatingMethodAccessorImpl.invoke(DelegatingMethodAccessorImpl.java:43)
	at java.base/java.lang.reflect.Method.invoke(Method.java:566)
	at io.cucumber.java.Invoker.doInvoke(Invoker.java:66)
	at io.cucumber.java.Invoker.invoke(Invoker.java:24)
	at io.cucumber.java.AbstractGlueDefinition.invokeMethod(AbstractGlueDefinition.java:47)
	at io.cucumber.java.JavaStepDefinition.execute(JavaStepDefinition.java:29)
	at io.cucumber.core.runner.CoreStepDefinition.execute(CoreStepDefinition.java:66)
	at io.cucumber.core.runner.PickleStepDefinitionMatch.runStep(PickleStepDefinitionMatch.java:63)
	at io.cucumber.core.runner.ExecutionMode$1.execute(ExecutionMode.java:10)
	at io.cucumber.core.runner.TestStep.executeStep(TestStep.java:92)
	at io.cucumber.core.runner.TestStep.run(TestStep.java:64)
	at io.cucumber.core.runner.PickleStepTestStep.run(PickleStepTestStep.java:51)
	at io.cucumber.core.runner.TestCase.run(TestCase.java:104)
	at io.cucumber.core.runner.Runner.runPickle(Runner.java:73)
	at io.cucumber.junit.PickleRunners$WithStepDescriptions.run(PickleRunners.java:110)
	at io.cucumber.junit.FeatureRunner.runChild(FeatureRunner.java:135)
	at io.cucumber.junit.FeatureRunner.runChild(FeatureRunner.java:27)
	at org.junit.runners.ParentRunner$4.run(ParentRunner.java:331)
	at org.junit.runners.ParentRunner$1.schedule(ParentRunner.java:79)
	at org.junit.runners.ParentRunner.runChildren(ParentRunner.java:329)
	at org.junit.runners.ParentRunner.access$100(ParentRunner.java:66)
	at org.junit.runners.ParentRunner$2.evaluate(ParentRunner.java:293)
	at org.junit.runners.ParentRunner$3.evaluate(ParentRunner.java:306)
	at org.junit.runners.ParentRunner.run(ParentRunner.java:413)
	at io.cucumber.junit.CucumberSerenityRunner.runChild(CucumberSerenityRunner.java:258)
	at io.cucumber.junit.CucumberSerenityRunner.runChild(CucumberSerenityRunner.java:57)
	at org.junit.runners.ParentRunner$4.run(ParentRunner.java:331)
	at org.junit.runners.ParentRunner$1.schedule(ParentRunner.java:79)
	at org.junit.runners.ParentRunner.runChildren(ParentRunner.java:329)
	at org.junit.runners.ParentRunner.access$100(ParentRunner.java:66)
	at org.junit.runners.ParentRunner$2.evaluate(ParentRunner.java:293)
	at io.cucumber.junit.CucumberSerenityRunner$RunCucumber.evaluate(CucumberSerenityRunner.java:286)
	at org.junit.runners.ParentRunner$3.evaluate(ParentRunner.java:306)
	at org.junit.runners.ParentRunner.run(ParentRunner.java:413)
	at org.apache.maven.surefire.junit4.JUnit4Provider.execute(JUnit4Provider.java:367)
	at org.apache.maven.surefire.junit4.JUnit4Provider.executeWithRerun(JUnit4Provider.java:274)
	at org.apache.maven.surefire.junit4.JUnit4Provider.executeTestSet(JUnit4Provider.java:238)
	at org.apache.maven.surefire.junit4.JUnit4Provider.invoke(JUnit4Provider.java:161)
	at org.apache.maven.surefire.booter.ForkedBooter.invokeProviderInSameClassLoader(ForkedBooter.java:290)
	at org.apache.maven.surefire.booter.ForkedBooter.runSuitesInProcess(ForkedBooter.java:242)
	at org.apache.maven.surefire.booter.ForkedBooter.main(ForkedBooter.java:121)
&amp#27;[0m
]]></system-out>
  </testcase>
  <testcase name="User Tap Button Daftar Sekarang(Verify if a user can&apos;t Register with a invalid Data Format Email " classname="User Tap Button Daftar Sekarang(Verify if a user can&apos;t Register with a invalid Data Format Email (TC_R6))" time="0">
    <skipped/>
    <system-out><![CDATA[  &amp#27;[36mAnd &amp#27;[0m&amp#27;[36mUser input invalid Email, input invalid format &amp#27;[0m&amp#27;[36m&amp#27;[1m"rikoinvalid"&amp#27;[0m                         &amp#27;[90m# test.automation.stepdefinitions.RegisterStep.userInputInvalidEmailInputInvalidFormat(java.lang.String)&amp#27;[0m
]]></system-out>
  </testcase>
  <testcase name="Show alert error invalid format email(Verify if a user can&apos;t Register with a invalid Data Format Email " classname="Show alert error invalid format email(Verify if a user can&apos;t Register with a invalid Data Format Email (TC_R6))" time="0">
    <skipped/>
    <system-out><![CDATA[  &amp#27;[36mAnd &amp#27;[0m&amp#27;[36mUser Tap Button Daftar Sekarang&amp#27;[0m                                                      &amp#27;[90m# test.automation.stepdefinitions.RegisterStep.userTapButton(java.lang.String)&amp#27;[0m
]]></system-out>
  </testcase>
  <testcase name="Verify if a user can&apos;t Register with a invalid Data Format Email " classname="TC_R6" time="0">
    <error message="Expected condition failed: waiting for presence of element located by: By.xpath: 	&#10;//android.view.View[@content-desc=&quot;Silahkan Buat Akun Anda&quot;] (tried for 20 second(s) with 500 milliseconds interval)" type="org.openqa.selenium.TimeoutException">org.openqa.selenium.TimeoutException: 
Expected condition failed: waiting for presence of element located by: By.xpath: 	
//android.view.View[@content-desc="Silahkan Buat Akun Anda"] (tried for 20 second(s) with 500 milliseconds interval)
Caused by: org.openqa.selenium.NoSuchElementException: 
An element could not be located on the page using the given search parameters.
For documentation on this error, please visit: https://www.seleniumhq.org/exceptions/no_such_element.html
Build info: version: '3.141.59', revision: 'e82be7d358', time: '2018-11-14T08:17:03'
System info: host: 'RIKOSAHETAPI', ip: '192.168.0.15', os.name: 'Windows 10', os.arch: 'amd64', os.version: '10.0', java.version: '11.0.2'
Driver info: io.appium.java_client.android.AndroidDriver
Capabilities {app: C:\Users\RICO\IdeaProjects\..., appPackage: com.example.bookingvaccine, automationName: UiAutomator2, databaseEnabled: false, desired: {app: C:\Users\RICO\IdeaProjects\..., automationName: UiAutomator2, noReset: true, platformName: android, platformVersion: 12}, deviceApiLevel: 31, deviceManufacturer: Google, deviceModel: sdk_gphone64_x86_64, deviceName: emulator-5554, deviceScreenDensity: 440, deviceScreenSize: 1080x2280, deviceUDID: emulator-5554, javascriptEnabled: true, locationContextEnabled: false, networkConnectionEnabled: true, noReset: true, pixelRatio: 2.75, platform: LINUX, platformName: Android, platformVersion: 12, statBarHeight: 83, takesScreenshot: true, viewportRect: {height: 2065, left: 0, top: 83, width: 1080}, warnings: {}, webStorageEnabled: false}
Session ID: 8051855e-5345-4d5f-99d2-01ee1a57ea5c
*** Element info: {Using=xpath, value=	
//android.view.View[@content-desc="Silahkan Buat Akun Anda"]}
</error>
    <system-out><![CDATA[  &amp#27;[36mThen &amp#27;[0m&amp#27;[36mShow alert error invalid format email&amp#27;[0m                                               &amp#27;[90m# test.automation.stepdefinitions.RegisterStep.showAlertError()&amp#27;[0m
]]></system-out>
  </testcase>
  <testcase name="User on login screen, tap button Daftar Sekarang(Verify if a user can&apos;t Register with a valid Data Format Email " classname="User on login screen, tap button Daftar Sekarang(Verify if a user can&apos;t Register with a valid Data Format Email (TC_R7))" time="42.898"/>
  <testcase name="User On Register Screen(Verify if a user can&apos;t Register with a valid Data Format Email " classname="User On Register Screen(Verify if a user can&apos;t Register with a valid Data Format Email (TC_R7))" time="65.706">
    <error message="Expected condition failed: waiting for presence of element located by: By.xpath: 	&#10;//android.view.View[@content-desc=&quot;Silahkan Buat Akun Anda&quot;] (tried for 20 second(s) with 500 milliseconds interval)" type="org.openqa.selenium.TimeoutException">org.openqa.selenium.TimeoutException: 
Expected condition failed: waiting for presence of element located by: By.xpath: 	
//android.view.View[@content-desc="Silahkan Buat Akun Anda"] (tried for 20 second(s) with 500 milliseconds interval)
Caused by: org.openqa.selenium.NoSuchElementException: 
An element could not be located on the page using the given search parameters.
For documentation on this error, please visit: https://www.seleniumhq.org/exceptions/no_such_element.html
Build info: version: '3.141.59', revision: 'e82be7d358', time: '2018-11-14T08:17:03'
System info: host: 'RIKOSAHETAPI', ip: '192.168.0.15', os.name: 'Windows 10', os.arch: 'amd64', os.version: '10.0', java.version: '11.0.2'
Driver info: io.appium.java_client.android.AndroidDriver
Capabilities {app: C:\Users\RICO\IdeaProjects\..., appPackage: com.example.bookingvaccine, automationName: UiAutomator2, databaseEnabled: false, desired: {app: C:\Users\RICO\IdeaProjects\..., automationName: UiAutomator2, noReset: true, platformName: android, platformVersion: 12}, deviceApiLevel: 31, deviceManufacturer: Google, deviceModel: sdk_gphone64_x86_64, deviceName: emulator-5554, deviceScreenDensity: 440, deviceScreenSize: 1080x2280, deviceUDID: emulator-5554, javascriptEnabled: true, locationContextEnabled: false, networkConnectionEnabled: true, noReset: true, pixelRatio: 2.75, platform: LINUX, platformName: Android, platformVersion: 12, statBarHeight: 83, takesScreenshot: true, viewportRect: {height: 2065, left: 0, top: 83, width: 1080}, warnings: {}, webStorageEnabled: false}
Session ID: 51b68b43-66a1-421d-af76-0b885dbbe65d
*** Element info: {Using=xpath, value=	
//android.view.View[@content-desc="Silahkan Buat Akun Anda"]}
</error>
    <system-out><![CDATA[  &amp#27;[32mGiven &amp#27;[0m&amp#27;[32mUser on login screen, tap button Daftar Sekarang&amp#27;[0m                                 &amp#27;[90m# test.automation.stepdefinitions.RegisterStep.userOnLoginScreenTapButtonDaftarSekarang()&amp#27;[0m
]]></system-out>
    <system-err><![CDATA[Jul 20, 2022 2:23:40 PM io.appium.java_client.remote.AppiumCommandExecutor$1 lambda$0
INFO: Detected dialect: W3C
]]></system-err>
  </testcase>
  <testcase name="User input valid Email, input valid format &quot;rikovalid@email.com&quot;(Verify if a user can&apos;t Register with a valid Data Format Email " classname="User input valid Email, input valid format &quot;rikovalid@email.com&quot;(Verify if a user can&apos;t Register with a valid Data Format Email (TC_R7))" time="0">
    <skipped/>
    <system-out><![CDATA[  &amp#27;[31mWhen &amp#27;[0m&amp#27;[31mUser On Register Screen&amp#27;[0m                                                           &amp#27;[90m# test.automation.stepdefinitions.RegisterStep.userOnRegisterScreen()&amp#27;[0m
      &amp#27;[31morg.openqa.selenium.TimeoutException: Expected condition failed: waiting for presence of element located by: By.xpath: 	
//android.view.View[@content-desc="Silahkan Buat Akun Anda"] (tried for 20 second(s) with 500 milliseconds interval)
	at org.openqa.selenium.support.ui.WebDriverWait.timeoutException(WebDriverWait.java:95)
	at org.openqa.selenium.support.ui.FluentWait.until(FluentWait.java:272)
	at test.automation.pageobject.BasePageObject.waitUntilPresence(BasePageObject.java:33)
	at test.automation.pages.RegisterPage$ByteBuddy$g8QaQKNN.waitUntilPresence$accessor$5pLYM4V8(Unknown Source)
	at java.base/jdk.internal.reflect.NativeMethodAccessorImpl.invoke0(Native Method)
	at java.base/jdk.internal.reflect.NativeMethodAccessorImpl.invoke(NativeMethodAccessorImpl.java:62)
	at java.base/jdk.internal.reflect.DelegatingMethodAccessorImpl.invoke(DelegatingMethodAccessorImpl.java:43)
	at java.base/java.lang.reflect.Method.invoke(Method.java:566)
	at net.thucydides.core.steps.BaseMethodRunner.invokeMethod(BaseMethodRunner.java:18)
	at net.thucydides.core.steps.NormalMethodRunner.invokeMethodAndNotifyFailures(NormalMethodRunner.java:18)
	at net.thucydides.core.steps.StepInterceptor.runNormalMethod(StepInterceptor.java:407)
	at net.thucydides.core.steps.StepInterceptor.testStepResult(StepInterceptor.java:192)
	at net.thucydides.core.steps.StepInterceptor.intercept(StepInterceptor.java:85)
	at net.thucydides.core.steps.ProxyConfiguration$InterceptorDispatcher.intercept(ProxyConfiguration.java:51)
	at test.automation.pages.RegisterPage$ByteBuddy$g8QaQKNN.waitUntilPresence(Unknown Source)
	at test.automation.pages.RegisterPage.onRegisterScreen(RegisterPage.java:124)
	at test.automation.pages.RegisterPage$ByteBuddy$g8QaQKNN.onRegisterScreen$accessor$5pLYM4V8(Unknown Source)
	at java.base/jdk.internal.reflect.NativeMethodAccessorImpl.invoke0(Native Method)
	at java.base/jdk.internal.reflect.NativeMethodAccessorImpl.invoke(NativeMethodAccessorImpl.java:62)
	at java.base/jdk.internal.reflect.DelegatingMethodAccessorImpl.invoke(DelegatingMethodAccessorImpl.java:43)
	at java.base/java.lang.reflect.Method.invoke(Method.java:566)
	at net.thucydides.core.steps.StepInterceptor.invokeMethod(StepInterceptor.java:504)
	at net.thucydides.core.steps.StepInterceptor.executeTestStepMethod(StepInterceptor.java:484)
	at net.thucydides.core.steps.StepInterceptor.runTestStep(StepInterceptor.java:458)
	at net.thucydides.core.steps.StepInterceptor.runOrSkipMethod(StepInterceptor.java:210)
	at net.thucydides.core.steps.StepInterceptor.testStepResult(StepInterceptor.java:197)
	at net.thucydides.core.steps.StepInterceptor.intercept(StepInterceptor.java:85)
	at net.thucydides.core.steps.ProxyConfiguration$InterceptorDispatcher.intercept(ProxyConfiguration.java:51)
	at test.automation.pages.RegisterPage$ByteBuddy$g8QaQKNN.onRegisterScreen(Unknown Source)
	at test.automation.stepdefinitions.RegisterStep.userOnRegisterScreen(RegisterStep.java:28)
	at âœ½.User On Register Screen(file:///C:/Users/RICO/IdeaProjects/CapstoneMobile/src/test/resources/features/Register.feature:6)
Caused by: org.openqa.selenium.NoSuchElementException: An element could not be located on the page using the given search parameters.
For documentation on this error, please visit: https://www.seleniumhq.org/exceptions/no_such_element.html
Build info: version: '3.141.59', revision: 'e82be7d358', time: '2018-11-14T08:17:03'
System info: host: 'RIKOSAHETAPI', ip: '192.168.0.15', os.name: 'Windows 10', os.arch: 'amd64', os.version: '10.0', java.version: '11.0.2'
Driver info: io.appium.java_client.android.AndroidDriver
Capabilities {app: C:\Users\RICO\IdeaProjects\..., appPackage: com.example.bookingvaccine, automationName: UiAutomator2, databaseEnabled: false, desired: {app: C:\Users\RICO\IdeaProjects\..., automationName: UiAutomator2, noReset: true, platformName: android, platformVersion: 12}, deviceApiLevel: 31, deviceManufacturer: Google, deviceModel: sdk_gphone64_x86_64, deviceName: emulator-5554, deviceScreenDensity: 440, deviceScreenSize: 1080x2280, deviceUDID: emulator-5554, javascriptEnabled: true, locationContextEnabled: false, networkConnectionEnabled: true, noReset: true, pixelRatio: 2.75, platform: LINUX, platformName: Android, platformVersion: 12, statBarHeight: 83, takesScreenshot: true, viewportRect: {height: 2065, left: 0, top: 83, width: 1080}, warnings: {}, webStorageEnabled: false}
Session ID: 51b68b43-66a1-421d-af76-0b885dbbe65d
*** Element info: {Using=xpath, value=	
//android.view.View[@content-desc="Silahkan Buat Akun Anda"]}
	at jdk.internal.reflect.GeneratedConstructorAccessor18.newInstance(Unknown Source)
	at java.base/jdk.internal.reflect.DelegatingConstructorAccessorImpl.newInstance(DelegatingConstructorAccessorImpl.java:45)
	at java.base/java.lang.reflect.Constructor.newInstance(Constructor.java:490)
	at org.openqa.selenium.remote.http.W3CHttpResponseCodec.createException(W3CHttpResponseCodec.java:187)
	at org.openqa.selenium.remote.http.W3CHttpResponseCodec.decode(W3CHttpResponseCodec.java:122)
	at org.openqa.selenium.remote.http.W3CHttpResponseCodec.decode(W3CHttpResponseCodec.java:49)
	at org.openqa.selenium.remote.HttpCommandExecutor.execute(HttpCommandExecutor.java:158)
	at io.appium.java_client.remote.AppiumCommandExecutor.execute(AppiumCommandExecutor.java:250)
	at org.openqa.selenium.remote.RemoteWebDriver.execute(RemoteWebDriver.java:552)
	at io.appium.java_client.DefaultGenericMobileDriver.execute(DefaultGenericMobileDriver.java:41)
	at io.appium.java_client.AppiumDriver.execute(AppiumDriver.java:1)
	at io.appium.java_client.android.AndroidDriver.execute(AndroidDriver.java:1)
	at org.openqa.selenium.remote.RemoteWebDriver.findElement(RemoteWebDriver.java:323)
	at io.appium.java_client.DefaultGenericMobileDriver.findElement(DefaultGenericMobileDriver.java:61)
	at io.appium.java_client.AppiumDriver.findElement(AppiumDriver.java:1)
	at io.appium.java_client.android.AndroidDriver.findElement(AndroidDriver.java:1)
	at org.openqa.selenium.remote.RemoteWebDriver.findElementByXPath(RemoteWebDriver.java:428)
	at io.appium.java_client.DefaultGenericMobileDriver.findElementByXPath(DefaultGenericMobileDriver.java:151)
	at io.appium.java_client.AppiumDriver.findElementByXPath(AppiumDriver.java:1)
	at io.appium.java_client.android.AndroidDriver.findElementByXPath(AndroidDriver.java:1)
	at org.openqa.selenium.By$ByXPath.findElement(By.java:353)
	at org.openqa.selenium.remote.RemoteWebDriver.findElement(RemoteWebDriver.java:315)
	at io.appium.java_client.DefaultGenericMobileDriver.findElement(DefaultGenericMobileDriver.java:57)
	at io.appium.java_client.AppiumDriver.findElement(AppiumDriver.java:1)
	at io.appium.java_client.android.AndroidDriver.findElement(AndroidDriver.java:1)
	at org.openqa.selenium.support.ui.ExpectedConditions$6.apply(ExpectedConditions.java:182)
	at org.openqa.selenium.support.ui.ExpectedConditions$6.apply(ExpectedConditions.java:179)
	at org.openqa.selenium.support.ui.FluentWait.until(FluentWait.java:249)
	at test.automation.pageobject.BasePageObject.waitUntilPresence(BasePageObject.java:33)
	at test.automation.pages.RegisterPage$ByteBuddy$g8QaQKNN.waitUntilPresence$accessor$5pLYM4V8(Unknown Source)
	at java.base/jdk.internal.reflect.NativeMethodAccessorImpl.invoke0(Native Method)
	at java.base/jdk.internal.reflect.NativeMethodAccessorImpl.invoke(NativeMethodAccessorImpl.java:62)
	at java.base/jdk.internal.reflect.DelegatingMethodAccessorImpl.invoke(DelegatingMethodAccessorImpl.java:43)
	at java.base/java.lang.reflect.Method.invoke(Method.java:566)
	at net.thucydides.core.steps.BaseMethodRunner.invokeMethod(BaseMethodRunner.java:18)
	at net.thucydides.core.steps.NormalMethodRunner.invokeMethodAndNotifyFailures(NormalMethodRunner.java:18)
	at net.thucydides.core.steps.StepInterceptor.runNormalMethod(StepInterceptor.java:407)
	at net.thucydides.core.steps.StepInterceptor.testStepResult(StepInterceptor.java:192)
	at net.thucydides.core.steps.StepInterceptor.intercept(StepInterceptor.java:85)
	at net.thucydides.core.steps.ProxyConfiguration$InterceptorDispatcher.intercept(ProxyConfiguration.java:51)
	at test.automation.pages.RegisterPage$ByteBuddy$g8QaQKNN.waitUntilPresence(Unknown Source)
	at test.automation.pages.RegisterPage.onRegisterScreen(RegisterPage.java:124)
	at test.automation.pages.RegisterPage$ByteBuddy$g8QaQKNN.onRegisterScreen$accessor$5pLYM4V8(Unknown Source)
	at java.base/jdk.internal.reflect.NativeMethodAccessorImpl.invoke0(Native Method)
	at java.base/jdk.internal.reflect.NativeMethodAccessorImpl.invoke(NativeMethodAccessorImpl.java:62)
	at java.base/jdk.internal.reflect.DelegatingMethodAccessorImpl.invoke(DelegatingMethodAccessorImpl.java:43)
	at java.base/java.lang.reflect.Method.invoke(Method.java:566)
	at net.thucydides.core.steps.StepInterceptor.invokeMethod(StepInterceptor.java:504)
	at net.thucydides.core.steps.StepInterceptor.executeTestStepMethod(StepInterceptor.java:484)
	at net.thucydides.core.steps.StepInterceptor.runTestStep(StepInterceptor.java:458)
	at net.thucydides.core.steps.StepInterceptor.runOrSkipMethod(StepInterceptor.java:210)
	at net.thucydides.core.steps.StepInterceptor.testStepResult(StepInterceptor.java:197)
	at net.thucydides.core.steps.StepInterceptor.intercept(StepInterceptor.java:85)
	at net.thucydides.core.steps.ProxyConfiguration$InterceptorDispatcher.intercept(ProxyConfiguration.java:51)
	at test.automation.pages.RegisterPage$ByteBuddy$g8QaQKNN.onRegisterScreen(Unknown Source)
	at test.automation.stepdefinitions.RegisterStep.userOnRegisterScreen(RegisterStep.java:28)
	at java.base/jdk.internal.reflect.NativeMethodAccessorImpl.invoke0(Native Method)
	at java.base/jdk.internal.reflect.NativeMethodAccessorImpl.invoke(NativeMethodAccessorImpl.java:62)
	at java.base/jdk.internal.reflect.DelegatingMethodAccessorImpl.invoke(DelegatingMethodAccessorImpl.java:43)
	at java.base/java.lang.reflect.Method.invoke(Method.java:566)
	at io.cucumber.java.Invoker.doInvoke(Invoker.java:66)
	at io.cucumber.java.Invoker.invoke(Invoker.java:24)
	at io.cucumber.java.AbstractGlueDefinition.invokeMethod(AbstractGlueDefinition.java:47)
	at io.cucumber.java.JavaStepDefinition.execute(JavaStepDefinition.java:29)
	at io.cucumber.core.runner.CoreStepDefinition.execute(CoreStepDefinition.java:66)
	at io.cucumber.core.runner.PickleStepDefinitionMatch.runStep(PickleStepDefinitionMatch.java:63)
	at io.cucumber.core.runner.ExecutionMode$1.execute(ExecutionMode.java:10)
	at io.cucumber.core.runner.TestStep.executeStep(TestStep.java:92)
	at io.cucumber.core.runner.TestStep.run(TestStep.java:64)
	at io.cucumber.core.runner.PickleStepTestStep.run(PickleStepTestStep.java:51)
	at io.cucumber.core.runner.TestCase.run(TestCase.java:104)
	at io.cucumber.core.runner.Runner.runPickle(Runner.java:73)
	at io.cucumber.junit.PickleRunners$WithStepDescriptions.run(PickleRunners.java:110)
	at io.cucumber.junit.FeatureRunner.runChild(FeatureRunner.java:135)
	at io.cucumber.junit.FeatureRunner.runChild(FeatureRunner.java:27)
	at org.junit.runners.ParentRunner$4.run(ParentRunner.java:331)
	at org.junit.runners.ParentRunner$1.schedule(ParentRunner.java:79)
	at org.junit.runners.ParentRunner.runChildren(ParentRunner.java:329)
	at org.junit.runners.ParentRunner.access$100(ParentRunner.java:66)
	at org.junit.runners.ParentRunner$2.evaluate(ParentRunner.java:293)
	at org.junit.runners.ParentRunner$3.evaluate(ParentRunner.java:306)
	at org.junit.runners.ParentRunner.run(ParentRunner.java:413)
	at io.cucumber.junit.CucumberSerenityRunner.runChild(CucumberSerenityRunner.java:258)
	at io.cucumber.junit.CucumberSerenityRunner.runChild(CucumberSerenityRunner.java:57)
	at org.junit.runners.ParentRunner$4.run(ParentRunner.java:331)
	at org.junit.runners.ParentRunner$1.schedule(ParentRunner.java:79)
	at org.junit.runners.ParentRunner.runChildren(ParentRunner.java:329)
	at org.junit.runners.ParentRunner.access$100(ParentRunner.java:66)
	at org.junit.runners.ParentRunner$2.evaluate(ParentRunner.java:293)
	at io.cucumber.junit.CucumberSerenityRunner$RunCucumber.evaluate(CucumberSerenityRunner.java:286)
	at org.junit.runners.ParentRunner$3.evaluate(ParentRunner.java:306)
	at org.junit.runners.ParentRunner.run(ParentRunner.java:413)
	at org.apache.maven.surefire.junit4.JUnit4Provider.execute(JUnit4Provider.java:367)
	at org.apache.maven.surefire.junit4.JUnit4Provider.executeWithRerun(JUnit4Provider.java:274)
	at org.apache.maven.surefire.junit4.JUnit4Provider.executeTestSet(JUnit4Provider.java:238)
	at org.apache.maven.surefire.junit4.JUnit4Provider.invoke(JUnit4Provider.java:161)
	at org.apache.maven.surefire.booter.ForkedBooter.invokeProviderInSameClassLoader(ForkedBooter.java:290)
	at org.apache.maven.surefire.booter.ForkedBooter.runSuitesInProcess(ForkedBooter.java:242)
	at org.apache.maven.surefire.booter.ForkedBooter.main(ForkedBooter.java:121)
&amp#27;[0m
]]></system-out>
  </testcase>
  <testcase name="User Tap Button Daftar Sekarangg(Verify if a user can&apos;t Register with a valid Data Format Email " classname="User Tap Button Daftar Sekarangg(Verify if a user can&apos;t Register with a valid Data Format Email (TC_R7))" time="0">
    <skipped/>
    <system-out><![CDATA[  &amp#27;[36mAnd &amp#27;[0m&amp#27;[36mUser input valid Email, input valid format &amp#27;[0m&amp#27;[36m&amp#27;[1m"rikovalid@email.com"&amp#27;[0m                   &amp#27;[90m# test.automation.stepdefinitions.RegisterStep.userInputInvalidEmailInputValidFormat(java.lang.String)&amp#27;[0m
]]></system-out>
  </testcase>
  <testcase name="Not show message error in field email(Verify if a user can&apos;t Register with a valid Data Format Email " classname="Not show message error in field email(Verify if a user can&apos;t Register with a valid Data Format Email (TC_R7))" time="0">
    <skipped/>
    <system-out><![CDATA[  &amp#27;[36mAnd &amp#27;[0m&amp#27;[36mUser Tap Button Daftar Sekarangg&amp#27;[0m                                                   &amp#27;[90m# test.automation.stepdefinitions.RegisterStep.userTapButtonDaftarSekarangg()&amp#27;[0m
]]></system-out>
  </testcase>
  <testcase name="Verify if a user can&apos;t Register with a valid Data Format Email " classname="TC_R7" time="0.006">
    <error message="Expected condition failed: waiting for presence of element located by: By.xpath: 	&#10;//android.view.View[@content-desc=&quot;Silahkan Buat Akun Anda&quot;] (tried for 20 second(s) with 500 milliseconds interval)" type="org.openqa.selenium.TimeoutException">org.openqa.selenium.TimeoutException: 
Expected condition failed: waiting for presence of element located by: By.xpath: 	
//android.view.View[@content-desc="Silahkan Buat Akun Anda"] (tried for 20 second(s) with 500 milliseconds interval)
Caused by: org.openqa.selenium.NoSuchElementException: 
An element could not be located on the page using the given search parameters.
For documentation on this error, please visit: https://www.seleniumhq.org/exceptions/no_such_element.html
Build info: version: '3.141.59', revision: 'e82be7d358', time: '2018-11-14T08:17:03'
System info: host: 'RIKOSAHETAPI', ip: '192.168.0.15', os.name: 'Windows 10', os.arch: 'amd64', os.version: '10.0', java.version: '11.0.2'
Driver info: io.appium.java_client.android.AndroidDriver
Capabilities {app: C:\Users\RICO\IdeaProjects\..., appPackage: com.example.bookingvaccine, automationName: UiAutomator2, databaseEnabled: false, desired: {app: C:\Users\RICO\IdeaProjects\..., automationName: UiAutomator2, noReset: true, platformName: android, platformVersion: 12}, deviceApiLevel: 31, deviceManufacturer: Google, deviceModel: sdk_gphone64_x86_64, deviceName: emulator-5554, deviceScreenDensity: 440, deviceScreenSize: 1080x2280, deviceUDID: emulator-5554, javascriptEnabled: true, locationContextEnabled: false, networkConnectionEnabled: true, noReset: true, pixelRatio: 2.75, platform: LINUX, platformName: Android, platformVersion: 12, statBarHeight: 83, takesScreenshot: true, viewportRect: {height: 2065, left: 0, top: 83, width: 1080}, warnings: {}, webStorageEnabled: false}
Session ID: 51b68b43-66a1-421d-af76-0b885dbbe65d
*** Element info: {Using=xpath, value=	
//android.view.View[@content-desc="Silahkan Buat Akun Anda"]}
</error>
    <system-out><![CDATA[  &amp#27;[36mThen &amp#27;[0m&amp#27;[36mNot show message error in field email&amp#27;[0m                                             &amp#27;[90m# test.automation.stepdefinitions.RegisterStep.notShowMessageErrorInFieldEmail()&amp#27;[0m
]]></system-out>
  </testcase>
  <testcase name="User on login screen, tap button Daftar Sekarang(Verify if a user can&apos;t Register with a invalid Data Password only lowercase " classname="User on login screen, tap button Daftar Sekarang(Verify if a user can&apos;t Register with a invalid Data Password only lowercase (TC_R8))" time="34.074"/>
  <testcase name="User On Register Screen(Verify if a user can&apos;t Register with a invalid Data Password only lowercase " classname="User On Register Screen(Verify if a user can&apos;t Register with a invalid Data Password only lowercase (TC_R8))" time="51.429">
    <error message="Expected condition failed: waiting for presence of element located by: By.xpath: 	&#10;//android.view.View[@content-desc=&quot;Silahkan Buat Akun Anda&quot;] (tried for 20 second(s) with 500 milliseconds interval)" type="org.openqa.selenium.TimeoutException">org.openqa.selenium.TimeoutException: 
Expected condition failed: waiting for presence of element located by: By.xpath: 	
//android.view.View[@content-desc="Silahkan Buat Akun Anda"] (tried for 20 second(s) with 500 milliseconds interval)
Caused by: org.openqa.selenium.NoSuchElementException: 
An element could not be located on the page using the given search parameters.
For documentation on this error, please visit: https://www.seleniumhq.org/exceptions/no_such_element.html
Build info: version: '3.141.59', revision: 'e82be7d358', time: '2018-11-14T08:17:03'
System info: host: 'RIKOSAHETAPI', ip: '192.168.0.15', os.name: 'Windows 10', os.arch: 'amd64', os.version: '10.0', java.version: '11.0.2'
Driver info: io.appium.java_client.android.AndroidDriver
Capabilities {app: C:\Users\RICO\IdeaProjects\..., appPackage: com.example.bookingvaccine, automationName: UiAutomator2, databaseEnabled: false, desired: {app: C:\Users\RICO\IdeaProjects\..., automationName: UiAutomator2, noReset: true, platformName: android, platformVersion: 12}, deviceApiLevel: 31, deviceManufacturer: Google, deviceModel: sdk_gphone64_x86_64, deviceName: emulator-5554, deviceScreenDensity: 440, deviceScreenSize: 1080x2280, deviceUDID: emulator-5554, javascriptEnabled: true, locationContextEnabled: false, networkConnectionEnabled: true, noReset: true, pixelRatio: 2.75, platform: LINUX, platformName: Android, platformVersion: 12, statBarHeight: 83, takesScreenshot: true, viewportRect: {height: 2065, left: 0, top: 83, width: 1080}, warnings: {}, webStorageEnabled: false}
Session ID: d33bf15c-2db8-4716-9368-7ace326168c1
*** Element info: {Using=xpath, value=	
//android.view.View[@content-desc="Silahkan Buat Akun Anda"]}
</error>
    <system-out><![CDATA[  &amp#27;[32mGiven &amp#27;[0m&amp#27;[32mUser on login screen, tap button Daftar Sekarang&amp#27;[0m                                              &amp#27;[90m# test.automation.stepdefinitions.RegisterStep.userOnLoginScreenTapButtonDaftarSekarang()&amp#27;[0m
]]></system-out>
    <system-err><![CDATA[Jul 20, 2022 2:25:05 PM io.appium.java_client.remote.AppiumCommandExecutor$1 lambda$0
INFO: Detected dialect: W3C
]]></system-err>
  </testcase>
  <testcase name="User input invalid password only using lowercase &quot;invalidpasswordhanyalowercase&quot;(Verify if a user can&apos;t Register with a invalid Data Password only lowercase " classname="User input invalid password only using lowercase &quot;invalidpasswordhanyalowercase&quot;(Verify if a user can&apos;t Register with a invalid Data Password only lowercase (TC_R8))" time="0">
    <skipped/>
    <system-out><![CDATA[  &amp#27;[31mWhen &amp#27;[0m&amp#27;[31mUser On Register Screen&amp#27;[0m                                                                        &amp#27;[90m# test.automation.stepdefinitions.RegisterStep.userOnRegisterScreen()&amp#27;[0m
      &amp#27;[31morg.openqa.selenium.TimeoutException: Expected condition failed: waiting for presence of element located by: By.xpath: 	
//android.view.View[@content-desc="Silahkan Buat Akun Anda"] (tried for 20 second(s) with 500 milliseconds interval)
	at org.openqa.selenium.support.ui.WebDriverWait.timeoutException(WebDriverWait.java:95)
	at org.openqa.selenium.support.ui.FluentWait.until(FluentWait.java:272)
	at test.automation.pageobject.BasePageObject.waitUntilPresence(BasePageObject.java:33)
	at test.automation.pages.RegisterPage$ByteBuddy$g8QaQKNN.waitUntilPresence$accessor$5pLYM4V8(Unknown Source)
	at java.base/jdk.internal.reflect.NativeMethodAccessorImpl.invoke0(Native Method)
	at java.base/jdk.internal.reflect.NativeMethodAccessorImpl.invoke(NativeMethodAccessorImpl.java:62)
	at java.base/jdk.internal.reflect.DelegatingMethodAccessorImpl.invoke(DelegatingMethodAccessorImpl.java:43)
	at java.base/java.lang.reflect.Method.invoke(Method.java:566)
	at net.thucydides.core.steps.BaseMethodRunner.invokeMethod(BaseMethodRunner.java:18)
	at net.thucydides.core.steps.NormalMethodRunner.invokeMethodAndNotifyFailures(NormalMethodRunner.java:18)
	at net.thucydides.core.steps.StepInterceptor.runNormalMethod(StepInterceptor.java:407)
	at net.thucydides.core.steps.StepInterceptor.testStepResult(StepInterceptor.java:192)
	at net.thucydides.core.steps.StepInterceptor.intercept(StepInterceptor.java:85)
	at net.thucydides.core.steps.ProxyConfiguration$InterceptorDispatcher.intercept(ProxyConfiguration.java:51)
	at test.automation.pages.RegisterPage$ByteBuddy$g8QaQKNN.waitUntilPresence(Unknown Source)
	at test.automation.pages.RegisterPage.onRegisterScreen(RegisterPage.java:124)
	at test.automation.pages.RegisterPage$ByteBuddy$g8QaQKNN.onRegisterScreen$accessor$5pLYM4V8(Unknown Source)
	at java.base/jdk.internal.reflect.NativeMethodAccessorImpl.invoke0(Native Method)
	at java.base/jdk.internal.reflect.NativeMethodAccessorImpl.invoke(NativeMethodAccessorImpl.java:62)
	at java.base/jdk.internal.reflect.DelegatingMethodAccessorImpl.invoke(DelegatingMethodAccessorImpl.java:43)
	at java.base/java.lang.reflect.Method.invoke(Method.java:566)
	at net.thucydides.core.steps.StepInterceptor.invokeMethod(StepInterceptor.java:504)
	at net.thucydides.core.steps.StepInterceptor.executeTestStepMethod(StepInterceptor.java:484)
	at net.thucydides.core.steps.StepInterceptor.runTestStep(StepInterceptor.java:458)
	at net.thucydides.core.steps.StepInterceptor.runOrSkipMethod(StepInterceptor.java:210)
	at net.thucydides.core.steps.StepInterceptor.testStepResult(StepInterceptor.java:197)
	at net.thucydides.core.steps.StepInterceptor.intercept(StepInterceptor.java:85)
	at net.thucydides.core.steps.ProxyConfiguration$InterceptorDispatcher.intercept(ProxyConfiguration.java:51)
	at test.automation.pages.RegisterPage$ByteBuddy$g8QaQKNN.onRegisterScreen(Unknown Source)
	at test.automation.stepdefinitions.RegisterStep.userOnRegisterScreen(RegisterStep.java:28)
	at âœ½.User On Register Screen(file:///C:/Users/RICO/IdeaProjects/CapstoneMobile/src/test/resources/features/Register.feature:6)
Caused by: org.openqa.selenium.NoSuchElementException: An element could not be located on the page using the given search parameters.
For documentation on this error, please visit: https://www.seleniumhq.org/exceptions/no_such_element.html
Build info: version: '3.141.59', revision: 'e82be7d358', time: '2018-11-14T08:17:03'
System info: host: 'RIKOSAHETAPI', ip: '192.168.0.15', os.name: 'Windows 10', os.arch: 'amd64', os.version: '10.0', java.version: '11.0.2'
Driver info: io.appium.java_client.android.AndroidDriver
Capabilities {app: C:\Users\RICO\IdeaProjects\..., appPackage: com.example.bookingvaccine, automationName: UiAutomator2, databaseEnabled: false, desired: {app: C:\Users\RICO\IdeaProjects\..., automationName: UiAutomator2, noReset: true, platformName: android, platformVersion: 12}, deviceApiLevel: 31, deviceManufacturer: Google, deviceModel: sdk_gphone64_x86_64, deviceName: emulator-5554, deviceScreenDensity: 440, deviceScreenSize: 1080x2280, deviceUDID: emulator-5554, javascriptEnabled: true, locationContextEnabled: false, networkConnectionEnabled: true, noReset: true, pixelRatio: 2.75, platform: LINUX, platformName: Android, platformVersion: 12, statBarHeight: 83, takesScreenshot: true, viewportRect: {height: 2065, left: 0, top: 83, width: 1080}, warnings: {}, webStorageEnabled: false}
Session ID: d33bf15c-2db8-4716-9368-7ace326168c1
*** Element info: {Using=xpath, value=	
//android.view.View[@content-desc="Silahkan Buat Akun Anda"]}
	at jdk.internal.reflect.GeneratedConstructorAccessor18.newInstance(Unknown Source)
	at java.base/jdk.internal.reflect.DelegatingConstructorAccessorImpl.newInstance(DelegatingConstructorAccessorImpl.java:45)
	at java.base/java.lang.reflect.Constructor.newInstance(Constructor.java:490)
	at org.openqa.selenium.remote.http.W3CHttpResponseCodec.createException(W3CHttpResponseCodec.java:187)
	at org.openqa.selenium.remote.http.W3CHttpResponseCodec.decode(W3CHttpResponseCodec.java:122)
	at org.openqa.selenium.remote.http.W3CHttpResponseCodec.decode(W3CHttpResponseCodec.java:49)
	at org.openqa.selenium.remote.HttpCommandExecutor.execute(HttpCommandExecutor.java:158)
	at io.appium.java_client.remote.AppiumCommandExecutor.execute(AppiumCommandExecutor.java:250)
	at org.openqa.selenium.remote.RemoteWebDriver.execute(RemoteWebDriver.java:552)
	at io.appium.java_client.DefaultGenericMobileDriver.execute(DefaultGenericMobileDriver.java:41)
	at io.appium.java_client.AppiumDriver.execute(AppiumDriver.java:1)
	at io.appium.java_client.android.AndroidDriver.execute(AndroidDriver.java:1)
	at org.openqa.selenium.remote.RemoteWebDriver.findElement(RemoteWebDriver.java:323)
	at io.appium.java_client.DefaultGenericMobileDriver.findElement(DefaultGenericMobileDriver.java:61)
	at io.appium.java_client.AppiumDriver.findElement(AppiumDriver.java:1)
	at io.appium.java_client.android.AndroidDriver.findElement(AndroidDriver.java:1)
	at org.openqa.selenium.remote.RemoteWebDriver.findElementByXPath(RemoteWebDriver.java:428)
	at io.appium.java_client.DefaultGenericMobileDriver.findElementByXPath(DefaultGenericMobileDriver.java:151)
	at io.appium.java_client.AppiumDriver.findElementByXPath(AppiumDriver.java:1)
	at io.appium.java_client.android.AndroidDriver.findElementByXPath(AndroidDriver.java:1)
	at org.openqa.selenium.By$ByXPath.findElement(By.java:353)
	at org.openqa.selenium.remote.RemoteWebDriver.findElement(RemoteWebDriver.java:315)
	at io.appium.java_client.DefaultGenericMobileDriver.findElement(DefaultGenericMobileDriver.java:57)
	at io.appium.java_client.AppiumDriver.findElement(AppiumDriver.java:1)
	at io.appium.java_client.android.AndroidDriver.findElement(AndroidDriver.java:1)
	at org.openqa.selenium.support.ui.ExpectedConditions$6.apply(ExpectedConditions.java:182)
	at org.openqa.selenium.support.ui.ExpectedConditions$6.apply(ExpectedConditions.java:179)
	at org.openqa.selenium.support.ui.FluentWait.until(FluentWait.java:249)
	at test.automation.pageobject.BasePageObject.waitUntilPresence(BasePageObject.java:33)
	at test.automation.pages.RegisterPage$ByteBuddy$g8QaQKNN.waitUntilPresence$accessor$5pLYM4V8(Unknown Source)
	at java.base/jdk.internal.reflect.NativeMethodAccessorImpl.invoke0(Native Method)
	at java.base/jdk.internal.reflect.NativeMethodAccessorImpl.invoke(NativeMethodAccessorImpl.java:62)
	at java.base/jdk.internal.reflect.DelegatingMethodAccessorImpl.invoke(DelegatingMethodAccessorImpl.java:43)
	at java.base/java.lang.reflect.Method.invoke(Method.java:566)
	at net.thucydides.core.steps.BaseMethodRunner.invokeMethod(BaseMethodRunner.java:18)
	at net.thucydides.core.steps.NormalMethodRunner.invokeMethodAndNotifyFailures(NormalMethodRunner.java:18)
	at net.thucydides.core.steps.StepInterceptor.runNormalMethod(StepInterceptor.java:407)
	at net.thucydides.core.steps.StepInterceptor.testStepResult(StepInterceptor.java:192)
	at net.thucydides.core.steps.StepInterceptor.intercept(StepInterceptor.java:85)
	at net.thucydides.core.steps.ProxyConfiguration$InterceptorDispatcher.intercept(ProxyConfiguration.java:51)
	at test.automation.pages.RegisterPage$ByteBuddy$g8QaQKNN.waitUntilPresence(Unknown Source)
	at test.automation.pages.RegisterPage.onRegisterScreen(RegisterPage.java:124)
	at test.automation.pages.RegisterPage$ByteBuddy$g8QaQKNN.onRegisterScreen$accessor$5pLYM4V8(Unknown Source)
	at java.base/jdk.internal.reflect.NativeMethodAccessorImpl.invoke0(Native Method)
	at java.base/jdk.internal.reflect.NativeMethodAccessorImpl.invoke(NativeMethodAccessorImpl.java:62)
	at java.base/jdk.internal.reflect.DelegatingMethodAccessorImpl.invoke(DelegatingMethodAccessorImpl.java:43)
	at java.base/java.lang.reflect.Method.invoke(Method.java:566)
	at net.thucydides.core.steps.StepInterceptor.invokeMethod(StepInterceptor.java:504)
	at net.thucydides.core.steps.StepInterceptor.executeTestStepMethod(StepInterceptor.java:484)
	at net.thucydides.core.steps.StepInterceptor.runTestStep(StepInterceptor.java:458)
	at net.thucydides.core.steps.StepInterceptor.runOrSkipMethod(StepInterceptor.java:210)
	at net.thucydides.core.steps.StepInterceptor.testStepResult(StepInterceptor.java:197)
	at net.thucydides.core.steps.StepInterceptor.intercept(StepInterceptor.java:85)
	at net.thucydides.core.steps.ProxyConfiguration$InterceptorDispatcher.intercept(ProxyConfiguration.java:51)
	at test.automation.pages.RegisterPage$ByteBuddy$g8QaQKNN.onRegisterScreen(Unknown Source)
	at test.automation.stepdefinitions.RegisterStep.userOnRegisterScreen(RegisterStep.java:28)
	at java.base/jdk.internal.reflect.NativeMethodAccessorImpl.invoke0(Native Method)
	at java.base/jdk.internal.reflect.NativeMethodAccessorImpl.invoke(NativeMethodAccessorImpl.java:62)
	at java.base/jdk.internal.reflect.DelegatingMethodAccessorImpl.invoke(DelegatingMethodAccessorImpl.java:43)
	at java.base/java.lang.reflect.Method.invoke(Method.java:566)
	at io.cucumber.java.Invoker.doInvoke(Invoker.java:66)
	at io.cucumber.java.Invoker.invoke(Invoker.java:24)
	at io.cucumber.java.AbstractGlueDefinition.invokeMethod(AbstractGlueDefinition.java:47)
	at io.cucumber.java.JavaStepDefinition.execute(JavaStepDefinition.java:29)
	at io.cucumber.core.runner.CoreStepDefinition.execute(CoreStepDefinition.java:66)
	at io.cucumber.core.runner.PickleStepDefinitionMatch.runStep(PickleStepDefinitionMatch.java:63)
	at io.cucumber.core.runner.ExecutionMode$1.execute(ExecutionMode.java:10)
	at io.cucumber.core.runner.TestStep.executeStep(TestStep.java:92)
	at io.cucumber.core.runner.TestStep.run(TestStep.java:64)
	at io.cucumber.core.runner.PickleStepTestStep.run(PickleStepTestStep.java:51)
	at io.cucumber.core.runner.TestCase.run(TestCase.java:104)
	at io.cucumber.core.runner.Runner.runPickle(Runner.java:73)
	at io.cucumber.junit.PickleRunners$WithStepDescriptions.run(PickleRunners.java:110)
	at io.cucumber.junit.FeatureRunner.runChild(FeatureRunner.java:135)
	at io.cucumber.junit.FeatureRunner.runChild(FeatureRunner.java:27)
	at org.junit.runners.ParentRunner$4.run(ParentRunner.java:331)
	at org.junit.runners.ParentRunner$1.schedule(ParentRunner.java:79)
	at org.junit.runners.ParentRunner.runChildren(ParentRunner.java:329)
	at org.junit.runners.ParentRunner.access$100(ParentRunner.java:66)
	at org.junit.runners.ParentRunner$2.evaluate(ParentRunner.java:293)
	at org.junit.runners.ParentRunner$3.evaluate(ParentRunner.java:306)
	at org.junit.runners.ParentRunner.run(ParentRunner.java:413)
	at io.cucumber.junit.CucumberSerenityRunner.runChild(CucumberSerenityRunner.java:258)
	at io.cucumber.junit.CucumberSerenityRunner.runChild(CucumberSerenityRunner.java:57)
	at org.junit.runners.ParentRunner$4.run(ParentRunner.java:331)
	at org.junit.runners.ParentRunner$1.schedule(ParentRunner.java:79)
	at org.junit.runners.ParentRunner.runChildren(ParentRunner.java:329)
	at org.junit.runners.ParentRunner.access$100(ParentRunner.java:66)
	at org.junit.runners.ParentRunner$2.evaluate(ParentRunner.java:293)
	at io.cucumber.junit.CucumberSerenityRunner$RunCucumber.evaluate(CucumberSerenityRunner.java:286)
	at org.junit.runners.ParentRunner$3.evaluate(ParentRunner.java:306)
	at org.junit.runners.ParentRunner.run(ParentRunner.java:413)
	at org.apache.maven.surefire.junit4.JUnit4Provider.execute(JUnit4Provider.java:367)
	at org.apache.maven.surefire.junit4.JUnit4Provider.executeWithRerun(JUnit4Provider.java:274)
	at org.apache.maven.surefire.junit4.JUnit4Provider.executeTestSet(JUnit4Provider.java:238)
	at org.apache.maven.surefire.junit4.JUnit4Provider.invoke(JUnit4Provider.java:161)
	at org.apache.maven.surefire.booter.ForkedBooter.invokeProviderInSameClassLoader(ForkedBooter.java:290)
	at org.apache.maven.surefire.booter.ForkedBooter.runSuitesInProcess(ForkedBooter.java:242)
	at org.apache.maven.surefire.booter.ForkedBooter.main(ForkedBooter.java:121)
&amp#27;[0m
]]></system-out>
  </testcase>
  <testcase name="User tap Daftar Sekarangg(Verify if a user can&apos;t Register with a invalid Data Password only lowercase " classname="User tap Daftar Sekarangg(Verify if a user can&apos;t Register with a invalid Data Password only lowercase (TC_R8))" time="0">
    <skipped/>
    <system-out><![CDATA[  &amp#27;[36mAnd &amp#27;[0m&amp#27;[36mUser input invalid password only using lowercase &amp#27;[0m&amp#27;[36m&amp#27;[1m"invalidpasswordhanyalowercase"&amp#27;[0m                &amp#27;[90m# test.automation.stepdefinitions.RegisterStep.userInputInvalidPasswordOnlyUsingLowercase(java.lang.String)&amp#27;[0m
]]></system-out>
  </testcase>
  <testcase name="Show message (Harus ada menggunakan huruf capital dan nomor)(Verify if a user can&apos;t Register with a invalid Data Password only lowercase " classname="Show message (Harus ada menggunakan huruf capital dan nomor)(Verify if a user can&apos;t Register with a invalid Data Password only lowercase (TC_R8))" time="0">
    <skipped/>
    <system-out><![CDATA[  &amp#27;[36mAnd &amp#27;[0m&amp#27;[36mUser tap Daftar Sekarangg&amp#27;[0m                                                                       &amp#27;[90m# test.automation.stepdefinitions.RegisterStep.userTappDaftarSekarang()&amp#27;[0m
]]></system-out>
  </testcase>
  <testcase name="Verify if a user can&apos;t Register with a invalid Data Password only lowercase " classname="TC_R8" time="0.004">
    <error message="Expected condition failed: waiting for presence of element located by: By.xpath: 	&#10;//android.view.View[@content-desc=&quot;Silahkan Buat Akun Anda&quot;] (tried for 20 second(s) with 500 milliseconds interval)" type="org.openqa.selenium.TimeoutException">org.openqa.selenium.TimeoutException: 
Expected condition failed: waiting for presence of element located by: By.xpath: 	
//android.view.View[@content-desc="Silahkan Buat Akun Anda"] (tried for 20 second(s) with 500 milliseconds interval)
Caused by: org.openqa.selenium.NoSuchElementException: 
An element could not be located on the page using the given search parameters.
For documentation on this error, please visit: https://www.seleniumhq.org/exceptions/no_such_element.html
Build info: version: '3.141.59', revision: 'e82be7d358', time: '2018-11-14T08:17:03'
System info: host: 'RIKOSAHETAPI', ip: '192.168.0.15', os.name: 'Windows 10', os.arch: 'amd64', os.version: '10.0', java.version: '11.0.2'
Driver info: io.appium.java_client.android.AndroidDriver
Capabilities {app: C:\Users\RICO\IdeaProjects\..., appPackage: com.example.bookingvaccine, automationName: UiAutomator2, databaseEnabled: false, desired: {app: C:\Users\RICO\IdeaProjects\..., automationName: UiAutomator2, noReset: true, platformName: android, platformVersion: 12}, deviceApiLevel: 31, deviceManufacturer: Google, deviceModel: sdk_gphone64_x86_64, deviceName: emulator-5554, deviceScreenDensity: 440, deviceScreenSize: 1080x2280, deviceUDID: emulator-5554, javascriptEnabled: true, locationContextEnabled: false, networkConnectionEnabled: true, noReset: true, pixelRatio: 2.75, platform: LINUX, platformName: Android, platformVersion: 12, statBarHeight: 83, takesScreenshot: true, viewportRect: {height: 2065, left: 0, top: 83, width: 1080}, warnings: {}, webStorageEnabled: false}
Session ID: d33bf15c-2db8-4716-9368-7ace326168c1
*** Element info: {Using=xpath, value=	
//android.view.View[@content-desc="Silahkan Buat Akun Anda"]}
</error>
    <system-out><![CDATA[  &amp#27;[36mThen &amp#27;[0m&amp#27;[36mShow message (Harus ada menggunakan huruf capital dan nomor)&amp#27;[0m                                   &amp#27;[90m# test.automation.stepdefinitions.RegisterStep.showMessageHarusAdaMenggunakanHurufCapitalDanNomor()&amp#27;[0m
]]></system-out>
  </testcase>
  <testcase name="User on login screen, tap button Daftar Sekarang(Verification &quot;batal&quot; in Register Page can be used " classname="User on login screen, tap button Daftar Sekarang(Verification &quot;batal&quot; in Register Page can be used (TC_R11))" time="29.373">
    <error message="Unable to create a new remote session. Please check the server log for more details. Original error: An unknown server-side error occurred while processing the command. Original error: Cannot start the &apos;com.example.bookingvaccine&apos; application. Visit https://github.com/appium/appium/blob/master/docs/en/writing-running-appium/android/activity-startup.md for troubleshooting. Original error: &apos;com.example.bookingvaccine.MainActivity&apos; or &apos;com.example.bookingvaccine.com.example.bookingvaccine.MainActivity&apos; never started. Visit https://github.com/appium/appium/blob/master/docs/en/writing-running-appium/android/activity-startup.md for troubleshooting&#10;Build info: version: &apos;3.141.59&apos;, revision: &apos;e82be7d358&apos;, time: &apos;2018-11-14T08:17:03&apos;&#10;System info: host: &apos;RIKOSAHETAPI&apos;, ip: &apos;192.168.0.15&apos;, os.name: &apos;Windows 10&apos;, os.arch: &apos;amd64&apos;, os.version: &apos;10.0&apos;, java.version: &apos;11.0.2&apos;&#10;Driver info: driver.version: AndroidDriver&#10;remote stacktrace: UnknownError: An unknown server-side error occurred while processing the command. Original error: Cannot start the &apos;com.example.bookingvaccine&apos; application. Visit https://github.com/appium/appium/blob/master/docs/en/writing-running-appium/android/activity-startup.md for troubleshooting. Original error: &apos;com.example.bookingvaccine.MainActivity&apos; or &apos;com.example.bookingvaccine.com.example.bookingvaccine.MainActivity&apos; never started. Visit https://github.com/appium/appium/blob/master/docs/en/writing-running-appium/android/activity-startup.md for troubleshooting&#10;    at getResponseForW3CError (C:\Users\RICO\AppData\Roaming\npm\node_modules\appium\node_modules\appium-base-driver\lib\protocol\errors.js:804:9)&#10;    at asyncHandler (C:\Users\RICO\AppData\Roaming\npm\node_modules\appium\node_modules\appium-base-driver\lib\protocol\protocol.js:380:37)&#10;Build info: version: &apos;3.141.59&apos;, revision: &apos;e82be7d358&apos;, time: &apos;2018-11-14T08:17:03&apos;&#10;System info: host: &apos;RIKOSAHETAPI&apos;, ip: &apos;192.168.0.15&apos;, os.name: &apos;Windows 10&apos;, os.arch: &apos;amd64&apos;, os.version: &apos;10.0&apos;, java.version: &apos;11.0.2&apos;&#10;Driver info: driver.version: AndroidDriver" type="org.openqa.selenium.SessionNotCreatedException">org.openqa.selenium.SessionNotCreatedException: 
Unable to create a new remote session. Please check the server log for more details. Original error: An unknown server-side error occurred while processing the command. Original error: Cannot start the 'com.example.bookingvaccine' application. Visit https://github.com/appium/appium/blob/master/docs/en/writing-running-appium/android/activity-startup.md for troubleshooting. Original error: 'com.example.bookingvaccine.MainActivity' or 'com.example.bookingvaccine.com.example.bookingvaccine.MainActivity' never started. Visit https://github.com/appium/appium/blob/master/docs/en/writing-running-appium/android/activity-startup.md for troubleshooting
Build info: version: '3.141.59', revision: 'e82be7d358', time: '2018-11-14T08:17:03'
System info: host: 'RIKOSAHETAPI', ip: '192.168.0.15', os.name: 'Windows 10', os.arch: 'amd64', os.version: '10.0', java.version: '11.0.2'
Driver info: driver.version: AndroidDriver
remote stacktrace: UnknownError: An unknown server-side error occurred while processing the command. Original error: Cannot start the 'com.example.bookingvaccine' application. Visit https://github.com/appium/appium/blob/master/docs/en/writing-running-appium/android/activity-startup.md for troubleshooting. Original error: 'com.example.bookingvaccine.MainActivity' or 'com.example.bookingvaccine.com.example.bookingvaccine.MainActivity' never started. Visit https://github.com/appium/appium/blob/master/docs/en/writing-running-appium/android/activity-startup.md for troubleshooting
    at getResponseForW3CError (C:\Users\RICO\AppData\Roaming\npm\node_modules\appium\node_modules\appium-base-driver\lib\protocol\errors.js:804:9)
    at asyncHandler (C:\Users\RICO\AppData\Roaming\npm\node_modules\appium\node_modules\appium-base-driver\lib\protocol\protocol.js:380:37)
Build info: version: '3.141.59', revision: 'e82be7d358', time: '2018-11-14T08:17:03'
System info: host: 'RIKOSAHETAPI', ip: '192.168.0.15', os.name: 'Windows 10', os.arch: 'amd64', os.version: '10.0', java.version: '11.0.2'
Driver info: driver.version: AndroidDriver
Caused by: java.lang.reflect.InvocationTargetException
Caused by: org.openqa.selenium.WebDriverException: 
An unknown server-side error occurred while processing the command. Original error: Cannot start the 'com.example.bookingvaccine' application. Visit https://github.com/appium/appium/blob/master/docs/en/writing-running-appium/android/activity-startup.md for troubleshooting. Original error: 'com.example.bookingvaccine.MainActivity' or 'com.example.bookingvaccine.com.example.bookingvaccine.MainActivity' never started. Visit https://github.com/appium/appium/blob/master/docs/en/writing-running-appium/android/activity-startup.md for troubleshooting
Build info: version: '3.141.59', revision: 'e82be7d358', time: '2018-11-14T08:17:03'
System info: host: 'RIKOSAHETAPI', ip: '192.168.0.15', os.name: 'Windows 10', os.arch: 'amd64', os.version: '10.0', java.version: '11.0.2'
Driver info: driver.version: AndroidDriver
remote stacktrace: UnknownError: An unknown server-side error occurred while processing the command. Original error: Cannot start the 'com.example.bookingvaccine' application. Visit https://github.com/appium/appium/blob/master/docs/en/writing-running-appium/android/activity-startup.md for troubleshooting. Original error: 'com.example.bookingvaccine.MainActivity' or 'com.example.bookingvaccine.com.example.bookingvaccine.MainActivity' never started. Visit https://github.com/appium/appium/blob/master/docs/en/writing-running-appium/android/activity-startup.md for troubleshooting
    at getResponseForW3CError (C:\Users\RICO\AppData\Roaming\npm\node_modules\appium\node_modules\appium-base-driver\lib\protocol\errors.js:804:9)
    at asyncHandler (C:\Users\RICO\AppData\Roaming\npm\node_modules\appium\node_modules\appium-base-driver\lib\protocol\protocol.js:380:37)
</error>
    <system-out><![CDATA[
@Register
Scenario: Verification "batal" in Register Page can be used (TC_R11) &amp#27;[90m# src/test/resources/features/Register.feature:98&amp#27;[0m
]]></system-out>
    <system-err><![CDATA[[main] ERROR  - 
  _____   ___   ___   _____     ___   ___   ___    ___    ___ 
 |_   _| | __| / __| |_   _|   | __| | _ \ | _ \  / _ \  | _ \
   | |   | _|  \__ \   | |     | _|  |   / |   / | (_) | |   /
   |_|   |___| |___/   |_|     |___| |_|_\ |_|_\  \___/  |_|_\

Verify if a user can't Register with a invalid Data Password only lowercase (TC_R8)
---------------------------------------------------------------
[main] ERROR  -     Test failed at step: Wait until presence: By.xpath: //android.view.View[@content-desc="Silahkan Buat Akun Anda"]
[main] ERROR  -     An element could not be located on the page using the given search parameters.
[main] INFO io.cucumber.core.plugin.SerenityReporter - Running feature from file:///C:/Users/RICO/IdeaProjects/CapstoneMobile/src/test/resources/features/Register.feature
[main] INFO  - 
  _____   ___   ___   _____     ___   _____     _     ___   _____   ___   ___  
 |_   _| | __| / __| |_   _|   / __| |_   _|   /_\   | _ \ |_   _| | __| |   \ 
   | |   | _|  \__ \   | |     \__ \   | |    / _ \  |   /   | |   | _|  | |) |
   |_|   |___| |___/   |_|     |___/   |_|   /_/ \_\ |_|_\   |_|   |___| |___/ 

Verification "batal" in Register Page can be used (TC_R11)(register;verification-"batal"-in-register-page-can-be-used-(tc-r11))
--------------------------------------------------------------------------------
]]></system-err>
  </testcase>
  <testcase name="User On Register Screen(Verification &quot;batal&quot; in Register Page can be used " classname="User On Register Screen(Verification &quot;batal&quot; in Register Page can be used (TC_R11))" time="0">
    <skipped/>
    <system-out><![CDATA[  &amp#27;[31mGiven &amp#27;[0m&amp#27;[31mUser on login screen, tap button Daftar Sekarang&amp#27;[0m             &amp#27;[90m# test.automation.stepdefinitions.RegisterStep.userOnLoginScreenTapButtonDaftarSekarang()&amp#27;[0m
      &amp#27;[31morg.openqa.selenium.SessionNotCreatedException: Unable to create a new remote session. Please check the server log for more details. Original error: An unknown server-side error occurred while processing the command. Original error: Cannot start the 'com.example.bookingvaccine' application. Visit https://github.com/appium/appium/blob/master/docs/en/writing-running-appium/android/activity-startup.md for troubleshooting. Original error: 'com.example.bookingvaccine.MainActivity' or 'com.example.bookingvaccine.com.example.bookingvaccine.MainActivity' never started. Visit https://github.com/appium/appium/blob/master/docs/en/writing-running-appium/android/activity-startup.md for troubleshooting
Build info: version: '3.141.59', revision: 'e82be7d358', time: '2018-11-14T08:17:03'
System info: host: 'RIKOSAHETAPI', ip: '192.168.0.15', os.name: 'Windows 10', os.arch: 'amd64', os.version: '10.0', java.version: '11.0.2'
Driver info: driver.version: AndroidDriver
remote stacktrace: UnknownError: An unknown server-side error occurred while processing the command. Original error: Cannot start the 'com.example.bookingvaccine' application. Visit https://github.com/appium/appium/blob/master/docs/en/writing-running-appium/android/activity-startup.md for troubleshooting. Original error: 'com.example.bookingvaccine.MainActivity' or 'com.example.bookingvaccine.com.example.bookingvaccine.MainActivity' never started. Visit https://github.com/appium/appium/blob/master/docs/en/writing-running-appium/android/activity-startup.md for troubleshooting
    at getResponseForW3CError (C:\Users\RICO\AppData\Roaming\npm\node_modules\appium\node_modules\appium-base-driver\lib\protocol\errors.js:804:9)
    at asyncHandler (C:\Users\RICO\AppData\Roaming\npm\node_modules\appium\node_modules\appium-base-driver\lib\protocol\protocol.js:380:37)
Build info: version: '3.141.59', revision: 'e82be7d358', time: '2018-11-14T08:17:03'
System info: host: 'RIKOSAHETAPI', ip: '192.168.0.15', os.name: 'Windows 10', os.arch: 'amd64', os.version: '10.0', java.version: '11.0.2'
Driver info: driver.version: AndroidDriver
	at io.appium.java_client.remote.AppiumCommandExecutor$1.createSession(AppiumCommandExecutor.java:216)
	at io.appium.java_client.remote.AppiumCommandExecutor.createSession(AppiumCommandExecutor.java:225)
	at io.appium.java_client.remote.AppiumCommandExecutor.execute(AppiumCommandExecutor.java:250)
	at org.openqa.selenium.remote.RemoteWebDriver.execute(RemoteWebDriver.java:552)
	at io.appium.java_client.DefaultGenericMobileDriver.execute(DefaultGenericMobileDriver.java:41)
	at io.appium.java_client.AppiumDriver.execute(AppiumDriver.java:1)
	at io.appium.java_client.android.AndroidDriver.execute(AndroidDriver.java:1)
	at org.openqa.selenium.remote.RemoteWebDriver.startSession(RemoteWebDriver.java:213)
	at io.appium.java_client.AppiumDriver.startSession(AppiumDriver.java:363)
	at org.openqa.selenium.remote.RemoteWebDriver.<init>(RemoteWebDriver.java:131)
	at io.appium.java_client.DefaultGenericMobileDriver.<init>(DefaultGenericMobileDriver.java:37)
	at io.appium.java_client.AppiumDriver.<init>(AppiumDriver.java:89)
	at io.appium.java_client.AppiumDriver.<init>(AppiumDriver.java:99)
	at io.appium.java_client.android.AndroidDriver.<init>(AndroidDriver.java:97)
	at test.automation.driver.AndroidDriverPool.create(AndroidDriverPool.java:29)
	at test.automation.pageobject.BasePageObject.getDriver(BasePageObject.java:17)
	at test.automation.pages.LoginPage$ByteBuddy$koz9TWwr.getDriver$accessor$NQmjXeJP(Unknown Source)
	at jdk.internal.reflect.GeneratedMethodAccessor15.invoke(Unknown Source)
	at java.base/jdk.internal.reflect.DelegatingMethodAccessorImpl.invoke(DelegatingMethodAccessorImpl.java:43)
	at java.base/java.lang.reflect.Method.invoke(Method.java:566)
	at net.thucydides.core.steps.BaseMethodRunner.invokeMethod(BaseMethodRunner.java:18)
	at net.thucydides.core.steps.NormalMethodRunner.invokeMethodAndNotifyFailures(NormalMethodRunner.java:18)
	at net.thucydides.core.steps.StepInterceptor.runNormalMethod(StepInterceptor.java:407)
	at net.thucydides.core.steps.StepInterceptor.testStepResult(StepInterceptor.java:192)
	at net.thucydides.core.steps.StepInterceptor.intercept(StepInterceptor.java:85)
	at net.thucydides.core.steps.ProxyConfiguration$InterceptorDispatcher.intercept(ProxyConfiguration.java:51)
	at test.automation.pages.LoginPage$ByteBuddy$koz9TWwr.getDriver(Unknown Source)
	at test.automation.pageobject.BasePageObject.onWait(BasePageObject.java:23)
	at test.automation.pages.LoginPage$ByteBuddy$koz9TWwr.onWait$accessor$NQmjXeJP(Unknown Source)
	at jdk.internal.reflect.GeneratedMethodAccessor14.invoke(Unknown Source)
	at java.base/jdk.internal.reflect.DelegatingMethodAccessorImpl.invoke(DelegatingMethodAccessorImpl.java:43)
	at java.base/java.lang.reflect.Method.invoke(Method.java:566)
	at net.thucydides.core.steps.BaseMethodRunner.invokeMethod(BaseMethodRunner.java:18)
	at net.thucydides.core.steps.NormalMethodRunner.invokeMethodAndNotifyFailures(NormalMethodRunner.java:18)
	at net.thucydides.core.steps.StepInterceptor.runNormalMethod(StepInterceptor.java:407)
	at net.thucydides.core.steps.StepInterceptor.testStepResult(StepInterceptor.java:192)
	at net.thucydides.core.steps.StepInterceptor.intercept(StepInterceptor.java:85)
	at net.thucydides.core.steps.ProxyConfiguration$InterceptorDispatcher.intercept(ProxyConfiguration.java:51)
	at test.automation.pages.LoginPage$ByteBuddy$koz9TWwr.onWait(Unknown Source)
	at test.automation.pageobject.BasePageObject.waitUntilPresence(BasePageObject.java:33)
	at test.automation.pages.LoginPage$ByteBuddy$koz9TWwr.waitUntilPresence$accessor$NQmjXeJP(Unknown Source)
	at java.base/jdk.internal.reflect.NativeMethodAccessorImpl.invoke0(Native Method)
	at java.base/jdk.internal.reflect.NativeMethodAccessorImpl.invoke(NativeMethodAccessorImpl.java:62)
	at java.base/jdk.internal.reflect.DelegatingMethodAccessorImpl.invoke(DelegatingMethodAccessorImpl.java:43)
	at java.base/java.lang.reflect.Method.invoke(Method.java:566)
	at net.thucydides.core.steps.BaseMethodRunner.invokeMethod(BaseMethodRunner.java:18)
	at net.thucydides.core.steps.NormalMethodRunner.invokeMethodAndNotifyFailures(NormalMethodRunner.java:18)
	at net.thucydides.core.steps.StepInterceptor.runNormalMethod(StepInterceptor.java:407)
	at net.thucydides.core.steps.StepInterceptor.testStepResult(StepInterceptor.java:192)
	at net.thucydides.core.steps.StepInterceptor.intercept(StepInterceptor.java:85)
	at net.thucydides.core.steps.ProxyConfiguration$InterceptorDispatcher.intercept(ProxyConfiguration.java:51)
	at test.automation.pages.LoginPage$ByteBuddy$koz9TWwr.waitUntilPresence(Unknown Source)
	at test.automation.pages.LoginPage.onLoginScreen(LoginPage.java:44)
	at test.automation.pages.LoginPage$ByteBuddy$koz9TWwr.onLoginScreen$accessor$NQmjXeJP(Unknown Source)
	at java.base/jdk.internal.reflect.NativeMethodAccessorImpl.invoke0(Native Method)
	at java.base/jdk.internal.reflect.NativeMethodAccessorImpl.invoke(NativeMethodAccessorImpl.java:62)
	at java.base/jdk.internal.reflect.DelegatingMethodAccessorImpl.invoke(DelegatingMethodAccessorImpl.java:43)
	at java.base/java.lang.reflect.Method.invoke(Method.java:566)
	at net.thucydides.core.steps.StepInterceptor.invokeMethod(StepInterceptor.java:504)
	at net.thucydides.core.steps.StepInterceptor.executeTestStepMethod(StepInterceptor.java:484)
	at net.thucydides.core.steps.StepInterceptor.runTestStep(StepInterceptor.java:458)
	at net.thucydides.core.steps.StepInterceptor.runOrSkipMethod(StepInterceptor.java:210)
	at net.thucydides.core.steps.StepInterceptor.testStepResult(StepInterceptor.java:197)
	at net.thucydides.core.steps.StepInterceptor.intercept(StepInterceptor.java:85)
	at net.thucydides.core.steps.ProxyConfiguration$InterceptorDispatcher.intercept(ProxyConfiguration.java:51)
	at test.automation.pages.LoginPage$ByteBuddy$koz9TWwr.onLoginScreen(Unknown Source)
	at test.automation.stepdefinitions.RegisterStep.userOnLoginScreenTapButtonDaftarSekarang(RegisterStep.java:21)
	at âœ½.User on login screen, tap button Daftar Sekarang(file:///C:/Users/RICO/IdeaProjects/CapstoneMobile/src/test/resources/features/Register.feature:5)
Caused by: java.lang.reflect.InvocationTargetException
	at jdk.internal.reflect.GeneratedMethodAccessor17.invoke(Unknown Source)
	at java.base/jdk.internal.reflect.DelegatingMethodAccessorImpl.invoke(DelegatingMethodAccessorImpl.java:43)
	at java.base/java.lang.reflect.Method.invoke(Method.java:566)
	at io.appium.java_client.remote.AppiumCommandExecutor$1.createSession(AppiumCommandExecutor.java:193)
	at io.appium.java_client.remote.AppiumCommandExecutor.createSession(AppiumCommandExecutor.java:225)
	at io.appium.java_client.remote.AppiumCommandExecutor.execute(AppiumCommandExecutor.java:250)
	at org.openqa.selenium.remote.RemoteWebDriver.execute(RemoteWebDriver.java:552)
	at io.appium.java_client.DefaultGenericMobileDriver.execute(DefaultGenericMobileDriver.java:41)
	at io.appium.java_client.AppiumDriver.execute(AppiumDriver.java:1)
	at io.appium.java_client.android.AndroidDriver.execute(AndroidDriver.java:1)
	at org.openqa.selenium.remote.RemoteWebDriver.startSession(RemoteWebDriver.java:213)
	at io.appium.java_client.AppiumDriver.startSession(AppiumDriver.java:363)
	at org.openqa.selenium.remote.RemoteWebDriver.<init>(RemoteWebDriver.java:131)
	at io.appium.java_client.DefaultGenericMobileDriver.<init>(DefaultGenericMobileDriver.java:37)
	at io.appium.java_client.AppiumDriver.<init>(AppiumDriver.java:89)
	at io.appium.java_client.AppiumDriver.<init>(AppiumDriver.java:99)
	at io.appium.java_client.android.AndroidDriver.<init>(AndroidDriver.java:97)
	at test.automation.driver.AndroidDriverPool.create(AndroidDriverPool.java:29)
	at test.automation.pageobject.BasePageObject.getDriver(BasePageObject.java:17)
	at test.automation.pages.LoginPage$ByteBuddy$koz9TWwr.getDriver$accessor$NQmjXeJP(Unknown Source)
	at jdk.internal.reflect.GeneratedMethodAccessor15.invoke(Unknown Source)
	at java.base/jdk.internal.reflect.DelegatingMethodAccessorImpl.invoke(DelegatingMethodAccessorImpl.java:43)
	at java.base/java.lang.reflect.Method.invoke(Method.java:566)
	at net.thucydides.core.steps.BaseMethodRunner.invokeMethod(BaseMethodRunner.java:18)
	at net.thucydides.core.steps.NormalMethodRunner.invokeMethodAndNotifyFailures(NormalMethodRunner.java:18)
	at net.thucydides.core.steps.StepInterceptor.runNormalMethod(StepInterceptor.java:407)
	at net.thucydides.core.steps.StepInterceptor.testStepResult(StepInterceptor.java:192)
	at net.thucydides.core.steps.StepInterceptor.intercept(StepInterceptor.java:85)
	at net.thucydides.core.steps.ProxyConfiguration$InterceptorDispatcher.intercept(ProxyConfiguration.java:51)
	at test.automation.pages.LoginPage$ByteBuddy$koz9TWwr.getDriver(Unknown Source)
	at test.automation.pageobject.BasePageObject.onWait(BasePageObject.java:23)
	at test.automation.pages.LoginPage$ByteBuddy$koz9TWwr.onWait$accessor$NQmjXeJP(Unknown Source)
	at jdk.internal.reflect.GeneratedMethodAccessor14.invoke(Unknown Source)
	at java.base/jdk.internal.reflect.DelegatingMethodAccessorImpl.invoke(DelegatingMethodAccessorImpl.java:43)
	at java.base/java.lang.reflect.Method.invoke(Method.java:566)
	at net.thucydides.core.steps.BaseMethodRunner.invokeMethod(BaseMethodRunner.java:18)
	at net.thucydides.core.steps.NormalMethodRunner.invokeMethodAndNotifyFailures(NormalMethodRunner.java:18)
	at net.thucydides.core.steps.StepInterceptor.runNormalMethod(StepInterceptor.java:407)
	at net.thucydides.core.steps.StepInterceptor.testStepResult(StepInterceptor.java:192)
	at net.thucydides.core.steps.StepInterceptor.intercept(StepInterceptor.java:85)
	at net.thucydides.core.steps.ProxyConfiguration$InterceptorDispatcher.intercept(ProxyConfiguration.java:51)
	at test.automation.pages.LoginPage$ByteBuddy$koz9TWwr.onWait(Unknown Source)
	at test.automation.pageobject.BasePageObject.waitUntilPresence(BasePageObject.java:33)
	at test.automation.pages.LoginPage$ByteBuddy$koz9TWwr.waitUntilPresence$accessor$NQmjXeJP(Unknown Source)
	at java.base/jdk.internal.reflect.NativeMethodAccessorImpl.invoke0(Native Method)
	at java.base/jdk.internal.reflect.NativeMethodAccessorImpl.invoke(NativeMethodAccessorImpl.java:62)
	at java.base/jdk.internal.reflect.DelegatingMethodAccessorImpl.invoke(DelegatingMethodAccessorImpl.java:43)
	at java.base/java.lang.reflect.Method.invoke(Method.java:566)
	at net.thucydides.core.steps.BaseMethodRunner.invokeMethod(BaseMethodRunner.java:18)
	at net.thucydides.core.steps.NormalMethodRunner.invokeMethodAndNotifyFailures(NormalMethodRunner.java:18)
	at net.thucydides.core.steps.StepInterceptor.runNormalMethod(StepInterceptor.java:407)
	at net.thucydides.core.steps.StepInterceptor.testStepResult(StepInterceptor.java:192)
	at net.thucydides.core.steps.StepInterceptor.intercept(StepInterceptor.java:85)
	at net.thucydides.core.steps.ProxyConfiguration$InterceptorDispatcher.intercept(ProxyConfiguration.java:51)
	at test.automation.pages.LoginPage$ByteBuddy$koz9TWwr.waitUntilPresence(Unknown Source)
	at test.automation.pages.LoginPage.onLoginScreen(LoginPage.java:44)
	at test.automation.pages.LoginPage$ByteBuddy$koz9TWwr.onLoginScreen$accessor$NQmjXeJP(Unknown Source)
	at java.base/jdk.internal.reflect.NativeMethodAccessorImpl.invoke0(Native Method)
	at java.base/jdk.internal.reflect.NativeMethodAccessorImpl.invoke(NativeMethodAccessorImpl.java:62)
	at java.base/jdk.internal.reflect.DelegatingMethodAccessorImpl.invoke(DelegatingMethodAccessorImpl.java:43)
	at java.base/java.lang.reflect.Method.invoke(Method.java:566)
	at net.thucydides.core.steps.StepInterceptor.invokeMethod(StepInterceptor.java:504)
	at net.thucydides.core.steps.StepInterceptor.executeTestStepMethod(StepInterceptor.java:484)
	at net.thucydides.core.steps.StepInterceptor.runTestStep(StepInterceptor.java:458)
	at net.thucydides.core.steps.StepInterceptor.runOrSkipMethod(StepInterceptor.java:210)
	at net.thucydides.core.steps.StepInterceptor.testStepResult(StepInterceptor.java:197)
	at net.thucydides.core.steps.StepInterceptor.intercept(StepInterceptor.java:85)
	at net.thucydides.core.steps.ProxyConfiguration$InterceptorDispatcher.intercept(ProxyConfiguration.java:51)
	at test.automation.pages.LoginPage$ByteBuddy$koz9TWwr.onLoginScreen(Unknown Source)
	at test.automation.stepdefinitions.RegisterStep.userOnLoginScreenTapButtonDaftarSekarang(RegisterStep.java:21)
	at java.base/jdk.internal.reflect.NativeMethodAccessorImpl.invoke0(Native Method)
	at java.base/jdk.internal.reflect.NativeMethodAccessorImpl.invoke(NativeMethodAccessorImpl.java:62)
	at java.base/jdk.internal.reflect.DelegatingMethodAccessorImpl.invoke(DelegatingMethodAccessorImpl.java:43)
	at java.base/java.lang.reflect.Method.invoke(Method.java:566)
	at io.cucumber.java.Invoker.doInvoke(Invoker.java:66)
	at io.cucumber.java.Invoker.invoke(Invoker.java:24)
	at io.cucumber.java.AbstractGlueDefinition.invokeMethod(AbstractGlueDefinition.java:47)
	at io.cucumber.java.JavaStepDefinition.execute(JavaStepDefinition.java:29)
	at io.cucumber.core.runner.CoreStepDefinition.execute(CoreStepDefinition.java:66)
	at io.cucumber.core.runner.PickleStepDefinitionMatch.runStep(PickleStepDefinitionMatch.java:63)
	at io.cucumber.core.runner.ExecutionMode$1.execute(ExecutionMode.java:10)
	at io.cucumber.core.runner.TestStep.executeStep(TestStep.java:92)
	at io.cucumber.core.runner.TestStep.run(TestStep.java:64)
	at io.cucumber.core.runner.PickleStepTestStep.run(PickleStepTestStep.java:51)
	at io.cucumber.core.runner.TestCase.run(TestCase.java:104)
	at io.cucumber.core.runner.Runner.runPickle(Runner.java:73)
	at io.cucumber.junit.PickleRunners$WithStepDescriptions.run(PickleRunners.java:110)
	at io.cucumber.junit.FeatureRunner.runChild(FeatureRunner.java:135)
	at io.cucumber.junit.FeatureRunner.runChild(FeatureRunner.java:27)
	at org.junit.runners.ParentRunner$4.run(ParentRunner.java:331)
	at org.junit.runners.ParentRunner$1.schedule(ParentRunner.java:79)
	at org.junit.runners.ParentRunner.runChildren(ParentRunner.java:329)
	at org.junit.runners.ParentRunner.access$100(ParentRunner.java:66)
	at org.junit.runners.ParentRunner$2.evaluate(ParentRunner.java:293)
	at org.junit.runners.ParentRunner$3.evaluate(ParentRunner.java:306)
	at org.junit.runners.ParentRunner.run(ParentRunner.java:413)
	at io.cucumber.junit.CucumberSerenityRunner.runChild(CucumberSerenityRunner.java:258)
	at io.cucumber.junit.CucumberSerenityRunner.runChild(CucumberSerenityRunner.java:57)
	at org.junit.runners.ParentRunner$4.run(ParentRunner.java:331)
	at org.junit.runners.ParentRunner$1.schedule(ParentRunner.java:79)
	at org.junit.runners.ParentRunner.runChildren(ParentRunner.java:329)
	at org.junit.runners.ParentRunner.access$100(ParentRunner.java:66)
	at org.junit.runners.ParentRunner$2.evaluate(ParentRunner.java:293)
	at io.cucumber.junit.CucumberSerenityRunner$RunCucumber.evaluate(CucumberSerenityRunner.java:286)
	at org.junit.runners.ParentRunner$3.evaluate(ParentRunner.java:306)
	at org.junit.runners.ParentRunner.run(ParentRunner.java:413)
	at org.apache.maven.surefire.junit4.JUnit4Provider.execute(JUnit4Provider.java:367)
	at org.apache.maven.surefire.junit4.JUnit4Provider.executeWithRerun(JUnit4Provider.java:274)
	at org.apache.maven.surefire.junit4.JUnit4Provider.executeTestSet(JUnit4Provider.java:238)
	at org.apache.maven.surefire.junit4.JUnit4Provider.invoke(JUnit4Provider.java:161)
	at org.apache.maven.surefire.booter.ForkedBooter.invokeProviderInSameClassLoader(ForkedBooter.java:290)
	at org.apache.maven.surefire.booter.ForkedBooter.runSuitesInProcess(ForkedBooter.java:242)
	at org.apache.maven.surefire.booter.ForkedBooter.main(ForkedBooter.java:121)
Caused by: org.openqa.selenium.WebDriverException: An unknown server-side error occurred while processing the command. Original error: Cannot start the 'com.example.bookingvaccine' application. Visit https://github.com/appium/appium/blob/master/docs/en/writing-running-appium/android/activity-startup.md for troubleshooting. Original error: 'com.example.bookingvaccine.MainActivity' or 'com.example.bookingvaccine.com.example.bookingvaccine.MainActivity' never started. Visit https://github.com/appium/appium/blob/master/docs/en/writing-running-appium/android/activity-startup.md for troubleshooting
Build info: version: '3.141.59', revision: 'e82be7d358', time: '2018-11-14T08:17:03'
System info: host: 'RIKOSAHETAPI', ip: '192.168.0.15', os.name: 'Windows 10', os.arch: 'amd64', os.version: '10.0', java.version: '11.0.2'
Driver info: driver.version: AndroidDriver
remote stacktrace: UnknownError: An unknown server-side error occurred while processing the command. Original error: Cannot start the 'com.example.bookingvaccine' application. Visit https://github.com/appium/appium/blob/master/docs/en/writing-running-appium/android/activity-startup.md for troubleshooting. Original error: 'com.example.bookingvaccine.MainActivity' or 'com.example.bookingvaccine.com.example.bookingvaccine.MainActivity' never started. Visit https://github.com/appium/appium/blob/master/docs/en/writing-running-appium/android/activity-startup.md for troubleshooting
    at getResponseForW3CError (C:\Users\RICO\AppData\Roaming\npm\node_modules\appium\node_modules\appium-base-driver\lib\protocol\errors.js:804:9)
    at asyncHandler (C:\Users\RICO\AppData\Roaming\npm\node_modules\appium\node_modules\appium-base-driver\lib\protocol\protocol.js:380:37)
	at java.base/jdk.internal.reflect.NativeConstructorAccessorImpl.newInstance0(Native Method)
	at java.base/jdk.internal.reflect.NativeConstructorAccessorImpl.newInstance(NativeConstructorAccessorImpl.java:62)
	at java.base/jdk.internal.reflect.DelegatingConstructorAccessorImpl.newInstance(DelegatingConstructorAccessorImpl.java:45)
	at java.base/java.lang.reflect.Constructor.newInstance(Constructor.java:490)
	at org.openqa.selenium.remote.W3CHandshakeResponse.lambda$errorHandler$0(W3CHandshakeResponse.java:62)
	at org.openqa.selenium.remote.HandshakeResponse.lambda$getResponseFunction$0(HandshakeResponse.java:30)
	at org.openqa.selenium.remote.ProtocolHandshake.lambda$createSession$0(ProtocolHandshake.java:126)
	at java.base/java.util.stream.ReferencePipeline$3$1.accept(ReferencePipeline.java:195)
	at java.base/java.util.Spliterators$ArraySpliterator.tryAdvance(Spliterators.java:958)
	at java.base/java.util.stream.ReferencePipeline.forEachWithCancel(ReferencePipeline.java:127)
	at java.base/java.util.stream.AbstractPipeline.copyIntoWithCancel(AbstractPipeline.java:502)
	at java.base/java.util.stream.AbstractPipeline.copyInto(AbstractPipeline.java:488)
	at java.base/java.util.stream.AbstractPipeline.wrapAndCopyInto(AbstractPipeline.java:474)
	at java.base/java.util.stream.FindOps$FindOp.evaluateSequential(FindOps.java:150)
	at java.base/java.util.stream.AbstractPipeline.evaluate(AbstractPipeline.java:234)
	at java.base/java.util.stream.ReferencePipeline.findFirst(ReferencePipeline.java:543)
	at org.openqa.selenium.remote.ProtocolHandshake.createSession(ProtocolHandshake.java:128)
	... 113 more
&amp#27;[0m
]]></system-out>
  </testcase>
  <testcase name="Tap button Batal(Verification &quot;batal&quot; in Register Page can be used " classname="Tap button Batal(Verification &quot;batal&quot; in Register Page can be used (TC_R11))" time="0">
    <skipped/>
    <system-out><![CDATA[  &amp#27;[36mWhen &amp#27;[0m&amp#27;[36mUser On Register Screen&amp#27;[0m                                       &amp#27;[90m# test.automation.stepdefinitions.RegisterStep.userOnRegisterScreen()&amp#27;[0m
]]></system-out>
  </testcase>
  <testcase name="User return to login page(Verification &quot;batal&quot; in Register Page can be used " classname="User return to login page(Verification &quot;batal&quot; in Register Page can be used (TC_R11))" time="0">
    <skipped/>
    <system-out><![CDATA[  &amp#27;[36mAnd &amp#27;[0m&amp#27;[36mTap button Batal&amp#27;[0m                                               &amp#27;[90m# test.automation.stepdefinitions.RegisterStep.tapButtonBatal()&amp#27;[0m
]]></system-out>
  </testcase>
  <testcase name="Verification &quot;batal&quot; in Register Page can be used " classname="TC_R11" time="0.001">
    <error message="Unable to create a new remote session. Please check the server log for more details. Original error: An unknown server-side error occurred while processing the command. Original error: Cannot start the &apos;com.example.bookingvaccine&apos; application. Visit https://github.com/appium/appium/blob/master/docs/en/writing-running-appium/android/activity-startup.md for troubleshooting. Original error: &apos;com.example.bookingvaccine.MainActivity&apos; or &apos;com.example.bookingvaccine.com.example.bookingvaccine.MainActivity&apos; never started. Visit https://github.com/appium/appium/blob/master/docs/en/writing-running-appium/android/activity-startup.md for troubleshooting&#10;Build info: version: &apos;3.141.59&apos;, revision: &apos;e82be7d358&apos;, time: &apos;2018-11-14T08:17:03&apos;&#10;System info: host: &apos;RIKOSAHETAPI&apos;, ip: &apos;192.168.0.15&apos;, os.name: &apos;Windows 10&apos;, os.arch: &apos;amd64&apos;, os.version: &apos;10.0&apos;, java.version: &apos;11.0.2&apos;&#10;Driver info: driver.version: AndroidDriver&#10;remote stacktrace: UnknownError: An unknown server-side error occurred while processing the command. Original error: Cannot start the &apos;com.example.bookingvaccine&apos; application. Visit https://github.com/appium/appium/blob/master/docs/en/writing-running-appium/android/activity-startup.md for troubleshooting. Original error: &apos;com.example.bookingvaccine.MainActivity&apos; or &apos;com.example.bookingvaccine.com.example.bookingvaccine.MainActivity&apos; never started. Visit https://github.com/appium/appium/blob/master/docs/en/writing-running-appium/android/activity-startup.md for troubleshooting&#10;    at getResponseForW3CError (C:\Users\RICO\AppData\Roaming\npm\node_modules\appium\node_modules\appium-base-driver\lib\protocol\errors.js:804:9)&#10;    at asyncHandler (C:\Users\RICO\AppData\Roaming\npm\node_modules\appium\node_modules\appium-base-driver\lib\protocol\protocol.js:380:37)&#10;Build info: version: &apos;3.141.59&apos;, revision: &apos;e82be7d358&apos;, time: &apos;2018-11-14T08:17:03&apos;&#10;System info: host: &apos;RIKOSAHETAPI&apos;, ip: &apos;192.168.0.15&apos;, os.name: &apos;Windows 10&apos;, os.arch: &apos;amd64&apos;, os.version: &apos;10.0&apos;, java.version: &apos;11.0.2&apos;&#10;Driver info: driver.version: AndroidDriver" type="org.openqa.selenium.SessionNotCreatedException">org.openqa.selenium.SessionNotCreatedException: 
Unable to create a new remote session. Please check the server log for more details. Original error: An unknown server-side error occurred while processing the command. Original error: Cannot start the 'com.example.bookingvaccine' application. Visit https://github.com/appium/appium/blob/master/docs/en/writing-running-appium/android/activity-startup.md for troubleshooting. Original error: 'com.example.bookingvaccine.MainActivity' or 'com.example.bookingvaccine.com.example.bookingvaccine.MainActivity' never started. Visit https://github.com/appium/appium/blob/master/docs/en/writing-running-appium/android/activity-startup.md for troubleshooting
Build info: version: '3.141.59', revision: 'e82be7d358', time: '2018-11-14T08:17:03'
System info: host: 'RIKOSAHETAPI', ip: '192.168.0.15', os.name: 'Windows 10', os.arch: 'amd64', os.version: '10.0', java.version: '11.0.2'
Driver info: driver.version: AndroidDriver
remote stacktrace: UnknownError: An unknown server-side error occurred while processing the command. Original error: Cannot start the 'com.example.bookingvaccine' application. Visit https://github.com/appium/appium/blob/master/docs/en/writing-running-appium/android/activity-startup.md for troubleshooting. Original error: 'com.example.bookingvaccine.MainActivity' or 'com.example.bookingvaccine.com.example.bookingvaccine.MainActivity' never started. Visit https://github.com/appium/appium/blob/master/docs/en/writing-running-appium/android/activity-startup.md for troubleshooting
    at getResponseForW3CError (C:\Users\RICO\AppData\Roaming\npm\node_modules\appium\node_modules\appium-base-driver\lib\protocol\errors.js:804:9)
    at asyncHandler (C:\Users\RICO\AppData\Roaming\npm\node_modules\appium\node_modules\appium-base-driver\lib\protocol\protocol.js:380:37)
Build info: version: '3.141.59', revision: 'e82be7d358', time: '2018-11-14T08:17:03'
System info: host: 'RIKOSAHETAPI', ip: '192.168.0.15', os.name: 'Windows 10', os.arch: 'amd64', os.version: '10.0', java.version: '11.0.2'
Driver info: driver.version: AndroidDriver
Caused by: java.lang.reflect.InvocationTargetException
Caused by: org.openqa.selenium.WebDriverException: 
An unknown server-side error occurred while processing the command. Original error: Cannot start the 'com.example.bookingvaccine' application. Visit https://github.com/appium/appium/blob/master/docs/en/writing-running-appium/android/activity-startup.md for troubleshooting. Original error: 'com.example.bookingvaccine.MainActivity' or 'com.example.bookingvaccine.com.example.bookingvaccine.MainActivity' never started. Visit https://github.com/appium/appium/blob/master/docs/en/writing-running-appium/android/activity-startup.md for troubleshooting
Build info: version: '3.141.59', revision: 'e82be7d358', time: '2018-11-14T08:17:03'
System info: host: 'RIKOSAHETAPI', ip: '192.168.0.15', os.name: 'Windows 10', os.arch: 'amd64', os.version: '10.0', java.version: '11.0.2'
Driver info: driver.version: AndroidDriver
remote stacktrace: UnknownError: An unknown server-side error occurred while processing the command. Original error: Cannot start the 'com.example.bookingvaccine' application. Visit https://github.com/appium/appium/blob/master/docs/en/writing-running-appium/android/activity-startup.md for troubleshooting. Original error: 'com.example.bookingvaccine.MainActivity' or 'com.example.bookingvaccine.com.example.bookingvaccine.MainActivity' never started. Visit https://github.com/appium/appium/blob/master/docs/en/writing-running-appium/android/activity-startup.md for troubleshooting
    at getResponseForW3CError (C:\Users\RICO\AppData\Roaming\npm\node_modules\appium\node_modules\appium-base-driver\lib\protocol\errors.js:804:9)
    at asyncHandler (C:\Users\RICO\AppData\Roaming\npm\node_modules\appium\node_modules\appium-base-driver\lib\protocol\protocol.js:380:37)
</error>
    <system-out><![CDATA[  &amp#27;[36mThen &amp#27;[0m&amp#27;[36mUser return to login page&amp#27;[0m                                     &amp#27;[90m# test.automation.stepdefinitions.RegisterStep.userReturnToLoginPage()&amp#27;[0m
]]></system-out>
  </testcase>
</testsuite>